[2023-05-21T01:11:22.151Z] Validating found git in: git
[2023-05-21T01:11:22.225Z] Using git 2.37.2 from git
[2023-05-21T01:11:22.309Z] > git rev-parse --show-toplevel [69ms]
[2023-05-21T01:11:22.309Z] fatal: not a git repository (or any of the parent directories): .git
[2023-05-21T01:11:22.378Z] > git rev-parse --show-toplevel [16ms]
[2023-05-21T01:11:22.435Z] > git rev-parse --git-dir --git-common-dir [27ms]
[2023-05-21T01:11:22.454Z] Open repository: /home/kaiykato/minnow
[2023-05-21T01:11:22.550Z] > git status -z -uall [23ms]
[2023-05-21T01:11:22.599Z] > git symbolic-ref --short HEAD [19ms]
[2023-05-21T01:11:22.619Z] > git rev-parse --show-toplevel [74ms]
[2023-05-21T01:11:22.619Z] fatal: not a git repository (or any of the parent directories): .git
[2023-05-21T01:11:22.657Z] > git rev-parse --show-toplevel [7ms]
[2023-05-21T01:11:22.657Z] fatal: not a git repository (or any of the parent directories): .git
[2023-05-21T01:11:22.704Z] > git for-each-ref --format=%(refname)%00%(upstream:short)%00%(objectname)%00%(upstream:track)%00%(upstream:remotename)%00%(upstream:remoteref) refs/heads/main refs/remotes/main [85ms]
[2023-05-21T01:11:22.765Z] > git for-each-ref --sort -committerdate --format %(refname) %(objectname) %(*objectname) [46ms]
[2023-05-21T01:11:22.766Z] > git rev-parse --show-toplevel [62ms]
[2023-05-21T01:11:22.766Z] fatal: not a git repository (or any of the parent directories): .git
[2023-05-21T01:11:22.822Z] > git rev-parse --show-toplevel [22ms]
[2023-05-21T01:11:22.822Z] fatal: not a git repository (or any of the parent directories): .git
[2023-05-21T01:11:22.834Z] > git remote --verbose [72ms]
[2023-05-21T01:11:22.907Z] > git rev-parse --show-toplevel [74ms]
[2023-05-21T01:11:22.907Z] fatal: not a git repository (or any of the parent directories): .git
[2023-05-21T01:11:22.917Z] > git config --get commit.template [12ms]
[2023-05-21T01:11:22.919Z] > git fetch [412ms]
[2023-05-21T01:11:22.937Z] > git rev-parse --show-toplevel [22ms]
[2023-05-21T01:11:22.938Z] fatal: not a git repository (or any of the parent directories): .git
[2023-05-21T01:11:22.964Z] > git status -z -uall [29ms]
[2023-05-21T01:11:22.984Z] > git rev-parse --show-toplevel [29ms]
[2023-05-21T01:11:22.984Z] fatal: not a git repository (or any of the parent directories): .git
[2023-05-21T01:11:23.190Z] > git symbolic-ref --short HEAD [208ms]
[2023-05-21T01:11:23.216Z] > git for-each-ref --format=%(refname)%00%(upstream:short)%00%(objectname)%00%(upstream:track)%00%(upstream:remotename)%00%(upstream:remoteref) refs/heads/main refs/remotes/main [16ms]
[2023-05-21T01:11:23.240Z] > git for-each-ref --sort -committerdate --format %(refname) %(objectname) %(*objectname) [16ms]
[2023-05-21T01:11:23.259Z] > git remote --verbose [21ms]
[2023-05-21T01:11:23.277Z] > git config --get commit.template [7ms]
[2023-05-21T01:11:23.775Z] > git check-ignore -v -z --stdin [1ms]
[2023-05-21T01:11:23.822Z] > git rev-parse --show-toplevel [2ms]
[2023-05-21T01:11:23.822Z] fatal: not a git repository (or any of the parent directories): .git
[2023-05-21T01:11:23.865Z] > git rev-parse --show-toplevel [12ms]
[2023-05-21T01:11:23.865Z] fatal: not a git repository (or any of the parent directories): .git
[2023-05-21T01:11:23.881Z] > git rev-parse --show-toplevel [7ms]
[2023-05-21T01:11:23.881Z] fatal: not a git repository (or any of the parent directories): .git
[2023-05-21T01:11:23.978Z] > git show --textconv :src/network_interface.cc [52ms]
[2023-05-21T01:11:23.979Z] > git show --textconv :src/network_interface.hh [42ms]
[2023-05-21T01:11:23.979Z] > git ls-files --stage -- /home/kaiykato/minnow/src/network_interface.cc [21ms]
[2023-05-21T01:11:24.007Z] > git cat-file -s 6474cae8085e84ecfc6ffbb1467db8648aed0f66 [7ms]
[2023-05-21T01:11:24.008Z] > git ls-files --stage -- /home/kaiykato/minnow/src/network_interface.hh [31ms]
[2023-05-21T01:11:24.188Z] > git cat-file -s f486e03078d92ad8569ee9d4a1364bf3ebb0cb70 [162ms]
[2023-05-21T01:11:24.580Z] > git status -z -uall [69ms]
[2023-05-21T01:11:24.629Z] > git symbolic-ref --short HEAD [39ms]
[2023-05-21T01:11:24.757Z] > git for-each-ref --format=%(refname)%00%(upstream:short)%00%(objectname)%00%(upstream:track)%00%(upstream:remotename)%00%(upstream:remoteref) refs/heads/main refs/remotes/main [118ms]
[2023-05-21T01:11:24.814Z] > git for-each-ref --sort -committerdate --format %(refname) %(objectname) %(*objectname) [31ms]
[2023-05-21T01:11:24.818Z] > git remote --verbose [11ms]
[2023-05-21T01:11:25.036Z] > git config --get commit.template [177ms]
[2023-05-21T01:11:25.142Z] > git ls-files --stage -- /home/kaiykato/minnow/src/network_interface.hh [10ms]
[2023-05-21T01:11:25.152Z] > git ls-files --stage -- /home/kaiykato/minnow/src/network_interface.cc [40ms]
[2023-05-21T01:11:25.171Z] > git cat-file -s f486e03078d92ad8569ee9d4a1364bf3ebb0cb70 [19ms]
[2023-05-21T01:11:25.177Z] > git cat-file -s 6474cae8085e84ecfc6ffbb1467db8648aed0f66 [10ms]
[2023-05-21T01:11:25.416Z] > git show --textconv :src/network_interface.hh [8ms]
[2023-05-21T01:11:25.492Z] > git show --textconv :src/network_interface.cc [15ms]
[2023-05-21T01:11:30.048Z] > git status -z -uall [2ms]
[2023-05-21T01:11:30.056Z] > git symbolic-ref --short HEAD [1ms]
[2023-05-21T01:11:30.065Z] > git for-each-ref --format=%(refname)%00%(upstream:short)%00%(objectname)%00%(upstream:track)%00%(upstream:remotename)%00%(upstream:remoteref) refs/heads/main refs/remotes/main [2ms]
[2023-05-21T01:11:30.079Z] > git for-each-ref --sort -committerdate --format %(refname) %(objectname) %(*objectname) [8ms]
[2023-05-21T01:11:30.080Z] > git remote --verbose [2ms]
[2023-05-21T01:11:30.090Z] > git config --get commit.template [1ms]
[2023-05-21T01:13:25.601Z] > git status -z -uall [2ms]
[2023-05-21T01:13:25.608Z] > git symbolic-ref --short HEAD [2ms]
[2023-05-21T01:13:25.615Z] > git for-each-ref --format=%(refname)%00%(upstream:short)%00%(objectname)%00%(upstream:track)%00%(upstream:remotename)%00%(upstream:remoteref) refs/heads/main refs/remotes/main [2ms]
[2023-05-21T01:13:25.628Z] > git for-each-ref --sort -committerdate --format %(refname) %(objectname) %(*objectname) [7ms]
[2023-05-21T01:13:25.628Z] > git remote --verbose [1ms]
[2023-05-21T01:13:25.636Z] > git config --get commit.template [1ms]
[2023-05-21T01:13:25.808Z] > git ls-files --stage -- /home/kaiykato/minnow/src/network_interface.cc [9ms]
[2023-05-21T01:13:25.814Z] > git ls-files --stage -- /home/kaiykato/minnow/src/network_interface.hh [7ms]
[2023-05-21T01:13:25.820Z] > git cat-file -s 6474cae8085e84ecfc6ffbb1467db8648aed0f66 [7ms]
[2023-05-21T01:13:25.821Z] > git cat-file -s f486e03078d92ad8569ee9d4a1364bf3ebb0cb70 [2ms]
[2023-05-21T01:13:25.869Z] > git show --textconv :src/network_interface.cc [6ms]
[2023-05-21T01:13:25.870Z] > git show --textconv :src/network_interface.hh [2ms]
[2023-05-21T01:14:23.608Z] > git fetch [322ms]
[2023-05-21T01:14:23.617Z] > git status -z -uall [2ms]
[2023-05-21T01:14:23.624Z] > git symbolic-ref --short HEAD [1ms]
[2023-05-21T01:14:23.631Z] > git for-each-ref --format=%(refname)%00%(upstream:short)%00%(objectname)%00%(upstream:track)%00%(upstream:remotename)%00%(upstream:remoteref) refs/heads/main refs/remotes/main [2ms]
[2023-05-21T01:14:23.642Z] > git for-each-ref --sort -committerdate --format %(refname) %(objectname) %(*objectname) [6ms]
[2023-05-21T01:14:23.643Z] > git remote --verbose [2ms]
[2023-05-21T01:14:23.651Z] > git config --get commit.template [1ms]
[2023-05-21T01:14:24.751Z] > git status -z -uall [2ms]
[2023-05-21T01:14:24.758Z] > git symbolic-ref --short HEAD [1ms]
[2023-05-21T01:14:24.767Z] > git for-each-ref --format=%(refname)%00%(upstream:short)%00%(objectname)%00%(upstream:track)%00%(upstream:remotename)%00%(upstream:remoteref) refs/heads/main refs/remotes/main [3ms]
[2023-05-21T01:14:24.779Z] > git for-each-ref --sort -committerdate --format %(refname) %(objectname) %(*objectname) [6ms]
[2023-05-21T01:14:24.780Z] > git remote --verbose [2ms]
[2023-05-21T01:14:24.792Z] > git config --get commit.template [2ms]
[2023-05-21T01:14:24.902Z] > git ls-files --stage -- /home/kaiykato/minnow/src/network_interface.hh [2ms]
[2023-05-21T01:14:24.908Z] > git ls-files --stage -- /home/kaiykato/minnow/src/network_interface.cc [15ms]
[2023-05-21T01:14:24.915Z] > git cat-file -s f486e03078d92ad8569ee9d4a1364bf3ebb0cb70 [7ms]
[2023-05-21T01:14:24.917Z] > git cat-file -s 6474cae8085e84ecfc6ffbb1467db8648aed0f66 [3ms]
[2023-05-21T01:14:24.978Z] > git show --textconv :src/network_interface.hh [9ms]
[2023-05-21T01:14:24.979Z] > git show --textconv :src/network_interface.cc [2ms]
[2023-05-21T01:17:23.932Z] > git fetch [272ms]
[2023-05-21T01:17:23.941Z] > git status -z -uall [2ms]
[2023-05-21T01:17:23.949Z] > git symbolic-ref --short HEAD [1ms]
[2023-05-21T01:17:23.957Z] > git for-each-ref --format=%(refname)%00%(upstream:short)%00%(objectname)%00%(upstream:track)%00%(upstream:remotename)%00%(upstream:remoteref) refs/heads/main refs/remotes/main [2ms]
[2023-05-21T01:17:23.971Z] > git for-each-ref --sort -committerdate --format %(refname) %(objectname) %(*objectname) [8ms]
[2023-05-21T01:17:23.971Z] > git remote --verbose [2ms]
[2023-05-21T01:17:23.980Z] > git config --get commit.template [1ms]
[2023-05-21T01:17:25.116Z] > git status -z -uall [2ms]
[2023-05-21T01:17:25.127Z] > git symbolic-ref --short HEAD [2ms]
[2023-05-21T01:17:25.135Z] > git for-each-ref --format=%(refname)%00%(upstream:short)%00%(objectname)%00%(upstream:track)%00%(upstream:remotename)%00%(upstream:remoteref) refs/heads/main refs/remotes/main [2ms]
[2023-05-21T01:17:25.149Z] > git for-each-ref --sort -committerdate --format %(refname) %(objectname) %(*objectname) [8ms]
[2023-05-21T01:17:25.149Z] > git remote --verbose [2ms]
[2023-05-21T01:17:25.160Z] > git config --get commit.template [1ms]
[2023-05-21T01:17:25.266Z] > git ls-files --stage -- /home/kaiykato/minnow/src/network_interface.hh [5ms]
[2023-05-21T01:17:25.273Z] > git ls-files --stage -- /home/kaiykato/minnow/src/network_interface.cc [19ms]
[2023-05-21T01:17:25.280Z] > git cat-file -s f486e03078d92ad8569ee9d4a1364bf3ebb0cb70 [8ms]
[2023-05-21T01:17:25.281Z] > git cat-file -s 6474cae8085e84ecfc6ffbb1467db8648aed0f66 [2ms]
[2023-05-21T01:17:25.339Z] > git show --textconv :src/network_interface.hh [9ms]
[2023-05-21T01:17:25.340Z] > git show --textconv :src/network_interface.cc [2ms]
[2023-05-21T01:20:24.262Z] > git fetch [272ms]
[2023-05-21T01:20:24.271Z] > git status -z -uall [1ms]
[2023-05-21T01:20:24.278Z] > git symbolic-ref --short HEAD [1ms]
[2023-05-21T01:20:24.285Z] > git for-each-ref --format=%(refname)%00%(upstream:short)%00%(objectname)%00%(upstream:track)%00%(upstream:remotename)%00%(upstream:remoteref) refs/heads/main refs/remotes/main [2ms]
[2023-05-21T01:20:24.297Z] > git for-each-ref --sort -committerdate --format %(refname) %(objectname) %(*objectname) [7ms]
[2023-05-21T01:20:24.297Z] > git remote --verbose [1ms]
[2023-05-21T01:20:24.307Z] > git config --get commit.template [1ms]
[2023-05-21T01:20:25.405Z] > git status -z -uall [2ms]
[2023-05-21T01:20:25.412Z] > git symbolic-ref --short HEAD [1ms]
[2023-05-21T01:20:25.421Z] > git for-each-ref --format=%(refname)%00%(upstream:short)%00%(objectname)%00%(upstream:track)%00%(upstream:remotename)%00%(upstream:remoteref) refs/heads/main refs/remotes/main [3ms]
[2023-05-21T01:20:25.433Z] > git for-each-ref --sort -committerdate --format %(refname) %(objectname) %(*objectname) [7ms]
[2023-05-21T01:20:25.434Z] > git remote --verbose [2ms]
[2023-05-21T01:20:25.441Z] > git config --get commit.template [1ms]
[2023-05-21T01:20:25.554Z] > git ls-files --stage -- /home/kaiykato/minnow/src/network_interface.cc [7ms]
[2023-05-21T01:20:25.561Z] > git ls-files --stage -- /home/kaiykato/minnow/src/network_interface.hh [8ms]
[2023-05-21T01:20:25.567Z] > git cat-file -s 6474cae8085e84ecfc6ffbb1467db8648aed0f66 [7ms]
[2023-05-21T01:20:25.568Z] > git cat-file -s f486e03078d92ad8569ee9d4a1364bf3ebb0cb70 [1ms]
[2023-05-21T01:20:25.622Z] > git show --textconv :src/network_interface.cc [8ms]
[2023-05-21T01:20:25.623Z] > git show --textconv :src/network_interface.hh [2ms]
[2023-05-21T01:23:24.603Z] > git fetch [287ms]
[2023-05-21T01:23:24.611Z] > git status -z -uall [1ms]
[2023-05-21T01:23:24.620Z] > git symbolic-ref --short HEAD [2ms]
[2023-05-21T01:23:24.628Z] > git for-each-ref --format=%(refname)%00%(upstream:short)%00%(objectname)%00%(upstream:track)%00%(upstream:remotename)%00%(upstream:remoteref) refs/heads/main refs/remotes/main [2ms]
[2023-05-21T01:23:24.643Z] > git remote --verbose [2ms]
[2023-05-21T01:23:24.643Z] > git for-each-ref --sort -committerdate --format %(refname) %(objectname) %(*objectname) [8ms]
[2023-05-21T01:23:24.660Z] > git config --get commit.template [2ms]
[2023-05-21T01:23:25.814Z] > git status -z -uall [2ms]
[2023-05-21T01:23:25.822Z] > git symbolic-ref --short HEAD [1ms]
[2023-05-21T01:23:25.832Z] > git for-each-ref --format=%(refname)%00%(upstream:short)%00%(objectname)%00%(upstream:track)%00%(upstream:remotename)%00%(upstream:remoteref) refs/heads/main refs/remotes/main [3ms]
[2023-05-21T01:23:25.846Z] > git for-each-ref --sort -committerdate --format %(refname) %(objectname) %(*objectname) [7ms]
[2023-05-21T01:23:25.847Z] > git remote --verbose [2ms]
[2023-05-21T01:23:25.855Z] > git config --get commit.template [1ms]
[2023-05-21T01:23:25.961Z] > git ls-files --stage -- /home/kaiykato/minnow/src/network_interface.hh [5ms]
[2023-05-21T01:23:25.968Z] > git ls-files --stage -- /home/kaiykato/minnow/src/network_interface.cc [19ms]
[2023-05-21T01:23:25.975Z] > git cat-file -s f486e03078d92ad8569ee9d4a1364bf3ebb0cb70 [7ms]
[2023-05-21T01:23:25.977Z] > git cat-file -s 6474cae8085e84ecfc6ffbb1467db8648aed0f66 [3ms]
[2023-05-21T01:23:26.029Z] > git show --textconv :src/network_interface.hh [9ms]
[2023-05-21T01:23:26.030Z] > git show --textconv :src/network_interface.cc [2ms]
[2023-05-21T01:26:24.965Z] > git fetch [295ms]
[2023-05-21T01:26:24.974Z] > git status -z -uall [2ms]
[2023-05-21T01:26:24.982Z] > git symbolic-ref --short HEAD [1ms]
[2023-05-21T01:26:24.990Z] > git for-each-ref --format=%(refname)%00%(upstream:short)%00%(objectname)%00%(upstream:track)%00%(upstream:remotename)%00%(upstream:remoteref) refs/heads/main refs/remotes/main [2ms]
[2023-05-21T01:26:25.002Z] > git for-each-ref --sort -committerdate --format %(refname) %(objectname) %(*objectname) [7ms]
[2023-05-21T01:26:25.002Z] > git remote --verbose [1ms]
[2023-05-21T01:26:25.011Z] > git config --get commit.template [1ms]
[2023-05-21T01:26:26.111Z] > git status -z -uall [2ms]
[2023-05-21T01:26:26.118Z] > git symbolic-ref --short HEAD [1ms]
[2023-05-21T01:26:26.125Z] > git for-each-ref --format=%(refname)%00%(upstream:short)%00%(objectname)%00%(upstream:track)%00%(upstream:remotename)%00%(upstream:remoteref) refs/heads/main refs/remotes/main [2ms]
[2023-05-21T01:26:26.136Z] > git for-each-ref --sort -committerdate --format %(refname) %(objectname) %(*objectname) [6ms]
[2023-05-21T01:26:26.136Z] > git remote --verbose [1ms]
[2023-05-21T01:26:26.144Z] > git config --get commit.template [2ms]
[2023-05-21T01:26:26.254Z] > git ls-files --stage -- /home/kaiykato/minnow/src/network_interface.cc [7ms]
[2023-05-21T01:26:26.259Z] > git ls-files --stage -- /home/kaiykato/minnow/src/network_interface.hh [6ms]
[2023-05-21T01:26:26.265Z] > git cat-file -s 6474cae8085e84ecfc6ffbb1467db8648aed0f66 [6ms]
[2023-05-21T01:26:26.267Z] > git cat-file -s f486e03078d92ad8569ee9d4a1364bf3ebb0cb70 [3ms]
[2023-05-21T01:26:26.317Z] > git show --textconv :src/network_interface.cc [7ms]
[2023-05-21T01:26:26.318Z] > git show --textconv :src/network_interface.hh [2ms]
[2023-05-21T01:28:00.834Z] > git rev-parse --show-toplevel [2ms]
[2023-05-21T01:28:00.834Z] fatal: not a git repository (or any of the parent directories): .git
