[2023-05-22 04:48:01.061] [exthost] [info] Extension host with pid 11194 started
[2023-05-22 04:48:01.064] [exthost] [error] Error: EEXIST: file already exists, open '/home/kaiykato/.vscode-server/data/User/workspaceStorage/d16a1b7f8865348bde3e3163a3d97865/vscode.lock'
[2023-05-22 04:48:01.069] [exthost] [info] Lock '/home/kaiykato/.vscode-server/data/User/workspaceStorage/d16a1b7f8865348bde3e3163a3d97865/vscode.lock': Could not acquire lock, checking if the file is stale.
[2023-05-22 04:48:01.072] [exthost] [info] Lock '/home/kaiykato/.vscode-server/data/User/workspaceStorage/d16a1b7f8865348bde3e3163a3d97865/vscode.lock': The lock does not look stale, elapsed: 574 ms, giving up.
[2023-05-22 04:48:01.076] [exthost] [info] Lock '/home/kaiykato/.vscode-server/data/User/workspaceStorage/d16a1b7f8865348bde3e3163a3d97865-1/vscode.lock': Lock acquired.
[2023-05-22 04:48:02.320] [exthost] [info] ExtensionService#_doActivateExtension llvm-vs-code-extensions.vscode-clangd, startup: false, activationEvent: 'onLanguage:cpp'
[2023-05-22 04:48:02.541] [exthost] [info] ExtensionService#_doActivateExtension ms-vscode.cpptools, startup: false, activationEvent: 'onLanguage:cpp'
[2023-05-22 04:48:02.733] [exthost] [info] ExtensionService#_doActivateExtension vscode.debug-auto-launch, startup: true, activationEvent: '*'
[2023-05-22 04:48:02.737] [exthost] [info] ExtensionService#_doActivateExtension vscode.git-base, startup: true, activationEvent: '*', root cause: vscode.git
[2023-05-22 04:48:02.741] [exthost] [info] ExtensionService#_doActivateExtension vscode.ipynb, startup: true, activationEvent: '*'
[2023-05-22 04:48:03.310] [exthost] [info] ExtensionService#_doActivateExtension vscode.git, startup: true, activationEvent: '*'
[2023-05-22 04:48:03.371] [exthost] [info] ExtensionService#_doActivateExtension vscode.github, startup: true, activationEvent: '*'
[2023-05-22 04:48:04.242] [exthost] [info] ExtensionService#_doActivateExtension ms-vscode.cmake-tools, startup: true, activationEvent: 'workspaceContains:*/CMakeLists.txt,*/*/CMakeLists.txt,*/*/*/CMakeLists.txt'
[2023-05-22 04:48:04.722] [exthost] [info] ExtensionService#_doActivateExtension vscode.configuration-editing, startup: false, activationEvent: 'onLanguage:json'
[2023-05-22 04:48:04.739] [exthost] [info] ExtensionService#_doActivateExtension vscode.extension-editing, startup: false, activationEvent: 'onLanguage:json'
[2023-05-22 04:48:04.765] [exthost] [info] ExtensionService#_doActivateExtension vscode.json-language-features, startup: false, activationEvent: 'onLanguage:json'
[2023-05-22 04:48:04.851] [exthost] [info] ExtensionService#_doActivateExtension vscode.npm, startup: false, activationEvent: 'onLanguage:json'
[2023-05-22 04:48:05.186] [exthost] [info] ExtensionService#_doActivateExtension vscode.typescript-language-features, startup: false, activationEvent: 'onLanguage:jsonc'
[2023-05-22 04:48:06.522] [exthost] [info] ExtensionService#_doActivateExtension vscode.emmet, startup: false, activationEvent: 'onStartupFinished'
[2023-05-22 04:48:06.549] [exthost] [info] ExtensionService#_doActivateExtension vscode.merge-conflict, startup: false, activationEvent: 'onStartupFinished'
[2023-05-22 04:48:06.555] [exthost] [info] Eager extensions activated
[2023-05-22 04:48:08.352] [exthost] [error] [llvm-vs-code-extensions.vscode-clangd] provider FAILED
[2023-05-22 04:48:08.352] [exthost] [error] {"_isCancelled":true,"_emitter":null}
[2023-05-22 04:48:08.354] [exthost] [error] [llvm-vs-code-extensions.vscode-clangd] provider FAILED
[2023-05-22 04:48:08.354] [exthost] [error] {"_isCancelled":true,"_emitter":null}
[2023-05-22 04:48:08.355] [exthost] [error] [llvm-vs-code-extensions.vscode-clangd] provider FAILED
[2023-05-22 04:48:08.355] [exthost] [error] {"_isCancelled":true,"_emitter":null}
[2023-05-22 04:48:08.356] [exthost] [error] [llvm-vs-code-extensions.vscode-clangd] provider FAILED
[2023-05-22 04:48:08.356] [exthost] [error] {"_isCancelled":true,"_emitter":null}
[2023-05-22 04:48:08.357] [exthost] [error] [llvm-vs-code-extensions.vscode-clangd] provider FAILED
[2023-05-22 04:48:08.357] [exthost] [error] {"_isCancelled":true,"_emitter":null}
[2023-05-22 04:48:08.357] [exthost] [error] [llvm-vs-code-extensions.vscode-clangd] provider FAILED
[2023-05-22 04:48:08.357] [exthost] [error] {"_isCancelled":true,"_emitter":null}
[2023-05-22 04:48:08.363] [exthost] [error] [llvm-vs-code-extensions.vscode-clangd] provider FAILED
[2023-05-22 04:48:08.363] [exthost] [error] {"_isCancelled":true,"_emitter":null}
[2023-05-22 04:48:08.363] [exthost] [error] [llvm-vs-code-extensions.vscode-clangd] provider FAILED
[2023-05-22 04:48:08.363] [exthost] [error] {"_isCancelled":true,"_emitter":null}
[2023-05-22 04:48:08.366] [exthost] [error] [llvm-vs-code-extensions.vscode-clangd] provider FAILED
[2023-05-22 04:48:08.366] [exthost] [error] {"_isCancelled":true,"_emitter":null}
[2023-05-22 04:48:08.366] [exthost] [error] [llvm-vs-code-extensions.vscode-clangd] provider FAILED
[2023-05-22 04:48:08.366] [exthost] [error] {"_isCancelled":true,"_emitter":null}
[2023-05-22 04:48:08.367] [exthost] [error] [llvm-vs-code-extensions.vscode-clangd] provider FAILED
[2023-05-22 04:48:08.367] [exthost] [error] {"_isCancelled":true,"_emitter":null}
[2023-05-22 04:48:08.367] [exthost] [error] [llvm-vs-code-extensions.vscode-clangd] provider FAILED
[2023-05-22 04:48:08.367] [exthost] [error] {"_isCancelled":true,"_emitter":null}
[2023-05-22 04:48:37.288] [exthost] [info] ExtensionService#_doActivateExtension vscode.markdown-language-features, startup: false, activationEvent: 'onLanguage:markdown'
[2023-05-22 04:48:37.897] [exthost] [info] ExtensionService#_doActivateExtension vscode.markdown-math, startup: false, activationEvent: 'api', root cause: vscode.markdown-language-features
[2023-05-22 06:00:14.758] [exthost] [error] [llvm-vs-code-extensions.vscode-clangd] provider FAILED
[2023-05-22 06:00:14.758] [exthost] [error] {"_isCancelled":true,"_emitter":null}
[2023-05-22 06:19:55.826] [exthost] [info] Extension host terminating: received terminate message from renderer
[2023-05-22 06:19:55.827] [exthost] [info] Lock '/home/kaiykato/.vscode-server/data/User/workspaceStorage/d16a1b7f8865348bde3e3163a3d97865-1/vscode.lock': Marking the lockfile as scheduled to be released in 6000 ms.
[2023-05-22 06:19:55.854] [exthost] [info] Extension host with pid 11194 exiting with code 0
