[2023-05-29 00:02:55.165] [exthost] [info] Extension host with pid 1328 started
[2023-05-29 00:02:55.176] [exthost] [info] Lock '/home/kaiykato/.vscode-server/data/User/workspaceStorage/a8dc12e4dbef568f8e4fca6b3b664a67/vscode.lock': Lock acquired.
[2023-05-29 00:02:55.278] [exthost] [info] ExtensionService#_doActivateExtension vscode.debug-auto-launch, startup: true, activationEvent: '*'
[2023-05-29 00:02:55.283] [exthost] [info] ExtensionService#_doActivateExtension vscode.git-base, startup: true, activationEvent: '*', root cause: vscode.git
[2023-05-29 00:02:55.287] [exthost] [info] ExtensionService#_doActivateExtension vscode.ipynb, startup: true, activationEvent: '*'
[2023-05-29 00:02:55.309] [exthost] [info] ExtensionService#_doActivateExtension ms-vscode.cpptools, startup: true, activationEvent: 'workspaceContains:/.vscode/c_cpp_properties.json'
[2023-05-29 00:02:55.590] [exthost] [info] ExtensionService#_doActivateExtension vscode.git, startup: true, activationEvent: '*'
[2023-05-29 00:02:55.648] [exthost] [info] ExtensionService#_doActivateExtension vscode.github, startup: true, activationEvent: '*'
[2023-05-29 00:02:56.336] [exthost] [info] ExtensionService#_doActivateExtension vscode.configuration-editing, startup: false, activationEvent: 'onLanguage:json'
[2023-05-29 00:02:56.347] [exthost] [info] ExtensionService#_doActivateExtension vscode.extension-editing, startup: false, activationEvent: 'onLanguage:json'
[2023-05-29 00:02:56.364] [exthost] [info] ExtensionService#_doActivateExtension vscode.json-language-features, startup: false, activationEvent: 'onLanguage:json'
[2023-05-29 00:02:56.426] [exthost] [info] ExtensionService#_doActivateExtension vscode.npm, startup: false, activationEvent: 'onLanguage:json'
[2023-05-29 00:02:56.462] [exthost] [info] ExtensionService#_doActivateExtension vscode.emmet, startup: false, activationEvent: 'onStartupFinished'
[2023-05-29 00:02:56.476] [exthost] [info] ExtensionService#_doActivateExtension vscode.merge-conflict, startup: false, activationEvent: 'onStartupFinished'
[2023-05-29 00:02:56.480] [exthost] [info] Eager extensions activated
[2023-05-29 00:02:56.630] [exthost] [info] ExtensionService#_doActivateExtension vscode.typescript-language-features, startup: false, activationEvent: 'onLanguage:jsonc'
[2023-05-29 00:03:24.334] [exthost] [info] ExtensionService#_doActivateExtension llvm-vs-code-extensions.vscode-clangd, startup: false, activationEvent: 'onLanguage:cpp'
[2023-05-29 00:10:37.198] [exthost] [error] [llvm-vs-code-extensions.vscode-clangd] provider FAILED
[2023-05-29 00:10:37.198] [exthost] [error] {"_isCancelled":false,"_emitter":{"_disposed":false,"_listeners":{"_first":{"element":{"subscription":{}},"next":{},"prev":{}},"_last":{"element":{"subscription":{}},"next":{},"prev":{}},"_size":1}}}
[2023-05-29 00:10:42.400] [exthost] [error] [llvm-vs-code-extensions.vscode-clangd] provider FAILED
[2023-05-29 00:10:42.400] [exthost] [error] {"_isCancelled":true,"_emitter":null}
[2023-05-29 00:11:21.601] [exthost] [error] [llvm-vs-code-extensions.vscode-clangd] provider FAILED
[2023-05-29 00:11:21.601] [exthost] [error] {"_isCancelled":false,"_emitter":{"_disposed":false,"_listeners":{"_first":{"element":{"subscription":{}},"next":{},"prev":{}},"_last":{"element":{"subscription":{}},"next":{},"prev":{}},"_size":1}}}
[2023-05-29 00:11:24.464] [exthost] [error] [llvm-vs-code-extensions.vscode-clangd] provider FAILED
[2023-05-29 00:11:24.464] [exthost] [error] {"_isCancelled":false,"_emitter":{"_disposed":false,"_listeners":{"_first":{"element":{"subscription":{}},"next":{},"prev":{}},"_last":{"element":{"subscription":{}},"next":{},"prev":{}},"_size":1}}}
[2023-05-29 00:11:25.195] [exthost] [error] [llvm-vs-code-extensions.vscode-clangd] provider FAILED
[2023-05-29 00:11:25.195] [exthost] [error] {"_isCancelled":false,"_emitter":{"_disposed":false,"_listeners":{"_first":{"element":{"subscription":{}},"next":{},"prev":{}},"_last":{"element":{"subscription":{}},"next":{},"prev":{}},"_size":1}}}
[2023-05-29 00:11:27.485] [exthost] [error] [llvm-vs-code-extensions.vscode-clangd] provider FAILED
[2023-05-29 00:11:27.485] [exthost] [error] {"_isCancelled":false,"_emitter":{"_disposed":false,"_listeners":{"_first":{"element":{"subscription":{}},"next":{},"prev":{}},"_last":{"element":{"subscription":{}},"next":{},"prev":{}},"_size":1}}}
[2023-05-29 00:12:00.311] [exthost] [error] [llvm-vs-code-extensions.vscode-clangd] provider FAILED
[2023-05-29 00:12:00.311] [exthost] [error] {"_isCancelled":false,"_emitter":{"_disposed":false,"_listeners":{"_first":{"element":{"subscription":{}},"next":{},"prev":{}},"_last":{"element":{"subscription":{}},"next":{},"prev":{}},"_size":1}}}
[2023-05-29 00:12:05.142] [exthost] [error] [llvm-vs-code-extensions.vscode-clangd] provider FAILED
[2023-05-29 00:12:05.142] [exthost] [error] {"_isCancelled":false,"_emitter":{"_disposed":false,"_listeners":{"_first":{"element":{"subscription":{}},"next":{},"prev":{}},"_last":{"element":{"subscription":{}},"next":{},"prev":{}},"_size":1}}}
[2023-05-29 00:12:05.436] [exthost] [error] [llvm-vs-code-extensions.vscode-clangd] provider FAILED
[2023-05-29 00:12:05.436] [exthost] [error] {"_isCancelled":false,"_emitter":{"_disposed":false,"_listeners":{"_first":{"element":{"subscription":{}},"next":{},"prev":{}},"_last":{"element":{"subscription":{}},"next":{},"prev":{}},"_size":1}}}
[2023-05-29 00:12:06.876] [exthost] [error] [llvm-vs-code-extensions.vscode-clangd] provider FAILED
[2023-05-29 00:12:06.876] [exthost] [error] {"_isCancelled":false,"_emitter":{"_disposed":false,"_listeners":{"_first":{"element":{"subscription":{}},"next":{},"prev":{}},"_last":{"element":{"subscription":{}},"next":{},"prev":{}},"_size":1}}}
[2023-05-29 00:12:08.164] [exthost] [error] [llvm-vs-code-extensions.vscode-clangd] provider FAILED
[2023-05-29 00:12:08.164] [exthost] [error] {"_isCancelled":false,"_emitter":{"_disposed":false,"_listeners":{"_first":{"element":{"subscription":{}},"next":{},"prev":{}},"_last":{"element":{"subscription":{}},"next":{},"prev":{}},"_size":1}}}
[2023-05-29 00:12:11.126] [exthost] [error] [llvm-vs-code-extensions.vscode-clangd] provider FAILED
[2023-05-29 00:12:11.126] [exthost] [error] {"_isCancelled":false,"_emitter":{"_disposed":false,"_listeners":{"_first":{"element":{"subscription":{}},"next":{},"prev":{}},"_last":{"element":{"subscription":{}},"next":{},"prev":{}},"_size":1}}}
[2023-05-29 00:16:17.632] [exthost] [error] [llvm-vs-code-extensions.vscode-clangd] provider FAILED
[2023-05-29 00:16:17.632] [exthost] [error] {"_isCancelled":false,"_emitter":{"_disposed":false,"_listeners":{"_first":{"element":{"subscription":{}},"next":{},"prev":{}},"_last":{"element":{"subscription":{}},"next":{},"prev":{}},"_size":1}}}
[2023-05-29 00:16:35.837] [exthost] [error] [llvm-vs-code-extensions.vscode-clangd] provider FAILED
[2023-05-29 00:16:35.837] [exthost] [error] {"_isCancelled":false,"_emitter":{"_disposed":false,"_listeners":{"_first":{"element":{"subscription":{}},"next":{},"prev":{}},"_last":{"element":{"subscription":{}},"next":{},"prev":{}},"_size":1}}}
[2023-05-29 00:16:49.925] [exthost] [error] [llvm-vs-code-extensions.vscode-clangd] provider FAILED
[2023-05-29 00:16:49.925] [exthost] [error] {"_isCancelled":false,"_emitter":{"_disposed":false,"_listeners":{"_first":{"element":{"subscription":{}},"next":{},"prev":{}},"_last":{"element":{"subscription":{}},"next":{},"prev":{}},"_size":1}}}
[2023-05-29 00:17:36.613] [exthost] [error] [llvm-vs-code-extensions.vscode-clangd] provider FAILED
[2023-05-29 00:17:36.613] [exthost] [error] {"_isCancelled":false,"_emitter":{"_disposed":false,"_listeners":{"_first":{"element":{"subscription":{}},"next":{},"prev":{}},"_last":{"element":{"subscription":{}},"next":{},"prev":{}},"_size":1}}}
[2023-05-29 00:17:38.970] [exthost] [error] [llvm-vs-code-extensions.vscode-clangd] provider FAILED
[2023-05-29 00:17:38.970] [exthost] [error] {"_isCancelled":false,"_emitter":{"_disposed":false,"_listeners":{"_first":{"element":{"subscription":{}},"next":{},"prev":{}},"_last":{"element":{"subscription":{}},"next":{},"prev":{}},"_size":1}}}
[2023-05-29 00:17:38.971] [exthost] [error] [llvm-vs-code-extensions.vscode-clangd] provider FAILED
[2023-05-29 00:17:38.971] [exthost] [error] {"_isCancelled":false,"_emitter":{"_disposed":false,"_listeners":{"_first":{"element":{"subscription":{}},"next":{},"prev":{}},"_last":{"element":{"subscription":{}},"next":{},"prev":{}},"_size":1}}}
[2023-05-29 00:17:49.798] [exthost] [error] [llvm-vs-code-extensions.vscode-clangd] provider FAILED
[2023-05-29 00:17:49.798] [exthost] [error] {"_isCancelled":false,"_emitter":{"_disposed":false,"_listeners":{"_first":{"element":{"subscription":{}},"next":{},"prev":{}},"_last":{"element":{"subscription":{}},"next":{},"prev":{}},"_size":1}}}
[2023-05-29 00:18:02.978] [exthost] [error] [llvm-vs-code-extensions.vscode-clangd] provider FAILED
[2023-05-29 00:18:02.978] [exthost] [error] {"_isCancelled":true,"_emitter":null}
[2023-05-29 00:18:06.173] [exthost] [error] [llvm-vs-code-extensions.vscode-clangd] provider FAILED
[2023-05-29 00:18:06.173] [exthost] [error] {"_isCancelled":false,"_emitter":{"_disposed":false,"_listeners":{"_first":{"element":{"subscription":{}},"next":{},"prev":{}},"_last":{"element":{"subscription":{}},"next":{},"prev":{}},"_size":1}}}
[2023-05-29 00:19:16.056] [exthost] [error] [llvm-vs-code-extensions.vscode-clangd] provider FAILED
[2023-05-29 00:19:16.057] [exthost] [error] {"_isCancelled":false,"_emitter":{"_disposed":false,"_listeners":{"_first":{"element":{"subscription":{}},"next":{},"prev":{}},"_last":{"element":{"subscription":{}},"next":{},"prev":{}},"_size":1}}}
[2023-05-29 00:19:28.452] [exthost] [error] [llvm-vs-code-extensions.vscode-clangd] provider FAILED
[2023-05-29 00:19:28.452] [exthost] [error] {"_isCancelled":false,"_emitter":{"_disposed":false,"_listeners":{"_first":{"element":{"subscription":{}},"next":{},"prev":{}},"_last":{"element":{"subscription":{}},"next":{},"prev":{}},"_size":1}}}
[2023-05-29 00:22:55.909] [exthost] [error] [llvm-vs-code-extensions.vscode-clangd] provider FAILED
[2023-05-29 00:22:55.909] [exthost] [error] {"_isCancelled":false,"_emitter":{"_disposed":false,"_listeners":{"_first":{"element":{"subscription":{}},"next":{},"prev":{}},"_last":{"element":{"subscription":{}},"next":{},"prev":{}},"_size":1}}}
[2023-05-29 00:22:56.201] [exthost] [error] [llvm-vs-code-extensions.vscode-clangd] provider FAILED
[2023-05-29 00:22:56.201] [exthost] [error] {"_isCancelled":false,"_emitter":{"_disposed":false,"_listeners":{"_first":{"element":{"subscription":{}},"next":{},"prev":{}},"_last":{"element":{"subscription":{}},"next":{},"prev":{}},"_size":1}}}
[2023-05-29 00:23:12.266] [exthost] [error] [llvm-vs-code-extensions.vscode-clangd] provider FAILED
[2023-05-29 00:23:12.266] [exthost] [error] {"_isCancelled":false,"_emitter":{"_disposed":false,"_listeners":{"_first":{"element":{"subscription":{}},"next":{},"prev":{}},"_last":{"element":{"subscription":{}},"next":{},"prev":{}},"_size":1}}}
[2023-05-29 00:23:21.159] [exthost] [error] [llvm-vs-code-extensions.vscode-clangd] provider FAILED
[2023-05-29 00:23:21.159] [exthost] [error] {"_isCancelled":false,"_emitter":{"_disposed":false,"_listeners":{"_first":{"element":{"subscription":{}},"next":{},"prev":{}},"_last":{"element":{"subscription":{}},"next":{},"prev":{}},"_size":1}}}
[2023-05-29 00:23:31.366] [exthost] [error] [llvm-vs-code-extensions.vscode-clangd] provider FAILED
[2023-05-29 00:23:31.366] [exthost] [error] {"_isCancelled":false,"_emitter":{"_disposed":false,"_listeners":{"_first":{"element":{"subscription":{}},"next":{},"prev":{}},"_last":{"element":{"subscription":{}},"next":{},"prev":{}},"_size":1}}}
[2023-05-29 00:23:34.066] [exthost] [error] [llvm-vs-code-extensions.vscode-clangd] provider FAILED
[2023-05-29 00:23:34.066] [exthost] [error] {"_isCancelled":false,"_emitter":{"_disposed":false,"_listeners":{"_first":{"element":{"subscription":{}},"next":{},"prev":{}},"_last":{"element":{"subscription":{}},"next":{},"prev":{}},"_size":1}}}
[2023-05-29 00:23:42.498] [exthost] [error] [llvm-vs-code-extensions.vscode-clangd] provider FAILED
[2023-05-29 00:23:42.498] [exthost] [error] {"_isCancelled":false,"_emitter":{"_disposed":false,"_listeners":{"_first":{"element":{"subscription":{}},"next":{},"prev":{}},"_last":{"element":{"subscription":{}},"next":{},"prev":{}},"_size":1}}}
[2023-05-29 00:24:28.906] [exthost] [error] [llvm-vs-code-extensions.vscode-clangd] provider FAILED
[2023-05-29 00:24:28.906] [exthost] [error] {"_isCancelled":false,"_emitter":{"_disposed":false,"_listeners":{"_first":{"element":{"subscription":{}},"next":{},"prev":{}},"_last":{"element":{"subscription":{}},"next":{},"prev":{}},"_size":1}}}
[2023-05-29 00:24:31.249] [exthost] [error] [llvm-vs-code-extensions.vscode-clangd] provider FAILED
[2023-05-29 00:24:31.249] [exthost] [error] {"_isCancelled":false,"_emitter":{"_disposed":false,"_listeners":{"_first":{"element":{"subscription":{}},"next":{},"prev":{}},"_last":{"element":{"subscription":{}},"next":{},"prev":{}},"_size":1}}}
[2023-05-29 00:24:31.554] [exthost] [error] [llvm-vs-code-extensions.vscode-clangd] provider FAILED
[2023-05-29 00:24:31.554] [exthost] [error] {"_isCancelled":false,"_emitter":{"_disposed":false,"_listeners":{"_first":{"element":{"subscription":{}},"next":{},"prev":{}},"_last":{"element":{"subscription":{}},"next":{},"prev":{}},"_size":1}}}
[2023-05-29 00:25:38.822] [exthost] [error] [llvm-vs-code-extensions.vscode-clangd] provider FAILED
[2023-05-29 00:25:38.822] [exthost] [error] {"_isCancelled":false,"_emitter":{"_disposed":false,"_listeners":{"_first":{"element":{"subscription":{}},"next":{},"prev":{}},"_last":{"element":{"subscription":{}},"next":{},"prev":{}},"_size":1}}}
[2023-05-29 00:25:39.144] [exthost] [error] [llvm-vs-code-extensions.vscode-clangd] provider FAILED
[2023-05-29 00:25:39.144] [exthost] [error] {"_isCancelled":false,"_emitter":{"_disposed":false,"_listeners":{"_first":{"element":{"subscription":{}},"next":{},"prev":{}},"_last":{"element":{"subscription":{}},"next":{},"prev":{}},"_size":1}}}
[2023-05-29 00:25:39.484] [exthost] [error] [llvm-vs-code-extensions.vscode-clangd] provider FAILED
[2023-05-29 00:25:39.484] [exthost] [error] {"_isCancelled":false,"_emitter":{"_disposed":false,"_listeners":{"_first":{"element":{"subscription":{}},"next":{},"prev":{}},"_last":{"element":{"subscription":{}},"next":{},"prev":{}},"_size":1}}}
[2023-05-29 00:25:52.135] [exthost] [error] [llvm-vs-code-extensions.vscode-clangd] provider FAILED
[2023-05-29 00:25:52.135] [exthost] [error] {"_isCancelled":false,"_emitter":{"_disposed":false,"_listeners":{"_first":{"element":{"subscription":{}},"next":{},"prev":{}},"_last":{"element":{"subscription":{}},"next":{},"prev":{}},"_size":1}}}
[2023-05-29 00:26:32.991] [exthost] [error] [llvm-vs-code-extensions.vscode-clangd] provider FAILED
[2023-05-29 00:26:32.991] [exthost] [error] {"_isCancelled":false,"_emitter":{"_disposed":false,"_listeners":{"_first":{"element":{"subscription":{}},"next":{},"prev":{}},"_last":{"element":{"subscription":{}},"next":{},"prev":{}},"_size":1}}}
[2023-05-29 00:26:45.913] [exthost] [error] [llvm-vs-code-extensions.vscode-clangd] provider FAILED
[2023-05-29 00:26:45.913] [exthost] [error] {"_isCancelled":false,"_emitter":{"_disposed":false,"_listeners":{"_first":{"element":{"subscription":{}},"next":{},"prev":{}},"_last":{"element":{"subscription":{}},"next":{},"prev":{}},"_size":1}}}
[2023-05-29 00:27:12.029] [exthost] [error] [llvm-vs-code-extensions.vscode-clangd] provider FAILED
[2023-05-29 00:27:12.029] [exthost] [error] {"_isCancelled":false,"_emitter":{"_disposed":false,"_listeners":{"_first":{"element":{"subscription":{}},"next":{},"prev":{}},"_last":{"element":{"subscription":{}},"next":{},"prev":{}},"_size":1}}}
[2023-05-29 00:27:12.465] [exthost] [error] [llvm-vs-code-extensions.vscode-clangd] provider FAILED
[2023-05-29 00:27:12.465] [exthost] [error] {"_isCancelled":false,"_emitter":{"_disposed":false,"_listeners":{"_first":{"element":{"subscription":{}},"next":{},"prev":{}},"_last":{"element":{"subscription":{}},"next":{},"prev":{}},"_size":1}}}
[2023-05-29 00:27:12.917] [exthost] [error] [llvm-vs-code-extensions.vscode-clangd] provider FAILED
[2023-05-29 00:27:12.917] [exthost] [error] {"_isCancelled":false,"_emitter":{"_disposed":false,"_listeners":{"_first":{"element":{"subscription":{}},"next":{},"prev":{}},"_last":{"element":{"subscription":{}},"next":{},"prev":{}},"_size":1}}}
[2023-05-29 00:27:13.705] [exthost] [error] [llvm-vs-code-extensions.vscode-clangd] provider FAILED
[2023-05-29 00:27:13.705] [exthost] [error] {"_isCancelled":true,"_emitter":null}
[2023-05-29 00:27:17.143] [exthost] [error] [llvm-vs-code-extensions.vscode-clangd] provider FAILED
[2023-05-29 00:27:17.143] [exthost] [error] {"_isCancelled":false,"_emitter":{"_disposed":false,"_listeners":{"_first":{"element":{"subscription":{}},"next":{},"prev":{}},"_last":{"element":{"subscription":{}},"next":{},"prev":{}},"_size":1}}}
[2023-05-29 00:27:17.608] [exthost] [error] [llvm-vs-code-extensions.vscode-clangd] provider FAILED
[2023-05-29 00:27:17.608] [exthost] [error] {"_isCancelled":false,"_emitter":{"_disposed":false,"_listeners":{"_first":{"element":{"subscription":{}},"next":{},"prev":{}},"_last":{"element":{"subscription":{}},"next":{},"prev":{}},"_size":1}}}
[2023-05-29 00:27:17.608] [exthost] [error] [llvm-vs-code-extensions.vscode-clangd] provider FAILED
[2023-05-29 00:27:17.608] [exthost] [error] {"_isCancelled":true,"_emitter":null}
[2023-05-29 00:27:18.067] [exthost] [error] [llvm-vs-code-extensions.vscode-clangd] provider FAILED
[2023-05-29 00:27:18.067] [exthost] [error] {"_isCancelled":false,"_emitter":{"_disposed":false,"_listeners":{"_first":{"element":{"subscription":{}},"next":{},"prev":{}},"_last":{"element":{"subscription":{}},"next":{},"prev":{}},"_size":1}}}
[2023-05-29 00:27:21.971] [exthost] [error] [llvm-vs-code-extensions.vscode-clangd] provider FAILED
[2023-05-29 00:27:21.971] [exthost] [error] {"_isCancelled":false,"_emitter":{"_disposed":false,"_listeners":{"_first":{"element":{"subscription":{}},"next":{},"prev":{}},"_last":{"element":{"subscription":{}},"next":{},"prev":{}},"_size":1}}}
[2023-05-29 00:27:22.194] [exthost] [error] [llvm-vs-code-extensions.vscode-clangd] provider FAILED
[2023-05-29 00:27:22.195] [exthost] [error] {"_isCancelled":true,"_emitter":null}
[2023-05-29 00:27:22.495] [exthost] [error] [llvm-vs-code-extensions.vscode-clangd] provider FAILED
[2023-05-29 00:27:22.495] [exthost] [error] {"_isCancelled":false,"_emitter":{"_disposed":false,"_listeners":{"_first":{"element":{"subscription":{}},"next":{},"prev":{}},"_last":{"element":{"subscription":{}},"next":{},"prev":{}},"_size":1}}}
[2023-05-29 00:27:22.917] [exthost] [error] [llvm-vs-code-extensions.vscode-clangd] provider FAILED
[2023-05-29 00:27:22.917] [exthost] [error] {"_isCancelled":false,"_emitter":{"_disposed":false,"_listeners":{"_first":{"element":{"subscription":{}},"next":{},"prev":{}},"_last":{"element":{"subscription":{}},"next":{},"prev":{}},"_size":1}}}
[2023-05-29 00:35:05.292] [exthost] [error] [llvm-vs-code-extensions.vscode-clangd] provider FAILED
[2023-05-29 00:35:05.292] [exthost] [error] {"_isCancelled":false,"_emitter":{"_disposed":false,"_listeners":{"_first":{"element":{"subscription":{}},"next":{},"prev":{}},"_last":{"element":{"subscription":{}},"next":{},"prev":{}},"_size":1}}}
[2023-05-29 00:36:52.374] [exthost] [error] [llvm-vs-code-extensions.vscode-clangd] provider FAILED
[2023-05-29 00:36:52.374] [exthost] [error] {"_isCancelled":false,"_emitter":{"_disposed":false,"_listeners":{"_first":{"element":{"subscription":{}},"next":{},"prev":{}},"_last":{"element":{"subscription":{}},"next":{},"prev":{}},"_size":1}}}
[2023-05-29 00:36:54.250] [exthost] [error] [llvm-vs-code-extensions.vscode-clangd] provider FAILED
[2023-05-29 00:36:54.250] [exthost] [error] {"_isCancelled":false,"_emitter":{"_disposed":false,"_listeners":{"_first":{"element":{"subscription":{}},"next":{},"prev":{}},"_last":{"element":{"subscription":{}},"next":{},"prev":{}},"_size":1}}}
[2023-05-29 00:37:19.251] [exthost] [error] [llvm-vs-code-extensions.vscode-clangd] provider FAILED
[2023-05-29 00:37:19.251] [exthost] [error] {"_isCancelled":true,"_emitter":null}
[2023-05-29 00:37:21.011] [exthost] [error] [llvm-vs-code-extensions.vscode-clangd] provider FAILED
[2023-05-29 00:37:21.011] [exthost] [error] {"_isCancelled":false,"_emitter":{"_disposed":false,"_listeners":{"_first":{"element":{"subscription":{}},"next":{},"prev":{}},"_last":{"element":{"subscription":{}},"next":{},"prev":{}},"_size":1}}}
[2023-05-29 00:37:21.666] [exthost] [error] [llvm-vs-code-extensions.vscode-clangd] provider FAILED
[2023-05-29 00:37:21.666] [exthost] [error] {"_isCancelled":false,"_emitter":{"_disposed":false,"_listeners":{"_first":{"element":{"subscription":{}},"next":{},"prev":{}},"_last":{"element":{"subscription":{}},"next":{},"prev":{}},"_size":1}}}
[2023-05-29 00:37:39.197] [exthost] [error] [llvm-vs-code-extensions.vscode-clangd] provider FAILED
[2023-05-29 00:37:39.197] [exthost] [error] {"_isCancelled":false,"_emitter":{"_disposed":false,"_listeners":{"_first":{"element":{"subscription":{}},"next":{},"prev":{}},"_last":{"element":{"subscription":{}},"next":{},"prev":{}},"_size":1}}}
[2023-05-29 00:37:41.988] [exthost] [error] [llvm-vs-code-extensions.vscode-clangd] provider FAILED
[2023-05-29 00:37:41.988] [exthost] [error] {"_isCancelled":false,"_emitter":{"_disposed":false,"_listeners":{"_first":{"element":{"subscription":{}},"next":{},"prev":{}},"_last":{"element":{"subscription":{}},"next":{},"prev":{}},"_size":1}}}
[2023-05-29 00:37:44.769] [exthost] [error] [llvm-vs-code-extensions.vscode-clangd] provider FAILED
[2023-05-29 00:37:44.769] [exthost] [error] {"_isCancelled":false,"_emitter":{"_disposed":false,"_listeners":{"_first":{"element":{"subscription":{}},"next":{},"prev":{}},"_last":{"element":{"subscription":{}},"next":{},"prev":{}},"_size":1}}}
[2023-05-29 00:37:44.769] [exthost] [error] [llvm-vs-code-extensions.vscode-clangd] provider FAILED
[2023-05-29 00:37:44.769] [exthost] [error] {"_isCancelled":true,"_emitter":null}
[2023-05-29 00:37:58.580] [exthost] [error] [llvm-vs-code-extensions.vscode-clangd] provider FAILED
[2023-05-29 00:37:58.581] [exthost] [error] {"_isCancelled":false,"_emitter":{"_disposed":false,"_listeners":{"_first":{"element":{"subscription":{}},"next":{},"prev":{}},"_last":{"element":{"subscription":{}},"next":{},"prev":{}},"_size":1}}}
[2023-05-29 00:38:16.002] [exthost] [info] ExtensionService#_doActivateExtension vscode.markdown-language-features, startup: false, activationEvent: 'onLanguage:markdown'
[2023-05-29 00:38:16.302] [exthost] [info] ExtensionService#_doActivateExtension vscode.markdown-math, startup: false, activationEvent: 'api', root cause: vscode.markdown-language-features
