[2023-06-02 18:17:50.765] [exthost] [info] Extension host with pid 1074 started
[2023-06-02 18:17:50.768] [exthost] [error] Error: EEXIST: file already exists, open '/home/kaiykato/.vscode-server/data/User/workspaceStorage/d16a1b7f8865348bde3e3163a3d97865/vscode.lock'
[2023-06-02 18:17:50.781] [exthost] [info] Lock '/home/kaiykato/.vscode-server/data/User/workspaceStorage/d16a1b7f8865348bde3e3163a3d97865/vscode.lock': Could not acquire lock, checking if the file is stale.
[2023-06-02 18:17:50.785] [exthost] [info] Lock '/home/kaiykato/.vscode-server/data/User/workspaceStorage/d16a1b7f8865348bde3e3163a3d97865/vscode.lock': The pid 1236 appears to be gone.
[2023-06-02 18:17:50.785] [exthost] [info] Lock '/home/kaiykato/.vscode-server/data/User/workspaceStorage/d16a1b7f8865348bde3e3163a3d97865/vscode.lock': Deleting a stale lock.
[2023-06-02 18:17:50.836] [exthost] [info] Lock '/home/kaiykato/.vscode-server/data/User/workspaceStorage/d16a1b7f8865348bde3e3163a3d97865/vscode.lock': Lock acquired.
[2023-06-02 18:17:51.334] [exthost] [info] ExtensionService#_doActivateExtension llvm-vs-code-extensions.vscode-clangd, startup: false, activationEvent: 'onLanguage:cpp'
[2023-06-02 18:17:51.680] [exthost] [info] ExtensionService#_doActivateExtension ms-vscode.cpptools, startup: false, activationEvent: 'onLanguage:cpp'
[2023-06-02 18:17:52.008] [exthost] [info] ExtensionService#_doActivateExtension vscode.debug-auto-launch, startup: true, activationEvent: '*'
[2023-06-02 18:17:52.013] [exthost] [info] ExtensionService#_doActivateExtension vscode.git-base, startup: true, activationEvent: '*', root cause: vscode.git
[2023-06-02 18:17:52.019] [exthost] [info] ExtensionService#_doActivateExtension vscode.ipynb, startup: true, activationEvent: '*'
[2023-06-02 18:17:52.169] [exthost] [info] ExtensionService#_doActivateExtension vscode.git, startup: true, activationEvent: '*'
[2023-06-02 18:17:52.232] [exthost] [info] ExtensionService#_doActivateExtension vscode.github, startup: true, activationEvent: '*'
[2023-06-02 18:17:53.208] [exthost] [info] ExtensionService#_doActivateExtension ms-vscode.cmake-tools, startup: true, activationEvent: 'workspaceContains:*/CMakeLists.txt,*/*/CMakeLists.txt,*/*/*/CMakeLists.txt'
[2023-06-02 18:17:53.894] [exthost] [info] ExtensionService#_doActivateExtension vscode.configuration-editing, startup: false, activationEvent: 'onLanguage:json'
[2023-06-02 18:17:53.914] [exthost] [info] ExtensionService#_doActivateExtension vscode.extension-editing, startup: false, activationEvent: 'onLanguage:json'
[2023-06-02 18:17:53.953] [exthost] [info] ExtensionService#_doActivateExtension vscode.json-language-features, startup: false, activationEvent: 'onLanguage:json'
[2023-06-02 18:17:54.071] [exthost] [info] ExtensionService#_doActivateExtension vscode.npm, startup: false, activationEvent: 'onLanguage:json'
[2023-06-02 18:17:54.380] [exthost] [info] ExtensionService#_doActivateExtension vscode.typescript-language-features, startup: false, activationEvent: 'onLanguage:jsonc'
[2023-06-02 18:17:55.782] [exthost] [info] ExtensionService#_doActivateExtension vscode.emmet, startup: false, activationEvent: 'onStartupFinished'
[2023-06-02 18:17:55.851] [exthost] [info] ExtensionService#_doActivateExtension vscode.merge-conflict, startup: false, activationEvent: 'onStartupFinished'
[2023-06-02 18:17:55.857] [exthost] [info] Eager extensions activated
[2023-06-02 18:17:57.142] [exthost] [error] [llvm-vs-code-extensions.vscode-clangd] provider FAILED
[2023-06-02 18:17:57.142] [exthost] [error] {"_isCancelled":true,"_emitter":null}
[2023-06-02 18:17:57.145] [exthost] [error] [llvm-vs-code-extensions.vscode-clangd] provider FAILED
[2023-06-02 18:17:57.145] [exthost] [error] {"_isCancelled":true,"_emitter":null}
[2023-06-02 18:17:57.149] [exthost] [error] [llvm-vs-code-extensions.vscode-clangd] provider FAILED
[2023-06-02 18:17:57.149] [exthost] [error] {"_isCancelled":true,"_emitter":null}
[2023-06-02 18:17:57.151] [exthost] [error] [llvm-vs-code-extensions.vscode-clangd] provider FAILED
[2023-06-02 18:17:57.151] [exthost] [error] {"_isCancelled":true,"_emitter":null}
