[2023-06-02T18:17:52.333Z] Validating found git in: git
[2023-06-02T18:17:52.478Z] Using git 2.37.2 from git
[2023-06-02T18:17:52.555Z] > git rev-parse --show-toplevel [59ms]
[2023-06-02T18:17:52.555Z] fatal: not a git repository (or any of the parent directories): .git
[2023-06-02T18:17:52.590Z] > git rev-parse --show-toplevel [13ms]
[2023-06-02T18:17:52.609Z] > git rev-parse --git-dir --git-common-dir [10ms]
[2023-06-02T18:17:52.619Z] Open repository: /home/kaiykato/minnow
[2023-06-02T18:17:52.715Z] > git status -z -uall [77ms]
[2023-06-02T18:17:52.743Z] > git rev-parse --show-toplevel [96ms]
[2023-06-02T18:17:52.743Z] fatal: not a git repository (or any of the parent directories): .git
[2023-06-02T18:17:52.795Z] > git symbolic-ref --short HEAD [52ms]
[2023-06-02T18:17:52.829Z] > git rev-parse --show-toplevel [61ms]
[2023-06-02T18:17:52.829Z] fatal: not a git repository (or any of the parent directories): .git
[2023-06-02T18:17:52.976Z] > git for-each-ref --format=%(refname)%00%(upstream:short)%00%(objectname)%00%(upstream:track)%00%(upstream:remotename)%00%(upstream:remoteref) refs/heads/main refs/remotes/main [149ms]
[2023-06-02T18:17:52.995Z] > git rev-parse --show-toplevel [138ms]
[2023-06-02T18:17:52.998Z] fatal: not a git repository (or any of the parent directories): .git
[2023-06-02T18:17:53.056Z] > git remote --verbose [64ms]
[2023-06-02T18:17:53.057Z] > git for-each-ref --sort -committerdate --format %(refname) %(objectname) %(*objectname) [72ms]
[2023-06-02T18:17:53.094Z] > git rev-parse --show-toplevel [89ms]
[2023-06-02T18:17:53.094Z] fatal: not a git repository (or any of the parent directories): .git
[2023-06-02T18:17:53.124Z] > git rev-parse --show-toplevel [16ms]
[2023-06-02T18:17:53.124Z] fatal: not a git repository (or any of the parent directories): .git
[2023-06-02T18:17:53.134Z] > git config --get commit.template [12ms]
[2023-06-02T18:17:53.138Z] > git rev-parse --show-toplevel [6ms]
[2023-06-02T18:17:53.138Z] fatal: not a git repository (or any of the parent directories): .git
[2023-06-02T18:17:53.162Z] > git rev-parse --show-toplevel [19ms]
[2023-06-02T18:17:53.162Z] fatal: not a git repository (or any of the parent directories): .git
[2023-06-02T18:17:53.674Z] > git rev-parse --show-toplevel [497ms]
[2023-06-02T18:17:53.674Z] fatal: not a git repository (or any of the parent directories): .git
[2023-06-02T18:17:53.685Z] > git fetch [1055ms]
[2023-06-02T18:17:53.705Z] > git rev-parse --show-toplevel [22ms]
[2023-06-02T18:17:53.705Z] fatal: not a git repository (or any of the parent directories): .git
[2023-06-02T18:17:53.721Z] > git status -z -uall [25ms]
[2023-06-02T18:17:53.750Z] > git symbolic-ref --short HEAD [9ms]
[2023-06-02T18:17:53.794Z] > git for-each-ref --format=%(refname)%00%(upstream:short)%00%(objectname)%00%(upstream:track)%00%(upstream:remotename)%00%(upstream:remoteref) refs/heads/main refs/remotes/main [38ms]
[2023-06-02T18:17:53.829Z] > git for-each-ref --sort -committerdate --format %(refname) %(objectname) %(*objectname) [15ms]
[2023-06-02T18:17:53.831Z] > git remote --verbose [5ms]
[2023-06-02T18:17:53.869Z] > git config --get commit.template [19ms]
[2023-06-02T18:17:54.315Z] > git check-ignore -v -z --stdin [58ms]
[2023-06-02T18:17:54.317Z] > git show --textconv :src/router.cc [42ms]
[2023-06-02T18:17:54.322Z] > git ls-files --stage -- /home/kaiykato/minnow/src/router.cc [12ms]
[2023-06-02T18:17:54.544Z] > git cat-file -s bd054e4904c0b66e3d4b62935a001622f718e0c0 [204ms]
[2023-06-02T18:18:23.441Z] > git status -z -uall [3ms]
[2023-06-02T18:18:23.447Z] > git symbolic-ref --short HEAD [1ms]
[2023-06-02T18:18:23.454Z] > git for-each-ref --format=%(refname)%00%(upstream:short)%00%(objectname)%00%(upstream:track)%00%(upstream:remotename)%00%(upstream:remoteref) refs/heads/main refs/remotes/main [2ms]
[2023-06-02T18:18:23.466Z] > git for-each-ref --sort -committerdate --format %(refname) %(objectname) %(*objectname) [6ms]
[2023-06-02T18:18:23.466Z] > git remote --verbose [1ms]
[2023-06-02T18:18:23.481Z] > git config --get commit.template [8ms]
[2023-06-02T18:18:23.483Z] > git ls-files --stage -- /home/kaiykato/minnow/src/router.cc [3ms]
[2023-06-02T18:18:23.489Z] > git cat-file -s bd054e4904c0b66e3d4b62935a001622f718e0c0 [1ms]
[2023-06-02T18:18:23.533Z] > git show --textconv :src/router.cc [2ms]
[2023-06-02T18:18:28.493Z] > git status -z -uall [3ms]
[2023-06-02T18:18:28.500Z] > git symbolic-ref --short HEAD [1ms]
[2023-06-02T18:18:28.508Z] > git for-each-ref --format=%(refname)%00%(upstream:short)%00%(objectname)%00%(upstream:track)%00%(upstream:remotename)%00%(upstream:remoteref) refs/heads/main refs/remotes/main [3ms]
[2023-06-02T18:18:28.519Z] > git for-each-ref --sort -committerdate --format %(refname) %(objectname) %(*objectname) [6ms]
[2023-06-02T18:18:28.520Z] > git remote --verbose [2ms]
[2023-06-02T18:18:28.529Z] > git config --get commit.template [2ms]
[2023-06-02T18:22:12.021Z] > git fetch [296ms]
[2023-06-02T18:22:12.030Z] > git status -z -uall [3ms]
[2023-06-02T18:22:12.037Z] > git symbolic-ref --short HEAD [2ms]
[2023-06-02T18:22:12.044Z] > git for-each-ref --format=%(refname)%00%(upstream:short)%00%(objectname)%00%(upstream:track)%00%(upstream:remotename)%00%(upstream:remoteref) refs/heads/main refs/remotes/main [2ms]
[2023-06-02T18:22:12.055Z] > git for-each-ref --sort -committerdate --format %(refname) %(objectname) %(*objectname) [6ms]
[2023-06-02T18:22:12.055Z] > git remote --verbose [2ms]
[2023-06-02T18:22:12.062Z] > git config --get commit.template [1ms]
[2023-06-02T18:22:13.161Z] > git status -z -uall [2ms]
[2023-06-02T18:22:13.168Z] > git symbolic-ref --short HEAD [2ms]
[2023-06-02T18:22:13.175Z] > git for-each-ref --format=%(refname)%00%(upstream:short)%00%(objectname)%00%(upstream:track)%00%(upstream:remotename)%00%(upstream:remoteref) refs/heads/main refs/remotes/main [3ms]
[2023-06-02T18:22:13.185Z] > git for-each-ref --sort -committerdate --format %(refname) %(objectname) %(*objectname) [6ms]
[2023-06-02T18:22:13.185Z] > git remote --verbose [1ms]
[2023-06-02T18:22:13.193Z] > git config --get commit.template [1ms]
[2023-06-02T18:22:13.297Z] > git ls-files --stage -- /home/kaiykato/minnow/src/router.cc [2ms]
[2023-06-02T18:22:13.302Z] > git cat-file -s bd054e4904c0b66e3d4b62935a001622f718e0c0 [1ms]
[2023-06-02T18:22:13.348Z] > git show --textconv :src/router.cc [2ms]
[2023-06-02T18:22:18.707Z] > git status -z -uall [13ms]
[2023-06-02T18:22:18.725Z] > git symbolic-ref --short HEAD [1ms]
[2023-06-02T18:22:18.750Z] > git for-each-ref --format=%(refname)%00%(upstream:short)%00%(objectname)%00%(upstream:track)%00%(upstream:remotename)%00%(upstream:remoteref) refs/heads/main refs/remotes/main [9ms]
[2023-06-02T18:22:18.781Z] > git for-each-ref --sort -committerdate --format %(refname) %(objectname) %(*objectname) [18ms]
[2023-06-02T18:22:18.782Z] > git remote --verbose [2ms]
[2023-06-02T18:22:18.799Z] > git config --get commit.template [1ms]
[2023-06-02T18:22:23.827Z] > git status -z -uall [3ms]
[2023-06-02T18:22:23.848Z] > git symbolic-ref --short HEAD [2ms]
[2023-06-02T18:22:23.869Z] > git for-each-ref --format=%(refname)%00%(upstream:short)%00%(objectname)%00%(upstream:track)%00%(upstream:remotename)%00%(upstream:remoteref) refs/heads/main refs/remotes/main [3ms]
[2023-06-02T18:22:23.897Z] > git for-each-ref --sort -committerdate --format %(refname) %(objectname) %(*objectname) [12ms]
[2023-06-02T18:22:23.899Z] > git remote --verbose [3ms]
[2023-06-02T18:22:23.926Z] > git config --get commit.template [1ms]
[2023-06-02T18:22:28.967Z] > git status -z -uall [21ms]
[2023-06-02T18:22:28.989Z] > git symbolic-ref --short HEAD [6ms]
[2023-06-02T18:22:29.008Z] > git for-each-ref --format=%(refname)%00%(upstream:short)%00%(objectname)%00%(upstream:track)%00%(upstream:remotename)%00%(upstream:remoteref) refs/heads/main refs/remotes/main [12ms]
[2023-06-02T18:22:29.023Z] > git for-each-ref --sort -committerdate --format %(refname) %(objectname) %(*objectname) [8ms]
[2023-06-02T18:22:29.027Z] > git remote --verbose [5ms]
[2023-06-02T18:22:29.047Z] > git config --get commit.template [5ms]
[2023-06-02T18:22:34.066Z] > git status -z -uall [4ms]
[2023-06-02T18:22:34.087Z] > git symbolic-ref --short HEAD [9ms]
[2023-06-02T18:22:34.105Z] > git for-each-ref --format=%(refname)%00%(upstream:short)%00%(objectname)%00%(upstream:track)%00%(upstream:remotename)%00%(upstream:remoteref) refs/heads/main refs/remotes/main [4ms]
[2023-06-02T18:22:34.130Z] > git for-each-ref --sort -committerdate --format %(refname) %(objectname) %(*objectname) [13ms]
[2023-06-02T18:22:34.131Z] > git remote --verbose [2ms]
[2023-06-02T18:22:34.155Z] > git config --get commit.template [2ms]
[2023-06-02T18:22:59.503Z] > git status -z -uall [4ms]
[2023-06-02T18:22:59.520Z] > git symbolic-ref --short HEAD [4ms]
[2023-06-02T18:22:59.541Z] > git for-each-ref --format=%(refname)%00%(upstream:short)%00%(objectname)%00%(upstream:track)%00%(upstream:remotename)%00%(upstream:remoteref) refs/heads/main refs/remotes/main [8ms]
[2023-06-02T18:22:59.567Z] > git for-each-ref --sort -committerdate --format %(refname) %(objectname) %(*objectname) [14ms]
[2023-06-02T18:22:59.571Z] > git remote --verbose [6ms]
[2023-06-02T18:22:59.597Z] > git config --get commit.template [12ms]
[2023-06-02T18:25:53.973Z] > git status -z -uall [3ms]
[2023-06-02T18:25:53.980Z] > git symbolic-ref --short HEAD [2ms]
[2023-06-02T18:25:53.987Z] > git for-each-ref --format=%(refname)%00%(upstream:short)%00%(objectname)%00%(upstream:track)%00%(upstream:remotename)%00%(upstream:remoteref) refs/heads/main refs/remotes/main [3ms]
[2023-06-02T18:25:54.003Z] > git for-each-ref --sort -committerdate --format %(refname) %(objectname) %(*objectname) [10ms]
[2023-06-02T18:25:54.005Z] > git remote --verbose [3ms]
[2023-06-02T18:25:54.014Z] > git config --get commit.template [2ms]
[2023-06-02T18:25:54.278Z] > git fetch [315ms]
[2023-06-02T18:25:54.286Z] > git status -z -uall [2ms]
[2023-06-02T18:25:54.293Z] > git symbolic-ref --short HEAD [1ms]
[2023-06-02T18:25:54.299Z] > git for-each-ref --format=%(refname)%00%(upstream:short)%00%(objectname)%00%(upstream:track)%00%(upstream:remotename)%00%(upstream:remoteref) refs/heads/main refs/remotes/main [2ms]
[2023-06-02T18:25:54.310Z] > git for-each-ref --sort -committerdate --format %(refname) %(objectname) %(*objectname) [6ms]
[2023-06-02T18:25:54.311Z] > git remote --verbose [3ms]
[2023-06-02T18:25:54.317Z] > git config --get commit.template [1ms]
[2023-06-02T18:25:55.555Z] > git ls-files --stage -- /home/kaiykato/minnow/src/router.cc [1ms]
[2023-06-02T18:25:55.562Z] > git cat-file -s bd054e4904c0b66e3d4b62935a001622f718e0c0 [2ms]
[2023-06-02T18:25:55.608Z] > git show --textconv :src/router.cc [2ms]
[2023-06-02T18:25:59.023Z] > git status -z -uall [2ms]
[2023-06-02T18:25:59.029Z] > git symbolic-ref --short HEAD [1ms]
[2023-06-02T18:25:59.036Z] > git for-each-ref --format=%(refname)%00%(upstream:short)%00%(objectname)%00%(upstream:track)%00%(upstream:remotename)%00%(upstream:remoteref) refs/heads/main refs/remotes/main [2ms]
[2023-06-02T18:25:59.046Z] > git for-each-ref --sort -committerdate --format %(refname) %(objectname) %(*objectname) [6ms]
[2023-06-02T18:25:59.046Z] > git remote --verbose [1ms]
[2023-06-02T18:25:59.053Z] > git config --get commit.template [1ms]
[2023-06-02T18:26:14.829Z] > git status -z -uall [2ms]
[2023-06-02T18:26:14.835Z] > git symbolic-ref --short HEAD [1ms]
[2023-06-02T18:26:14.842Z] > git for-each-ref --format=%(refname)%00%(upstream:short)%00%(objectname)%00%(upstream:track)%00%(upstream:remotename)%00%(upstream:remoteref) refs/heads/main refs/remotes/main [2ms]
[2023-06-02T18:26:14.852Z] > git for-each-ref --sort -committerdate --format %(refname) %(objectname) %(*objectname) [6ms]
[2023-06-02T18:26:14.852Z] > git remote --verbose [1ms]
[2023-06-02T18:26:14.859Z] > git config --get commit.template [1ms]
[2023-06-02T18:26:26.135Z] > git status -z -uall [2ms]
[2023-06-02T18:26:26.141Z] > git symbolic-ref --short HEAD [2ms]
[2023-06-02T18:26:26.147Z] > git for-each-ref --format=%(refname)%00%(upstream:short)%00%(objectname)%00%(upstream:track)%00%(upstream:remotename)%00%(upstream:remoteref) refs/heads/main refs/remotes/main [2ms]
[2023-06-02T18:26:26.156Z] > git for-each-ref --sort -committerdate --format %(refname) %(objectname) %(*objectname) [5ms]
[2023-06-02T18:26:26.157Z] > git remote --verbose [2ms]
[2023-06-02T18:26:26.163Z] > git config --get commit.template [1ms]
[2023-06-02T18:26:26.273Z] > git ls-files --stage -- /home/kaiykato/minnow/src/router.cc [1ms]
[2023-06-02T18:26:26.279Z] > git cat-file -s bd054e4904c0b66e3d4b62935a001622f718e0c0 [1ms]
[2023-06-02T18:26:26.329Z] > git show --textconv :src/router.cc [4ms]
[2023-06-02T18:27:09.948Z] > git status -z -uall [2ms]
[2023-06-02T18:27:09.954Z] > git symbolic-ref --short HEAD [1ms]
[2023-06-02T18:27:09.960Z] > git for-each-ref --format=%(refname)%00%(upstream:short)%00%(objectname)%00%(upstream:track)%00%(upstream:remotename)%00%(upstream:remoteref) refs/heads/main refs/remotes/main [2ms]
[2023-06-02T18:27:09.970Z] > git for-each-ref --sort -committerdate --format %(refname) %(objectname) %(*objectname) [5ms]
[2023-06-02T18:27:09.971Z] > git remote --verbose [2ms]
[2023-06-02T18:27:09.979Z] > git config --get commit.template [1ms]
[2023-06-02T18:27:11.087Z] > git check-ignore -v -z --stdin [1ms]
[2023-06-02T18:28:54.617Z] > git fetch [293ms]
[2023-06-02T18:28:54.625Z] > git status -z -uall [2ms]
[2023-06-02T18:28:54.632Z] > git symbolic-ref --short HEAD [1ms]
[2023-06-02T18:28:54.639Z] > git for-each-ref --format=%(refname)%00%(upstream:short)%00%(objectname)%00%(upstream:track)%00%(upstream:remotename)%00%(upstream:remoteref) refs/heads/main refs/remotes/main [2ms]
[2023-06-02T18:28:54.650Z] > git for-each-ref --sort -committerdate --format %(refname) %(objectname) %(*objectname) [6ms]
[2023-06-02T18:28:54.651Z] > git remote --verbose [2ms]
[2023-06-02T18:28:54.658Z] > git config --get commit.template [1ms]
[2023-06-02T18:28:55.767Z] > git status -z -uall [2ms]
[2023-06-02T18:28:55.774Z] > git symbolic-ref --short HEAD [2ms]
[2023-06-02T18:28:55.783Z] > git for-each-ref --format=%(refname)%00%(upstream:short)%00%(objectname)%00%(upstream:track)%00%(upstream:remotename)%00%(upstream:remoteref) refs/heads/main refs/remotes/main [3ms]
[2023-06-02T18:28:55.793Z] > git for-each-ref --sort -committerdate --format %(refname) %(objectname) %(*objectname) [6ms]
[2023-06-02T18:28:55.793Z] > git remote --verbose [1ms]
[2023-06-02T18:28:55.800Z] > git config --get commit.template [1ms]
[2023-06-02T18:28:55.904Z] > git ls-files --stage -- /home/kaiykato/minnow/src/router.cc [1ms]
[2023-06-02T18:28:55.910Z] > git cat-file -s bd054e4904c0b66e3d4b62935a001622f718e0c0 [1ms]
[2023-06-02T18:28:55.954Z] > git show --textconv :src/router.cc [2ms]
[2023-06-02T18:31:54.992Z] > git fetch [327ms]
[2023-06-02T18:31:55.000Z] > git status -z -uall [2ms]
[2023-06-02T18:31:55.007Z] > git symbolic-ref --short HEAD [1ms]
[2023-06-02T18:31:55.014Z] > git for-each-ref --format=%(refname)%00%(upstream:short)%00%(objectname)%00%(upstream:track)%00%(upstream:remotename)%00%(upstream:remoteref) refs/heads/main refs/remotes/main [2ms]
[2023-06-02T18:31:55.024Z] > git for-each-ref --sort -committerdate --format %(refname) %(objectname) %(*objectname) [5ms]
[2023-06-02T18:31:55.024Z] > git remote --verbose [1ms]
[2023-06-02T18:31:55.031Z] > git config --get commit.template [1ms]
[2023-06-02T18:31:56.129Z] > git status -z -uall [2ms]
[2023-06-02T18:31:56.135Z] > git symbolic-ref --short HEAD [1ms]
[2023-06-02T18:31:56.142Z] > git for-each-ref --format=%(refname)%00%(upstream:short)%00%(objectname)%00%(upstream:track)%00%(upstream:remotename)%00%(upstream:remoteref) refs/heads/main refs/remotes/main [2ms]
[2023-06-02T18:31:56.153Z] > git for-each-ref --sort -committerdate --format %(refname) %(objectname) %(*objectname) [6ms]
[2023-06-02T18:31:56.153Z] > git remote --verbose [1ms]
[2023-06-02T18:31:56.164Z] > git config --get commit.template [2ms]
[2023-06-02T18:31:56.266Z] > git ls-files --stage -- /home/kaiykato/minnow/src/router.cc [1ms]
[2023-06-02T18:31:56.272Z] > git cat-file -s bd054e4904c0b66e3d4b62935a001622f718e0c0 [2ms]
[2023-06-02T18:31:56.318Z] > git show --textconv :src/router.cc [2ms]
[2023-06-02T18:34:57.585Z] > git fetch [304ms]
[2023-06-02T18:34:57.593Z] > git status -z -uall [2ms]
[2023-06-02T18:34:57.600Z] > git symbolic-ref --short HEAD [1ms]
[2023-06-02T18:34:57.607Z] > git for-each-ref --format=%(refname)%00%(upstream:short)%00%(objectname)%00%(upstream:track)%00%(upstream:remotename)%00%(upstream:remoteref) refs/heads/main refs/remotes/main [2ms]
[2023-06-02T18:34:57.618Z] > git for-each-ref --sort -committerdate --format %(refname) %(objectname) %(*objectname) [6ms]
[2023-06-02T18:34:57.618Z] > git remote --verbose [1ms]
[2023-06-02T18:34:57.626Z] > git config --get commit.template [1ms]
[2023-06-02T18:34:58.735Z] > git status -z -uall [3ms]
[2023-06-02T18:34:58.742Z] > git symbolic-ref --short HEAD [2ms]
[2023-06-02T18:34:58.748Z] > git for-each-ref --format=%(refname)%00%(upstream:short)%00%(objectname)%00%(upstream:track)%00%(upstream:remotename)%00%(upstream:remoteref) refs/heads/main refs/remotes/main [2ms]
[2023-06-02T18:34:58.758Z] > git for-each-ref --sort -committerdate --format %(refname) %(objectname) %(*objectname) [6ms]
[2023-06-02T18:34:58.758Z] > git remote --verbose [1ms]
[2023-06-02T18:34:58.764Z] > git config --get commit.template [1ms]
[2023-06-02T18:34:58.874Z] > git ls-files --stage -- /home/kaiykato/minnow/src/router.cc [1ms]
[2023-06-02T18:34:58.880Z] > git cat-file -s bd054e4904c0b66e3d4b62935a001622f718e0c0 [1ms]
[2023-06-02T18:34:58.927Z] > git show --textconv :src/router.cc [1ms]
[2023-06-02T18:37:57.957Z] > git fetch [324ms]
[2023-06-02T18:37:57.964Z] > git status -z -uall [1ms]
[2023-06-02T18:37:57.971Z] > git symbolic-ref --short HEAD [2ms]
[2023-06-02T18:37:57.977Z] > git for-each-ref --format=%(refname)%00%(upstream:short)%00%(objectname)%00%(upstream:track)%00%(upstream:remotename)%00%(upstream:remoteref) refs/heads/main refs/remotes/main [2ms]
[2023-06-02T18:37:57.987Z] > git for-each-ref --sort -committerdate --format %(refname) %(objectname) %(*objectname) [5ms]
[2023-06-02T18:37:57.988Z] > git remote --verbose [2ms]
[2023-06-02T18:37:57.994Z] > git config --get commit.template [1ms]
[2023-06-02T18:37:59.113Z] > git status -z -uall [2ms]
[2023-06-02T18:37:59.119Z] > git symbolic-ref --short HEAD [1ms]
[2023-06-02T18:37:59.126Z] > git for-each-ref --format=%(refname)%00%(upstream:short)%00%(objectname)%00%(upstream:track)%00%(upstream:remotename)%00%(upstream:remoteref) refs/heads/main refs/remotes/main [2ms]
[2023-06-02T18:37:59.136Z] > git for-each-ref --sort -committerdate --format %(refname) %(objectname) %(*objectname) [5ms]
[2023-06-02T18:37:59.136Z] > git remote --verbose [1ms]
[2023-06-02T18:37:59.145Z] > git config --get commit.template [1ms]
[2023-06-02T18:37:59.249Z] > git ls-files --stage -- /home/kaiykato/minnow/src/router.cc [2ms]
[2023-06-02T18:37:59.254Z] > git cat-file -s bd054e4904c0b66e3d4b62935a001622f718e0c0 [1ms]
[2023-06-02T18:37:59.298Z] > git show --textconv :src/router.cc [2ms]
[2023-06-02T18:41:12.276Z] > git fetch [324ms]
[2023-06-02T18:41:12.284Z] > git status -z -uall [2ms]
[2023-06-02T18:41:12.291Z] > git symbolic-ref --short HEAD [2ms]
[2023-06-02T18:41:12.298Z] > git for-each-ref --format=%(refname)%00%(upstream:short)%00%(objectname)%00%(upstream:track)%00%(upstream:remotename)%00%(upstream:remoteref) refs/heads/main refs/remotes/main [2ms]
[2023-06-02T18:41:12.308Z] > git for-each-ref --sort -committerdate --format %(refname) %(objectname) %(*objectname) [5ms]
[2023-06-02T18:41:12.309Z] > git remote --verbose [2ms]
[2023-06-02T18:41:12.315Z] > git config --get commit.template [1ms]
[2023-06-02T18:41:13.413Z] > git status -z -uall [2ms]
[2023-06-02T18:41:13.419Z] > git symbolic-ref --short HEAD [1ms]
[2023-06-02T18:41:13.425Z] > git for-each-ref --format=%(refname)%00%(upstream:short)%00%(objectname)%00%(upstream:track)%00%(upstream:remotename)%00%(upstream:remoteref) refs/heads/main refs/remotes/main [2ms]
[2023-06-02T18:41:13.436Z] > git for-each-ref --sort -committerdate --format %(refname) %(objectname) %(*objectname) [6ms]
[2023-06-02T18:41:13.436Z] > git remote --verbose [1ms]
[2023-06-02T18:41:13.443Z] > git config --get commit.template [0ms]
[2023-06-02T18:41:13.548Z] > git ls-files --stage -- /home/kaiykato/minnow/src/router.cc [1ms]
[2023-06-02T18:41:13.554Z] > git cat-file -s bd054e4904c0b66e3d4b62935a001622f718e0c0 [1ms]
[2023-06-02T18:41:13.601Z] > git show --textconv :src/router.cc [2ms]
[2023-06-02T18:44:22.286Z] > git fetch [316ms]
[2023-06-02T18:44:22.294Z] > git status -z -uall [2ms]
[2023-06-02T18:44:22.300Z] > git symbolic-ref --short HEAD [1ms]
[2023-06-02T18:44:22.308Z] > git for-each-ref --format=%(refname)%00%(upstream:short)%00%(objectname)%00%(upstream:track)%00%(upstream:remotename)%00%(upstream:remoteref) refs/heads/main refs/remotes/main [2ms]
[2023-06-02T18:44:22.318Z] > git for-each-ref --sort -committerdate --format %(refname) %(objectname) %(*objectname) [6ms]
[2023-06-02T18:44:22.318Z] > git remote --verbose [1ms]
[2023-06-02T18:44:22.325Z] > git config --get commit.template [1ms]
[2023-06-02T18:44:23.424Z] > git status -z -uall [2ms]
[2023-06-02T18:44:23.430Z] > git symbolic-ref --short HEAD [1ms]
[2023-06-02T18:44:23.437Z] > git for-each-ref --format=%(refname)%00%(upstream:short)%00%(objectname)%00%(upstream:track)%00%(upstream:remotename)%00%(upstream:remoteref) refs/heads/main refs/remotes/main [2ms]
[2023-06-02T18:44:23.447Z] > git for-each-ref --sort -committerdate --format %(refname) %(objectname) %(*objectname) [5ms]
[2023-06-02T18:44:23.448Z] > git remote --verbose [1ms]
[2023-06-02T18:44:23.456Z] > git config --get commit.template [1ms]
[2023-06-02T18:44:23.564Z] > git ls-files --stage -- /home/kaiykato/minnow/src/router.cc [1ms]
[2023-06-02T18:44:23.571Z] > git cat-file -s bd054e4904c0b66e3d4b62935a001622f718e0c0 [1ms]
[2023-06-02T18:44:23.615Z] > git show --textconv :src/router.cc [2ms]
[2023-06-02T18:49:50.603Z] > git ls-files --stage -- /home/kaiykato/minnow/src/router.cc [1ms]
[2023-06-02T18:49:50.610Z] > git cat-file -s bd054e4904c0b66e3d4b62935a001622f718e0c0 [2ms]
[2023-06-02T18:49:50.615Z] > git fetch [1324ms]
[2023-06-02T18:49:50.622Z] > git status -z -uall [2ms]
[2023-06-02T18:49:50.628Z] > git symbolic-ref --short HEAD [1ms]
[2023-06-02T18:49:50.635Z] > git for-each-ref --format=%(refname)%00%(upstream:short)%00%(objectname)%00%(upstream:track)%00%(upstream:remotename)%00%(upstream:remoteref) refs/heads/main refs/remotes/main [2ms]
[2023-06-02T18:49:50.645Z] > git for-each-ref --sort -committerdate --format %(refname) %(objectname) %(*objectname) [5ms]
[2023-06-02T18:49:50.646Z] > git remote --verbose [2ms]
[2023-06-02T18:49:50.657Z] > git config --get commit.template [5ms]
[2023-06-02T18:49:50.659Z] > git show --textconv :src/router.cc [2ms]
[2023-06-02T18:50:02.705Z] > git status -z -uall [2ms]
[2023-06-02T18:50:02.712Z] > git symbolic-ref --short HEAD [1ms]
[2023-06-02T18:50:02.719Z] > git for-each-ref --format=%(refname)%00%(upstream:short)%00%(objectname)%00%(upstream:track)%00%(upstream:remotename)%00%(upstream:remoteref) refs/heads/main refs/remotes/main [3ms]
[2023-06-02T18:50:02.730Z] > git for-each-ref --sort -committerdate --format %(refname) %(objectname) %(*objectname) [6ms]
[2023-06-02T18:50:02.731Z] > git remote --verbose [2ms]
[2023-06-02T18:50:02.745Z] > git config --get commit.template [6ms]
[2023-06-02T18:50:02.747Z] > git ls-files --stage -- /home/kaiykato/minnow/src/router.cc [2ms]
[2023-06-02T18:50:02.752Z] > git cat-file -s bd054e4904c0b66e3d4b62935a001622f718e0c0 [1ms]
[2023-06-02T18:50:02.796Z] > git show --textconv :src/router.cc [2ms]
