[2023-06-02 04:32:03.286] [exthost] [info] Extension host with pid 1245 started
[2023-06-02 04:32:03.290] [exthost] [error] Error: EEXIST: file already exists, open '/home/kaiykato/.vscode-server/data/User/workspaceStorage/a8dc12e4dbef568f8e4fca6b3b664a67/vscode.lock'
[2023-06-02 04:32:03.296] [exthost] [info] Lock '/home/kaiykato/.vscode-server/data/User/workspaceStorage/a8dc12e4dbef568f8e4fca6b3b664a67/vscode.lock': Could not acquire lock, checking if the file is stale.
[2023-06-02 04:32:03.297] [exthost] [info] Lock '/home/kaiykato/.vscode-server/data/User/workspaceStorage/a8dc12e4dbef568f8e4fca6b3b664a67/vscode.lock': The pid 1328 appears to be gone.
[2023-06-02 04:32:03.297] [exthost] [info] Lock '/home/kaiykato/.vscode-server/data/User/workspaceStorage/a8dc12e4dbef568f8e4fca6b3b664a67/vscode.lock': Deleting a stale lock.
[2023-06-02 04:32:03.302] [exthost] [info] Lock '/home/kaiykato/.vscode-server/data/User/workspaceStorage/a8dc12e4dbef568f8e4fca6b3b664a67/vscode.lock': Lock acquired.
[2023-06-02 04:32:03.458] [exthost] [info] ExtensionService#_doActivateExtension vscode.extension-editing, startup: false, activationEvent: 'onLanguage:markdown'
[2023-06-02 04:32:03.477] [exthost] [info] ExtensionService#_doActivateExtension vscode.markdown-language-features, startup: false, activationEvent: 'onLanguage:markdown'
[2023-06-02 04:32:03.533] [exthost] [info] ExtensionService#_doActivateExtension vscode.debug-auto-launch, startup: true, activationEvent: '*'
[2023-06-02 04:32:03.542] [exthost] [info] ExtensionService#_doActivateExtension vscode.git-base, startup: true, activationEvent: '*', root cause: vscode.git
[2023-06-02 04:32:03.547] [exthost] [info] ExtensionService#_doActivateExtension vscode.ipynb, startup: true, activationEvent: '*'
[2023-06-02 04:32:03.562] [exthost] [info] ExtensionService#_doActivateExtension ms-vscode.cpptools, startup: true, activationEvent: 'workspaceContains:/.vscode/c_cpp_properties.json'
[2023-06-02 04:32:03.963] [exthost] [info] ExtensionService#_doActivateExtension vscode.git, startup: true, activationEvent: '*'
[2023-06-02 04:32:04.017] [exthost] [info] ExtensionService#_doActivateExtension vscode.github, startup: true, activationEvent: '*'
[2023-06-02 04:32:04.213] [exthost] [info] ExtensionService#_doActivateExtension vscode.markdown-math, startup: false, activationEvent: 'api', root cause: vscode.markdown-language-features
[2023-06-02 04:32:04.669] [exthost] [info] ExtensionService#_doActivateExtension vscode.configuration-editing, startup: false, activationEvent: 'onLanguage:json'
[2023-06-02 04:32:04.677] [exthost] [info] ExtensionService#_doActivateExtension vscode.json-language-features, startup: false, activationEvent: 'onLanguage:json'
[2023-06-02 04:32:04.736] [exthost] [info] ExtensionService#_doActivateExtension vscode.npm, startup: false, activationEvent: 'onLanguage:json'
[2023-06-02 04:32:04.774] [exthost] [info] ExtensionService#_doActivateExtension vscode.emmet, startup: false, activationEvent: 'onStartupFinished'
[2023-06-02 04:32:04.789] [exthost] [info] ExtensionService#_doActivateExtension vscode.merge-conflict, startup: false, activationEvent: 'onStartupFinished'
[2023-06-02 04:32:04.793] [exthost] [info] Eager extensions activated
[2023-06-02 04:32:04.846] [exthost] [info] ExtensionService#_doActivateExtension vscode.typescript-language-features, startup: false, activationEvent: 'onLanguage:jsonc'
[2023-06-02 10:45:25.765] [exthost] [info] Extension host terminating: renderer disconnected for too long (1)
[2023-06-02 10:45:25.766] [exthost] [info] Lock '/home/kaiykato/.vscode-server/data/User/workspaceStorage/a8dc12e4dbef568f8e4fca6b3b664a67/vscode.lock': Marking the lockfile as scheduled to be released in 6000 ms.
[2023-06-02 10:45:25.777] [exthost] [info] Extension host with pid 1245 exiting with code 0
