[2023-05-21T00:07:14.961Z] Validating found git in: git
[2023-05-21T00:07:15.039Z] Using git 2.37.2 from git
[2023-05-21T00:07:15.093Z] > git rev-parse --show-toplevel [40ms]
[2023-05-21T00:07:15.093Z] fatal: not a git repository (or any of the parent directories): .git
[2023-05-21T00:07:15.139Z] > git rev-parse --show-toplevel [34ms]
[2023-05-21T00:07:15.198Z] > git rev-parse --git-dir --git-common-dir [41ms]
[2023-05-21T00:07:15.243Z] Open repository: /home/kaiykato/minnow
[2023-05-21T00:07:15.289Z] > git status -z -uall [24ms]
[2023-05-21T00:07:15.301Z] > git rev-parse --show-toplevel [19ms]
[2023-05-21T00:07:15.301Z] fatal: not a git repository (or any of the parent directories): .git
[2023-05-21T00:07:15.312Z] > git rev-parse --show-toplevel [3ms]
[2023-05-21T00:07:15.312Z] fatal: not a git repository (or any of the parent directories): .git
[2023-05-21T00:07:15.320Z] > git symbolic-ref --short HEAD [21ms]
[2023-05-21T00:07:15.332Z] > git rev-parse --show-toplevel [12ms]
[2023-05-21T00:07:15.332Z] fatal: not a git repository (or any of the parent directories): .git
[2023-05-21T00:07:15.342Z] > git rev-parse --show-toplevel [5ms]
[2023-05-21T00:07:15.342Z] fatal: not a git repository (or any of the parent directories): .git
[2023-05-21T00:07:15.351Z] > git rev-parse --show-toplevel [5ms]
[2023-05-21T00:07:15.351Z] fatal: not a git repository (or any of the parent directories): .git
[2023-05-21T00:07:15.363Z] > git for-each-ref --format=%(refname)%00%(upstream:short)%00%(objectname)%00%(upstream:track)%00%(upstream:remotename)%00%(upstream:remoteref) refs/heads/main refs/remotes/main [37ms]
[2023-05-21T00:07:15.387Z] > git rev-parse --show-toplevel [29ms]
[2023-05-21T00:07:15.387Z] fatal: not a git repository (or any of the parent directories): .git
[2023-05-21T00:07:15.399Z] > git rev-parse --show-toplevel [3ms]
[2023-05-21T00:07:15.399Z] fatal: not a git repository (or any of the parent directories): .git
[2023-05-21T00:07:15.400Z] > git remote --verbose [17ms]
[2023-05-21T00:07:15.400Z] > git for-each-ref --sort -committerdate --format %(refname) %(objectname) %(*objectname) [28ms]
[2023-05-21T00:07:15.416Z] > git config --get commit.template [2ms]
[2023-05-21T00:07:15.821Z] > git fetch [565ms]
[2023-05-21T00:07:15.821Z] From https://github.com/cs144/minnow
 * [new branch]      check5-startercode -> origin/check5-startercode
[2023-05-21T00:07:15.880Z] > git status -z -uall [20ms]
[2023-05-21T00:07:15.902Z] > git symbolic-ref --short HEAD [7ms]
[2023-05-21T00:07:15.917Z] > git for-each-ref --format=%(refname)%00%(upstream:short)%00%(objectname)%00%(upstream:track)%00%(upstream:remotename)%00%(upstream:remoteref) refs/heads/main refs/remotes/main [8ms]
[2023-05-21T00:07:15.940Z] > git remote --verbose [9ms]
[2023-05-21T00:07:15.940Z] > git for-each-ref --sort -committerdate --format %(refname) %(objectname) %(*objectname) [15ms]
[2023-05-21T00:07:15.952Z] > git check-ignore -v -z --stdin [14ms]
[2023-05-21T00:07:16.133Z] > git config --get commit.template [181ms]
[2023-05-21T00:07:16.174Z] > git log --format=%H%n%aN%n%aE%n%at%n%ct%n%P%n%B -z -n21 -- /home/kaiykato/minnow/src/network_interface.cc [20ms]
[2023-05-21T00:07:16.734Z] > git show --textconv :src/network_interface.cc [164ms]
[2023-05-21T00:07:16.734Z] > git show --textconv :src/network_interface.hh [139ms]
[2023-05-21T00:07:16.734Z] > git ls-files --stage -- /home/kaiykato/minnow/src/network_interface.hh [114ms]
[2023-05-21T00:07:16.742Z] > git ls-files --stage -- /home/kaiykato/minnow/src/network_interface.cc [134ms]
[2023-05-21T00:07:16.756Z] > git cat-file -s f486e03078d92ad8569ee9d4a1364bf3ebb0cb70 [15ms]
[2023-05-21T00:07:16.761Z] > git cat-file -s 6474cae8085e84ecfc6ffbb1467db8648aed0f66 [12ms]
[2023-05-21T00:07:17.056Z] > git rev-list --count 2c70fa0a08c5a16f16449c37832c211d030b82ab.. -- /home/kaiykato/minnow/src/network_interface.cc [10ms]
[2023-05-21T00:07:17.069Z] > git log --format=%H%n%aN%n%aE%n%at%n%ct%n%P%n%B -z -n4 -- /home/kaiykato/minnow/src/network_interface.cc [6ms]
[2023-05-21T00:07:17.181Z] > git status -z -uall [3ms]
[2023-05-21T00:07:17.230Z] > git symbolic-ref --short HEAD [22ms]
[2023-05-21T00:07:17.296Z] > git for-each-ref --format=%(refname)%00%(upstream:short)%00%(objectname)%00%(upstream:track)%00%(upstream:remotename)%00%(upstream:remoteref) refs/heads/main refs/remotes/main [53ms]
[2023-05-21T00:07:17.329Z] > git for-each-ref --sort -committerdate --format %(refname) %(objectname) %(*objectname) [15ms]
[2023-05-21T00:07:17.341Z] > git remote --verbose [16ms]
[2023-05-21T00:07:17.367Z] > git config --get commit.template [1ms]
[2023-05-21T00:07:17.555Z] > git rev-parse --show-toplevel [29ms]
[2023-05-21T00:07:17.555Z] fatal: not a git repository (or any of the parent directories): .git
[2023-05-21T00:07:17.620Z] > git rev-parse --show-toplevel [13ms]
[2023-05-21T00:07:17.620Z] fatal: not a git repository (or any of the parent directories): .git
[2023-05-21T00:07:17.650Z] > git ls-files --stage -- /home/kaiykato/minnow/src/network_interface.cc [10ms]
[2023-05-21T00:07:17.658Z] > git rev-parse --show-toplevel [29ms]
[2023-05-21T00:07:17.658Z] fatal: not a git repository (or any of the parent directories): .git
[2023-05-21T00:07:17.658Z] > git ls-files --stage -- /home/kaiykato/minnow/src/network_interface.hh [10ms]
[2023-05-21T00:07:17.667Z] > git cat-file -s 6474cae8085e84ecfc6ffbb1467db8648aed0f66 [10ms]
[2023-05-21T00:07:17.671Z] > git cat-file -s f486e03078d92ad8569ee9d4a1364bf3ebb0cb70 [5ms]
[2023-05-21T00:07:17.820Z] > git show --textconv :src/network_interface.cc [37ms]
[2023-05-21T00:07:17.825Z] > git show --textconv :src/network_interface.hh [6ms]
[2023-05-21T00:07:18.112Z] > git rev-list --count 2c70fa0a08c5a16f16449c37832c211d030b82ab.. -- /home/kaiykato/minnow/src/network_interface.cc [74ms]
[2023-05-21T00:07:18.146Z] > git log --format=%H%n%aN%n%aE%n%at%n%ct%n%P%n%B -z -n4 -- /home/kaiykato/minnow/src/network_interface.cc [23ms]
[2023-05-21T00:07:22.384Z] > git status -z -uall [8ms]
[2023-05-21T00:07:22.391Z] > git symbolic-ref --short HEAD [2ms]
[2023-05-21T00:07:22.398Z] > git for-each-ref --format=%(refname)%00%(upstream:short)%00%(objectname)%00%(upstream:track)%00%(upstream:remotename)%00%(upstream:remoteref) refs/heads/main refs/remotes/main [2ms]
[2023-05-21T00:07:22.409Z] > git for-each-ref --sort -committerdate --format %(refname) %(objectname) %(*objectname) [7ms]
[2023-05-21T00:07:22.409Z] > git remote --verbose [1ms]
[2023-05-21T00:07:22.416Z] > git config --get commit.template [1ms]
[2023-05-21T00:07:22.967Z] > git rev-list --count 2c70fa0a08c5a16f16449c37832c211d030b82ab.. -- /home/kaiykato/minnow/src/network_interface.cc [1ms]
[2023-05-21T00:07:22.975Z] > git log --format=%H%n%aN%n%aE%n%at%n%ct%n%P%n%B -z -n4 -- /home/kaiykato/minnow/src/network_interface.cc [3ms]
[2023-05-21T00:08:51.779Z] > git status -z -uall [5ms]
[2023-05-21T00:08:51.789Z] > git symbolic-ref --short HEAD [2ms]
[2023-05-21T00:08:51.800Z] > git for-each-ref --format=%(refname)%00%(upstream:short)%00%(objectname)%00%(upstream:track)%00%(upstream:remotename)%00%(upstream:remoteref) refs/heads/main refs/remotes/main [3ms]
[2023-05-21T00:08:51.817Z] > git for-each-ref --sort -committerdate --format %(refname) %(objectname) %(*objectname) [10ms]
[2023-05-21T00:08:51.819Z] > git remote --verbose [3ms]
[2023-05-21T00:08:51.833Z] > git config --get commit.template [2ms]
[2023-05-21T00:09:44.972Z] > git status -z -uall [3ms]
[2023-05-21T00:09:44.978Z] > git symbolic-ref --short HEAD [1ms]
[2023-05-21T00:09:44.985Z] > git for-each-ref --format=%(refname)%00%(upstream:short)%00%(objectname)%00%(upstream:track)%00%(upstream:remotename)%00%(upstream:remoteref) refs/heads/main refs/remotes/main [1ms]
[2023-05-21T00:09:44.996Z] > git for-each-ref --sort -committerdate --format %(refname) %(objectname) %(*objectname) [6ms]
[2023-05-21T00:09:44.997Z] > git remote --verbose [2ms]
[2023-05-21T00:09:45.004Z] > git config --get commit.template [1ms]
[2023-05-21T00:10:14.069Z] > git rev-list --count 2c70fa0a08c5a16f16449c37832c211d030b82ab.. -- /home/kaiykato/minnow/src/network_interface.cc [2ms]
[2023-05-21T00:10:14.079Z] > git log --format=%H%n%aN%n%aE%n%at%n%ct%n%P%n%B -z -n4 -- /home/kaiykato/minnow/src/network_interface.cc [3ms]
[2023-05-21T00:10:14.231Z] > git status -z -uall [2ms]
[2023-05-21T00:10:14.238Z] > git symbolic-ref --short HEAD [2ms]
[2023-05-21T00:10:14.245Z] > git for-each-ref --format=%(refname)%00%(upstream:short)%00%(objectname)%00%(upstream:track)%00%(upstream:remotename)%00%(upstream:remoteref) refs/heads/main refs/remotes/main [2ms]
[2023-05-21T00:10:14.258Z] > git for-each-ref --sort -committerdate --format %(refname) %(objectname) %(*objectname) [7ms]
[2023-05-21T00:10:14.258Z] > git remote --verbose [2ms]
[2023-05-21T00:10:14.266Z] > git config --get commit.template [1ms]
[2023-05-21T00:10:14.609Z] > git check-ignore -v -z --stdin [2ms]
[2023-05-21T00:10:14.804Z] > git rev-list --count 2c70fa0a08c5a16f16449c37832c211d030b82ab.. -- /home/kaiykato/minnow/src/network_interface.cc [2ms]
[2023-05-21T00:10:14.813Z] > git log --format=%H%n%aN%n%aE%n%at%n%ct%n%P%n%B -z -n4 -- /home/kaiykato/minnow/src/network_interface.cc [3ms]
[2023-05-21T00:10:16.420Z] > git fetch [279ms]
[2023-05-21T00:10:16.428Z] > git status -z -uall [2ms]
[2023-05-21T00:10:16.435Z] > git symbolic-ref --short HEAD [1ms]
[2023-05-21T00:10:16.441Z] > git for-each-ref --format=%(refname)%00%(upstream:short)%00%(objectname)%00%(upstream:track)%00%(upstream:remotename)%00%(upstream:remoteref) refs/heads/main refs/remotes/main [1ms]
[2023-05-21T00:10:16.457Z] > git remote --verbose [6ms]
[2023-05-21T00:10:16.458Z] > git for-each-ref --sort -committerdate --format %(refname) %(objectname) %(*objectname) [12ms]
[2023-05-21T00:10:16.466Z] > git check-ignore -v -z --stdin [9ms]
[2023-05-21T00:10:16.467Z] > git config --get commit.template [2ms]
[2023-05-21T00:10:17.099Z] > git rev-list --count 2c70fa0a08c5a16f16449c37832c211d030b82ab.. -- /home/kaiykato/minnow/src/network_interface.cc [2ms]
[2023-05-21T00:10:17.109Z] > git log --format=%H%n%aN%n%aE%n%at%n%ct%n%P%n%B -z -n4 -- /home/kaiykato/minnow/src/network_interface.cc [3ms]
[2023-05-21T00:10:17.704Z] > git ls-files --stage -- /home/kaiykato/minnow/src/network_interface.cc [7ms]
[2023-05-21T00:10:17.710Z] > git ls-files --stage -- /home/kaiykato/minnow/src/network_interface.hh [7ms]
[2023-05-21T00:10:17.715Z] > git cat-file -s 6474cae8085e84ecfc6ffbb1467db8648aed0f66 [6ms]
[2023-05-21T00:10:17.716Z] > git cat-file -s f486e03078d92ad8569ee9d4a1364bf3ebb0cb70 [1ms]
[2023-05-21T00:10:17.765Z] > git show --textconv :src/network_interface.cc [7ms]
[2023-05-21T00:10:17.766Z] > git show --textconv :src/network_interface.hh [1ms]
[2023-05-21T00:10:19.277Z] > git status -z -uall [2ms]
[2023-05-21T00:10:19.285Z] > git symbolic-ref --short HEAD [1ms]
[2023-05-21T00:10:19.292Z] > git for-each-ref --format=%(refname)%00%(upstream:short)%00%(objectname)%00%(upstream:track)%00%(upstream:remotename)%00%(upstream:remoteref) refs/heads/main refs/remotes/main [2ms]
[2023-05-21T00:10:19.304Z] > git for-each-ref --sort -committerdate --format %(refname) %(objectname) %(*objectname) [6ms]
[2023-05-21T00:10:19.304Z] > git remote --verbose [2ms]
[2023-05-21T00:10:19.311Z] > git config --get commit.template [1ms]
[2023-05-21T00:10:19.660Z] > git log --format=%H%n%aN%n%aE%n%at%n%ct%n%P%n%B -z -n21 -- /home/kaiykato/minnow/src/tcp_receiver.cc [29ms]
[2023-05-21T00:10:19.856Z] > git show --textconv :src/tcp_receiver.cc [10ms]
[2023-05-21T00:10:19.860Z] > git ls-files --stage -- /home/kaiykato/minnow/src/tcp_receiver.cc [4ms]
[2023-05-21T00:10:19.870Z] > git cat-file -s 2675877d88712152c8448a500e4c08d381e9326b [2ms]
[2023-05-21T00:10:19.891Z] > git rev-list --count b7470c1e413e0070197709f94aea5d35ebef4843.. -- /home/kaiykato/minnow/src/tcp_receiver.cc [4ms]
[2023-05-21T00:10:19.906Z] > git log --format=%H%n%aN%n%aE%n%at%n%ct%n%P%n%B -z -n5 -- /home/kaiykato/minnow/src/tcp_receiver.cc [5ms]
[2023-05-21T00:10:23.829Z] > git log --format=%H%n%aN%n%aE%n%at%n%ct%n%P%n%B -z -n21 -- /home/kaiykato/minnow/src/reassembler.hh [15ms]
[2023-05-21T00:10:24.091Z] > git show --textconv :src/reassembler.hh [9ms]
[2023-05-21T00:10:24.094Z] > git ls-files --stage -- /home/kaiykato/minnow/src/reassembler.hh [3ms]
[2023-05-21T00:10:24.103Z] > git cat-file -s 8ccfc02b4e351ef2a432fe62ee00424f92239269 [2ms]
[2023-05-21T00:10:27.141Z] > git log --format=%H%n%aN%n%aE%n%at%n%ct%n%P%n%B -z -n21 -- /home/kaiykato/minnow/src/reassembler.cc [7ms]
[2023-05-21T00:10:27.386Z] > git show --textconv :src/reassembler.cc [10ms]
[2023-05-21T00:10:27.390Z] > git ls-files --stage -- /home/kaiykato/minnow/src/reassembler.cc [4ms]
[2023-05-21T00:10:27.399Z] > git cat-file -s 4082fe78061da46c225dd360633c957c06efb5cb [2ms]
[2023-05-21T00:10:31.844Z] > git log --format=%H%n%aN%n%aE%n%at%n%ct%n%P%n%B -z -n21 -- /home/kaiykato/minnow/src/tcp_receiver.cc [5ms]
[2023-05-21T00:10:32.117Z] > git show --textconv :src/tcp_receiver.cc [11ms]
[2023-05-21T00:10:32.121Z] > git ls-files --stage -- /home/kaiykato/minnow/src/tcp_receiver.cc [4ms]
[2023-05-21T00:10:32.131Z] > git cat-file -s 2675877d88712152c8448a500e4c08d381e9326b [3ms]
[2023-05-21T00:10:38.668Z] > git log --format=%H%n%aN%n%aE%n%at%n%ct%n%P%n%B -z -n21 -- /home/kaiykato/minnow/src/reassembler.cc [7ms]
[2023-05-21T00:10:38.885Z] > git show --textconv :src/reassembler.cc [9ms]
[2023-05-21T00:10:38.889Z] > git ls-files --stage -- /home/kaiykato/minnow/src/reassembler.cc [4ms]
[2023-05-21T00:10:38.902Z] > git cat-file -s 4082fe78061da46c225dd360633c957c06efb5cb [2ms]
[2023-05-21T00:10:53.473Z] > git log --format=%H%n%aN%n%aE%n%at%n%ct%n%P%n%B -z -n21 -- /home/kaiykato/minnow/src/reassembler.hh [7ms]
[2023-05-21T00:10:53.808Z] > git show --textconv :src/reassembler.hh [14ms]
[2023-05-21T00:10:53.811Z] > git ls-files --stage -- /home/kaiykato/minnow/src/reassembler.hh [4ms]
[2023-05-21T00:10:53.821Z] > git cat-file -s 8ccfc02b4e351ef2a432fe62ee00424f92239269 [2ms]
[2023-05-21T00:10:56.064Z] > git log --format=%H%n%aN%n%aE%n%at%n%ct%n%P%n%B -z -n21 -- /home/kaiykato/minnow/src/tcp_receiver.cc [4ms]
[2023-05-21T00:10:56.300Z] > git show --textconv :src/tcp_receiver.cc [9ms]
[2023-05-21T00:10:56.304Z] > git ls-files --stage -- /home/kaiykato/minnow/src/tcp_receiver.cc [4ms]
[2023-05-21T00:10:56.312Z] > git cat-file -s 2675877d88712152c8448a500e4c08d381e9326b [2ms]
[2023-05-21T00:13:16.743Z] > git fetch [269ms]
[2023-05-21T00:13:16.751Z] > git status -z -uall [2ms]
[2023-05-21T00:13:16.757Z] > git symbolic-ref --short HEAD [1ms]
[2023-05-21T00:13:16.763Z] > git for-each-ref --format=%(refname)%00%(upstream:short)%00%(objectname)%00%(upstream:track)%00%(upstream:remotename)%00%(upstream:remoteref) refs/heads/main refs/remotes/main [1ms]
[2023-05-21T00:13:16.775Z] > git for-each-ref --sort -committerdate --format %(refname) %(objectname) %(*objectname) [7ms]
[2023-05-21T00:13:16.775Z] > git remote --verbose [2ms]
[2023-05-21T00:13:16.782Z] > git config --get commit.template [1ms]
[2023-05-21T00:13:17.453Z] > git rev-list --count b7470c1e413e0070197709f94aea5d35ebef4843.. -- /home/kaiykato/minnow/src/tcp_receiver.cc [2ms]
[2023-05-21T00:13:17.463Z] > git log --format=%H%n%aN%n%aE%n%at%n%ct%n%P%n%B -z -n5 -- /home/kaiykato/minnow/src/tcp_receiver.cc [3ms]
[2023-05-21T00:13:17.879Z] > git status -z -uall [2ms]
[2023-05-21T00:13:17.885Z] > git symbolic-ref --short HEAD [1ms]
[2023-05-21T00:13:17.893Z] > git for-each-ref --format=%(refname)%00%(upstream:short)%00%(objectname)%00%(upstream:track)%00%(upstream:remotename)%00%(upstream:remoteref) refs/heads/main refs/remotes/main [1ms]
[2023-05-21T00:13:17.903Z] > git for-each-ref --sort -committerdate --format %(refname) %(objectname) %(*objectname) [6ms]
[2023-05-21T00:13:17.904Z] > git remote --verbose [1ms]
[2023-05-21T00:13:17.913Z] > git config --get commit.template [1ms]
[2023-05-21T00:13:18.023Z] > git ls-files --stage -- /home/kaiykato/minnow/src/network_interface.hh [8ms]
[2023-05-21T00:13:18.029Z] > git ls-files --stage -- /home/kaiykato/minnow/src/tcp_receiver.cc [7ms]
[2023-05-21T00:13:18.034Z] > git cat-file -s f486e03078d92ad8569ee9d4a1364bf3ebb0cb70 [6ms]
[2023-05-21T00:13:18.035Z] > git cat-file -s 2675877d88712152c8448a500e4c08d381e9326b [1ms]
[2023-05-21T00:13:18.083Z] > git show --textconv :src/network_interface.hh [6ms]
[2023-05-21T00:13:18.084Z] > git show --textconv :src/tcp_receiver.cc [2ms]
[2023-05-21T00:13:18.458Z] > git rev-list --count b7470c1e413e0070197709f94aea5d35ebef4843.. -- /home/kaiykato/minnow/src/tcp_receiver.cc [3ms]
[2023-05-21T00:13:18.466Z] > git log --format=%H%n%aN%n%aE%n%at%n%ct%n%P%n%B -z -n5 -- /home/kaiykato/minnow/src/tcp_receiver.cc [3ms]
[2023-05-21T00:13:49.810Z] > git log --format=%H%n%aN%n%aE%n%at%n%ct%n%P%n%B -z -n21 -- /home/kaiykato/minnow/src/network_interface.cc [5ms]
[2023-05-21T00:13:50.019Z] > git show --textconv :src/network_interface.cc [7ms]
[2023-05-21T00:13:50.020Z] > git ls-files --stage -- /home/kaiykato/minnow/src/network_interface.cc [2ms]
[2023-05-21T00:13:50.027Z] > git cat-file -s 6474cae8085e84ecfc6ffbb1467db8648aed0f66 [2ms]
[2023-05-21T00:13:53.996Z] > git log --format=%H%n%aN%n%aE%n%at%n%ct%n%P%n%B -z -n21 -- /home/kaiykato/minnow/src/reassembler.cc [6ms]
[2023-05-21T00:13:54.254Z] > git show --textconv :src/reassembler.cc [10ms]
[2023-05-21T00:13:54.258Z] > git ls-files --stage -- /home/kaiykato/minnow/src/reassembler.cc [4ms]
[2023-05-21T00:13:54.266Z] > git cat-file -s 4082fe78061da46c225dd360633c957c06efb5cb [2ms]
[2023-05-21T00:13:58.402Z] > git log --format=%H%n%aN%n%aE%n%at%n%ct%n%P%n%B -z -n21 -- /home/kaiykato/minnow/src/reassembler.hh [6ms]
[2023-05-21T00:13:58.644Z] > git show --textconv :src/reassembler.hh [10ms]
[2023-05-21T00:13:58.647Z] > git ls-files --stage -- /home/kaiykato/minnow/src/reassembler.hh [3ms]
[2023-05-21T00:13:58.657Z] > git cat-file -s 8ccfc02b4e351ef2a432fe62ee00424f92239269 [3ms]
[2023-05-21T00:14:24.689Z] > git log --format=%H%n%aN%n%aE%n%at%n%ct%n%P%n%B -z -n21 -- /home/kaiykato/minnow/src/tcp_receiver.cc [4ms]
[2023-05-21T00:14:24.915Z] > git show --textconv :src/tcp_receiver.cc [10ms]
[2023-05-21T00:14:24.919Z] > git ls-files --stage -- /home/kaiykato/minnow/src/tcp_receiver.cc [4ms]
[2023-05-21T00:14:24.928Z] > git cat-file -s 2675877d88712152c8448a500e4c08d381e9326b [2ms]
[2023-05-21T00:14:27.938Z] > git log --format=%H%n%aN%n%aE%n%at%n%ct%n%P%n%B -z -n21 -- /home/kaiykato/minnow/src/tcp_receiver.hh [5ms]
[2023-05-21T00:14:28.295Z] > git show --textconv :src/tcp_receiver.hh [10ms]
[2023-05-21T00:14:28.299Z] > git ls-files --stage -- /home/kaiykato/minnow/src/tcp_receiver.hh [4ms]
[2023-05-21T00:14:28.309Z] > git cat-file -s bab6d354c62cd44abbae55b89c697dc4237efa2d [3ms]
[2023-05-21T00:14:31.613Z] > git log --format=%H%n%aN%n%aE%n%at%n%ct%n%P%n%B -z -n21 -- /home/kaiykato/minnow/src/tcp_sender.cc [5ms]
[2023-05-21T00:14:31.854Z] > git show --textconv :src/tcp_sender.cc [12ms]
[2023-05-21T00:14:31.857Z] > git ls-files --stage -- /home/kaiykato/minnow/src/tcp_sender.cc [4ms]
[2023-05-21T00:14:31.868Z] > git cat-file -s 00536ce4a1568abb906229d91e0fb384bcee7107 [2ms]
[2023-05-21T00:14:40.697Z] > git log --format=%H%n%aN%n%aE%n%at%n%ct%n%P%n%B -z -n21 -- /home/kaiykato/minnow/src/tcp_sender.hh [6ms]
[2023-05-21T00:14:40.976Z] > git show --textconv :src/tcp_sender.hh [11ms]
[2023-05-21T00:14:40.979Z] > git ls-files --stage -- /home/kaiykato/minnow/src/tcp_sender.hh [5ms]
[2023-05-21T00:14:40.989Z] > git cat-file -s 9ba3a732e31e96837c2b30bb6288c27e2694a242 [3ms]
[2023-05-21T00:14:57.485Z] > git log --format=%H%n%aN%n%aE%n%at%n%ct%n%P%n%B -z -n21 -- /home/kaiykato/minnow/src/tcp_sender.cc [5ms]
[2023-05-21T00:14:57.736Z] > git show --textconv :src/tcp_sender.cc [12ms]
[2023-05-21T00:14:57.739Z] > git ls-files --stage -- /home/kaiykato/minnow/src/tcp_sender.cc [5ms]
[2023-05-21T00:14:57.748Z] > git cat-file -s 00536ce4a1568abb906229d91e0fb384bcee7107 [2ms]
[2023-05-21T00:15:01.474Z] > git log --format=%H%n%aN%n%aE%n%at%n%ct%n%P%n%B -z -n21 -- /home/kaiykato/minnow/src/network_interface.cc [3ms]
[2023-05-21T00:15:01.646Z] > git show --textconv :src/network_interface.cc [6ms]
[2023-05-21T00:15:01.647Z] > git ls-files --stage -- /home/kaiykato/minnow/src/network_interface.cc [1ms]
[2023-05-21T00:15:01.654Z] > git cat-file -s 6474cae8085e84ecfc6ffbb1467db8648aed0f66 [2ms]
[2023-05-21T00:15:20.413Z] > git log --format=%H%n%aN%n%aE%n%at%n%ct%n%P%n%B -z -n21 -- /home/kaiykato/minnow/src/network_interface.hh [3ms]
[2023-05-21T00:15:50.379Z] > git status -z -uall [4ms]
[2023-05-21T00:15:50.389Z] > git symbolic-ref --short HEAD [2ms]
[2023-05-21T00:15:50.401Z] > git for-each-ref --format=%(refname)%00%(upstream:short)%00%(objectname)%00%(upstream:track)%00%(upstream:remotename)%00%(upstream:remoteref) refs/heads/main refs/remotes/main [4ms]
[2023-05-21T00:15:50.419Z] > git for-each-ref --sort -committerdate --format %(refname) %(objectname) %(*objectname) [10ms]
[2023-05-21T00:15:50.423Z] > git remote --verbose [5ms]
[2023-05-21T00:15:50.436Z] > git config --get commit.template [3ms]
[2023-05-21T00:15:50.969Z] > git rev-list --count 2c70fa0a08c5a16f16449c37832c211d030b82ab.. -- /home/kaiykato/minnow/src/network_interface.hh [2ms]
[2023-05-21T00:15:50.979Z] > git log --format=%H%n%aN%n%aE%n%at%n%ct%n%P%n%B -z -n4 -- /home/kaiykato/minnow/src/network_interface.hh [3ms]
[2023-05-21T00:15:52.428Z] > git log --format=%H%n%aN%n%aE%n%at%n%ct%n%P%n%B -z -n21 -- /home/kaiykato/minnow/src/network_interface.cc [3ms]
[2023-05-21T00:16:17.065Z] > git fetch [275ms]
[2023-05-21T00:16:17.074Z] > git status -z -uall [2ms]
[2023-05-21T00:16:17.081Z] > git symbolic-ref --short HEAD [1ms]
[2023-05-21T00:16:17.089Z] > git for-each-ref --format=%(refname)%00%(upstream:short)%00%(objectname)%00%(upstream:track)%00%(upstream:remotename)%00%(upstream:remoteref) refs/heads/main refs/remotes/main [2ms]
[2023-05-21T00:16:17.103Z] > git for-each-ref --sort -committerdate --format %(refname) %(objectname) %(*objectname) [9ms]
[2023-05-21T00:16:17.103Z] > git remote --verbose [3ms]
[2023-05-21T00:16:17.112Z] > git config --get commit.template [2ms]
[2023-05-21T00:16:17.757Z] > git rev-list --count 2c70fa0a08c5a16f16449c37832c211d030b82ab.. -- /home/kaiykato/minnow/src/network_interface.cc [4ms]
[2023-05-21T00:16:17.770Z] > git log --format=%H%n%aN%n%aE%n%at%n%ct%n%P%n%B -z -n4 -- /home/kaiykato/minnow/src/network_interface.cc [5ms]
[2023-05-21T00:16:18.207Z] > git status -z -uall [2ms]
[2023-05-21T00:16:18.214Z] > git symbolic-ref --short HEAD [1ms]
[2023-05-21T00:16:18.222Z] > git for-each-ref --format=%(refname)%00%(upstream:short)%00%(objectname)%00%(upstream:track)%00%(upstream:remotename)%00%(upstream:remoteref) refs/heads/main refs/remotes/main [2ms]
[2023-05-21T00:16:18.234Z] > git for-each-ref --sort -committerdate --format %(refname) %(objectname) %(*objectname) [6ms]
[2023-05-21T00:16:18.234Z] > git remote --verbose [1ms]
[2023-05-21T00:16:18.242Z] > git config --get commit.template [1ms]
[2023-05-21T00:16:18.353Z] > git ls-files --stage -- /home/kaiykato/minnow/src/network_interface.hh [7ms]
[2023-05-21T00:16:18.359Z] > git ls-files --stage -- /home/kaiykato/minnow/src/network_interface.cc [7ms]
[2023-05-21T00:16:18.365Z] > git cat-file -s f486e03078d92ad8569ee9d4a1364bf3ebb0cb70 [7ms]
[2023-05-21T00:16:18.366Z] > git cat-file -s 6474cae8085e84ecfc6ffbb1467db8648aed0f66 [2ms]
[2023-05-21T00:16:18.414Z] > git show --textconv :src/network_interface.hh [7ms]
[2023-05-21T00:16:18.415Z] > git show --textconv :src/network_interface.cc [2ms]
[2023-05-21T00:16:18.785Z] > git rev-list --count 2c70fa0a08c5a16f16449c37832c211d030b82ab.. -- /home/kaiykato/minnow/src/network_interface.cc [2ms]
[2023-05-21T00:16:18.794Z] > git log --format=%H%n%aN%n%aE%n%at%n%ct%n%P%n%B -z -n4 -- /home/kaiykato/minnow/src/network_interface.cc [2ms]
[2023-05-21T00:16:23.253Z] > git status -z -uall [2ms]
[2023-05-21T00:16:23.260Z] > git symbolic-ref --short HEAD [2ms]
[2023-05-21T00:16:23.268Z] > git for-each-ref --format=%(refname)%00%(upstream:short)%00%(objectname)%00%(upstream:track)%00%(upstream:remotename)%00%(upstream:remoteref) refs/heads/main refs/remotes/main [3ms]
[2023-05-21T00:16:23.285Z] > git remote --verbose [1ms]
[2023-05-21T00:16:23.285Z] > git for-each-ref --sort -committerdate --format %(refname) %(objectname) %(*objectname) [11ms]
[2023-05-21T00:16:23.293Z] > git config --get commit.template [1ms]
[2023-05-21T00:16:34.641Z] > git status -z -uall [2ms]
[2023-05-21T00:16:34.648Z] > git symbolic-ref --short HEAD [2ms]
[2023-05-21T00:16:34.655Z] > git for-each-ref --format=%(refname)%00%(upstream:short)%00%(objectname)%00%(upstream:track)%00%(upstream:remotename)%00%(upstream:remoteref) refs/heads/main refs/remotes/main [2ms]
[2023-05-21T00:16:34.666Z] > git for-each-ref --sort -committerdate --format %(refname) %(objectname) %(*objectname) [6ms]
[2023-05-21T00:16:34.666Z] > git remote --verbose [1ms]
[2023-05-21T00:16:34.675Z] > git config --get commit.template [2ms]
[2023-05-21T00:16:55.690Z] > git status -z -uall [3ms]
[2023-05-21T00:16:55.697Z] > git symbolic-ref --short HEAD [1ms]
[2023-05-21T00:16:55.705Z] > git for-each-ref --format=%(refname)%00%(upstream:short)%00%(objectname)%00%(upstream:track)%00%(upstream:remotename)%00%(upstream:remoteref) refs/heads/main refs/remotes/main [2ms]
[2023-05-21T00:16:55.717Z] > git for-each-ref --sort -committerdate --format %(refname) %(objectname) %(*objectname) [7ms]
[2023-05-21T00:16:55.717Z] > git remote --verbose [1ms]
[2023-05-21T00:16:55.724Z] > git config --get commit.template [1ms]
[2023-05-21T00:17:09.688Z] > git status -z -uall [2ms]
[2023-05-21T00:17:09.696Z] > git symbolic-ref --short HEAD [2ms]
[2023-05-21T00:17:09.703Z] > git for-each-ref --format=%(refname)%00%(upstream:short)%00%(objectname)%00%(upstream:track)%00%(upstream:remotename)%00%(upstream:remoteref) refs/heads/main refs/remotes/main [2ms]
[2023-05-21T00:17:09.716Z] > git for-each-ref --sort -committerdate --format %(refname) %(objectname) %(*objectname) [6ms]
[2023-05-21T00:17:09.716Z] > git remote --verbose [2ms]
[2023-05-21T00:17:09.724Z] > git config --get commit.template [1ms]
[2023-05-21T00:17:32.725Z] > git status -z -uall [2ms]
[2023-05-21T00:17:32.733Z] > git symbolic-ref --short HEAD [2ms]
[2023-05-21T00:17:32.741Z] > git for-each-ref --format=%(refname)%00%(upstream:short)%00%(objectname)%00%(upstream:track)%00%(upstream:remotename)%00%(upstream:remoteref) refs/heads/main refs/remotes/main [3ms]
[2023-05-21T00:17:32.753Z] > git for-each-ref --sort -committerdate --format %(refname) %(objectname) %(*objectname) [6ms]
[2023-05-21T00:17:32.754Z] > git remote --verbose [3ms]
[2023-05-21T00:17:32.761Z] > git config --get commit.template [1ms]
[2023-05-21T00:17:37.771Z] > git status -z -uall [2ms]
[2023-05-21T00:17:37.778Z] > git symbolic-ref --short HEAD [1ms]
[2023-05-21T00:17:37.786Z] > git for-each-ref --format=%(refname)%00%(upstream:short)%00%(objectname)%00%(upstream:track)%00%(upstream:remotename)%00%(upstream:remoteref) refs/heads/main refs/remotes/main [2ms]
[2023-05-21T00:17:37.798Z] > git for-each-ref --sort -committerdate --format %(refname) %(objectname) %(*objectname) [6ms]
[2023-05-21T00:17:37.799Z] > git remote --verbose [2ms]
[2023-05-21T00:17:37.806Z] > git config --get commit.template [1ms]
[2023-05-21T00:18:18.218Z] > git status -z -uall [2ms]
[2023-05-21T00:18:18.225Z] > git symbolic-ref --short HEAD [1ms]
[2023-05-21T00:18:18.232Z] > git for-each-ref --format=%(refname)%00%(upstream:short)%00%(objectname)%00%(upstream:track)%00%(upstream:remotename)%00%(upstream:remoteref) refs/heads/main refs/remotes/main [2ms]
[2023-05-21T00:18:18.243Z] > git for-each-ref --sort -committerdate --format %(refname) %(objectname) %(*objectname) [6ms]
[2023-05-21T00:18:18.243Z] > git remote --verbose [1ms]
[2023-05-21T00:18:18.250Z] > git config --get commit.template [1ms]
[2023-05-21T00:19:17.424Z] > git fetch [303ms]
[2023-05-21T00:19:17.432Z] > git status -z -uall [1ms]
[2023-05-21T00:19:17.441Z] > git symbolic-ref --short HEAD [2ms]
[2023-05-21T00:19:17.450Z] > git for-each-ref --format=%(refname)%00%(upstream:short)%00%(objectname)%00%(upstream:track)%00%(upstream:remotename)%00%(upstream:remoteref) refs/heads/main refs/remotes/main [3ms]
[2023-05-21T00:19:17.464Z] > git for-each-ref --sort -committerdate --format %(refname) %(objectname) %(*objectname) [7ms]
[2023-05-21T00:19:17.464Z] > git remote --verbose [1ms]
[2023-05-21T00:19:17.474Z] > git config --get commit.template [2ms]
[2023-05-21T00:19:18.586Z] > git status -z -uall [2ms]
[2023-05-21T00:19:18.594Z] > git symbolic-ref --short HEAD [1ms]
[2023-05-21T00:19:18.601Z] > git for-each-ref --format=%(refname)%00%(upstream:short)%00%(objectname)%00%(upstream:track)%00%(upstream:remotename)%00%(upstream:remoteref) refs/heads/main refs/remotes/main [2ms]
[2023-05-21T00:19:18.616Z] > git for-each-ref --sort -committerdate --format %(refname) %(objectname) %(*objectname) [7ms]
[2023-05-21T00:19:18.617Z] > git remote --verbose [2ms]
[2023-05-21T00:19:18.627Z] > git config --get commit.template [2ms]
[2023-05-21T00:19:18.732Z] > git ls-files --stage -- /home/kaiykato/minnow/src/network_interface.cc [5ms]
[2023-05-21T00:19:18.738Z] > git ls-files --stage -- /home/kaiykato/minnow/src/network_interface.hh [18ms]
[2023-05-21T00:19:18.745Z] > git cat-file -s 6474cae8085e84ecfc6ffbb1467db8648aed0f66 [7ms]
[2023-05-21T00:19:18.746Z] > git cat-file -s f486e03078d92ad8569ee9d4a1364bf3ebb0cb70 [2ms]
[2023-05-21T00:19:18.795Z] > git show --textconv :src/network_interface.cc [7ms]
[2023-05-21T00:19:18.797Z] > git show --textconv :src/network_interface.hh [2ms]
[2023-05-21T00:20:25.747Z] > git status -z -uall [4ms]
[2023-05-21T00:20:25.756Z] > git symbolic-ref --short HEAD [2ms]
[2023-05-21T00:20:25.766Z] > git for-each-ref --format=%(refname)%00%(upstream:short)%00%(objectname)%00%(upstream:track)%00%(upstream:remotename)%00%(upstream:remoteref) refs/heads/main refs/remotes/main [3ms]
[2023-05-21T00:20:25.783Z] > git for-each-ref --sort -committerdate --format %(refname) %(objectname) %(*objectname) [10ms]
[2023-05-21T00:20:25.785Z] > git remote --verbose [3ms]
[2023-05-21T00:20:25.798Z] > git config --get commit.template [2ms]
[2023-05-21T00:20:40.812Z] > git status -z -uall [2ms]
[2023-05-21T00:20:40.819Z] > git symbolic-ref --short HEAD [1ms]
[2023-05-21T00:20:40.828Z] > git for-each-ref --format=%(refname)%00%(upstream:short)%00%(objectname)%00%(upstream:track)%00%(upstream:remotename)%00%(upstream:remoteref) refs/heads/main refs/remotes/main [2ms]
[2023-05-21T00:20:40.843Z] > git for-each-ref --sort -committerdate --format %(refname) %(objectname) %(*objectname) [8ms]
[2023-05-21T00:20:40.844Z] > git remote --verbose [2ms]
[2023-05-21T00:20:40.858Z] > git config --get commit.template [5ms]
[2023-05-21T00:20:49.795Z] > git status -z -uall [3ms]
[2023-05-21T00:20:49.805Z] > git symbolic-ref --short HEAD [4ms]
[2023-05-21T00:20:49.813Z] > git for-each-ref --format=%(refname)%00%(upstream:short)%00%(objectname)%00%(upstream:track)%00%(upstream:remotename)%00%(upstream:remoteref) refs/heads/main refs/remotes/main [2ms]
[2023-05-21T00:20:49.826Z] > git for-each-ref --sort -committerdate --format %(refname) %(objectname) %(*objectname) [7ms]
[2023-05-21T00:20:49.827Z] > git remote --verbose [2ms]
[2023-05-21T00:20:49.835Z] > git config --get commit.template [1ms]
[2023-05-21T00:21:43.414Z] > git status -z -uall [2ms]
[2023-05-21T00:21:43.423Z] > git symbolic-ref --short HEAD [1ms]
[2023-05-21T00:21:43.433Z] > git for-each-ref --format=%(refname)%00%(upstream:short)%00%(objectname)%00%(upstream:track)%00%(upstream:remotename)%00%(upstream:remoteref) refs/heads/main refs/remotes/main [3ms]
[2023-05-21T00:21:43.449Z] > git for-each-ref --sort -committerdate --format %(refname) %(objectname) %(*objectname) [10ms]
[2023-05-21T00:21:43.449Z] > git remote --verbose [3ms]
[2023-05-21T00:21:43.459Z] > git config --get commit.template [1ms]
[2023-05-21T00:22:17.760Z] > git fetch [276ms]
[2023-05-21T00:22:17.769Z] > git status -z -uall [2ms]
[2023-05-21T00:22:17.777Z] > git symbolic-ref --short HEAD [1ms]
[2023-05-21T00:22:17.786Z] > git for-each-ref --format=%(refname)%00%(upstream:short)%00%(objectname)%00%(upstream:track)%00%(upstream:remotename)%00%(upstream:remoteref) refs/heads/main refs/remotes/main [2ms]
[2023-05-21T00:22:17.801Z] > git for-each-ref --sort -committerdate --format %(refname) %(objectname) %(*objectname) [8ms]
[2023-05-21T00:22:17.801Z] > git remote --verbose [2ms]
[2023-05-21T00:22:17.810Z] > git config --get commit.template [1ms]
[2023-05-21T00:22:18.911Z] > git status -z -uall [2ms]
[2023-05-21T00:22:18.921Z] > git symbolic-ref --short HEAD [2ms]
[2023-05-21T00:22:18.930Z] > git for-each-ref --format=%(refname)%00%(upstream:short)%00%(objectname)%00%(upstream:track)%00%(upstream:remotename)%00%(upstream:remoteref) refs/heads/main refs/remotes/main [2ms]
[2023-05-21T00:22:18.946Z] > git for-each-ref --sort -committerdate --format %(refname) %(objectname) %(*objectname) [9ms]
[2023-05-21T00:22:18.946Z] > git remote --verbose [1ms]
[2023-05-21T00:22:18.957Z] > git config --get commit.template [2ms]
[2023-05-21T00:22:19.091Z] > git ls-files --stage -- /home/kaiykato/minnow/src/network_interface.hh [9ms]
[2023-05-21T00:22:19.099Z] > git ls-files --stage -- /home/kaiykato/minnow/src/network_interface.cc [9ms]
[2023-05-21T00:22:19.107Z] > git cat-file -s f486e03078d92ad8569ee9d4a1364bf3ebb0cb70 [9ms]
[2023-05-21T00:22:19.108Z] > git cat-file -s 6474cae8085e84ecfc6ffbb1467db8648aed0f66 [2ms]
[2023-05-21T00:22:19.176Z] > git show --textconv :src/network_interface.hh [8ms]
[2023-05-21T00:22:19.178Z] > git show --textconv :src/network_interface.cc [2ms]
[2023-05-21T00:23:21.196Z] > git status -z -uall [7ms]
[2023-05-21T00:23:21.208Z] > git symbolic-ref --short HEAD [3ms]
[2023-05-21T00:23:21.221Z] > git for-each-ref --format=%(refname)%00%(upstream:short)%00%(objectname)%00%(upstream:track)%00%(upstream:remotename)%00%(upstream:remoteref) refs/heads/main refs/remotes/main [4ms]
[2023-05-21T00:23:21.242Z] > git for-each-ref --sort -committerdate --format %(refname) %(objectname) %(*objectname) [12ms]
[2023-05-21T00:23:21.247Z] > git remote --verbose [6ms]
[2023-05-21T00:23:21.261Z] > git config --get commit.template [2ms]
[2023-05-21T00:23:47.401Z] > git status -z -uall [3ms]
[2023-05-21T00:23:47.412Z] > git symbolic-ref --short HEAD [3ms]
[2023-05-21T00:23:47.423Z] > git for-each-ref --format=%(refname)%00%(upstream:short)%00%(objectname)%00%(upstream:track)%00%(upstream:remotename)%00%(upstream:remoteref) refs/heads/main refs/remotes/main [3ms]
[2023-05-21T00:23:47.442Z] > git for-each-ref --sort -committerdate --format %(refname) %(objectname) %(*objectname) [10ms]
[2023-05-21T00:23:47.445Z] > git remote --verbose [4ms]
[2023-05-21T00:23:47.458Z] > git config --get commit.template [3ms]
[2023-05-21T00:24:21.890Z] > git status -z -uall [2ms]
[2023-05-21T00:24:21.898Z] > git symbolic-ref --short HEAD [1ms]
[2023-05-21T00:24:21.907Z] > git for-each-ref --format=%(refname)%00%(upstream:short)%00%(objectname)%00%(upstream:track)%00%(upstream:remotename)%00%(upstream:remoteref) refs/heads/main refs/remotes/main [2ms]
[2023-05-21T00:24:21.922Z] > git for-each-ref --sort -committerdate --format %(refname) %(objectname) %(*objectname) [8ms]
[2023-05-21T00:24:21.923Z] > git remote --verbose [2ms]
[2023-05-21T00:24:21.934Z] > git config --get commit.template [2ms]
[2023-05-21T00:24:33.478Z] > git status -z -uall [3ms]
[2023-05-21T00:24:33.487Z] > git symbolic-ref --short HEAD [2ms]
[2023-05-21T00:24:33.496Z] > git for-each-ref --format=%(refname)%00%(upstream:short)%00%(objectname)%00%(upstream:track)%00%(upstream:remotename)%00%(upstream:remoteref) refs/heads/main refs/remotes/main [3ms]
[2023-05-21T00:24:33.510Z] > git remote --verbose [1ms]
[2023-05-21T00:24:33.511Z] > git for-each-ref --sort -committerdate --format %(refname) %(objectname) %(*objectname) [9ms]
[2023-05-21T00:24:33.520Z] > git config --get commit.template [1ms]
[2023-05-21T00:24:38.531Z] > git status -z -uall [2ms]
[2023-05-21T00:24:38.540Z] > git symbolic-ref --short HEAD [2ms]
[2023-05-21T00:24:38.549Z] > git for-each-ref --format=%(refname)%00%(upstream:short)%00%(objectname)%00%(upstream:track)%00%(upstream:remotename)%00%(upstream:remoteref) refs/heads/main refs/remotes/main [2ms]
[2023-05-21T00:24:38.563Z] > git for-each-ref --sort -committerdate --format %(refname) %(objectname) %(*objectname) [8ms]
[2023-05-21T00:24:38.564Z] > git remote --verbose [2ms]
[2023-05-21T00:24:38.573Z] > git config --get commit.template [1ms]
[2023-05-21T00:24:55.061Z] > git status -z -uall [2ms]
[2023-05-21T00:24:55.069Z] > git symbolic-ref --short HEAD [1ms]
[2023-05-21T00:24:55.078Z] > git for-each-ref --format=%(refname)%00%(upstream:short)%00%(objectname)%00%(upstream:track)%00%(upstream:remotename)%00%(upstream:remoteref) refs/heads/main refs/remotes/main [2ms]
[2023-05-21T00:24:55.093Z] > git for-each-ref --sort -committerdate --format %(refname) %(objectname) %(*objectname) [8ms]
[2023-05-21T00:24:55.093Z] > git remote --verbose [1ms]
[2023-05-21T00:24:55.103Z] > git config --get commit.template [1ms]
[2023-05-21T00:25:16.976Z] > git status -z -uall [3ms]
[2023-05-21T00:25:16.985Z] > git symbolic-ref --short HEAD [2ms]
[2023-05-21T00:25:16.993Z] > git for-each-ref --format=%(refname)%00%(upstream:short)%00%(objectname)%00%(upstream:track)%00%(upstream:remotename)%00%(upstream:remoteref) refs/heads/main refs/remotes/main [2ms]
[2023-05-21T00:25:17.008Z] > git for-each-ref --sort -committerdate --format %(refname) %(objectname) %(*objectname) [8ms]
[2023-05-21T00:25:17.008Z] > git remote --verbose [1ms]
[2023-05-21T00:25:17.017Z] > git config --get commit.template [1ms]
[2023-05-21T00:25:18.134Z] > git fetch [314ms]
[2023-05-21T00:25:18.144Z] > git status -z -uall [2ms]
[2023-05-21T00:25:18.152Z] > git symbolic-ref --short HEAD [1ms]
[2023-05-21T00:25:18.161Z] > git for-each-ref --format=%(refname)%00%(upstream:short)%00%(objectname)%00%(upstream:track)%00%(upstream:remotename)%00%(upstream:remoteref) refs/heads/main refs/remotes/main [3ms]
[2023-05-21T00:25:18.174Z] > git for-each-ref --sort -committerdate --format %(refname) %(objectname) %(*objectname) [7ms]
[2023-05-21T00:25:18.175Z] > git remote --verbose [1ms]
[2023-05-21T00:25:18.184Z] > git config --get commit.template [1ms]
[2023-05-21T00:25:19.485Z] > git ls-files --stage -- /home/kaiykato/minnow/src/network_interface.hh [7ms]
[2023-05-21T00:25:19.492Z] > git ls-files --stage -- /home/kaiykato/minnow/src/network_interface.cc [7ms]
[2023-05-21T00:25:19.498Z] > git cat-file -s f486e03078d92ad8569ee9d4a1364bf3ebb0cb70 [7ms]
[2023-05-21T00:25:19.499Z] > git cat-file -s 6474cae8085e84ecfc6ffbb1467db8648aed0f66 [1ms]
[2023-05-21T00:25:19.552Z] > git show --textconv :src/network_interface.hh [7ms]
[2023-05-21T00:25:19.554Z] > git show --textconv :src/network_interface.cc [2ms]
[2023-05-21T00:25:22.028Z] > git status -z -uall [2ms]
[2023-05-21T00:25:22.036Z] > git symbolic-ref --short HEAD [1ms]
[2023-05-21T00:25:22.045Z] > git for-each-ref --format=%(refname)%00%(upstream:short)%00%(objectname)%00%(upstream:track)%00%(upstream:remotename)%00%(upstream:remoteref) refs/heads/main refs/remotes/main [2ms]
[2023-05-21T00:25:22.058Z] > git for-each-ref --sort -committerdate --format %(refname) %(objectname) %(*objectname) [7ms]
[2023-05-21T00:25:22.059Z] > git remote --verbose [2ms]
[2023-05-21T00:25:22.069Z] > git config --get commit.template [1ms]
[2023-05-21T00:27:30.178Z] > git status -z -uall [2ms]
[2023-05-21T00:27:30.186Z] > git symbolic-ref --short HEAD [1ms]
[2023-05-21T00:27:30.195Z] > git for-each-ref --format=%(refname)%00%(upstream:short)%00%(objectname)%00%(upstream:track)%00%(upstream:remotename)%00%(upstream:remoteref) refs/heads/main refs/remotes/main [2ms]
[2023-05-21T00:27:30.210Z] > git for-each-ref --sort -committerdate --format %(refname) %(objectname) %(*objectname) [8ms]
[2023-05-21T00:27:30.210Z] > git remote --verbose [2ms]
[2023-05-21T00:27:30.221Z] > git config --get commit.template [2ms]
[2023-05-21T00:27:40.872Z] > git status -z -uall [12ms]
[2023-05-21T00:27:40.897Z] > git symbolic-ref --short HEAD [1ms]
[2023-05-21T00:27:40.927Z] > git for-each-ref --format=%(refname)%00%(upstream:short)%00%(objectname)%00%(upstream:track)%00%(upstream:remotename)%00%(upstream:remoteref) refs/heads/main refs/remotes/main [4ms]
[2023-05-21T00:27:40.969Z] > git for-each-ref --sort -committerdate --format %(refname) %(objectname) %(*objectname) [25ms]
[2023-05-21T00:27:40.970Z] > git remote --verbose [2ms]
[2023-05-21T00:27:40.999Z] > git config --get commit.template [11ms]
[2023-05-21T00:27:53.596Z] > git status -z -uall [4ms]
[2023-05-21T00:27:53.609Z] > git symbolic-ref --short HEAD [3ms]
[2023-05-21T00:27:53.623Z] > git for-each-ref --format=%(refname)%00%(upstream:short)%00%(objectname)%00%(upstream:track)%00%(upstream:remotename)%00%(upstream:remoteref) refs/heads/main refs/remotes/main [4ms]
[2023-05-21T00:27:53.646Z] > git for-each-ref --sort -committerdate --format %(refname) %(objectname) %(*objectname) [13ms]
[2023-05-21T00:27:53.649Z] > git remote --verbose [4ms]
[2023-05-21T00:27:53.668Z] > git config --get commit.template [2ms]
[2023-05-21T00:27:58.680Z] > git status -z -uall [2ms]
[2023-05-21T00:27:58.689Z] > git symbolic-ref --short HEAD [1ms]
[2023-05-21T00:27:58.699Z] > git for-each-ref --format=%(refname)%00%(upstream:short)%00%(objectname)%00%(upstream:track)%00%(upstream:remotename)%00%(upstream:remoteref) refs/heads/main refs/remotes/main [3ms]
[2023-05-21T00:27:58.715Z] > git for-each-ref --sort -committerdate --format %(refname) %(objectname) %(*objectname) [9ms]
[2023-05-21T00:27:58.716Z] > git remote --verbose [2ms]
[2023-05-21T00:27:58.726Z] > git config --get commit.template [2ms]
[2023-05-21T00:28:18.471Z] > git fetch [277ms]
[2023-05-21T00:28:18.480Z] > git status -z -uall [1ms]
[2023-05-21T00:28:18.489Z] > git symbolic-ref --short HEAD [2ms]
[2023-05-21T00:28:18.497Z] > git for-each-ref --format=%(refname)%00%(upstream:short)%00%(objectname)%00%(upstream:track)%00%(upstream:remotename)%00%(upstream:remoteref) refs/heads/main refs/remotes/main [2ms]
[2023-05-21T00:28:18.512Z] > git for-each-ref --sort -committerdate --format %(refname) %(objectname) %(*objectname) [8ms]
[2023-05-21T00:28:18.512Z] > git remote --verbose [1ms]
[2023-05-21T00:28:18.521Z] > git config --get commit.template [1ms]
[2023-05-21T00:28:19.678Z] > git status -z -uall [2ms]
[2023-05-21T00:28:19.687Z] > git symbolic-ref --short HEAD [1ms]
[2023-05-21T00:28:19.696Z] > git for-each-ref --format=%(refname)%00%(upstream:short)%00%(objectname)%00%(upstream:track)%00%(upstream:remotename)%00%(upstream:remoteref) refs/heads/main refs/remotes/main [2ms]
[2023-05-21T00:28:19.711Z] > git for-each-ref --sort -committerdate --format %(refname) %(objectname) %(*objectname) [8ms]
[2023-05-21T00:28:19.711Z] > git remote --verbose [1ms]
[2023-05-21T00:28:19.721Z] > git config --get commit.template [1ms]
[2023-05-21T00:28:19.863Z] > git ls-files --stage -- /home/kaiykato/minnow/src/network_interface.cc [2ms]
[2023-05-21T00:28:19.870Z] > git ls-files --stage -- /home/kaiykato/minnow/src/network_interface.hh [17ms]
[2023-05-21T00:28:19.878Z] > git cat-file -s 6474cae8085e84ecfc6ffbb1467db8648aed0f66 [8ms]
[2023-05-21T00:28:19.879Z] > git cat-file -s f486e03078d92ad8569ee9d4a1364bf3ebb0cb70 [2ms]
[2023-05-21T00:28:19.933Z] > git show --textconv :src/network_interface.cc [8ms]
[2023-05-21T00:28:19.934Z] > git show --textconv :src/network_interface.hh [2ms]
[2023-05-21T00:28:29.491Z] > git status -z -uall [2ms]
[2023-05-21T00:28:29.500Z] > git symbolic-ref --short HEAD [1ms]
[2023-05-21T00:28:29.510Z] > git for-each-ref --format=%(refname)%00%(upstream:short)%00%(objectname)%00%(upstream:track)%00%(upstream:remotename)%00%(upstream:remoteref) refs/heads/main refs/remotes/main [2ms]
[2023-05-21T00:28:29.525Z] > git for-each-ref --sort -committerdate --format %(refname) %(objectname) %(*objectname) [8ms]
[2023-05-21T00:28:29.526Z] > git remote --verbose [2ms]
[2023-05-21T00:28:29.537Z] > git config --get commit.template [1ms]
[2023-05-21T00:28:42.976Z] > git status -z -uall [2ms]
[2023-05-21T00:28:42.985Z] > git symbolic-ref --short HEAD [1ms]
[2023-05-21T00:28:42.996Z] > git for-each-ref --format=%(refname)%00%(upstream:short)%00%(objectname)%00%(upstream:track)%00%(upstream:remotename)%00%(upstream:remoteref) refs/heads/main refs/remotes/main [4ms]
[2023-05-21T00:28:43.012Z] > git for-each-ref --sort -committerdate --format %(refname) %(objectname) %(*objectname) [9ms]
[2023-05-21T00:28:43.013Z] > git remote --verbose [2ms]
[2023-05-21T00:28:43.023Z] > git config --get commit.template [2ms]
[2023-05-21T00:28:48.057Z] > git status -z -uall [13ms]
[2023-05-21T00:28:48.083Z] > git symbolic-ref --short HEAD [3ms]
[2023-05-21T00:28:48.116Z] > git for-each-ref --format=%(refname)%00%(upstream:short)%00%(objectname)%00%(upstream:track)%00%(upstream:remotename)%00%(upstream:remoteref) refs/heads/main refs/remotes/main [12ms]
[2023-05-21T00:28:48.159Z] > git for-each-ref --sort -committerdate --format %(refname) %(objectname) %(*objectname) [23ms]
[2023-05-21T00:28:48.161Z] > git remote --verbose [3ms]
[2023-05-21T00:28:48.195Z] > git config --get commit.template [11ms]
[2023-05-21T00:28:53.206Z] > git status -z -uall [2ms]
[2023-05-21T00:28:53.216Z] > git symbolic-ref --short HEAD [2ms]
[2023-05-21T00:28:53.226Z] > git for-each-ref --format=%(refname)%00%(upstream:short)%00%(objectname)%00%(upstream:track)%00%(upstream:remotename)%00%(upstream:remoteref) refs/heads/main refs/remotes/main [2ms]
[2023-05-21T00:28:53.242Z] > git remote --verbose [2ms]
[2023-05-21T00:28:53.243Z] > git for-each-ref --sort -committerdate --format %(refname) %(objectname) %(*objectname) [10ms]
[2023-05-21T00:28:53.256Z] > git config --get commit.template [1ms]
[2023-05-21T00:28:58.838Z] > git status -z -uall [2ms]
[2023-05-21T00:28:58.848Z] > git symbolic-ref --short HEAD [1ms]
[2023-05-21T00:28:58.858Z] > git for-each-ref --format=%(refname)%00%(upstream:short)%00%(objectname)%00%(upstream:track)%00%(upstream:remotename)%00%(upstream:remoteref) refs/heads/main refs/remotes/main [2ms]
[2023-05-21T00:28:58.874Z] > git for-each-ref --sort -committerdate --format %(refname) %(objectname) %(*objectname) [9ms]
[2023-05-21T00:28:58.874Z] > git remote --verbose [1ms]
[2023-05-21T00:28:58.885Z] > git config --get commit.template [1ms]
[2023-05-21T00:29:03.912Z] > git status -z -uall [8ms]
[2023-05-21T00:29:03.942Z] > git symbolic-ref --short HEAD [10ms]
[2023-05-21T00:29:03.974Z] > git for-each-ref --format=%(refname)%00%(upstream:short)%00%(objectname)%00%(upstream:track)%00%(upstream:remotename)%00%(upstream:remoteref) refs/heads/main refs/remotes/main [14ms]
[2023-05-21T00:29:04.017Z] > git for-each-ref --sort -committerdate --format %(refname) %(objectname) %(*objectname) [25ms]
[2023-05-21T00:29:04.018Z] > git remote --verbose [2ms]
[2023-05-21T00:29:04.034Z] > git config --get commit.template [3ms]
[2023-05-21T00:29:13.987Z] > git status -z -uall [2ms]
[2023-05-21T00:29:13.996Z] > git symbolic-ref --short HEAD [0ms]
[2023-05-21T00:29:14.006Z] > git for-each-ref --format=%(refname)%00%(upstream:short)%00%(objectname)%00%(upstream:track)%00%(upstream:remotename)%00%(upstream:remoteref) refs/heads/main refs/remotes/main [3ms]
[2023-05-21T00:29:14.022Z] > git for-each-ref --sort -committerdate --format %(refname) %(objectname) %(*objectname) [9ms]
[2023-05-21T00:29:14.022Z] > git remote --verbose [1ms]
[2023-05-21T00:29:14.031Z] > git config --get commit.template [1ms]
[2023-05-21T00:30:48.782Z] > git status -z -uall [4ms]
[2023-05-21T00:30:48.795Z] > git symbolic-ref --short HEAD [2ms]
[2023-05-21T00:30:48.809Z] > git for-each-ref --format=%(refname)%00%(upstream:short)%00%(objectname)%00%(upstream:track)%00%(upstream:remotename)%00%(upstream:remoteref) refs/heads/main refs/remotes/main [3ms]
[2023-05-21T00:30:48.833Z] > git for-each-ref --sort -committerdate --format %(refname) %(objectname) %(*objectname) [13ms]
[2023-05-21T00:30:48.838Z] > git remote --verbose [6ms]
[2023-05-21T00:30:48.853Z] > git config --get commit.template [2ms]
[2023-05-21T00:30:53.867Z] > git status -z -uall [2ms]
[2023-05-21T00:30:53.876Z] > git symbolic-ref --short HEAD [2ms]
[2023-05-21T00:30:53.885Z] > git for-each-ref --format=%(refname)%00%(upstream:short)%00%(objectname)%00%(upstream:track)%00%(upstream:remotename)%00%(upstream:remoteref) refs/heads/main refs/remotes/main [2ms]
[2023-05-21T00:30:53.901Z] > git for-each-ref --sort -committerdate --format %(refname) %(objectname) %(*objectname) [9ms]
[2023-05-21T00:30:53.902Z] > git remote --verbose [2ms]
[2023-05-21T00:30:53.912Z] > git config --get commit.template [1ms]
[2023-05-21T00:31:18.875Z] > git fetch [341ms]
[2023-05-21T00:31:18.890Z] > git status -z -uall [3ms]
[2023-05-21T00:31:18.905Z] > git symbolic-ref --short HEAD [3ms]
[2023-05-21T00:31:18.920Z] > git for-each-ref --format=%(refname)%00%(upstream:short)%00%(objectname)%00%(upstream:track)%00%(upstream:remotename)%00%(upstream:remoteref) refs/heads/main refs/remotes/main [3ms]
[2023-05-21T00:31:18.973Z] > git for-each-ref --sort -committerdate --format %(refname) %(objectname) %(*objectname) [42ms]
[2023-05-21T00:31:18.974Z] > git remote --verbose [31ms]
[2023-05-21T00:31:18.992Z] > git config --get commit.template [4ms]
[2023-05-21T00:31:20.155Z] > git status -z -uall [3ms]
[2023-05-21T00:31:20.169Z] > git symbolic-ref --short HEAD [3ms]
[2023-05-21T00:31:20.184Z] > git for-each-ref --format=%(refname)%00%(upstream:short)%00%(objectname)%00%(upstream:track)%00%(upstream:remotename)%00%(upstream:remoteref) refs/heads/main refs/remotes/main [4ms]
[2023-05-21T00:31:20.207Z] > git for-each-ref --sort -committerdate --format %(refname) %(objectname) %(*objectname) [13ms]
[2023-05-21T00:31:20.210Z] > git remote --verbose [4ms]
[2023-05-21T00:31:20.236Z] > git config --get commit.template [2ms]
[2023-05-21T00:31:20.308Z] > git ls-files --stage -- /home/kaiykato/minnow/src/network_interface.hh [13ms]
[2023-05-21T00:31:20.329Z] > git ls-files --stage -- /home/kaiykato/minnow/src/network_interface.cc [22ms]
[2023-05-21T00:31:20.341Z] > git cat-file -s f486e03078d92ad8569ee9d4a1364bf3ebb0cb70 [20ms]
[2023-05-21T00:31:20.346Z] > git cat-file -s 6474cae8085e84ecfc6ffbb1467db8648aed0f66 [6ms]
[2023-05-21T00:31:20.414Z] > git show --textconv :src/network_interface.hh [14ms]
[2023-05-21T00:31:20.418Z] > git show --textconv :src/network_interface.cc [5ms]
[2023-05-21T00:31:33.983Z] > git status -z -uall [2ms]
[2023-05-21T00:31:33.993Z] > git symbolic-ref --short HEAD [2ms]
[2023-05-21T00:31:34.003Z] > git for-each-ref --format=%(refname)%00%(upstream:short)%00%(objectname)%00%(upstream:track)%00%(upstream:remotename)%00%(upstream:remoteref) refs/heads/main refs/remotes/main [2ms]
[2023-05-21T00:31:34.021Z] > git for-each-ref --sort -committerdate --format %(refname) %(objectname) %(*objectname) [10ms]
[2023-05-21T00:31:34.021Z] > git remote --verbose [1ms]
[2023-05-21T00:31:34.034Z] > git config --get commit.template [2ms]
[2023-05-21T00:31:46.085Z] > git status -z -uall [2ms]
[2023-05-21T00:31:46.093Z] > git symbolic-ref --short HEAD [1ms]
[2023-05-21T00:31:46.101Z] > git for-each-ref --format=%(refname)%00%(upstream:short)%00%(objectname)%00%(upstream:track)%00%(upstream:remotename)%00%(upstream:remoteref) refs/heads/main refs/remotes/main [2ms]
[2023-05-21T00:31:46.116Z] > git for-each-ref --sort -committerdate --format %(refname) %(objectname) %(*objectname) [7ms]
[2023-05-21T00:31:46.117Z] > git remote --verbose [2ms]
[2023-05-21T00:31:46.128Z] > git config --get commit.template [1ms]
[2023-05-21T00:32:05.265Z] > git status -z -uall [2ms]
[2023-05-21T00:32:05.274Z] > git symbolic-ref --short HEAD [2ms]
[2023-05-21T00:32:05.282Z] > git for-each-ref --format=%(refname)%00%(upstream:short)%00%(objectname)%00%(upstream:track)%00%(upstream:remotename)%00%(upstream:remoteref) refs/heads/main refs/remotes/main [2ms]
[2023-05-21T00:32:05.296Z] > git for-each-ref --sort -committerdate --format %(refname) %(objectname) %(*objectname) [8ms]
[2023-05-21T00:32:05.296Z] > git remote --verbose [1ms]
[2023-05-21T00:32:05.305Z] > git config --get commit.template [1ms]
[2023-05-21T00:32:10.317Z] > git status -z -uall [2ms]
[2023-05-21T00:32:10.326Z] > git symbolic-ref --short HEAD [1ms]
[2023-05-21T00:32:10.335Z] > git for-each-ref --format=%(refname)%00%(upstream:short)%00%(objectname)%00%(upstream:track)%00%(upstream:remotename)%00%(upstream:remoteref) refs/heads/main refs/remotes/main [2ms]
[2023-05-21T00:32:10.352Z] > git for-each-ref --sort -committerdate --format %(refname) %(objectname) %(*objectname) [9ms]
[2023-05-21T00:32:10.352Z] > git remote --verbose [1ms]
[2023-05-21T00:32:10.364Z] > git config --get commit.template [1ms]
[2023-05-21T00:32:15.396Z] > git status -z -uall [9ms]
[2023-05-21T00:32:15.426Z] > git symbolic-ref --short HEAD [2ms]
[2023-05-21T00:32:15.456Z] > git for-each-ref --format=%(refname)%00%(upstream:short)%00%(objectname)%00%(upstream:track)%00%(upstream:remotename)%00%(upstream:remoteref) refs/heads/main refs/remotes/main [12ms]
[2023-05-21T00:32:15.499Z] > git for-each-ref --sort -committerdate --format %(refname) %(objectname) %(*objectname) [14ms]
[2023-05-21T00:32:15.502Z] > git remote --verbose [4ms]
[2023-05-21T00:32:15.520Z] > git config --get commit.template [3ms]
[2023-05-21T00:32:20.545Z] > git status -z -uall [3ms]
[2023-05-21T00:32:20.567Z] > git symbolic-ref --short HEAD [4ms]
[2023-05-21T00:32:20.588Z] > git for-each-ref --format=%(refname)%00%(upstream:short)%00%(objectname)%00%(upstream:track)%00%(upstream:remotename)%00%(upstream:remoteref) refs/heads/main refs/remotes/main [4ms]
[2023-05-21T00:32:20.615Z] > git for-each-ref --sort -committerdate --format %(refname) %(objectname) %(*objectname) [14ms]
[2023-05-21T00:32:20.627Z] > git remote --verbose [13ms]
[2023-05-21T00:32:20.645Z] > git config --get commit.template [2ms]
[2023-05-21T00:32:25.997Z] > git status -z -uall [4ms]
[2023-05-21T00:32:26.010Z] > git symbolic-ref --short HEAD [2ms]
[2023-05-21T00:32:26.025Z] > git for-each-ref --format=%(refname)%00%(upstream:short)%00%(objectname)%00%(upstream:track)%00%(upstream:remotename)%00%(upstream:remoteref) refs/heads/main refs/remotes/main [4ms]
[2023-05-21T00:32:26.048Z] > git for-each-ref --sort -committerdate --format %(refname) %(objectname) %(*objectname) [12ms]
[2023-05-21T00:32:26.051Z] > git remote --verbose [4ms]
[2023-05-21T00:32:26.064Z] > git config --get commit.template [2ms]
[2023-05-21T00:32:31.076Z] > git status -z -uall [2ms]
[2023-05-21T00:32:31.086Z] > git symbolic-ref --short HEAD [2ms]
[2023-05-21T00:32:31.095Z] > git for-each-ref --format=%(refname)%00%(upstream:short)%00%(objectname)%00%(upstream:track)%00%(upstream:remotename)%00%(upstream:remoteref) refs/heads/main refs/remotes/main [2ms]
[2023-05-21T00:32:31.112Z] > git for-each-ref --sort -committerdate --format %(refname) %(objectname) %(*objectname) [9ms]
[2023-05-21T00:32:31.113Z] > git remote --verbose [2ms]
[2023-05-21T00:32:31.124Z] > git config --get commit.template [1ms]
[2023-05-21T00:33:55.602Z] > git status -z -uall [2ms]
[2023-05-21T00:33:55.612Z] > git symbolic-ref --short HEAD [2ms]
[2023-05-21T00:33:55.622Z] > git for-each-ref --format=%(refname)%00%(upstream:short)%00%(objectname)%00%(upstream:track)%00%(upstream:remotename)%00%(upstream:remoteref) refs/heads/main refs/remotes/main [3ms]
[2023-05-21T00:33:55.641Z] > git for-each-ref --sort -committerdate --format %(refname) %(objectname) %(*objectname) [9ms]
[2023-05-21T00:33:55.642Z] > git remote --verbose [2ms]
[2023-05-21T00:33:55.655Z] > git config --get commit.template [4ms]
[2023-05-21T00:34:00.680Z] > git status -z -uall [2ms]
[2023-05-21T00:34:00.708Z] > git symbolic-ref --short HEAD [11ms]
[2023-05-21T00:34:00.747Z] > git for-each-ref --format=%(refname)%00%(upstream:short)%00%(objectname)%00%(upstream:track)%00%(upstream:remotename)%00%(upstream:remoteref) refs/heads/main refs/remotes/main [14ms]
[2023-05-21T00:34:00.785Z] > git for-each-ref --sort -committerdate --format %(refname) %(objectname) %(*objectname) [17ms]
[2023-05-21T00:34:00.795Z] > git remote --verbose [11ms]
[2023-05-21T00:34:00.832Z] > git config --get commit.template [13ms]
[2023-05-21T00:34:07.710Z] > git status -z -uall [9ms]
[2023-05-21T00:34:07.749Z] > git symbolic-ref --short HEAD [13ms]
[2023-05-21T00:34:07.786Z] > git for-each-ref --format=%(refname)%00%(upstream:short)%00%(objectname)%00%(upstream:track)%00%(upstream:remotename)%00%(upstream:remoteref) refs/heads/main refs/remotes/main [10ms]
[2023-05-21T00:34:07.840Z] > git for-each-ref --sort -committerdate --format %(refname) %(objectname) %(*objectname) [26ms]
[2023-05-21T00:34:07.841Z] > git remote --verbose [1ms]
[2023-05-21T00:34:07.866Z] > git config --get commit.template [2ms]
[2023-05-21T00:34:12.878Z] > git status -z -uall [2ms]
[2023-05-21T00:34:12.888Z] > git symbolic-ref --short HEAD [2ms]
[2023-05-21T00:34:12.897Z] > git for-each-ref --format=%(refname)%00%(upstream:short)%00%(objectname)%00%(upstream:track)%00%(upstream:remotename)%00%(upstream:remoteref) refs/heads/main refs/remotes/main [2ms]
[2023-05-21T00:34:12.915Z] > git for-each-ref --sort -committerdate --format %(refname) %(objectname) %(*objectname) [9ms]
[2023-05-21T00:34:12.916Z] > git remote --verbose [2ms]
[2023-05-21T00:34:12.926Z] > git config --get commit.template [1ms]
[2023-05-21T00:34:19.286Z] > git fetch [284ms]
[2023-05-21T00:34:19.298Z] > git status -z -uall [3ms]
[2023-05-21T00:34:19.310Z] > git symbolic-ref --short HEAD [3ms]
[2023-05-21T00:34:19.322Z] > git for-each-ref --format=%(refname)%00%(upstream:short)%00%(objectname)%00%(upstream:track)%00%(upstream:remotename)%00%(upstream:remoteref) refs/heads/main refs/remotes/main [4ms]
[2023-05-21T00:34:19.340Z] > git for-each-ref --sort -committerdate --format %(refname) %(objectname) %(*objectname) [11ms]
[2023-05-21T00:34:19.340Z] > git remote --verbose [1ms]
[2023-05-21T00:34:19.352Z] > git config --get commit.template [3ms]
[2023-05-21T00:34:20.455Z] > git status -z -uall [2ms]
[2023-05-21T00:34:20.464Z] > git symbolic-ref --short HEAD [1ms]
[2023-05-21T00:34:20.473Z] > git for-each-ref --format=%(refname)%00%(upstream:short)%00%(objectname)%00%(upstream:track)%00%(upstream:remotename)%00%(upstream:remoteref) refs/heads/main refs/remotes/main [2ms]
[2023-05-21T00:34:20.488Z] > git for-each-ref --sort -committerdate --format %(refname) %(objectname) %(*objectname) [8ms]
[2023-05-21T00:34:20.488Z] > git remote --verbose [1ms]
[2023-05-21T00:34:20.497Z] > git config --get commit.template [1ms]
[2023-05-21T00:34:20.638Z] > git ls-files --stage -- /home/kaiykato/minnow/src/network_interface.hh [10ms]
[2023-05-21T00:34:20.645Z] > git ls-files --stage -- /home/kaiykato/minnow/src/network_interface.cc [8ms]
[2023-05-21T00:34:20.653Z] > git cat-file -s f486e03078d92ad8569ee9d4a1364bf3ebb0cb70 [9ms]
[2023-05-21T00:34:20.654Z] > git cat-file -s 6474cae8085e84ecfc6ffbb1467db8648aed0f66 [2ms]
[2023-05-21T00:34:20.712Z] > git show --textconv :src/network_interface.hh [11ms]
[2023-05-21T00:34:20.712Z] > git show --textconv :src/network_interface.cc [3ms]
[2023-05-21T00:35:52.256Z] > git status -z -uall [4ms]
[2023-05-21T00:35:52.268Z] > git symbolic-ref --short HEAD [3ms]
[2023-05-21T00:35:52.280Z] > git for-each-ref --format=%(refname)%00%(upstream:short)%00%(objectname)%00%(upstream:track)%00%(upstream:remotename)%00%(upstream:remoteref) refs/heads/main refs/remotes/main [4ms]
[2023-05-21T00:35:52.300Z] > git for-each-ref --sort -committerdate --format %(refname) %(objectname) %(*objectname) [11ms]
[2023-05-21T00:35:52.302Z] > git remote --verbose [3ms]
[2023-05-21T00:35:52.315Z] > git config --get commit.template [2ms]
[2023-05-21T00:36:04.821Z] > git status -z -uall [3ms]
[2023-05-21T00:36:04.834Z] > git symbolic-ref --short HEAD [3ms]
[2023-05-21T00:36:04.848Z] > git for-each-ref --format=%(refname)%00%(upstream:short)%00%(objectname)%00%(upstream:track)%00%(upstream:remotename)%00%(upstream:remoteref) refs/heads/main refs/remotes/main [5ms]
[2023-05-21T00:36:04.870Z] > git for-each-ref --sort -committerdate --format %(refname) %(objectname) %(*objectname) [12ms]
[2023-05-21T00:36:04.873Z] > git remote --verbose [4ms]
[2023-05-21T00:36:04.886Z] > git config --get commit.template [2ms]
[2023-05-21T00:36:18.265Z] > git status -z -uall [2ms]
[2023-05-21T00:36:18.275Z] > git symbolic-ref --short HEAD [2ms]
[2023-05-21T00:36:18.284Z] > git for-each-ref --format=%(refname)%00%(upstream:short)%00%(objectname)%00%(upstream:track)%00%(upstream:remotename)%00%(upstream:remoteref) refs/heads/main refs/remotes/main [2ms]
[2023-05-21T00:36:18.301Z] > git for-each-ref --sort -committerdate --format %(refname) %(objectname) %(*objectname) [9ms]
[2023-05-21T00:36:18.302Z] > git remote --verbose [2ms]
[2023-05-21T00:36:18.313Z] > git config --get commit.template [2ms]
[2023-05-21T00:36:23.325Z] > git status -z -uall [2ms]
[2023-05-21T00:36:23.334Z] > git symbolic-ref --short HEAD [1ms]
[2023-05-21T00:36:23.343Z] > git for-each-ref --format=%(refname)%00%(upstream:short)%00%(objectname)%00%(upstream:track)%00%(upstream:remotename)%00%(upstream:remoteref) refs/heads/main refs/remotes/main [2ms]
[2023-05-21T00:36:23.357Z] > git for-each-ref --sort -committerdate --format %(refname) %(objectname) %(*objectname) [8ms]
[2023-05-21T00:36:23.358Z] > git remote --verbose [2ms]
[2023-05-21T00:36:23.368Z] > git config --get commit.template [1ms]
[2023-05-21T00:36:30.181Z] > git status -z -uall [2ms]
[2023-05-21T00:36:30.190Z] > git symbolic-ref --short HEAD [1ms]
[2023-05-21T00:36:30.199Z] > git for-each-ref --format=%(refname)%00%(upstream:short)%00%(objectname)%00%(upstream:track)%00%(upstream:remotename)%00%(upstream:remoteref) refs/heads/main refs/remotes/main [2ms]
[2023-05-21T00:36:30.213Z] > git for-each-ref --sort -committerdate --format %(refname) %(objectname) %(*objectname) [8ms]
[2023-05-21T00:36:30.214Z] > git remote --verbose [2ms]
[2023-05-21T00:36:30.224Z] > git config --get commit.template [0ms]
[2023-05-21T00:36:42.421Z] > git status -z -uall [1ms]
[2023-05-21T00:36:42.433Z] > git symbolic-ref --short HEAD [1ms]
[2023-05-21T00:36:42.442Z] > git for-each-ref --format=%(refname)%00%(upstream:short)%00%(objectname)%00%(upstream:track)%00%(upstream:remotename)%00%(upstream:remoteref) refs/heads/main refs/remotes/main [2ms]
[2023-05-21T00:36:42.457Z] > git for-each-ref --sort -committerdate --format %(refname) %(objectname) %(*objectname) [8ms]
[2023-05-21T00:36:42.457Z] > git remote --verbose [1ms]
[2023-05-21T00:36:42.466Z] > git config --get commit.template [1ms]
[2023-05-21T00:36:47.479Z] > git status -z -uall [3ms]
[2023-05-21T00:36:47.488Z] > git symbolic-ref --short HEAD [2ms]
[2023-05-21T00:36:47.497Z] > git for-each-ref --format=%(refname)%00%(upstream:short)%00%(objectname)%00%(upstream:track)%00%(upstream:remotename)%00%(upstream:remoteref) refs/heads/main refs/remotes/main [2ms]
[2023-05-21T00:36:47.513Z] > git for-each-ref --sort -committerdate --format %(refname) %(objectname) %(*objectname) [8ms]
[2023-05-21T00:36:47.514Z] > git remote --verbose [2ms]
[2023-05-21T00:36:47.525Z] > git config --get commit.template [2ms]
[2023-05-21T00:36:52.556Z] > git status -z -uall [13ms]
[2023-05-21T00:36:52.583Z] > git symbolic-ref --short HEAD [7ms]
[2023-05-21T00:36:52.615Z] > git for-each-ref --format=%(refname)%00%(upstream:short)%00%(objectname)%00%(upstream:track)%00%(upstream:remotename)%00%(upstream:remoteref) refs/heads/main refs/remotes/main [11ms]
[2023-05-21T00:36:52.645Z] > git for-each-ref --sort -committerdate --format %(refname) %(objectname) %(*objectname) [13ms]
[2023-05-21T00:36:52.648Z] > git remote --verbose [4ms]
[2023-05-21T00:36:52.666Z] > git config --get commit.template [4ms]
[2023-05-21T00:37:01.364Z] > git status -z -uall [3ms]
[2023-05-21T00:37:01.377Z] > git symbolic-ref --short HEAD [2ms]
[2023-05-21T00:37:01.389Z] > git for-each-ref --format=%(refname)%00%(upstream:short)%00%(objectname)%00%(upstream:track)%00%(upstream:remotename)%00%(upstream:remoteref) refs/heads/main refs/remotes/main [3ms]
[2023-05-21T00:37:01.409Z] > git for-each-ref --sort -committerdate --format %(refname) %(objectname) %(*objectname) [12ms]
[2023-05-21T00:37:01.412Z] > git remote --verbose [4ms]
[2023-05-21T00:37:01.426Z] > git config --get commit.template [3ms]
[2023-05-21T00:37:06.438Z] > git status -z -uall [2ms]
[2023-05-21T00:37:06.447Z] > git symbolic-ref --short HEAD [2ms]
[2023-05-21T00:37:06.456Z] > git for-each-ref --format=%(refname)%00%(upstream:short)%00%(objectname)%00%(upstream:track)%00%(upstream:remotename)%00%(upstream:remoteref) refs/heads/main refs/remotes/main [2ms]
[2023-05-21T00:37:06.471Z] > git for-each-ref --sort -committerdate --format %(refname) %(objectname) %(*objectname) [7ms]
[2023-05-21T00:37:06.471Z] > git remote --verbose [1ms]
[2023-05-21T00:37:06.481Z] > git config --get commit.template [3ms]
[2023-05-21T00:37:19.648Z] > git fetch [287ms]
[2023-05-21T00:37:19.659Z] > git status -z -uall [2ms]
[2023-05-21T00:37:19.668Z] > git symbolic-ref --short HEAD [1ms]
[2023-05-21T00:37:19.677Z] > git for-each-ref --format=%(refname)%00%(upstream:short)%00%(objectname)%00%(upstream:track)%00%(upstream:remotename)%00%(upstream:remoteref) refs/heads/main refs/remotes/main [2ms]
[2023-05-21T00:37:19.692Z] > git for-each-ref --sort -committerdate --format %(refname) %(objectname) %(*objectname) [8ms]
[2023-05-21T00:37:19.693Z] > git remote --verbose [2ms]
[2023-05-21T00:37:19.701Z] > git config --get commit.template [1ms]
[2023-05-21T00:37:20.809Z] > git status -z -uall [2ms]
[2023-05-21T00:37:20.818Z] > git symbolic-ref --short HEAD [1ms]
[2023-05-21T00:37:20.827Z] > git for-each-ref --format=%(refname)%00%(upstream:short)%00%(objectname)%00%(upstream:track)%00%(upstream:remotename)%00%(upstream:remoteref) refs/heads/main refs/remotes/main [2ms]
[2023-05-21T00:37:20.845Z] > git for-each-ref --sort -committerdate --format %(refname) %(objectname) %(*objectname) [10ms]
[2023-05-21T00:37:20.845Z] > git remote --verbose [1ms]
[2023-05-21T00:37:20.854Z] > git config --get commit.template [1ms]
[2023-05-21T00:37:20.990Z] > git ls-files --stage -- /home/kaiykato/minnow/src/network_interface.hh [9ms]
[2023-05-21T00:37:20.999Z] > git cat-file -s f486e03078d92ad8569ee9d4a1364bf3ebb0cb70 [0ms]
[2023-05-21T00:37:21.000Z] > git ls-files --stage -- /home/kaiykato/minnow/src/network_interface.cc [11ms]
[2023-05-21T00:37:21.009Z] > git cat-file -s 6474cae8085e84ecfc6ffbb1467db8648aed0f66 [2ms]
[2023-05-21T00:37:21.062Z] > git show --textconv :src/network_interface.hh [9ms]
[2023-05-21T00:37:21.063Z] > git show --textconv :src/network_interface.cc [1ms]
[2023-05-21T00:38:18.378Z] > git status -z -uall [12ms]
[2023-05-21T00:38:18.407Z] > git symbolic-ref --short HEAD [10ms]
[2023-05-21T00:38:18.441Z] > git for-each-ref --format=%(refname)%00%(upstream:short)%00%(objectname)%00%(upstream:track)%00%(upstream:remotename)%00%(upstream:remoteref) refs/heads/main refs/remotes/main [12ms]
[2023-05-21T00:38:18.490Z] > git for-each-ref --sort -committerdate --format %(refname) %(objectname) %(*objectname) [21ms]
[2023-05-21T00:38:18.499Z] > git remote --verbose [10ms]
[2023-05-21T00:38:18.536Z] > git config --get commit.template [14ms]
[2023-05-21T00:38:41.485Z] > git status -z -uall [2ms]
[2023-05-21T00:38:41.494Z] > git symbolic-ref --short HEAD [1ms]
[2023-05-21T00:38:41.503Z] > git for-each-ref --format=%(refname)%00%(upstream:short)%00%(objectname)%00%(upstream:track)%00%(upstream:remotename)%00%(upstream:remoteref) refs/heads/main refs/remotes/main [2ms]
[2023-05-21T00:38:41.518Z] > git for-each-ref --sort -committerdate --format %(refname) %(objectname) %(*objectname) [8ms]
[2023-05-21T00:38:41.518Z] > git remote --verbose [1ms]
[2023-05-21T00:38:41.527Z] > git config --get commit.template [1ms]
[2023-05-21T00:38:49.685Z] > git status -z -uall [2ms]
[2023-05-21T00:38:49.694Z] > git symbolic-ref --short HEAD [1ms]
[2023-05-21T00:38:49.704Z] > git for-each-ref --format=%(refname)%00%(upstream:short)%00%(objectname)%00%(upstream:track)%00%(upstream:remotename)%00%(upstream:remoteref) refs/heads/main refs/remotes/main [3ms]
[2023-05-21T00:38:49.719Z] > git for-each-ref --sort -committerdate --format %(refname) %(objectname) %(*objectname) [8ms]
[2023-05-21T00:38:49.720Z] > git remote --verbose [2ms]
[2023-05-21T00:38:49.729Z] > git config --get commit.template [1ms]
[2023-05-21T00:38:54.742Z] > git status -z -uall [2ms]
[2023-05-21T00:38:54.752Z] > git symbolic-ref --short HEAD [1ms]
[2023-05-21T00:38:54.762Z] > git for-each-ref --format=%(refname)%00%(upstream:short)%00%(objectname)%00%(upstream:track)%00%(upstream:remotename)%00%(upstream:remoteref) refs/heads/main refs/remotes/main [3ms]
[2023-05-21T00:38:54.779Z] > git for-each-ref --sort -committerdate --format %(refname) %(objectname) %(*objectname) [9ms]
[2023-05-21T00:38:54.779Z] > git remote --verbose [1ms]
[2023-05-21T00:38:54.794Z] > git config --get commit.template [1ms]
[2023-05-21T00:39:03.590Z] > git status -z -uall [2ms]
[2023-05-21T00:39:03.600Z] > git symbolic-ref --short HEAD [1ms]
[2023-05-21T00:39:03.612Z] > git for-each-ref --format=%(refname)%00%(upstream:short)%00%(objectname)%00%(upstream:track)%00%(upstream:remotename)%00%(upstream:remoteref) refs/heads/main refs/remotes/main [3ms]
[2023-05-21T00:39:03.632Z] > git remote --verbose [2ms]
[2023-05-21T00:39:03.632Z] > git for-each-ref --sort -committerdate --format %(refname) %(objectname) %(*objectname) [10ms]
[2023-05-21T00:39:03.643Z] > git config --get commit.template [2ms]
[2023-05-21T00:39:08.983Z] > git status -z -uall [2ms]
[2023-05-21T00:39:08.993Z] > git symbolic-ref --short HEAD [2ms]
[2023-05-21T00:39:09.003Z] > git for-each-ref --format=%(refname)%00%(upstream:short)%00%(objectname)%00%(upstream:track)%00%(upstream:remotename)%00%(upstream:remoteref) refs/heads/main refs/remotes/main [2ms]
[2023-05-21T00:39:09.022Z] > git for-each-ref --sort -committerdate --format %(refname) %(objectname) %(*objectname) [11ms]
[2023-05-21T00:39:09.022Z] > git remote --verbose [1ms]
[2023-05-21T00:39:09.035Z] > git config --get commit.template [2ms]
[2023-05-21T00:40:20.012Z] > git fetch [300ms]
[2023-05-21T00:40:20.023Z] > git status -z -uall [2ms]
[2023-05-21T00:40:20.033Z] > git symbolic-ref --short HEAD [1ms]
[2023-05-21T00:40:20.044Z] > git for-each-ref --format=%(refname)%00%(upstream:short)%00%(objectname)%00%(upstream:track)%00%(upstream:remotename)%00%(upstream:remoteref) refs/heads/main refs/remotes/main [2ms]
[2023-05-21T00:40:20.062Z] > git for-each-ref --sort -committerdate --format %(refname) %(objectname) %(*objectname) [10ms]
[2023-05-21T00:40:20.062Z] > git remote --verbose [1ms]
[2023-05-21T00:40:20.073Z] > git config --get commit.template [1ms]
[2023-05-21T00:40:21.184Z] > git status -z -uall [2ms]
[2023-05-21T00:40:21.195Z] > git symbolic-ref --short HEAD [1ms]
[2023-05-21T00:40:21.206Z] > git for-each-ref --format=%(refname)%00%(upstream:short)%00%(objectname)%00%(upstream:track)%00%(upstream:remotename)%00%(upstream:remoteref) refs/heads/main refs/remotes/main [2ms]
[2023-05-21T00:40:21.224Z] > git for-each-ref --sort -committerdate --format %(refname) %(objectname) %(*objectname) [9ms]
[2023-05-21T00:40:21.225Z] > git remote --verbose [2ms]
[2023-05-21T00:40:21.236Z] > git config --get commit.template [1ms]
[2023-05-21T00:40:21.371Z] > git ls-files --stage -- /home/kaiykato/minnow/src/network_interface.hh [10ms]
[2023-05-21T00:40:21.380Z] > git ls-files --stage -- /home/kaiykato/minnow/src/network_interface.cc [10ms]
[2023-05-21T00:40:21.388Z] > git cat-file -s f486e03078d92ad8569ee9d4a1364bf3ebb0cb70 [9ms]
[2023-05-21T00:40:21.389Z] > git cat-file -s 6474cae8085e84ecfc6ffbb1467db8648aed0f66 [2ms]
[2023-05-21T00:40:21.447Z] > git show --textconv :src/network_interface.hh [9ms]
[2023-05-21T00:40:21.449Z] > git show --textconv :src/network_interface.cc [2ms]
[2023-05-21T00:43:20.367Z] > git fetch [283ms]
[2023-05-21T00:43:20.379Z] > git status -z -uall [2ms]
[2023-05-21T00:43:20.389Z] > git symbolic-ref --short HEAD [1ms]
[2023-05-21T00:43:20.400Z] > git for-each-ref --format=%(refname)%00%(upstream:short)%00%(objectname)%00%(upstream:track)%00%(upstream:remotename)%00%(upstream:remoteref) refs/heads/main refs/remotes/main [2ms]
[2023-05-21T00:43:20.419Z] > git for-each-ref --sort -committerdate --format %(refname) %(objectname) %(*objectname) [10ms]
[2023-05-21T00:43:20.420Z] > git remote --verbose [2ms]
[2023-05-21T00:43:20.431Z] > git config --get commit.template [1ms]
[2023-05-21T00:43:21.536Z] > git status -z -uall [2ms]
[2023-05-21T00:43:21.547Z] > git symbolic-ref --short HEAD [2ms]
[2023-05-21T00:43:21.557Z] > git for-each-ref --format=%(refname)%00%(upstream:short)%00%(objectname)%00%(upstream:track)%00%(upstream:remotename)%00%(upstream:remoteref) refs/heads/main refs/remotes/main [2ms]
[2023-05-21T00:43:21.576Z] > git for-each-ref --sort -committerdate --format %(refname) %(objectname) %(*objectname) [10ms]
[2023-05-21T00:43:21.576Z] > git remote --verbose [1ms]
[2023-05-21T00:43:21.589Z] > git config --get commit.template [2ms]
[2023-05-21T00:43:21.690Z] > git ls-files --stage -- /home/kaiykato/minnow/src/network_interface.cc [5ms]
[2023-05-21T00:43:21.699Z] > git ls-files --stage -- /home/kaiykato/minnow/src/network_interface.hh [24ms]
[2023-05-21T00:43:21.709Z] > git cat-file -s 6474cae8085e84ecfc6ffbb1467db8648aed0f66 [9ms]
[2023-05-21T00:43:21.709Z] > git cat-file -s f486e03078d92ad8569ee9d4a1364bf3ebb0cb70 [2ms]
[2023-05-21T00:43:21.775Z] > git show --textconv :src/network_interface.cc [11ms]
[2023-05-21T00:43:21.776Z] > git show --textconv :src/network_interface.hh [2ms]
[2023-05-21T00:46:20.734Z] > git fetch [292ms]
[2023-05-21T00:46:20.747Z] > git status -z -uall [2ms]
[2023-05-21T00:46:20.758Z] > git symbolic-ref --short HEAD [1ms]
[2023-05-21T00:46:20.770Z] > git for-each-ref --format=%(refname)%00%(upstream:short)%00%(objectname)%00%(upstream:track)%00%(upstream:remotename)%00%(upstream:remoteref) refs/heads/main refs/remotes/main [2ms]
[2023-05-21T00:46:20.792Z] > git for-each-ref --sort -committerdate --format %(refname) %(objectname) %(*objectname) [12ms]
[2023-05-21T00:46:20.793Z] > git remote --verbose [3ms]
[2023-05-21T00:46:20.805Z] > git config --get commit.template [1ms]
[2023-05-21T00:46:21.906Z] > git status -z -uall [2ms]
[2023-05-21T00:46:21.916Z] > git symbolic-ref --short HEAD [1ms]
[2023-05-21T00:46:21.927Z] > git for-each-ref --format=%(refname)%00%(upstream:short)%00%(objectname)%00%(upstream:track)%00%(upstream:remotename)%00%(upstream:remoteref) refs/heads/main refs/remotes/main [2ms]
[2023-05-21T00:46:21.949Z] > git for-each-ref --sort -committerdate --format %(refname) %(objectname) %(*objectname) [10ms]
[2023-05-21T00:46:21.949Z] > git remote --verbose [1ms]
[2023-05-21T00:46:21.961Z] > git config --get commit.template [1ms]
[2023-05-21T00:46:22.058Z] > git ls-files --stage -- /home/kaiykato/minnow/src/network_interface.cc [5ms]
[2023-05-21T00:46:22.067Z] > git ls-files --stage -- /home/kaiykato/minnow/src/network_interface.hh [23ms]
[2023-05-21T00:46:22.077Z] > git cat-file -s 6474cae8085e84ecfc6ffbb1467db8648aed0f66 [10ms]
[2023-05-21T00:46:22.079Z] > git cat-file -s f486e03078d92ad8569ee9d4a1364bf3ebb0cb70 [3ms]
[2023-05-21T00:46:22.144Z] > git show --textconv :src/network_interface.cc [11ms]
[2023-05-21T00:46:22.145Z] > git show --textconv :src/network_interface.hh [2ms]
[2023-05-21T00:49:21.105Z] > git fetch [288ms]
[2023-05-21T00:49:21.116Z] > git status -z -uall [2ms]
[2023-05-21T00:49:21.125Z] > git symbolic-ref --short HEAD [1ms]
[2023-05-21T00:49:21.135Z] > git for-each-ref --format=%(refname)%00%(upstream:short)%00%(objectname)%00%(upstream:track)%00%(upstream:remotename)%00%(upstream:remoteref) refs/heads/main refs/remotes/main [2ms]
[2023-05-21T00:49:21.151Z] > git for-each-ref --sort -committerdate --format %(refname) %(objectname) %(*objectname) [8ms]
[2023-05-21T00:49:21.151Z] > git remote --verbose [1ms]
[2023-05-21T00:49:21.162Z] > git config --get commit.template [1ms]
[2023-05-21T00:49:22.262Z] > git status -z -uall [2ms]
[2023-05-21T00:49:22.272Z] > git symbolic-ref --short HEAD [2ms]
[2023-05-21T00:49:22.282Z] > git for-each-ref --format=%(refname)%00%(upstream:short)%00%(objectname)%00%(upstream:track)%00%(upstream:remotename)%00%(upstream:remoteref) refs/heads/main refs/remotes/main [2ms]
[2023-05-21T00:49:22.300Z] > git for-each-ref --sort -committerdate --format %(refname) %(objectname) %(*objectname) [10ms]
[2023-05-21T00:49:22.300Z] > git remote --verbose [2ms]
[2023-05-21T00:49:22.310Z] > git config --get commit.template [1ms]
[2023-05-21T00:49:22.408Z] > git ls-files --stage -- /home/kaiykato/minnow/src/network_interface.cc [5ms]
[2023-05-21T00:49:22.417Z] > git ls-files --stage -- /home/kaiykato/minnow/src/network_interface.hh [21ms]
[2023-05-21T00:49:22.425Z] > git cat-file -s 6474cae8085e84ecfc6ffbb1467db8648aed0f66 [9ms]
[2023-05-21T00:49:22.426Z] > git cat-file -s f486e03078d92ad8569ee9d4a1364bf3ebb0cb70 [2ms]
[2023-05-21T00:49:22.490Z] > git show --textconv :src/network_interface.cc [12ms]
[2023-05-21T00:49:22.490Z] > git show --textconv :src/network_interface.hh [4ms]
[2023-05-21T00:50:53.640Z] > git status -z -uall [4ms]
[2023-05-21T00:50:53.655Z] > git symbolic-ref --short HEAD [2ms]
[2023-05-21T00:50:53.678Z] > git for-each-ref --format=%(refname)%00%(upstream:short)%00%(objectname)%00%(upstream:track)%00%(upstream:remotename)%00%(upstream:remoteref) refs/heads/main refs/remotes/main [9ms]
[2023-05-21T00:50:53.709Z] > git for-each-ref --sort -committerdate --format %(refname) %(objectname) %(*objectname) [16ms]
[2023-05-21T00:50:53.711Z] > git remote --verbose [3ms]
[2023-05-21T00:50:53.729Z] > git config --get commit.template [3ms]
[2023-05-21T00:52:21.456Z] > git fetch [283ms]
[2023-05-21T00:52:21.469Z] > git status -z -uall [2ms]
[2023-05-21T00:52:21.479Z] > git symbolic-ref --short HEAD [1ms]
[2023-05-21T00:52:21.490Z] > git for-each-ref --format=%(refname)%00%(upstream:short)%00%(objectname)%00%(upstream:track)%00%(upstream:remotename)%00%(upstream:remoteref) refs/heads/main refs/remotes/main [2ms]
[2023-05-21T00:52:21.509Z] > git for-each-ref --sort -committerdate --format %(refname) %(objectname) %(*objectname) [10ms]
[2023-05-21T00:52:21.510Z] > git remote --verbose [2ms]
[2023-05-21T00:52:21.522Z] > git config --get commit.template [1ms]
[2023-05-21T00:52:22.626Z] > git status -z -uall [2ms]
[2023-05-21T00:52:22.636Z] > git symbolic-ref --short HEAD [2ms]
[2023-05-21T00:52:22.647Z] > git for-each-ref --format=%(refname)%00%(upstream:short)%00%(objectname)%00%(upstream:track)%00%(upstream:remotename)%00%(upstream:remoteref) refs/heads/main refs/remotes/main [2ms]
[2023-05-21T00:52:22.666Z] > git for-each-ref --sort -committerdate --format %(refname) %(objectname) %(*objectname) [10ms]
[2023-05-21T00:52:22.667Z] > git remote --verbose [2ms]
[2023-05-21T00:52:22.678Z] > git config --get commit.template [2ms]
[2023-05-21T00:52:22.809Z] > git ls-files --stage -- /home/kaiykato/minnow/src/network_interface.hh [11ms]
[2023-05-21T00:52:22.819Z] > git ls-files --stage -- /home/kaiykato/minnow/src/network_interface.cc [11ms]
[2023-05-21T00:52:22.829Z] > git cat-file -s f486e03078d92ad8569ee9d4a1364bf3ebb0cb70 [11ms]
[2023-05-21T00:52:22.830Z] > git cat-file -s 6474cae8085e84ecfc6ffbb1467db8648aed0f66 [2ms]
[2023-05-21T00:52:22.888Z] > git show --textconv :src/network_interface.hh [11ms]
[2023-05-21T00:52:22.889Z] > git show --textconv :src/network_interface.cc [2ms]
[2023-05-21T00:55:21.836Z] > git fetch [302ms]
[2023-05-21T00:55:21.848Z] > git status -z -uall [2ms]
[2023-05-21T00:55:21.859Z] > git symbolic-ref --short HEAD [1ms]
[2023-05-21T00:55:21.870Z] > git for-each-ref --format=%(refname)%00%(upstream:short)%00%(objectname)%00%(upstream:track)%00%(upstream:remotename)%00%(upstream:remoteref) refs/heads/main refs/remotes/main [2ms]
[2023-05-21T00:55:21.887Z] > git for-each-ref --sort -committerdate --format %(refname) %(objectname) %(*objectname) [9ms]
[2023-05-21T00:55:21.888Z] > git remote --verbose [2ms]
[2023-05-21T00:55:21.900Z] > git config --get commit.template [2ms]
[2023-05-21T00:55:23.000Z] > git status -z -uall [2ms]
[2023-05-21T00:55:23.010Z] > git symbolic-ref --short HEAD [1ms]
[2023-05-21T00:55:23.019Z] > git for-each-ref --format=%(refname)%00%(upstream:short)%00%(objectname)%00%(upstream:track)%00%(upstream:remotename)%00%(upstream:remoteref) refs/heads/main refs/remotes/main [2ms]
[2023-05-21T00:55:23.036Z] > git for-each-ref --sort -committerdate --format %(refname) %(objectname) %(*objectname) [9ms]
[2023-05-21T00:55:23.036Z] > git remote --verbose [1ms]
[2023-05-21T00:55:23.049Z] > git config --get commit.template [2ms]
[2023-05-21T00:55:23.151Z] > git ls-files --stage -- /home/kaiykato/minnow/src/network_interface.cc [6ms]
[2023-05-21T00:55:23.162Z] > git ls-files --stage -- /home/kaiykato/minnow/src/network_interface.hh [26ms]
[2023-05-21T00:55:23.170Z] > git cat-file -s 6474cae8085e84ecfc6ffbb1467db8648aed0f66 [8ms]
[2023-05-21T00:55:23.171Z] > git cat-file -s f486e03078d92ad8569ee9d4a1364bf3ebb0cb70 [2ms]
[2023-05-21T00:55:23.230Z] > git show --textconv :src/network_interface.cc [10ms]
[2023-05-21T00:55:23.232Z] > git show --textconv :src/network_interface.hh [2ms]
[2023-05-21T00:58:22.176Z] > git fetch [265ms]
[2023-05-21T00:58:22.188Z] > git status -z -uall [2ms]
[2023-05-21T00:58:22.197Z] > git symbolic-ref --short HEAD [1ms]
[2023-05-21T00:58:22.208Z] > git for-each-ref --format=%(refname)%00%(upstream:short)%00%(objectname)%00%(upstream:track)%00%(upstream:remotename)%00%(upstream:remoteref) refs/heads/main refs/remotes/main [3ms]
[2023-05-21T00:58:22.224Z] > git for-each-ref --sort -committerdate --format %(refname) %(objectname) %(*objectname) [9ms]
[2023-05-21T00:58:22.224Z] > git remote --verbose [2ms]
[2023-05-21T00:58:22.233Z] > git config --get commit.template [1ms]
[2023-05-21T00:58:23.334Z] > git status -z -uall [2ms]
[2023-05-21T00:58:23.343Z] > git symbolic-ref --short HEAD [1ms]
[2023-05-21T00:58:23.352Z] > git for-each-ref --format=%(refname)%00%(upstream:short)%00%(objectname)%00%(upstream:track)%00%(upstream:remotename)%00%(upstream:remoteref) refs/heads/main refs/remotes/main [2ms]
[2023-05-21T00:58:23.367Z] > git for-each-ref --sort -committerdate --format %(refname) %(objectname) %(*objectname) [8ms]
[2023-05-21T00:58:23.367Z] > git remote --verbose [1ms]
[2023-05-21T00:58:23.377Z] > git config --get commit.template [1ms]
[2023-05-21T00:58:23.481Z] > git ls-files --stage -- /home/kaiykato/minnow/src/network_interface.cc [5ms]
[2023-05-21T00:58:23.488Z] > git ls-files --stage -- /home/kaiykato/minnow/src/network_interface.hh [20ms]
[2023-05-21T00:58:23.496Z] > git cat-file -s 6474cae8085e84ecfc6ffbb1467db8648aed0f66 [9ms]
[2023-05-21T00:58:23.497Z] > git cat-file -s f486e03078d92ad8569ee9d4a1364bf3ebb0cb70 [2ms]
[2023-05-21T00:58:23.557Z] > git show --textconv :src/network_interface.cc [10ms]
[2023-05-21T00:58:23.558Z] > git show --textconv :src/network_interface.hh [2ms]
[2023-05-21T01:01:22.546Z] > git fetch [302ms]
[2023-05-21T01:01:22.557Z] > git status -z -uall [1ms]
[2023-05-21T01:01:22.567Z] > git symbolic-ref --short HEAD [2ms]
[2023-05-21T01:01:22.576Z] > git for-each-ref --format=%(refname)%00%(upstream:short)%00%(objectname)%00%(upstream:track)%00%(upstream:remotename)%00%(upstream:remoteref) refs/heads/main refs/remotes/main [2ms]
[2023-05-21T01:01:22.591Z] > git for-each-ref --sort -committerdate --format %(refname) %(objectname) %(*objectname) [8ms]
[2023-05-21T01:01:22.591Z] > git remote --verbose [1ms]
[2023-05-21T01:01:22.600Z] > git config --get commit.template [1ms]
[2023-05-21T01:01:23.702Z] > git status -z -uall [2ms]
[2023-05-21T01:01:23.713Z] > git symbolic-ref --short HEAD [2ms]
[2023-05-21T01:01:23.724Z] > git for-each-ref --format=%(refname)%00%(upstream:short)%00%(objectname)%00%(upstream:track)%00%(upstream:remotename)%00%(upstream:remoteref) refs/heads/main refs/remotes/main [2ms]
[2023-05-21T01:01:23.742Z] > git for-each-ref --sort -committerdate --format %(refname) %(objectname) %(*objectname) [10ms]
[2023-05-21T01:01:23.743Z] > git remote --verbose [2ms]
[2023-05-21T01:01:23.754Z] > git config --get commit.template [1ms]
[2023-05-21T01:01:23.852Z] > git ls-files --stage -- /home/kaiykato/minnow/src/network_interface.cc [5ms]
[2023-05-21T01:01:23.861Z] > git ls-files --stage -- /home/kaiykato/minnow/src/network_interface.hh [24ms]
[2023-05-21T01:01:23.871Z] > git cat-file -s 6474cae8085e84ecfc6ffbb1467db8648aed0f66 [10ms]
[2023-05-21T01:01:23.872Z] > git cat-file -s f486e03078d92ad8569ee9d4a1364bf3ebb0cb70 [2ms]
[2023-05-21T01:01:23.936Z] > git show --textconv :src/network_interface.cc [11ms]
[2023-05-21T01:01:23.937Z] > git show --textconv :src/network_interface.hh [2ms]
[2023-05-21T01:04:22.901Z] > git fetch [290ms]
[2023-05-21T01:04:22.913Z] > git status -z -uall [2ms]
[2023-05-21T01:04:22.923Z] > git symbolic-ref --short HEAD [1ms]
[2023-05-21T01:04:22.934Z] > git for-each-ref --format=%(refname)%00%(upstream:short)%00%(objectname)%00%(upstream:track)%00%(upstream:remotename)%00%(upstream:remoteref) refs/heads/main refs/remotes/main [2ms]
[2023-05-21T01:04:22.953Z] > git for-each-ref --sort -committerdate --format %(refname) %(objectname) %(*objectname) [10ms]
[2023-05-21T01:04:22.954Z] > git remote --verbose [2ms]
[2023-05-21T01:04:22.965Z] > git config --get commit.template [1ms]
[2023-05-21T01:04:24.071Z] > git status -z -uall [2ms]
[2023-05-21T01:04:24.081Z] > git symbolic-ref --short HEAD [2ms]
[2023-05-21T01:04:24.091Z] > git for-each-ref --format=%(refname)%00%(upstream:short)%00%(objectname)%00%(upstream:track)%00%(upstream:remotename)%00%(upstream:remoteref) refs/heads/main refs/remotes/main [3ms]
[2023-05-21T01:04:24.107Z] > git for-each-ref --sort -committerdate --format %(refname) %(objectname) %(*objectname) [9ms]
[2023-05-21T01:04:24.109Z] > git remote --verbose [3ms]
[2023-05-21T01:04:24.119Z] > git config --get commit.template [1ms]
[2023-05-21T01:04:24.221Z] > git ls-files --stage -- /home/kaiykato/minnow/src/network_interface.cc [5ms]
[2023-05-21T01:04:24.228Z] > git ls-files --stage -- /home/kaiykato/minnow/src/network_interface.hh [22ms]
[2023-05-21T01:04:24.236Z] > git cat-file -s 6474cae8085e84ecfc6ffbb1467db8648aed0f66 [8ms]
[2023-05-21T01:04:24.237Z] > git cat-file -s f486e03078d92ad8569ee9d4a1364bf3ebb0cb70 [2ms]
[2023-05-21T01:04:24.300Z] > git show --textconv :src/network_interface.cc [9ms]
[2023-05-21T01:04:24.301Z] > git show --textconv :src/network_interface.hh [2ms]
[2023-05-21T01:07:23.274Z] > git fetch [298ms]
[2023-05-21T01:07:23.286Z] > git status -z -uall [2ms]
[2023-05-21T01:07:23.296Z] > git symbolic-ref --short HEAD [1ms]
[2023-05-21T01:07:23.307Z] > git for-each-ref --format=%(refname)%00%(upstream:short)%00%(objectname)%00%(upstream:track)%00%(upstream:remotename)%00%(upstream:remoteref) refs/heads/main refs/remotes/main [2ms]
[2023-05-21T01:07:23.332Z] > git for-each-ref --sort -committerdate --format %(refname) %(objectname) %(*objectname) [9ms]
[2023-05-21T01:07:23.335Z] > git remote --verbose [3ms]
[2023-05-21T01:07:23.348Z] > git config --get commit.template [1ms]
[2023-05-21T01:07:24.453Z] > git status -z -uall [3ms]
[2023-05-21T01:07:24.462Z] > git symbolic-ref --short HEAD [1ms]
[2023-05-21T01:07:24.472Z] > git for-each-ref --format=%(refname)%00%(upstream:short)%00%(objectname)%00%(upstream:track)%00%(upstream:remotename)%00%(upstream:remoteref) refs/heads/main refs/remotes/main [2ms]
[2023-05-21T01:07:24.489Z] > git for-each-ref --sort -committerdate --format %(refname) %(objectname) %(*objectname) [9ms]
[2023-05-21T01:07:24.489Z] > git remote --verbose [1ms]
[2023-05-21T01:07:24.499Z] > git config --get commit.template [1ms]
[2023-05-21T01:07:24.602Z] > git ls-files --stage -- /home/kaiykato/minnow/src/network_interface.cc [4ms]
[2023-05-21T01:07:24.609Z] > git ls-files --stage -- /home/kaiykato/minnow/src/network_interface.hh [20ms]
[2023-05-21T01:07:24.618Z] > git cat-file -s 6474cae8085e84ecfc6ffbb1467db8648aed0f66 [9ms]
[2023-05-21T01:07:24.618Z] > git cat-file -s f486e03078d92ad8569ee9d4a1364bf3ebb0cb70 [1ms]
[2023-05-21T01:07:24.676Z] > git show --textconv :src/network_interface.cc [9ms]
[2023-05-21T01:07:24.677Z] > git show --textconv :src/network_interface.hh [2ms]
[2023-05-21T01:07:31.347Z] > git rev-parse --show-toplevel [1ms]
[2023-05-21T01:07:31.347Z] fatal: not a git repository (or any of the parent directories): .git
[2023-05-21T01:10:23.646Z] > git fetch [285ms]
[2023-05-21T01:10:23.658Z] > git status -z -uall [2ms]
[2023-05-21T01:10:23.669Z] > git symbolic-ref --short HEAD [1ms]
[2023-05-21T01:10:23.680Z] > git for-each-ref --format=%(refname)%00%(upstream:short)%00%(objectname)%00%(upstream:track)%00%(upstream:remotename)%00%(upstream:remoteref) refs/heads/main refs/remotes/main [3ms]
[2023-05-21T01:10:23.697Z] > git for-each-ref --sort -committerdate --format %(refname) %(objectname) %(*objectname) [9ms]
[2023-05-21T01:10:23.697Z] > git remote --verbose [1ms]
[2023-05-21T01:10:23.707Z] > git config --get commit.template [1ms]
[2023-05-21T01:13:24.015Z] > git fetch [296ms]
[2023-05-21T01:13:24.028Z] > git status -z -uall [1ms]
[2023-05-21T01:13:24.038Z] > git symbolic-ref --short HEAD [2ms]
[2023-05-21T01:13:24.047Z] > git for-each-ref --format=%(refname)%00%(upstream:short)%00%(objectname)%00%(upstream:track)%00%(upstream:remotename)%00%(upstream:remoteref) refs/heads/main refs/remotes/main [2ms]
[2023-05-21T01:13:24.064Z] > git for-each-ref --sort -committerdate --format %(refname) %(objectname) %(*objectname) [9ms]
[2023-05-21T01:13:24.065Z] > git remote --verbose [2ms]
[2023-05-21T01:13:24.073Z] > git config --get commit.template [1ms]
