[2023-06-04T23:01:59.887Z] Validating found git in: git
[2023-06-04T23:01:59.927Z] Using git 2.37.2 from git
[2023-06-04T23:01:59.954Z] > git rev-parse --show-toplevel [16ms]
[2023-06-04T23:01:59.969Z] > git rev-parse --git-dir --git-common-dir [6ms]
[2023-06-04T23:01:59.975Z] Open repository: /home/kaiykato/minnow
[2023-06-04T23:01:59.999Z] > git status -z -uall [8ms]
[2023-06-04T23:02:00.011Z] > git symbolic-ref --short HEAD [4ms]
[2023-06-04T23:02:00.070Z] > git for-each-ref --format=%(refname)%00%(upstream:short)%00%(objectname)%00%(upstream:track)%00%(upstream:remotename)%00%(upstream:remoteref) refs/heads/main refs/remotes/main [52ms]
[2023-06-04T23:02:00.090Z] > git remote --verbose [2ms]
[2023-06-04T23:02:00.092Z] > git for-each-ref --sort -committerdate --format %(refname) %(objectname) %(*objectname) [12ms]
[2023-06-04T23:02:00.108Z] > git config --get commit.template [4ms]
[2023-06-04T23:02:00.346Z] > git fetch [362ms]
[2023-06-04T23:02:00.358Z] > git status -z -uall [4ms]
[2023-06-04T23:02:00.370Z] > git symbolic-ref --short HEAD [3ms]
[2023-06-04T23:02:00.557Z] > git for-each-ref --format=%(refname)%00%(upstream:short)%00%(objectname)%00%(upstream:track)%00%(upstream:remotename)%00%(upstream:remoteref) refs/heads/main refs/remotes/main [179ms]
[2023-06-04T23:02:00.571Z] > git for-each-ref --sort -committerdate --format %(refname) %(objectname) %(*objectname) [7ms]
[2023-06-04T23:02:00.573Z] > git remote --verbose [3ms]
[2023-06-04T23:02:00.584Z] > git config --get commit.template [3ms]
[2023-06-04T23:02:00.835Z] > git check-ignore -v -z --stdin [40ms]
[2023-06-04T23:02:00.890Z] > git show --textconv :writeups/check5.md [16ms]
[2023-06-04T23:02:00.892Z] > git ls-files --stage -- /home/kaiykato/minnow/writeups/check5.md [7ms]
[2023-06-04T23:02:00.905Z] > git cat-file -s d290bb6799d20a278375483ed88ad6cee0cc91f3 [5ms]
[2023-06-04T23:02:01.739Z] > git ls-files --stage -- /home/kaiykato/minnow/writeups/check5.md [1ms]
[2023-06-04T23:02:01.747Z] > git cat-file -s d290bb6799d20a278375483ed88ad6cee0cc91f3 [2ms]
[2023-06-04T23:02:01.805Z] > git show --textconv :writeups/check5.md [1ms]
[2023-06-04T23:02:04.950Z] > git status -z -uall [10ms]
[2023-06-04T23:02:04.958Z] > git symbolic-ref --short HEAD [2ms]
[2023-06-04T23:02:04.966Z] > git for-each-ref --format=%(refname)%00%(upstream:short)%00%(objectname)%00%(upstream:track)%00%(upstream:remotename)%00%(upstream:remoteref) refs/heads/main refs/remotes/main [3ms]
[2023-06-04T23:02:04.979Z] > git for-each-ref --sort -committerdate --format %(refname) %(objectname) %(*objectname) [7ms]
[2023-06-04T23:02:04.979Z] > git remote --verbose [1ms]
[2023-06-04T23:02:04.989Z] > git config --get commit.template [1ms]
[2023-06-04T23:02:09.085Z] > git show --textconv :writeups/check6.md [12ms]
[2023-06-04T23:02:09.089Z] > git ls-files --stage -- /home/kaiykato/minnow/writeups/check6.md [5ms]
[2023-06-04T23:02:09.097Z] > git cat-file -s b388ba1dcc1fe99047daceb38cc8759f13799d94 [2ms]
[2023-06-04T23:03:42.704Z] > git status -z -uall [3ms]
[2023-06-04T23:03:42.712Z] > git symbolic-ref --short HEAD [2ms]
[2023-06-04T23:03:42.721Z] > git for-each-ref --format=%(refname)%00%(upstream:short)%00%(objectname)%00%(upstream:track)%00%(upstream:remotename)%00%(upstream:remoteref) refs/heads/main refs/remotes/main [2ms]
[2023-06-04T23:03:42.733Z] > git for-each-ref --sort -committerdate --format %(refname) %(objectname) %(*objectname) [6ms]
[2023-06-04T23:03:42.734Z] > git remote --verbose [2ms]
[2023-06-04T23:03:42.743Z] > git config --get commit.template [1ms]
[2023-06-04T23:05:35.906Z] > git fetch [285ms]
[2023-06-04T23:05:35.914Z] > git status -z -uall [2ms]
[2023-06-04T23:05:35.921Z] > git symbolic-ref --short HEAD [1ms]
[2023-06-04T23:05:35.929Z] > git for-each-ref --format=%(refname)%00%(upstream:short)%00%(objectname)%00%(upstream:track)%00%(upstream:remotename)%00%(upstream:remoteref) refs/heads/main refs/remotes/main [3ms]
[2023-06-04T23:05:35.941Z] > git for-each-ref --sort -committerdate --format %(refname) %(objectname) %(*objectname) [6ms]
[2023-06-04T23:05:35.942Z] > git remote --verbose [2ms]
[2023-06-04T23:05:35.950Z] > git config --get commit.template [1ms]
[2023-06-04T23:05:37.002Z] > git status -z -uall [2ms]
[2023-06-04T23:05:37.009Z] > git symbolic-ref --short HEAD [2ms]
[2023-06-04T23:05:37.016Z] > git for-each-ref --format=%(refname)%00%(upstream:short)%00%(objectname)%00%(upstream:track)%00%(upstream:remotename)%00%(upstream:remoteref) refs/heads/main refs/remotes/main [2ms]
[2023-06-04T23:05:37.029Z] > git for-each-ref --sort -committerdate --format %(refname) %(objectname) %(*objectname) [7ms]
[2023-06-04T23:05:37.029Z] > git remote --verbose [2ms]
[2023-06-04T23:05:37.039Z] > git config --get commit.template [1ms]
[2023-06-04T23:05:37.151Z] > git ls-files --stage -- /home/kaiykato/minnow/writeups/check6.md [2ms]
[2023-06-04T23:05:37.157Z] > git cat-file -s b388ba1dcc1fe99047daceb38cc8759f13799d94 [1ms]
[2023-06-04T23:05:37.207Z] > git show --textconv :writeups/check6.md [1ms]
[2023-06-04T23:05:48.579Z] > git status -z -uall [3ms]
[2023-06-04T23:05:48.587Z] > git symbolic-ref --short HEAD [2ms]
[2023-06-04T23:05:48.594Z] > git for-each-ref --format=%(refname)%00%(upstream:short)%00%(objectname)%00%(upstream:track)%00%(upstream:remotename)%00%(upstream:remoteref) refs/heads/main refs/remotes/main [2ms]
[2023-06-04T23:05:48.606Z] > git for-each-ref --sort -committerdate --format %(refname) %(objectname) %(*objectname) [7ms]
[2023-06-04T23:05:48.607Z] > git remote --verbose [2ms]
[2023-06-04T23:05:48.616Z] > git config --get commit.template [1ms]
[2023-06-04T23:05:48.737Z] > git ls-files --stage -- /home/kaiykato/minnow/writeups/check6.md [1ms]
[2023-06-04T23:05:48.744Z] > git cat-file -s 87a66a89c47273376a65511b5b948b1391b0b457 [1ms]
[2023-06-04T23:05:48.797Z] > git show --textconv :writeups/check6.md [2ms]
[2023-06-04T23:05:54.708Z] > git status -z -uall [2ms]
[2023-06-04T23:05:54.715Z] > git symbolic-ref --short HEAD [1ms]
[2023-06-04T23:05:54.722Z] > git for-each-ref --format=%(refname)%00%(upstream:short)%00%(objectname)%00%(upstream:track)%00%(upstream:remotename)%00%(upstream:remoteref) refs/heads/main refs/remotes/main [2ms]
[2023-06-04T23:05:54.733Z] > git for-each-ref --sort -committerdate --format %(refname) %(objectname) %(*objectname) [6ms]
[2023-06-04T23:05:54.734Z] > git remote --verbose [2ms]
[2023-06-04T23:05:54.742Z] > git config --get commit.template [1ms]
[2023-06-04T23:05:54.758Z] > git ls-files --stage -- /home/kaiykato/minnow/writeups/check6.md [1ms]
[2023-06-04T23:05:54.764Z] > git cat-file -s 87a66a89c47273376a65511b5b948b1391b0b457 [1ms]
[2023-06-04T23:05:54.813Z] > git show --textconv :writeups/check6.md [2ms]
