[2023-05-22T04:48:03.664Z] Validating found git in: git
[2023-05-22T04:48:03.768Z] Using git 2.37.2 from git
[2023-05-22T04:48:03.807Z] > git rev-parse --show-toplevel [20ms]
[2023-05-22T04:48:03.807Z] fatal: not a git repository (or any of the parent directories): .git
[2023-05-22T04:48:03.843Z] > git rev-parse --show-toplevel [15ms]
[2023-05-22T04:48:03.876Z] > git rev-parse --git-dir --git-common-dir [20ms]
[2023-05-22T04:48:03.891Z] Open repository: /home/kaiykato/minnow
[2023-05-22T04:48:03.933Z] > git status -z -uall [28ms]
[2023-05-22T04:48:03.950Z] > git rev-parse --show-toplevel [32ms]
[2023-05-22T04:48:03.950Z] fatal: not a git repository (or any of the parent directories): .git
[2023-05-22T04:48:03.981Z] > git symbolic-ref --short HEAD [35ms]
[2023-05-22T04:48:03.996Z] > git rev-parse --show-toplevel [29ms]
[2023-05-22T04:48:03.996Z] fatal: not a git repository (or any of the parent directories): .git
[2023-05-22T04:48:04.016Z] > git for-each-ref --format=%(refname)%00%(upstream:short)%00%(objectname)%00%(upstream:track)%00%(upstream:remotename)%00%(upstream:remoteref) refs/heads/main refs/remotes/main [24ms]
[2023-05-22T04:48:04.060Z] > git for-each-ref --sort -committerdate --format %(refname) %(objectname) %(*objectname) [21ms]
[2023-05-22T04:48:04.068Z] > git rev-parse --show-toplevel [54ms]
[2023-05-22T04:48:04.068Z] fatal: not a git repository (or any of the parent directories): .git
[2023-05-22T04:48:04.091Z] > git remote --verbose [38ms]
[2023-05-22T04:48:04.133Z] > git rev-parse --show-toplevel [45ms]
[2023-05-22T04:48:04.133Z] fatal: not a git repository (or any of the parent directories): .git
[2023-05-22T04:48:04.198Z] > git config --get commit.template [68ms]
[2023-05-22T04:48:04.206Z] > git rev-parse --show-toplevel [56ms]
[2023-05-22T04:48:04.206Z] fatal: not a git repository (or any of the parent directories): .git
[2023-05-22T04:48:04.467Z] > git rev-parse --show-toplevel [248ms]
[2023-05-22T04:48:04.467Z] fatal: not a git repository (or any of the parent directories): .git
[2023-05-22T04:48:04.491Z] > git rev-parse --show-toplevel [13ms]
[2023-05-22T04:48:04.491Z] fatal: not a git repository (or any of the parent directories): .git
[2023-05-22T04:48:04.623Z] > git show --textconv :src/network_interface.cc [40ms]
[2023-05-22T04:48:04.623Z] > git show --textconv :src/network_interface.hh [25ms]
[2023-05-22T04:48:04.623Z] > git ls-files --stage -- /home/kaiykato/minnow/src/network_interface.cc [14ms]
[2023-05-22T04:48:04.645Z] > git ls-files --stage -- /home/kaiykato/minnow/src/network_interface.hh [23ms]
[2023-05-22T04:48:04.657Z] > git cat-file -s 773b406ee50f22c936c1cb3bfa2ba306068d2eb4 [15ms]
[2023-05-22T04:48:04.662Z] > git cat-file -s 7ae946830346d87168065ee17f114c76a5c0f22f [6ms]
[2023-05-22T04:48:05.166Z] > git check-ignore -v -z --stdin [149ms]
[2023-05-22T04:48:06.112Z] > git rev-parse --show-toplevel [13ms]
[2023-05-22T04:48:06.112Z] fatal: not a git repository (or any of the parent directories): .git
[2023-05-22T04:48:06.167Z] > git rev-parse --show-toplevel [17ms]
[2023-05-22T04:48:06.167Z] fatal: not a git repository (or any of the parent directories): .git
[2023-05-22T04:48:06.230Z] > git rev-parse --show-toplevel [52ms]
[2023-05-22T04:48:06.230Z] fatal: not a git repository (or any of the parent directories): .git
[2023-05-22T04:48:06.263Z] > git rev-parse --show-toplevel [17ms]
[2023-05-22T04:48:06.263Z] fatal: not a git repository (or any of the parent directories): .git
[2023-05-22T04:48:06.294Z] > git rev-parse --show-toplevel [18ms]
[2023-05-22T04:48:06.294Z] fatal: not a git repository (or any of the parent directories): .git
[2023-05-22T04:48:22.726Z] > git status -z -uall [2ms]
[2023-05-22T04:48:22.736Z] > git symbolic-ref --short HEAD [1ms]
[2023-05-22T04:48:22.752Z] > git for-each-ref --format=%(refname)%00%(upstream:short)%00%(objectname)%00%(upstream:track)%00%(upstream:remotename)%00%(upstream:remoteref) refs/heads/main refs/remotes/main [4ms]
[2023-05-22T04:48:22.774Z] > git for-each-ref --sort -committerdate --format %(refname) %(objectname) %(*objectname) [13ms]
[2023-05-22T04:48:22.776Z] > git remote --verbose [3ms]
[2023-05-22T04:48:22.789Z] > git config --get commit.template [1ms]
[2023-05-22T04:48:23.007Z] > git fetch [295ms]
[2023-05-22T04:48:23.016Z] > git status -z -uall [1ms]
[2023-05-22T04:48:23.026Z] > git symbolic-ref --short HEAD [2ms]
[2023-05-22T04:48:23.035Z] > git for-each-ref --format=%(refname)%00%(upstream:short)%00%(objectname)%00%(upstream:track)%00%(upstream:remotename)%00%(upstream:remoteref) refs/heads/main refs/remotes/main [2ms]
[2023-05-22T04:48:23.052Z] > git for-each-ref --sort -committerdate --format %(refname) %(objectname) %(*objectname) [10ms]
[2023-05-22T04:48:23.052Z] > git remote --verbose [2ms]
[2023-05-22T04:48:23.064Z] > git config --get commit.template [1ms]
[2023-05-22T04:48:24.321Z] > git ls-files --stage -- /home/kaiykato/minnow/src/network_interface.cc [10ms]
[2023-05-22T04:48:24.331Z] > git ls-files --stage -- /home/kaiykato/minnow/src/network_interface.hh [11ms]
[2023-05-22T04:48:24.341Z] > git cat-file -s 773b406ee50f22c936c1cb3bfa2ba306068d2eb4 [13ms]
[2023-05-22T04:48:24.342Z] > git cat-file -s 7ae946830346d87168065ee17f114c76a5c0f22f [2ms]
[2023-05-22T04:48:24.405Z] > git show --textconv :src/network_interface.cc [10ms]
[2023-05-22T04:48:24.407Z] > git show --textconv :src/network_interface.hh [3ms]
[2023-05-22T04:48:27.801Z] > git status -z -uall [3ms]
[2023-05-22T04:48:27.810Z] > git symbolic-ref --short HEAD [1ms]
[2023-05-22T04:48:27.820Z] > git for-each-ref --format=%(refname)%00%(upstream:short)%00%(objectname)%00%(upstream:track)%00%(upstream:remotename)%00%(upstream:remoteref) refs/heads/main refs/remotes/main [2ms]
[2023-05-22T04:48:27.835Z] > git for-each-ref --sort -committerdate --format %(refname) %(objectname) %(*objectname) [8ms]
[2023-05-22T04:48:27.835Z] > git remote --verbose [1ms]
[2023-05-22T04:48:27.848Z] > git config --get commit.template [2ms]
[2023-05-22T04:48:28.918Z] > git log --format=%H%n%aN%n%aE%n%at%n%ct%n%P%n%B -z -n21 -- /home/kaiykato/minnow/src/network_interface.cc [3ms]
[2023-05-22T04:48:29.765Z] > git check-ignore -v -z --stdin [1ms]
[2023-05-22T04:48:30.421Z] > git check-ignore -v -z --stdin [1ms]
[2023-05-22T04:48:32.023Z] > git check-ignore -v -z --stdin [1ms]
[2023-05-22T04:48:37.362Z] > git log --format=%H%n%aN%n%aE%n%at%n%ct%n%P%n%B -z -n21 -- /home/kaiykato/minnow/writeups/check4.md [6ms]
[2023-05-22T04:48:37.693Z] > git check-ignore -v -z --stdin [1ms]
[2023-05-22T04:48:37.964Z] > git show --textconv :writeups/check4.md [26ms]
[2023-05-22T04:48:37.964Z] > git ls-files --stage -- /home/kaiykato/minnow/writeups/check4.md [9ms]
[2023-05-22T04:48:37.978Z] > git cat-file -s 60239ecbfac5765b174a37eabc9e3fcccd812289 [7ms]
[2023-05-22T04:48:38.499Z] > git check-ignore -v -z --stdin [1ms]
[2023-05-22T04:51:23.351Z] > git fetch [278ms]
[2023-05-22T04:51:23.362Z] > git status -z -uall [2ms]
[2023-05-22T04:51:23.373Z] > git symbolic-ref --short HEAD [3ms]
[2023-05-22T04:51:23.383Z] > git for-each-ref --format=%(refname)%00%(upstream:short)%00%(objectname)%00%(upstream:track)%00%(upstream:remotename)%00%(upstream:remoteref) refs/heads/main refs/remotes/main [3ms]
[2023-05-22T04:51:23.400Z] > git for-each-ref --sort -committerdate --format %(refname) %(objectname) %(*objectname) [10ms]
[2023-05-22T04:51:23.400Z] > git remote --verbose [2ms]
[2023-05-22T04:51:23.412Z] > git config --get commit.template [1ms]
[2023-05-22T04:51:24.525Z] > git status -z -uall [2ms]
[2023-05-22T04:51:24.535Z] > git symbolic-ref --short HEAD [2ms]
[2023-05-22T04:51:24.545Z] > git for-each-ref --format=%(refname)%00%(upstream:short)%00%(objectname)%00%(upstream:track)%00%(upstream:remotename)%00%(upstream:remoteref) refs/heads/main refs/remotes/main [2ms]
[2023-05-22T04:51:24.562Z] > git for-each-ref --sort -committerdate --format %(refname) %(objectname) %(*objectname) [9ms]
[2023-05-22T04:51:24.563Z] > git remote --verbose [2ms]
[2023-05-22T04:51:24.575Z] > git config --get commit.template [1ms]
[2023-05-22T04:51:24.681Z] > git ls-files --stage -- /home/kaiykato/minnow/writeups/check4.md [4ms]
[2023-05-22T04:51:24.689Z] > git ls-files --stage -- /home/kaiykato/minnow/src/network_interface.hh [20ms]
[2023-05-22T04:51:24.697Z] > git cat-file -s 60239ecbfac5765b174a37eabc9e3fcccd812289 [9ms]
[2023-05-22T04:51:24.698Z] > git cat-file -s 7ae946830346d87168065ee17f114c76a5c0f22f [2ms]
[2023-05-22T04:51:24.761Z] > git show --textconv :writeups/check4.md [8ms]
[2023-05-22T04:51:24.762Z] > git show --textconv :src/network_interface.hh [2ms]
[2023-05-22T04:58:46.632Z] > git fetch [289ms]
[2023-05-22T04:58:46.641Z] > git status -z -uall [1ms]
[2023-05-22T04:58:46.649Z] > git symbolic-ref --short HEAD [1ms]
[2023-05-22T04:58:46.657Z] > git for-each-ref --format=%(refname)%00%(upstream:short)%00%(objectname)%00%(upstream:track)%00%(upstream:remotename)%00%(upstream:remoteref) refs/heads/main refs/remotes/main [2ms]
[2023-05-22T04:58:46.670Z] > git for-each-ref --sort -committerdate --format %(refname) %(objectname) %(*objectname) [7ms]
[2023-05-22T04:58:46.671Z] > git remote --verbose [1ms]
[2023-05-22T04:58:46.682Z] > git config --get commit.template [1ms]
[2023-05-22T04:58:47.786Z] > git status -z -uall [2ms]
[2023-05-22T04:58:47.793Z] > git symbolic-ref --short HEAD [1ms]
[2023-05-22T04:58:47.800Z] > git for-each-ref --format=%(refname)%00%(upstream:short)%00%(objectname)%00%(upstream:track)%00%(upstream:remotename)%00%(upstream:remoteref) refs/heads/main refs/remotes/main [2ms]
[2023-05-22T04:58:47.812Z] > git for-each-ref --sort -committerdate --format %(refname) %(objectname) %(*objectname) [6ms]
[2023-05-22T04:58:47.813Z] > git remote --verbose [2ms]
[2023-05-22T04:58:47.821Z] > git config --get commit.template [1ms]
[2023-05-22T04:58:47.933Z] > git ls-files --stage -- /home/kaiykato/minnow/src/network_interface.hh [8ms]
[2023-05-22T04:58:47.939Z] > git ls-files --stage -- /home/kaiykato/minnow/writeups/check4.md [7ms]
[2023-05-22T04:58:47.944Z] > git cat-file -s 7ae946830346d87168065ee17f114c76a5c0f22f [6ms]
[2023-05-22T04:58:47.945Z] > git cat-file -s 60239ecbfac5765b174a37eabc9e3fcccd812289 [1ms]
[2023-05-22T04:58:48.006Z] > git show --textconv :src/network_interface.hh [7ms]
[2023-05-22T04:58:48.007Z] > git show --textconv :writeups/check4.md [1ms]
[2023-05-22T04:58:52.832Z] > git status -z -uall [2ms]
[2023-05-22T04:58:52.840Z] > git symbolic-ref --short HEAD [1ms]
[2023-05-22T04:58:52.848Z] > git for-each-ref --format=%(refname)%00%(upstream:short)%00%(objectname)%00%(upstream:track)%00%(upstream:remotename)%00%(upstream:remoteref) refs/heads/main refs/remotes/main [2ms]
[2023-05-22T04:58:52.860Z] > git for-each-ref --sort -committerdate --format %(refname) %(objectname) %(*objectname) [7ms]
[2023-05-22T04:58:52.860Z] > git remote --verbose [1ms]
[2023-05-22T04:58:52.869Z] > git config --get commit.template [1ms]
[2023-05-22T05:12:36.520Z] > git fetch [323ms]
[2023-05-22T05:12:36.530Z] > git status -z -uall [1ms]
[2023-05-22T05:12:36.538Z] > git symbolic-ref --short HEAD [2ms]
[2023-05-22T05:12:36.546Z] > git for-each-ref --format=%(refname)%00%(upstream:short)%00%(objectname)%00%(upstream:track)%00%(upstream:remotename)%00%(upstream:remoteref) refs/heads/main refs/remotes/main [2ms]
[2023-05-22T05:12:36.561Z] > git for-each-ref --sort -committerdate --format %(refname) %(objectname) %(*objectname) [8ms]
[2023-05-22T05:12:36.562Z] > git remote --verbose [3ms]
[2023-05-22T05:12:36.574Z] > git config --get commit.template [2ms]
[2023-05-22T05:12:37.681Z] > git status -z -uall [2ms]
[2023-05-22T05:12:37.689Z] > git symbolic-ref --short HEAD [1ms]
[2023-05-22T05:12:37.699Z] > git for-each-ref --format=%(refname)%00%(upstream:short)%00%(objectname)%00%(upstream:track)%00%(upstream:remotename)%00%(upstream:remoteref) refs/heads/main refs/remotes/main [3ms]
[2023-05-22T05:12:37.714Z] > git for-each-ref --sort -committerdate --format %(refname) %(objectname) %(*objectname) [8ms]
[2023-05-22T05:12:37.714Z] > git remote --verbose [2ms]
[2023-05-22T05:12:37.724Z] > git config --get commit.template [2ms]
[2023-05-22T05:12:37.868Z] > git ls-files --stage -- /home/kaiykato/minnow/src/network_interface.hh [9ms]
[2023-05-22T05:12:37.876Z] > git ls-files --stage -- /home/kaiykato/minnow/writeups/check4.md [9ms]
[2023-05-22T05:12:37.883Z] > git cat-file -s 7ae946830346d87168065ee17f114c76a5c0f22f [8ms]
[2023-05-22T05:12:37.884Z] > git cat-file -s 60239ecbfac5765b174a37eabc9e3fcccd812289 [2ms]
[2023-05-22T05:12:37.941Z] > git show --textconv :src/network_interface.hh [8ms]
[2023-05-22T05:12:37.943Z] > git show --textconv :writeups/check4.md [2ms]
[2023-05-22T05:12:53.917Z] > git status -z -uall [3ms]
[2023-05-22T05:12:53.935Z] > git symbolic-ref --short HEAD [1ms]
[2023-05-22T05:12:53.947Z] > git for-each-ref --format=%(refname)%00%(upstream:short)%00%(objectname)%00%(upstream:track)%00%(upstream:remotename)%00%(upstream:remoteref) refs/heads/main refs/remotes/main [3ms]
[2023-05-22T05:12:53.962Z] > git for-each-ref --sort -committerdate --format %(refname) %(objectname) %(*objectname) [7ms]
[2023-05-22T05:12:53.963Z] > git remote --verbose [2ms]
[2023-05-22T05:12:53.972Z] > git config --get commit.template [1ms]
[2023-05-22T05:15:36.882Z] > git fetch [299ms]
[2023-05-22T05:15:36.892Z] > git status -z -uall [2ms]
[2023-05-22T05:15:36.900Z] > git symbolic-ref --short HEAD [1ms]
[2023-05-22T05:15:36.908Z] > git for-each-ref --format=%(refname)%00%(upstream:short)%00%(objectname)%00%(upstream:track)%00%(upstream:remotename)%00%(upstream:remoteref) refs/heads/main refs/remotes/main [2ms]
[2023-05-22T05:15:36.923Z] > git for-each-ref --sort -committerdate --format %(refname) %(objectname) %(*objectname) [9ms]
[2023-05-22T05:15:36.923Z] > git remote --verbose [1ms]
[2023-05-22T05:15:36.937Z] > git config --get commit.template [2ms]
[2023-05-22T05:15:38.040Z] > git status -z -uall [2ms]
[2023-05-22T05:15:38.049Z] > git symbolic-ref --short HEAD [2ms]
[2023-05-22T05:15:38.058Z] > git for-each-ref --format=%(refname)%00%(upstream:short)%00%(objectname)%00%(upstream:track)%00%(upstream:remotename)%00%(upstream:remoteref) refs/heads/main refs/remotes/main [2ms]
[2023-05-22T05:15:38.072Z] > git for-each-ref --sort -committerdate --format %(refname) %(objectname) %(*objectname) [7ms]
[2023-05-22T05:15:38.072Z] > git remote --verbose [1ms]
[2023-05-22T05:15:38.081Z] > git config --get commit.template [1ms]
[2023-05-22T05:15:38.191Z] > git ls-files --stage -- /home/kaiykato/minnow/src/network_interface.hh [8ms]
[2023-05-22T05:15:38.198Z] > git ls-files --stage -- /home/kaiykato/minnow/writeups/check4.md [8ms]
[2023-05-22T05:15:38.205Z] > git cat-file -s 7ae946830346d87168065ee17f114c76a5c0f22f [8ms]
[2023-05-22T05:15:38.206Z] > git cat-file -s 60239ecbfac5765b174a37eabc9e3fcccd812289 [1ms]
[2023-05-22T05:15:38.260Z] > git show --textconv :src/network_interface.hh [8ms]
[2023-05-22T05:15:38.261Z] > git show --textconv :writeups/check4.md [1ms]
[2023-05-22T05:16:06.231Z] > git status -z -uall [2ms]
[2023-05-22T05:16:06.241Z] > git symbolic-ref --short HEAD [2ms]
[2023-05-22T05:16:06.249Z] > git for-each-ref --format=%(refname)%00%(upstream:short)%00%(objectname)%00%(upstream:track)%00%(upstream:remotename)%00%(upstream:remoteref) refs/heads/main refs/remotes/main [3ms]
[2023-05-22T05:16:06.262Z] > git for-each-ref --sort -committerdate --format %(refname) %(objectname) %(*objectname) [7ms]
[2023-05-22T05:16:06.262Z] > git remote --verbose [1ms]
[2023-05-22T05:16:06.271Z] > git config --get commit.template [2ms]
[2023-05-22T05:18:37.274Z] > git fetch [327ms]
[2023-05-22T05:18:37.284Z] > git status -z -uall [2ms]
[2023-05-22T05:18:37.293Z] > git symbolic-ref --short HEAD [1ms]
[2023-05-22T05:18:37.303Z] > git for-each-ref --format=%(refname)%00%(upstream:short)%00%(objectname)%00%(upstream:track)%00%(upstream:remotename)%00%(upstream:remoteref) refs/heads/main refs/remotes/main [2ms]
[2023-05-22T05:18:37.321Z] > git for-each-ref --sort -committerdate --format %(refname) %(objectname) %(*objectname) [10ms]
[2023-05-22T05:18:37.322Z] > git remote --verbose [3ms]
[2023-05-22T05:18:37.333Z] > git config --get commit.template [2ms]
[2023-05-22T05:18:38.455Z] > git status -z -uall [2ms]
[2023-05-22T05:18:38.464Z] > git symbolic-ref --short HEAD [1ms]
[2023-05-22T05:18:38.473Z] > git for-each-ref --format=%(refname)%00%(upstream:short)%00%(objectname)%00%(upstream:track)%00%(upstream:remotename)%00%(upstream:remoteref) refs/heads/main refs/remotes/main [2ms]
[2023-05-22T05:18:38.490Z] > git for-each-ref --sort -committerdate --format %(refname) %(objectname) %(*objectname) [9ms]
[2023-05-22T05:18:38.490Z] > git remote --verbose [3ms]
[2023-05-22T05:18:38.502Z] > git config --get commit.template [2ms]
[2023-05-22T05:18:38.612Z] > git ls-files --stage -- /home/kaiykato/minnow/src/network_interface.hh [9ms]
[2023-05-22T05:18:38.619Z] > git ls-files --stage -- /home/kaiykato/minnow/writeups/check4.md [8ms]
[2023-05-22T05:18:38.627Z] > git cat-file -s 7ae946830346d87168065ee17f114c76a5c0f22f [9ms]
[2023-05-22T05:18:38.628Z] > git cat-file -s 60239ecbfac5765b174a37eabc9e3fcccd812289 [2ms]
[2023-05-22T05:18:38.699Z] > git show --textconv :src/network_interface.hh [8ms]
[2023-05-22T05:18:38.700Z] > git show --textconv :writeups/check4.md [2ms]
[2023-05-22T05:21:37.622Z] > git fetch [280ms]
[2023-05-22T05:21:37.632Z] > git status -z -uall [2ms]
[2023-05-22T05:21:37.641Z] > git symbolic-ref --short HEAD [1ms]
[2023-05-22T05:21:37.651Z] > git for-each-ref --format=%(refname)%00%(upstream:short)%00%(objectname)%00%(upstream:track)%00%(upstream:remotename)%00%(upstream:remoteref) refs/heads/main refs/remotes/main [3ms]
[2023-05-22T05:21:37.667Z] > git for-each-ref --sort -committerdate --format %(refname) %(objectname) %(*objectname) [9ms]
[2023-05-22T05:21:37.668Z] > git remote --verbose [2ms]
[2023-05-22T05:21:37.678Z] > git config --get commit.template [1ms]
[2023-05-22T05:21:38.784Z] > git status -z -uall [2ms]
[2023-05-22T05:21:38.792Z] > git symbolic-ref --short HEAD [1ms]
[2023-05-22T05:21:38.801Z] > git for-each-ref --format=%(refname)%00%(upstream:short)%00%(objectname)%00%(upstream:track)%00%(upstream:remotename)%00%(upstream:remoteref) refs/heads/main refs/remotes/main [3ms]
[2023-05-22T05:21:38.813Z] > git for-each-ref --sort -committerdate --format %(refname) %(objectname) %(*objectname) [7ms]
[2023-05-22T05:21:38.814Z] > git remote --verbose [2ms]
[2023-05-22T05:21:38.823Z] > git config --get commit.template [2ms]
[2023-05-22T05:21:38.936Z] > git ls-files --stage -- /home/kaiykato/minnow/writeups/check4.md [3ms]
[2023-05-22T05:21:38.944Z] > git ls-files --stage -- /home/kaiykato/minnow/src/network_interface.hh [18ms]
[2023-05-22T05:21:38.951Z] > git cat-file -s 60239ecbfac5765b174a37eabc9e3fcccd812289 [8ms]
[2023-05-22T05:21:38.952Z] > git cat-file -s 7ae946830346d87168065ee17f114c76a5c0f22f [2ms]
[2023-05-22T05:21:39.018Z] > git show --textconv :writeups/check4.md [9ms]
[2023-05-22T05:21:39.019Z] > git show --textconv :src/network_interface.hh [2ms]
[2023-05-22T05:22:50.105Z] > git show --textconv :src/network_interface.cc [9ms]
[2023-05-22T05:22:50.107Z] > git ls-files --stage -- /home/kaiykato/minnow/src/network_interface.cc [3ms]
[2023-05-22T05:22:50.115Z] > git cat-file -s 773b406ee50f22c936c1cb3bfa2ba306068d2eb4 [2ms]
[2023-05-22T05:23:02.032Z] > git show --textconv :writeups/check4.md [9ms]
[2023-05-22T05:23:02.035Z] > git ls-files --stage -- /home/kaiykato/minnow/writeups/check4.md [3ms]
[2023-05-22T05:23:02.042Z] > git cat-file -s 60239ecbfac5765b174a37eabc9e3fcccd812289 [1ms]
[2023-05-22T05:23:08.703Z] > git status -z -uall [3ms]
[2023-05-22T05:23:08.712Z] > git symbolic-ref --short HEAD [2ms]
[2023-05-22T05:23:08.721Z] > git for-each-ref --format=%(refname)%00%(upstream:short)%00%(objectname)%00%(upstream:track)%00%(upstream:remotename)%00%(upstream:remoteref) refs/heads/main refs/remotes/main [2ms]
[2023-05-22T05:23:08.737Z] > git for-each-ref --sort -committerdate --format %(refname) %(objectname) %(*objectname) [8ms]
[2023-05-22T05:23:08.737Z] > git remote --verbose [1ms]
[2023-05-22T05:23:08.748Z] > git config --get commit.template [2ms]
[2023-05-22T05:23:53.966Z] > git status -z -uall [2ms]
[2023-05-22T05:23:53.974Z] > git symbolic-ref --short HEAD [1ms]
[2023-05-22T05:23:53.984Z] > git for-each-ref --format=%(refname)%00%(upstream:short)%00%(objectname)%00%(upstream:track)%00%(upstream:remotename)%00%(upstream:remoteref) refs/heads/main refs/remotes/main [3ms]
[2023-05-22T05:23:53.999Z] > git for-each-ref --sort -committerdate --format %(refname) %(objectname) %(*objectname) [8ms]
[2023-05-22T05:23:53.999Z] > git remote --verbose [1ms]
[2023-05-22T05:23:54.010Z] > git config --get commit.template [2ms]
[2023-05-22T05:24:37.978Z] > git fetch [290ms]
[2023-05-22T05:24:37.988Z] > git status -z -uall [2ms]
[2023-05-22T05:24:37.997Z] > git symbolic-ref --short HEAD [2ms]
[2023-05-22T05:24:38.006Z] > git for-each-ref --format=%(refname)%00%(upstream:short)%00%(objectname)%00%(upstream:track)%00%(upstream:remotename)%00%(upstream:remoteref) refs/heads/main refs/remotes/main [3ms]
[2023-05-22T05:24:38.020Z] > git for-each-ref --sort -committerdate --format %(refname) %(objectname) %(*objectname) [8ms]
[2023-05-22T05:24:38.020Z] > git remote --verbose [1ms]
[2023-05-22T05:24:38.030Z] > git config --get commit.template [1ms]
[2023-05-22T05:24:39.196Z] > git status -z -uall [2ms]
[2023-05-22T05:24:39.205Z] > git symbolic-ref --short HEAD [3ms]
[2023-05-22T05:24:39.214Z] > git for-each-ref --format=%(refname)%00%(upstream:short)%00%(objectname)%00%(upstream:track)%00%(upstream:remotename)%00%(upstream:remoteref) refs/heads/main refs/remotes/main [2ms]
[2023-05-22T05:24:39.226Z] > git for-each-ref --sort -committerdate --format %(refname) %(objectname) %(*objectname) [7ms]
[2023-05-22T05:24:39.227Z] > git remote --verbose [2ms]
[2023-05-22T05:24:39.235Z] > git config --get commit.template [1ms]
[2023-05-22T05:24:39.387Z] > git ls-files --stage -- /home/kaiykato/minnow/src/network_interface.hh [9ms]
[2023-05-22T05:24:39.395Z] > git ls-files --stage -- /home/kaiykato/minnow/writeups/check4.md [9ms]
[2023-05-22T05:24:39.402Z] > git cat-file -s 7ae946830346d87168065ee17f114c76a5c0f22f [8ms]
[2023-05-22T05:24:39.403Z] > git cat-file -s 60239ecbfac5765b174a37eabc9e3fcccd812289 [2ms]
[2023-05-22T05:24:39.506Z] > git show --textconv :src/network_interface.hh [9ms]
[2023-05-22T05:24:39.507Z] > git show --textconv :writeups/check4.md [2ms]
[2023-05-22T05:25:54.788Z] > git status -z -uall [2ms]
[2023-05-22T05:25:54.796Z] > git symbolic-ref --short HEAD [1ms]
[2023-05-22T05:25:54.804Z] > git for-each-ref --format=%(refname)%00%(upstream:short)%00%(objectname)%00%(upstream:track)%00%(upstream:remotename)%00%(upstream:remoteref) refs/heads/main refs/remotes/main [2ms]
[2023-05-22T05:25:54.817Z] > git for-each-ref --sort -committerdate --format %(refname) %(objectname) %(*objectname) [7ms]
[2023-05-22T05:25:54.818Z] > git remote --verbose [2ms]
[2023-05-22T05:25:54.827Z] > git config --get commit.template [2ms]
[2023-05-22T05:26:42.288Z] > git status -z -uall [3ms]
[2023-05-22T05:26:42.297Z] > git symbolic-ref --short HEAD [1ms]
[2023-05-22T05:26:42.307Z] > git for-each-ref --format=%(refname)%00%(upstream:short)%00%(objectname)%00%(upstream:track)%00%(upstream:remotename)%00%(upstream:remoteref) refs/heads/main refs/remotes/main [2ms]
[2023-05-22T05:26:42.322Z] > git for-each-ref --sort -committerdate --format %(refname) %(objectname) %(*objectname) [8ms]
[2023-05-22T05:26:42.323Z] > git remote --verbose [2ms]
[2023-05-22T05:26:42.332Z] > git config --get commit.template [1ms]
[2023-05-22T05:27:37.540Z] > git status -z -uall [2ms]
[2023-05-22T05:27:37.548Z] > git symbolic-ref --short HEAD [1ms]
[2023-05-22T05:27:37.558Z] > git for-each-ref --format=%(refname)%00%(upstream:short)%00%(objectname)%00%(upstream:track)%00%(upstream:remotename)%00%(upstream:remoteref) refs/heads/main refs/remotes/main [3ms]
[2023-05-22T05:27:37.571Z] > git for-each-ref --sort -committerdate --format %(refname) %(objectname) %(*objectname) [7ms]
[2023-05-22T05:27:37.572Z] > git remote --verbose [2ms]
[2023-05-22T05:27:37.580Z] > git config --get commit.template [1ms]
[2023-05-22T05:27:38.327Z] > git fetch [286ms]
[2023-05-22T05:27:38.337Z] > git status -z -uall [2ms]
[2023-05-22T05:27:38.346Z] > git symbolic-ref --short HEAD [1ms]
[2023-05-22T05:27:38.355Z] > git for-each-ref --format=%(refname)%00%(upstream:short)%00%(objectname)%00%(upstream:track)%00%(upstream:remotename)%00%(upstream:remoteref) refs/heads/main refs/remotes/main [2ms]
[2023-05-22T05:27:38.369Z] > git for-each-ref --sort -committerdate --format %(refname) %(objectname) %(*objectname) [7ms]
[2023-05-22T05:27:38.370Z] > git remote --verbose [2ms]
[2023-05-22T05:27:38.380Z] > git config --get commit.template [2ms]
[2023-05-22T05:27:39.711Z] > git ls-files --stage -- /home/kaiykato/minnow/src/network_interface.hh [8ms]
[2023-05-22T05:27:39.718Z] > git ls-files --stage -- /home/kaiykato/minnow/writeups/check4.md [8ms]
[2023-05-22T05:27:39.725Z] > git cat-file -s 7ae946830346d87168065ee17f114c76a5c0f22f [7ms]
[2023-05-22T05:27:39.726Z] > git cat-file -s 60239ecbfac5765b174a37eabc9e3fcccd812289 [2ms]
[2023-05-22T05:27:39.782Z] > git show --textconv :src/network_interface.hh [8ms]
[2023-05-22T05:27:39.784Z] > git show --textconv :writeups/check4.md [2ms]
[2023-05-22T05:27:42.591Z] > git status -z -uall [2ms]
[2023-05-22T05:27:42.599Z] > git symbolic-ref --short HEAD [1ms]
[2023-05-22T05:27:42.608Z] > git for-each-ref --format=%(refname)%00%(upstream:short)%00%(objectname)%00%(upstream:track)%00%(upstream:remotename)%00%(upstream:remoteref) refs/heads/main refs/remotes/main [2ms]
[2023-05-22T05:27:42.622Z] > git for-each-ref --sort -committerdate --format %(refname) %(objectname) %(*objectname) [8ms]
[2023-05-22T05:27:42.622Z] > git remote --verbose [1ms]
[2023-05-22T05:27:42.633Z] > git config --get commit.template [2ms]
[2023-05-22T05:29:43.331Z] > git status -z -uall [3ms]
[2023-05-22T05:29:43.339Z] > git symbolic-ref --short HEAD [1ms]
[2023-05-22T05:29:43.348Z] > git for-each-ref --format=%(refname)%00%(upstream:short)%00%(objectname)%00%(upstream:track)%00%(upstream:remotename)%00%(upstream:remoteref) refs/heads/main refs/remotes/main [2ms]
[2023-05-22T05:29:43.361Z] > git for-each-ref --sort -committerdate --format %(refname) %(objectname) %(*objectname) [7ms]
[2023-05-22T05:29:43.361Z] > git remote --verbose [1ms]
[2023-05-22T05:29:43.371Z] > git config --get commit.template [1ms]
[2023-05-22T05:30:38.708Z] > git fetch [319ms]
[2023-05-22T05:30:38.717Z] > git status -z -uall [1ms]
[2023-05-22T05:30:38.725Z] > git symbolic-ref --short HEAD [1ms]
[2023-05-22T05:30:38.733Z] > git for-each-ref --format=%(refname)%00%(upstream:short)%00%(objectname)%00%(upstream:track)%00%(upstream:remotename)%00%(upstream:remoteref) refs/heads/main refs/remotes/main [2ms]
[2023-05-22T05:30:38.744Z] > git for-each-ref --sort -committerdate --format %(refname) %(objectname) %(*objectname) [6ms]
[2023-05-22T05:30:38.745Z] > git remote --verbose [2ms]
[2023-05-22T05:30:38.752Z] > git config --get commit.template [1ms]
[2023-05-22T05:30:39.862Z] > git status -z -uall [2ms]
[2023-05-22T05:30:39.870Z] > git symbolic-ref --short HEAD [1ms]
[2023-05-22T05:30:39.878Z] > git for-each-ref --format=%(refname)%00%(upstream:short)%00%(objectname)%00%(upstream:track)%00%(upstream:remotename)%00%(upstream:remoteref) refs/heads/main refs/remotes/main [2ms]
[2023-05-22T05:30:39.892Z] > git for-each-ref --sort -committerdate --format %(refname) %(objectname) %(*objectname) [7ms]
[2023-05-22T05:30:39.892Z] > git remote --verbose [1ms]
[2023-05-22T05:30:39.900Z] > git config --get commit.template [1ms]
[2023-05-22T05:30:40.043Z] > git ls-files --stage -- /home/kaiykato/minnow/src/network_interface.hh [9ms]
[2023-05-22T05:30:40.051Z] > git ls-files --stage -- /home/kaiykato/minnow/writeups/check4.md [9ms]
[2023-05-22T05:30:40.059Z] > git cat-file -s 7ae946830346d87168065ee17f114c76a5c0f22f [8ms]
[2023-05-22T05:30:40.060Z] > git cat-file -s 60239ecbfac5765b174a37eabc9e3fcccd812289 [2ms]
[2023-05-22T05:30:40.121Z] > git show --textconv :src/network_interface.hh [9ms]
[2023-05-22T05:30:40.122Z] > git show --textconv :writeups/check4.md [2ms]
[2023-05-22T05:30:57.175Z] > git status -z -uall [3ms]
[2023-05-22T05:30:57.183Z] > git symbolic-ref --short HEAD [1ms]
[2023-05-22T05:30:57.193Z] > git for-each-ref --format=%(refname)%00%(upstream:short)%00%(objectname)%00%(upstream:track)%00%(upstream:remotename)%00%(upstream:remoteref) refs/heads/main refs/remotes/main [2ms]
[2023-05-22T05:30:57.207Z] > git for-each-ref --sort -committerdate --format %(refname) %(objectname) %(*objectname) [8ms]
[2023-05-22T05:30:57.208Z] > git remote --verbose [2ms]
[2023-05-22T05:30:57.217Z] > git config --get commit.template [1ms]
[2023-05-22T05:33:39.037Z] > git fetch [275ms]
[2023-05-22T05:33:39.047Z] > git status -z -uall [2ms]
[2023-05-22T05:33:39.055Z] > git symbolic-ref --short HEAD [1ms]
[2023-05-22T05:33:39.064Z] > git for-each-ref --format=%(refname)%00%(upstream:short)%00%(objectname)%00%(upstream:track)%00%(upstream:remotename)%00%(upstream:remoteref) refs/heads/main refs/remotes/main [3ms]
[2023-05-22T05:33:39.079Z] > git for-each-ref --sort -committerdate --format %(refname) %(objectname) %(*objectname) [8ms]
[2023-05-22T05:33:39.079Z] > git remote --verbose [1ms]
[2023-05-22T05:33:39.088Z] > git config --get commit.template [1ms]
[2023-05-22T05:33:40.194Z] > git status -z -uall [2ms]
[2023-05-22T05:33:40.202Z] > git symbolic-ref --short HEAD [1ms]
[2023-05-22T05:33:40.210Z] > git for-each-ref --format=%(refname)%00%(upstream:short)%00%(objectname)%00%(upstream:track)%00%(upstream:remotename)%00%(upstream:remoteref) refs/heads/main refs/remotes/main [2ms]
[2023-05-22T05:33:40.223Z] > git for-each-ref --sort -committerdate --format %(refname) %(objectname) %(*objectname) [7ms]
[2023-05-22T05:33:40.223Z] > git remote --verbose [1ms]
[2023-05-22T05:33:40.232Z] > git config --get commit.template [1ms]
[2023-05-22T05:33:40.344Z] > git ls-files --stage -- /home/kaiykato/minnow/src/network_interface.hh [7ms]
[2023-05-22T05:33:40.351Z] > git ls-files --stage -- /home/kaiykato/minnow/writeups/check4.md [8ms]
[2023-05-22T05:33:40.357Z] > git cat-file -s 7ae946830346d87168065ee17f114c76a5c0f22f [7ms]
[2023-05-22T05:33:40.358Z] > git cat-file -s 60239ecbfac5765b174a37eabc9e3fcccd812289 [2ms]
[2023-05-22T05:33:40.415Z] > git show --textconv :src/network_interface.hh [9ms]
[2023-05-22T05:33:40.416Z] > git show --textconv :writeups/check4.md [2ms]
[2023-05-22T05:36:39.393Z] > git fetch [296ms]
[2023-05-22T05:36:39.403Z] > git status -z -uall [2ms]
[2023-05-22T05:36:39.411Z] > git symbolic-ref --short HEAD [1ms]
[2023-05-22T05:36:39.420Z] > git for-each-ref --format=%(refname)%00%(upstream:short)%00%(objectname)%00%(upstream:track)%00%(upstream:remotename)%00%(upstream:remoteref) refs/heads/main refs/remotes/main [2ms]
[2023-05-22T05:36:39.434Z] > git for-each-ref --sort -committerdate --format %(refname) %(objectname) %(*objectname) [7ms]
[2023-05-22T05:36:39.435Z] > git remote --verbose [2ms]
[2023-05-22T05:36:39.445Z] > git config --get commit.template [1ms]
[2023-05-22T05:36:40.549Z] > git status -z -uall [2ms]
[2023-05-22T05:36:40.559Z] > git symbolic-ref --short HEAD [1ms]
[2023-05-22T05:36:40.567Z] > git for-each-ref --format=%(refname)%00%(upstream:short)%00%(objectname)%00%(upstream:track)%00%(upstream:remotename)%00%(upstream:remoteref) refs/heads/main refs/remotes/main [2ms]
[2023-05-22T05:36:40.582Z] > git for-each-ref --sort -committerdate --format %(refname) %(objectname) %(*objectname) [8ms]
[2023-05-22T05:36:40.582Z] > git remote --verbose [1ms]
[2023-05-22T05:36:40.592Z] > git config --get commit.template [1ms]
[2023-05-22T05:36:40.700Z] > git ls-files --stage -- /home/kaiykato/minnow/writeups/check4.md [4ms]
[2023-05-22T05:36:40.708Z] > git ls-files --stage -- /home/kaiykato/minnow/src/network_interface.hh [20ms]
[2023-05-22T05:36:40.716Z] > git cat-file -s 60239ecbfac5765b174a37eabc9e3fcccd812289 [9ms]
[2023-05-22T05:36:40.717Z] > git cat-file -s 7ae946830346d87168065ee17f114c76a5c0f22f [2ms]
[2023-05-22T05:36:40.779Z] > git show --textconv :writeups/check4.md [8ms]
[2023-05-22T05:36:40.780Z] > git show --textconv :src/network_interface.hh [2ms]
[2023-05-22T05:39:39.776Z] > git fetch [322ms]
[2023-05-22T05:39:39.786Z] > git status -z -uall [2ms]
[2023-05-22T05:39:39.796Z] > git symbolic-ref --short HEAD [2ms]
[2023-05-22T05:39:39.805Z] > git for-each-ref --format=%(refname)%00%(upstream:short)%00%(objectname)%00%(upstream:track)%00%(upstream:remotename)%00%(upstream:remoteref) refs/heads/main refs/remotes/main [2ms]
[2023-05-22T05:39:39.820Z] > git for-each-ref --sort -committerdate --format %(refname) %(objectname) %(*objectname) [8ms]
[2023-05-22T05:39:39.821Z] > git remote --verbose [2ms]
[2023-05-22T05:39:39.830Z] > git config --get commit.template [1ms]
[2023-05-22T05:39:40.937Z] > git status -z -uall [2ms]
[2023-05-22T05:39:40.946Z] > git symbolic-ref --short HEAD [1ms]
[2023-05-22T05:39:40.955Z] > git for-each-ref --format=%(refname)%00%(upstream:short)%00%(objectname)%00%(upstream:track)%00%(upstream:remotename)%00%(upstream:remoteref) refs/heads/main refs/remotes/main [2ms]
[2023-05-22T05:39:40.972Z] > git for-each-ref --sort -committerdate --format %(refname) %(objectname) %(*objectname) [9ms]
[2023-05-22T05:39:40.972Z] > git remote --verbose [1ms]
[2023-05-22T05:39:40.983Z] > git config --get commit.template [2ms]
[2023-05-22T05:39:41.088Z] > git ls-files --stage -- /home/kaiykato/minnow/writeups/check4.md [5ms]
[2023-05-22T05:39:41.096Z] > git ls-files --stage -- /home/kaiykato/minnow/src/network_interface.hh [20ms]
[2023-05-22T05:39:41.104Z] > git cat-file -s 60239ecbfac5765b174a37eabc9e3fcccd812289 [9ms]
[2023-05-22T05:39:41.105Z] > git cat-file -s 7ae946830346d87168065ee17f114c76a5c0f22f [2ms]
[2023-05-22T05:39:41.170Z] > git show --textconv :writeups/check4.md [10ms]
[2023-05-22T05:39:41.171Z] > git show --textconv :src/network_interface.hh [2ms]
[2023-05-22T05:42:40.115Z] > git fetch [275ms]
[2023-05-22T05:42:40.125Z] > git status -z -uall [2ms]
[2023-05-22T05:42:40.133Z] > git symbolic-ref --short HEAD [1ms]
[2023-05-22T05:42:40.141Z] > git for-each-ref --format=%(refname)%00%(upstream:short)%00%(objectname)%00%(upstream:track)%00%(upstream:remotename)%00%(upstream:remoteref) refs/heads/main refs/remotes/main [2ms]
[2023-05-22T05:42:40.155Z] > git for-each-ref --sort -committerdate --format %(refname) %(objectname) %(*objectname) [8ms]
[2023-05-22T05:42:40.155Z] > git remote --verbose [1ms]
[2023-05-22T05:42:40.164Z] > git config --get commit.template [1ms]
[2023-05-22T05:42:41.333Z] > git status -z -uall [2ms]
[2023-05-22T05:42:41.342Z] > git symbolic-ref --short HEAD [1ms]
[2023-05-22T05:42:41.351Z] > git for-each-ref --format=%(refname)%00%(upstream:short)%00%(objectname)%00%(upstream:track)%00%(upstream:remotename)%00%(upstream:remoteref) refs/heads/main refs/remotes/main [2ms]
[2023-05-22T05:42:41.367Z] > git for-each-ref --sort -committerdate --format %(refname) %(objectname) %(*objectname) [8ms]
[2023-05-22T05:42:41.367Z] > git remote --verbose [1ms]
[2023-05-22T05:42:41.377Z] > git config --get commit.template [2ms]
[2023-05-22T05:42:41.481Z] > git ls-files --stage -- /home/kaiykato/minnow/writeups/check4.md [3ms]
[2023-05-22T05:42:41.487Z] > git ls-files --stage -- /home/kaiykato/minnow/src/network_interface.hh [16ms]
[2023-05-22T05:42:41.494Z] > git cat-file -s 60239ecbfac5765b174a37eabc9e3fcccd812289 [7ms]
[2023-05-22T05:42:41.496Z] > git cat-file -s 7ae946830346d87168065ee17f114c76a5c0f22f [3ms]
[2023-05-22T05:42:41.554Z] > git show --textconv :writeups/check4.md [9ms]
[2023-05-22T05:42:41.555Z] > git show --textconv :src/network_interface.hh [2ms]
[2023-05-22T05:45:40.451Z] > git fetch [277ms]
[2023-05-22T05:45:40.461Z] > git status -z -uall [2ms]
[2023-05-22T05:45:40.470Z] > git symbolic-ref --short HEAD [2ms]
[2023-05-22T05:45:40.479Z] > git for-each-ref --format=%(refname)%00%(upstream:short)%00%(objectname)%00%(upstream:track)%00%(upstream:remotename)%00%(upstream:remoteref) refs/heads/main refs/remotes/main [3ms]
[2023-05-22T05:45:40.494Z] > git for-each-ref --sort -committerdate --format %(refname) %(objectname) %(*objectname) [9ms]
[2023-05-22T05:45:40.494Z] > git remote --verbose [2ms]
[2023-05-22T05:45:40.504Z] > git config --get commit.template [1ms]
[2023-05-22T05:45:41.610Z] > git status -z -uall [2ms]
[2023-05-22T05:45:41.618Z] > git symbolic-ref --short HEAD [1ms]
[2023-05-22T05:45:41.628Z] > git for-each-ref --format=%(refname)%00%(upstream:short)%00%(objectname)%00%(upstream:track)%00%(upstream:remotename)%00%(upstream:remoteref) refs/heads/main refs/remotes/main [2ms]
[2023-05-22T05:45:41.643Z] > git for-each-ref --sort -committerdate --format %(refname) %(objectname) %(*objectname) [8ms]
[2023-05-22T05:45:41.644Z] > git remote --verbose [2ms]
[2023-05-22T05:45:41.654Z] > git config --get commit.template [1ms]
[2023-05-22T05:45:41.758Z] > git ls-files --stage -- /home/kaiykato/minnow/writeups/check4.md [4ms]
[2023-05-22T05:45:41.765Z] > git ls-files --stage -- /home/kaiykato/minnow/src/network_interface.hh [19ms]
[2023-05-22T05:45:41.772Z] > git cat-file -s 60239ecbfac5765b174a37eabc9e3fcccd812289 [8ms]
[2023-05-22T05:45:41.773Z] > git cat-file -s 7ae946830346d87168065ee17f114c76a5c0f22f [2ms]
[2023-05-22T05:45:41.836Z] > git show --textconv :writeups/check4.md [8ms]
[2023-05-22T05:45:41.837Z] > git show --textconv :src/network_interface.hh [2ms]
[2023-05-22T05:48:40.855Z] > git fetch [341ms]
[2023-05-22T05:48:40.864Z] > git status -z -uall [2ms]
[2023-05-22T05:48:40.872Z] > git symbolic-ref --short HEAD [1ms]
[2023-05-22T05:48:40.880Z] > git for-each-ref --format=%(refname)%00%(upstream:short)%00%(objectname)%00%(upstream:track)%00%(upstream:remotename)%00%(upstream:remoteref) refs/heads/main refs/remotes/main [2ms]
[2023-05-22T05:48:40.893Z] > git for-each-ref --sort -committerdate --format %(refname) %(objectname) %(*objectname) [7ms]
[2023-05-22T05:48:40.894Z] > git remote --verbose [2ms]
[2023-05-22T05:48:40.902Z] > git config --get commit.template [1ms]
[2023-05-22T05:48:42.004Z] > git status -z -uall [2ms]
[2023-05-22T05:48:42.012Z] > git symbolic-ref --short HEAD [1ms]
[2023-05-22T05:48:42.020Z] > git for-each-ref --format=%(refname)%00%(upstream:short)%00%(objectname)%00%(upstream:track)%00%(upstream:remotename)%00%(upstream:remoteref) refs/heads/main refs/remotes/main [2ms]
[2023-05-22T05:48:42.035Z] > git for-each-ref --sort -committerdate --format %(refname) %(objectname) %(*objectname) [7ms]
[2023-05-22T05:48:42.036Z] > git remote --verbose [2ms]
[2023-05-22T05:48:42.044Z] > git config --get commit.template [1ms]
[2023-05-22T05:48:42.154Z] > git ls-files --stage -- /home/kaiykato/minnow/writeups/check4.md [4ms]
[2023-05-22T05:48:42.162Z] > git ls-files --stage -- /home/kaiykato/minnow/src/network_interface.hh [20ms]
[2023-05-22T05:48:42.169Z] > git cat-file -s 60239ecbfac5765b174a37eabc9e3fcccd812289 [8ms]
[2023-05-22T05:48:42.170Z] > git cat-file -s 7ae946830346d87168065ee17f114c76a5c0f22f [1ms]
[2023-05-22T05:48:42.228Z] > git show --textconv :writeups/check4.md [8ms]
[2023-05-22T05:48:42.230Z] > git show --textconv :src/network_interface.hh [2ms]
[2023-05-22T05:51:41.201Z] > git fetch [289ms]
[2023-05-22T05:51:41.211Z] > git status -z -uall [2ms]
[2023-05-22T05:51:41.220Z] > git symbolic-ref --short HEAD [2ms]
[2023-05-22T05:51:41.229Z] > git for-each-ref --format=%(refname)%00%(upstream:short)%00%(objectname)%00%(upstream:track)%00%(upstream:remotename)%00%(upstream:remoteref) refs/heads/main refs/remotes/main [2ms]
[2023-05-22T05:51:41.245Z] > git for-each-ref --sort -committerdate --format %(refname) %(objectname) %(*objectname) [9ms]
[2023-05-22T05:51:41.245Z] > git remote --verbose [1ms]
[2023-05-22T05:51:41.256Z] > git config --get commit.template [1ms]
[2023-05-22T05:51:42.359Z] > git status -z -uall [2ms]
[2023-05-22T05:51:42.368Z] > git symbolic-ref --short HEAD [1ms]
[2023-05-22T05:51:42.377Z] > git for-each-ref --format=%(refname)%00%(upstream:short)%00%(objectname)%00%(upstream:track)%00%(upstream:remotename)%00%(upstream:remoteref) refs/heads/main refs/remotes/main [2ms]
[2023-05-22T05:51:42.392Z] > git for-each-ref --sort -committerdate --format %(refname) %(objectname) %(*objectname) [8ms]
[2023-05-22T05:51:42.393Z] > git remote --verbose [2ms]
[2023-05-22T05:51:42.403Z] > git config --get commit.template [2ms]
[2023-05-22T05:51:42.509Z] > git ls-files --stage -- /home/kaiykato/minnow/writeups/check4.md [4ms]
[2023-05-22T05:51:42.517Z] > git ls-files --stage -- /home/kaiykato/minnow/src/network_interface.hh [19ms]
[2023-05-22T05:51:42.527Z] > git cat-file -s 60239ecbfac5765b174a37eabc9e3fcccd812289 [11ms]
[2023-05-22T05:51:42.528Z] > git cat-file -s 7ae946830346d87168065ee17f114c76a5c0f22f [3ms]
[2023-05-22T05:51:42.589Z] > git show --textconv :writeups/check4.md [9ms]
[2023-05-22T05:51:42.590Z] > git show --textconv :src/network_interface.hh [2ms]
[2023-05-22T05:52:58.505Z] > git status -z -uall [3ms]
[2023-05-22T05:52:58.514Z] > git symbolic-ref --short HEAD [2ms]
[2023-05-22T05:52:58.523Z] > git for-each-ref --format=%(refname)%00%(upstream:short)%00%(objectname)%00%(upstream:track)%00%(upstream:remotename)%00%(upstream:remoteref) refs/heads/main refs/remotes/main [2ms]
[2023-05-22T05:52:58.538Z] > git for-each-ref --sort -committerdate --format %(refname) %(objectname) %(*objectname) [8ms]
[2023-05-22T05:52:58.539Z] > git remote --verbose [2ms]
[2023-05-22T05:52:58.548Z] > git config --get commit.template [1ms]
[2023-05-22T05:54:41.586Z] > git fetch [320ms]
[2023-05-22T05:54:41.596Z] > git status -z -uall [2ms]
[2023-05-22T05:54:41.604Z] > git symbolic-ref --short HEAD [1ms]
[2023-05-22T05:54:41.612Z] > git for-each-ref --format=%(refname)%00%(upstream:short)%00%(objectname)%00%(upstream:track)%00%(upstream:remotename)%00%(upstream:remoteref) refs/heads/main refs/remotes/main [2ms]
[2023-05-22T05:54:41.626Z] > git for-each-ref --sort -committerdate --format %(refname) %(objectname) %(*objectname) [7ms]
[2023-05-22T05:54:41.626Z] > git remote --verbose [1ms]
[2023-05-22T05:54:41.636Z] > git config --get commit.template [1ms]
[2023-05-22T05:54:42.741Z] > git status -z -uall [2ms]
[2023-05-22T05:54:42.748Z] > git symbolic-ref --short HEAD [1ms]
[2023-05-22T05:54:42.755Z] > git for-each-ref --format=%(refname)%00%(upstream:short)%00%(objectname)%00%(upstream:track)%00%(upstream:remotename)%00%(upstream:remoteref) refs/heads/main refs/remotes/main [2ms]
[2023-05-22T05:54:42.767Z] > git for-each-ref --sort -committerdate --format %(refname) %(objectname) %(*objectname) [6ms]
[2023-05-22T05:54:42.768Z] > git remote --verbose [2ms]
[2023-05-22T05:54:42.775Z] > git config --get commit.template [1ms]
[2023-05-22T05:54:42.920Z] > git ls-files --stage -- /home/kaiykato/minnow/src/network_interface.hh [7ms]
[2023-05-22T05:54:42.926Z] > git ls-files --stage -- /home/kaiykato/minnow/writeups/check4.md [7ms]
[2023-05-22T05:54:42.932Z] > git cat-file -s 7ae946830346d87168065ee17f114c76a5c0f22f [7ms]
[2023-05-22T05:54:42.933Z] > git cat-file -s 60239ecbfac5765b174a37eabc9e3fcccd812289 [1ms]
[2023-05-22T05:54:42.988Z] > git show --textconv :src/network_interface.hh [8ms]
[2023-05-22T05:54:42.990Z] > git show --textconv :writeups/check4.md [3ms]
[2023-05-22T05:57:12.843Z] > git status -z -uall [2ms]
[2023-05-22T05:57:12.851Z] > git symbolic-ref --short HEAD [1ms]
[2023-05-22T05:57:12.859Z] > git for-each-ref --format=%(refname)%00%(upstream:short)%00%(objectname)%00%(upstream:track)%00%(upstream:remotename)%00%(upstream:remoteref) refs/heads/main refs/remotes/main [2ms]
[2023-05-22T05:57:12.874Z] > git for-each-ref --sort -committerdate --format %(refname) %(objectname) %(*objectname) [8ms]
[2023-05-22T05:57:12.875Z] > git remote --verbose [2ms]
[2023-05-22T05:57:12.886Z] > git config --get commit.template [3ms]
[2023-05-22T05:57:25.002Z] > git status -z -uall [2ms]
[2023-05-22T05:57:25.010Z] > git symbolic-ref --short HEAD [1ms]
[2023-05-22T05:57:25.019Z] > git for-each-ref --format=%(refname)%00%(upstream:short)%00%(objectname)%00%(upstream:track)%00%(upstream:remotename)%00%(upstream:remoteref) refs/heads/main refs/remotes/main [2ms]
[2023-05-22T05:57:25.032Z] > git for-each-ref --sort -committerdate --format %(refname) %(objectname) %(*objectname) [7ms]
[2023-05-22T05:57:25.032Z] > git remote --verbose [1ms]
[2023-05-22T05:57:25.040Z] > git config --get commit.template [1ms]
[2023-05-22T05:57:41.969Z] > git fetch [324ms]
[2023-05-22T05:57:41.978Z] > git status -z -uall [2ms]
[2023-05-22T05:57:41.986Z] > git symbolic-ref --short HEAD [2ms]
[2023-05-22T05:57:41.994Z] > git for-each-ref --format=%(refname)%00%(upstream:short)%00%(objectname)%00%(upstream:track)%00%(upstream:remotename)%00%(upstream:remoteref) refs/heads/main refs/remotes/main [2ms]
[2023-05-22T05:57:42.006Z] > git for-each-ref --sort -committerdate --format %(refname) %(objectname) %(*objectname) [6ms]
[2023-05-22T05:57:42.007Z] > git remote --verbose [1ms]
[2023-05-22T05:57:42.015Z] > git config --get commit.template [1ms]
[2023-05-22T05:57:43.123Z] > git status -z -uall [0ms]
[2023-05-22T05:57:43.131Z] > git symbolic-ref --short HEAD [1ms]
[2023-05-22T05:57:43.139Z] > git for-each-ref --format=%(refname)%00%(upstream:short)%00%(objectname)%00%(upstream:track)%00%(upstream:remotename)%00%(upstream:remoteref) refs/heads/main refs/remotes/main [2ms]
[2023-05-22T05:57:43.152Z] > git remote --verbose [2ms]
[2023-05-22T05:57:43.152Z] > git for-each-ref --sort -committerdate --format %(refname) %(objectname) %(*objectname) [8ms]
[2023-05-22T05:57:43.162Z] > git config --get commit.template [1ms]
[2023-05-22T05:57:43.270Z] > git ls-files --stage -- /home/kaiykato/minnow/writeups/check4.md [3ms]
[2023-05-22T05:57:43.276Z] > git ls-files --stage -- /home/kaiykato/minnow/src/network_interface.hh [16ms]
[2023-05-22T05:57:43.282Z] > git cat-file -s 60239ecbfac5765b174a37eabc9e3fcccd812289 [6ms]
[2023-05-22T05:57:43.283Z] > git cat-file -s 7ae946830346d87168065ee17f114c76a5c0f22f [1ms]
[2023-05-22T05:57:43.348Z] > git show --textconv :writeups/check4.md [8ms]
[2023-05-22T05:57:43.349Z] > git show --textconv :src/network_interface.hh [2ms]
[2023-05-22T05:58:03.381Z] > git status -z -uall [2ms]
[2023-05-22T05:58:03.390Z] > git symbolic-ref --short HEAD [1ms]
[2023-05-22T05:58:03.398Z] > git for-each-ref --format=%(refname)%00%(upstream:short)%00%(objectname)%00%(upstream:track)%00%(upstream:remotename)%00%(upstream:remoteref) refs/heads/main refs/remotes/main [2ms]
[2023-05-22T05:58:03.411Z] > git for-each-ref --sort -committerdate --format %(refname) %(objectname) %(*objectname) [7ms]
[2023-05-22T05:58:03.412Z] > git remote --verbose [2ms]
[2023-05-22T05:58:03.422Z] > git config --get commit.template [3ms]
[2023-05-22T05:58:08.435Z] > git status -z -uall [2ms]
[2023-05-22T05:58:08.443Z] > git symbolic-ref --short HEAD [2ms]
[2023-05-22T05:58:08.454Z] > git for-each-ref --format=%(refname)%00%(upstream:short)%00%(objectname)%00%(upstream:track)%00%(upstream:remotename)%00%(upstream:remoteref) refs/heads/main refs/remotes/main [4ms]
[2023-05-22T05:58:08.465Z] > git for-each-ref --sort -committerdate --format %(refname) %(objectname) %(*objectname) [6ms]
[2023-05-22T05:58:08.466Z] > git remote --verbose [1ms]
[2023-05-22T05:58:08.473Z] > git config --get commit.template [1ms]
[2023-05-22T05:58:13.484Z] > git status -z -uall [2ms]
[2023-05-22T05:58:13.492Z] > git symbolic-ref --short HEAD [1ms]
[2023-05-22T05:58:13.502Z] > git for-each-ref --format=%(refname)%00%(upstream:short)%00%(objectname)%00%(upstream:track)%00%(upstream:remotename)%00%(upstream:remoteref) refs/heads/main refs/remotes/main [2ms]
[2023-05-22T05:58:13.515Z] > git for-each-ref --sort -committerdate --format %(refname) %(objectname) %(*objectname) [7ms]
[2023-05-22T05:58:13.515Z] > git remote --verbose [1ms]
[2023-05-22T05:58:13.524Z] > git config --get commit.template [2ms]
[2023-05-22T05:58:37.429Z] > git show --textconv :src/network_interface.cc [9ms]
[2023-05-22T05:58:37.429Z] > git ls-files --stage -- /home/kaiykato/minnow/src/network_interface.cc [2ms]
[2023-05-22T05:58:37.438Z] > git cat-file -s 773b406ee50f22c936c1cb3bfa2ba306068d2eb4 [2ms]
[2023-05-22T05:58:38.032Z] > git show --textconv :writeups/check4.md [9ms]
[2023-05-22T05:58:38.033Z] > git ls-files --stage -- /home/kaiykato/minnow/writeups/check4.md [2ms]
[2023-05-22T05:58:38.041Z] > git cat-file -s 60239ecbfac5765b174a37eabc9e3fcccd812289 [1ms]
[2023-05-22T06:00:14.023Z] > git show --textconv :util/ipv4_datagram.hh [11ms]
[2023-05-22T06:00:14.026Z] > git ls-files --stage -- /home/kaiykato/minnow/util/ipv4_datagram.hh [4ms]
[2023-05-22T06:00:14.036Z] > git cat-file -s ace04730ca6e9f792a11893d9ce5d1bcc510a89f [2ms]
[2023-05-22T06:00:18.393Z] > git show --textconv :src/network_interface.hh [7ms]
[2023-05-22T06:00:18.394Z] > git ls-files --stage -- /home/kaiykato/minnow/src/network_interface.hh [1ms]
[2023-05-22T06:00:18.402Z] > git cat-file -s 7ae946830346d87168065ee17f114c76a5c0f22f [2ms]
[2023-05-22T06:00:42.309Z] > git fetch [285ms]
[2023-05-22T06:00:42.318Z] > git status -z -uall [2ms]
[2023-05-22T06:00:42.326Z] > git symbolic-ref --short HEAD [1ms]
[2023-05-22T06:00:42.334Z] > git for-each-ref --format=%(refname)%00%(upstream:short)%00%(objectname)%00%(upstream:track)%00%(upstream:remotename)%00%(upstream:remoteref) refs/heads/main refs/remotes/main [2ms]
[2023-05-22T06:00:42.346Z] > git for-each-ref --sort -committerdate --format %(refname) %(objectname) %(*objectname) [7ms]
[2023-05-22T06:00:42.347Z] > git remote --verbose [2ms]
[2023-05-22T06:00:42.355Z] > git config --get commit.template [1ms]
[2023-05-22T06:00:43.456Z] > git status -z -uall [2ms]
[2023-05-22T06:00:43.464Z] > git symbolic-ref --short HEAD [1ms]
[2023-05-22T06:00:43.472Z] > git for-each-ref --format=%(refname)%00%(upstream:short)%00%(objectname)%00%(upstream:track)%00%(upstream:remotename)%00%(upstream:remoteref) refs/heads/main refs/remotes/main [2ms]
[2023-05-22T06:00:43.486Z] > git for-each-ref --sort -committerdate --format %(refname) %(objectname) %(*objectname) [9ms]
[2023-05-22T06:00:43.486Z] > git remote --verbose [1ms]
[2023-05-22T06:00:43.494Z] > git config --get commit.template [1ms]
[2023-05-22T06:00:43.605Z] > git ls-files --stage -- /home/kaiykato/minnow/writeups/check4.md [8ms]
[2023-05-22T06:00:43.610Z] > git ls-files --stage -- /home/kaiykato/minnow/src/network_interface.hh [6ms]
[2023-05-22T06:00:43.616Z] > git cat-file -s 60239ecbfac5765b174a37eabc9e3fcccd812289 [6ms]
[2023-05-22T06:00:43.617Z] > git cat-file -s 7ae946830346d87168065ee17f114c76a5c0f22f [1ms]
[2023-05-22T06:00:43.678Z] > git show --textconv :writeups/check4.md [7ms]
[2023-05-22T06:00:43.679Z] > git show --textconv :src/network_interface.hh [1ms]
[2023-05-22T06:02:59.789Z] > git status -z -uall [4ms]
[2023-05-22T06:02:59.799Z] > git symbolic-ref --short HEAD [2ms]
[2023-05-22T06:02:59.808Z] > git for-each-ref --format=%(refname)%00%(upstream:short)%00%(objectname)%00%(upstream:track)%00%(upstream:remotename)%00%(upstream:remoteref) refs/heads/main refs/remotes/main [2ms]
[2023-05-22T06:02:59.826Z] > git for-each-ref --sort -committerdate --format %(refname) %(objectname) %(*objectname) [10ms]
[2023-05-22T06:02:59.826Z] > git remote --verbose [2ms]
[2023-05-22T06:02:59.837Z] > git config --get commit.template [1ms]
[2023-05-22T06:03:02.574Z] > git show --textconv :util/ipv4_datagram.hh [9ms]
[2023-05-22T06:03:02.575Z] > git ls-files --stage -- /home/kaiykato/minnow/util/ipv4_datagram.hh [2ms]
[2023-05-22T06:03:02.583Z] > git cat-file -s ace04730ca6e9f792a11893d9ce5d1bcc510a89f [2ms]
[2023-05-22T06:03:03.196Z] > git show --textconv :src/network_interface.cc [8ms]
[2023-05-22T06:03:03.197Z] > git ls-files --stage -- /home/kaiykato/minnow/src/network_interface.cc [2ms]
[2023-05-22T06:03:03.205Z] > git cat-file -s 773b406ee50f22c936c1cb3bfa2ba306068d2eb4 [1ms]
[2023-05-22T06:03:42.674Z] > git fetch [309ms]
[2023-05-22T06:03:42.684Z] > git status -z -uall [2ms]
[2023-05-22T06:03:42.692Z] > git symbolic-ref --short HEAD [1ms]
[2023-05-22T06:03:42.701Z] > git for-each-ref --format=%(refname)%00%(upstream:short)%00%(objectname)%00%(upstream:track)%00%(upstream:remotename)%00%(upstream:remoteref) refs/heads/main refs/remotes/main [3ms]
[2023-05-22T06:03:42.714Z] > git for-each-ref --sort -committerdate --format %(refname) %(objectname) %(*objectname) [7ms]
[2023-05-22T06:03:42.715Z] > git remote --verbose [2ms]
[2023-05-22T06:03:42.723Z] > git config --get commit.template [1ms]
[2023-05-22T06:03:43.830Z] > git status -z -uall [2ms]
[2023-05-22T06:03:43.838Z] > git symbolic-ref --short HEAD [2ms]
[2023-05-22T06:03:43.845Z] > git for-each-ref --format=%(refname)%00%(upstream:short)%00%(objectname)%00%(upstream:track)%00%(upstream:remotename)%00%(upstream:remoteref) refs/heads/main refs/remotes/main [2ms]
[2023-05-22T06:03:43.859Z] > git for-each-ref --sort -committerdate --format %(refname) %(objectname) %(*objectname) [7ms]
[2023-05-22T06:03:43.859Z] > git remote --verbose [1ms]
[2023-05-22T06:03:43.867Z] > git config --get commit.template [1ms]
[2023-05-22T06:03:44.009Z] > git ls-files --stage -- /home/kaiykato/minnow/src/network_interface.cc [2ms]
[2023-05-22T06:03:44.014Z] > git ls-files --stage -- /home/kaiykato/minnow/writeups/check4.md [14ms]
[2023-05-22T06:03:44.022Z] > git cat-file -s 773b406ee50f22c936c1cb3bfa2ba306068d2eb4 [8ms]
[2023-05-22T06:03:44.023Z] > git cat-file -s 60239ecbfac5765b174a37eabc9e3fcccd812289 [3ms]
[2023-05-22T06:03:44.083Z] > git show --textconv :src/network_interface.cc [8ms]
[2023-05-22T06:03:44.084Z] > git show --textconv :writeups/check4.md [1ms]
[2023-05-22T06:06:43.020Z] > git fetch [287ms]
[2023-05-22T06:06:43.031Z] > git status -z -uall [3ms]
[2023-05-22T06:06:43.039Z] > git symbolic-ref --short HEAD [1ms]
[2023-05-22T06:06:43.048Z] > git for-each-ref --format=%(refname)%00%(upstream:short)%00%(objectname)%00%(upstream:track)%00%(upstream:remotename)%00%(upstream:remoteref) refs/heads/main refs/remotes/main [2ms]
[2023-05-22T06:06:43.063Z] > git for-each-ref --sort -committerdate --format %(refname) %(objectname) %(*objectname) [8ms]
[2023-05-22T06:06:43.064Z] > git remote --verbose [2ms]
[2023-05-22T06:06:43.072Z] > git config --get commit.template [1ms]
[2023-05-22T06:06:44.193Z] > git status -z -uall [1ms]
[2023-05-22T06:06:44.201Z] > git symbolic-ref --short HEAD [1ms]
[2023-05-22T06:06:44.210Z] > git for-each-ref --format=%(refname)%00%(upstream:short)%00%(objectname)%00%(upstream:track)%00%(upstream:remotename)%00%(upstream:remoteref) refs/heads/main refs/remotes/main [2ms]
[2023-05-22T06:06:44.225Z] > git for-each-ref --sort -committerdate --format %(refname) %(objectname) %(*objectname) [8ms]
[2023-05-22T06:06:44.226Z] > git remote --verbose [2ms]
[2023-05-22T06:06:44.236Z] > git config --get commit.template [2ms]
[2023-05-22T06:06:44.344Z] > git ls-files --stage -- /home/kaiykato/minnow/src/network_interface.cc [4ms]
[2023-05-22T06:06:44.352Z] > git ls-files --stage -- /home/kaiykato/minnow/writeups/check4.md [20ms]
[2023-05-22T06:06:44.360Z] > git cat-file -s 773b406ee50f22c936c1cb3bfa2ba306068d2eb4 [9ms]
[2023-05-22T06:06:44.361Z] > git cat-file -s 60239ecbfac5765b174a37eabc9e3fcccd812289 [2ms]
[2023-05-22T06:06:44.423Z] > git show --textconv :src/network_interface.cc [10ms]
[2023-05-22T06:06:44.423Z] > git show --textconv :writeups/check4.md [3ms]
[2023-05-22T06:10:18.956Z] > git fetch [316ms]
[2023-05-22T06:10:18.966Z] > git status -z -uall [1ms]
[2023-05-22T06:10:18.976Z] > git symbolic-ref --short HEAD [1ms]
[2023-05-22T06:10:18.986Z] > git for-each-ref --format=%(refname)%00%(upstream:short)%00%(objectname)%00%(upstream:track)%00%(upstream:remotename)%00%(upstream:remoteref) refs/heads/main refs/remotes/main [2ms]
[2023-05-22T06:10:19.000Z] > git for-each-ref --sort -committerdate --format %(refname) %(objectname) %(*objectname) [7ms]
[2023-05-22T06:10:19.001Z] > git remote --verbose [2ms]
[2023-05-22T06:10:19.011Z] > git config --get commit.template [1ms]
[2023-05-22T06:10:20.116Z] > git status -z -uall [2ms]
[2023-05-22T06:10:20.125Z] > git symbolic-ref --short HEAD [2ms]
[2023-05-22T06:10:20.133Z] > git for-each-ref --format=%(refname)%00%(upstream:short)%00%(objectname)%00%(upstream:track)%00%(upstream:remotename)%00%(upstream:remoteref) refs/heads/main refs/remotes/main [2ms]
[2023-05-22T06:10:20.146Z] > git for-each-ref --sort -committerdate --format %(refname) %(objectname) %(*objectname) [7ms]
[2023-05-22T06:10:20.146Z] > git remote --verbose [1ms]
[2023-05-22T06:10:20.154Z] > git config --get commit.template [1ms]
[2023-05-22T06:10:20.282Z] > git ls-files --stage -- /home/kaiykato/minnow/writeups/check4.md [8ms]
[2023-05-22T06:10:20.290Z] > git ls-files --stage -- /home/kaiykato/minnow/src/network_interface.cc [9ms]
[2023-05-22T06:10:20.298Z] > git cat-file -s 60239ecbfac5765b174a37eabc9e3fcccd812289 [9ms]
[2023-05-22T06:10:20.299Z] > git cat-file -s 773b406ee50f22c936c1cb3bfa2ba306068d2eb4 [2ms]
[2023-05-22T06:10:20.355Z] > git show --textconv :writeups/check4.md [9ms]
[2023-05-22T06:10:20.356Z] > git show --textconv :src/network_interface.cc [2ms]
[2023-05-22T06:13:19.316Z] > git fetch [295ms]
[2023-05-22T06:13:19.327Z] > git status -z -uall [2ms]
[2023-05-22T06:13:19.337Z] > git symbolic-ref --short HEAD [2ms]
[2023-05-22T06:13:19.346Z] > git for-each-ref --format=%(refname)%00%(upstream:short)%00%(objectname)%00%(upstream:track)%00%(upstream:remotename)%00%(upstream:remoteref) refs/heads/main refs/remotes/main [2ms]
[2023-05-22T06:13:19.364Z] > git for-each-ref --sort -committerdate --format %(refname) %(objectname) %(*objectname) [9ms]
[2023-05-22T06:13:19.364Z] > git remote --verbose [1ms]
[2023-05-22T06:13:19.375Z] > git config --get commit.template [1ms]
[2023-05-22T06:13:20.479Z] > git status -z -uall [2ms]
[2023-05-22T06:13:20.489Z] > git symbolic-ref --short HEAD [1ms]
[2023-05-22T06:13:20.498Z] > git for-each-ref --format=%(refname)%00%(upstream:short)%00%(objectname)%00%(upstream:track)%00%(upstream:remotename)%00%(upstream:remoteref) refs/heads/main refs/remotes/main [2ms]
[2023-05-22T06:13:20.514Z] > git for-each-ref --sort -committerdate --format %(refname) %(objectname) %(*objectname) [8ms]
[2023-05-22T06:13:20.515Z] > git remote --verbose [2ms]
[2023-05-22T06:13:20.525Z] > git config --get commit.template [2ms]
[2023-05-22T06:13:20.630Z] > git ls-files --stage -- /home/kaiykato/minnow/src/network_interface.cc [4ms]
[2023-05-22T06:13:20.638Z] > git ls-files --stage -- /home/kaiykato/minnow/writeups/check4.md [19ms]
[2023-05-22T06:13:20.645Z] > git cat-file -s 773b406ee50f22c936c1cb3bfa2ba306068d2eb4 [8ms]
[2023-05-22T06:13:20.646Z] > git cat-file -s 60239ecbfac5765b174a37eabc9e3fcccd812289 [2ms]
[2023-05-22T06:13:20.708Z] > git show --textconv :src/network_interface.cc [9ms]
[2023-05-22T06:13:20.708Z] > git show --textconv :writeups/check4.md [2ms]
[2023-05-22T06:14:44.577Z] > git status -z -uall [2ms]
[2023-05-22T06:14:44.584Z] > git symbolic-ref --short HEAD [1ms]
[2023-05-22T06:14:44.592Z] > git for-each-ref --format=%(refname)%00%(upstream:short)%00%(objectname)%00%(upstream:track)%00%(upstream:remotename)%00%(upstream:remoteref) refs/heads/main refs/remotes/main [2ms]
[2023-05-22T06:14:44.604Z] > git for-each-ref --sort -committerdate --format %(refname) %(objectname) %(*objectname) [7ms]
[2023-05-22T06:14:44.604Z] > git remote --verbose [1ms]
[2023-05-22T06:14:44.612Z] > git config --get commit.template [1ms]
[2023-05-22T06:15:08.407Z] > git status -z -uall [2ms]
[2023-05-22T06:15:08.415Z] > git symbolic-ref --short HEAD [1ms]
[2023-05-22T06:15:08.422Z] > git for-each-ref --format=%(refname)%00%(upstream:short)%00%(objectname)%00%(upstream:track)%00%(upstream:remotename)%00%(upstream:remoteref) refs/heads/main refs/remotes/main [2ms]
[2023-05-22T06:15:08.434Z] > git for-each-ref --sort -committerdate --format %(refname) %(objectname) %(*objectname) [6ms]
[2023-05-22T06:15:08.435Z] > git remote --verbose [2ms]
[2023-05-22T06:15:08.443Z] > git config --get commit.template [1ms]
[2023-05-22T06:15:08.557Z] > git ls-files --stage -- /home/kaiykato/minnow/writeups/check4.md [7ms]
[2023-05-22T06:15:08.564Z] > git ls-files --stage -- /home/kaiykato/minnow/src/network_interface.cc [7ms]
[2023-05-22T06:15:08.570Z] > git cat-file -s e96acbf9b48d6ec20c8562fe8be0ff2478bd2383 [7ms]
[2023-05-22T06:15:08.572Z] > git cat-file -s 773b406ee50f22c936c1cb3bfa2ba306068d2eb4 [2ms]
[2023-05-22T06:15:08.629Z] > git show --textconv :writeups/check4.md [7ms]
[2023-05-22T06:15:08.631Z] > git show --textconv :src/network_interface.cc [2ms]
[2023-05-22T06:15:28.581Z] > git status -z -uall [2ms]
[2023-05-22T06:15:28.588Z] > git symbolic-ref --short HEAD [1ms]
[2023-05-22T06:15:28.597Z] > git for-each-ref --format=%(refname)%00%(upstream:short)%00%(objectname)%00%(upstream:track)%00%(upstream:remotename)%00%(upstream:remoteref) refs/heads/main refs/remotes/main [1ms]
[2023-05-22T06:15:28.611Z] > git for-each-ref --sort -committerdate --format %(refname) %(objectname) %(*objectname) [8ms]
[2023-05-22T06:15:28.611Z] > git remote --verbose [2ms]
[2023-05-22T06:15:28.619Z] > git config --get commit.template [1ms]
[2023-05-22T06:15:28.636Z] > git ls-files --stage -- /home/kaiykato/minnow/src/network_interface.cc [3ms]
[2023-05-22T06:15:28.644Z] > git ls-files --stage -- /home/kaiykato/minnow/writeups/check4.md [17ms]
[2023-05-22T06:15:28.651Z] > git cat-file -s 773b406ee50f22c936c1cb3bfa2ba306068d2eb4 [7ms]
[2023-05-22T06:15:28.652Z] > git cat-file -s e96acbf9b48d6ec20c8562fe8be0ff2478bd2383 [1ms]
[2023-05-22T06:15:28.716Z] > git show --textconv :src/network_interface.cc [10ms]
[2023-05-22T06:15:28.716Z] > git show --textconv :writeups/check4.md [3ms]
[2023-05-22T06:15:29.857Z] > git show --textconv :src/network_interface.hh [8ms]
[2023-05-22T06:15:29.858Z] > git ls-files --stage -- /home/kaiykato/minnow/src/network_interface.hh [2ms]
[2023-05-22T06:15:29.865Z] > git cat-file -s 7ae946830346d87168065ee17f114c76a5c0f22f [2ms]
[2023-05-22T06:16:19.554Z] > git show --textconv :src/network_interface.cc [8ms]
[2023-05-22T06:16:19.555Z] > git ls-files --stage -- /home/kaiykato/minnow/src/network_interface.cc [2ms]
[2023-05-22T06:16:19.563Z] > git cat-file -s 773b406ee50f22c936c1cb3bfa2ba306068d2eb4 [1ms]
[2023-05-22T06:16:19.673Z] > git fetch [288ms]
[2023-05-22T06:16:19.682Z] > git status -z -uall [2ms]
[2023-05-22T06:16:19.690Z] > git symbolic-ref --short HEAD [1ms]
[2023-05-22T06:16:19.699Z] > git for-each-ref --format=%(refname)%00%(upstream:short)%00%(objectname)%00%(upstream:track)%00%(upstream:remotename)%00%(upstream:remoteref) refs/heads/main refs/remotes/main [3ms]
[2023-05-22T06:16:19.712Z] > git for-each-ref --sort -committerdate --format %(refname) %(objectname) %(*objectname) [7ms]
[2023-05-22T06:16:19.712Z] > git remote --verbose [1ms]
[2023-05-22T06:16:19.721Z] > git config --get commit.template [1ms]
[2023-05-22T06:16:29.587Z] > git status -z -uall [2ms]
[2023-05-22T06:16:29.595Z] > git symbolic-ref --short HEAD [1ms]
[2023-05-22T06:16:29.604Z] > git for-each-ref --format=%(refname)%00%(upstream:short)%00%(objectname)%00%(upstream:track)%00%(upstream:remotename)%00%(upstream:remoteref) refs/heads/main refs/remotes/main [2ms]
[2023-05-22T06:16:29.617Z] > git for-each-ref --sort -committerdate --format %(refname) %(objectname) %(*objectname) [7ms]
[2023-05-22T06:16:29.618Z] > git remote --verbose [1ms]
[2023-05-22T06:16:29.627Z] > git config --get commit.template [2ms]
[2023-05-22T06:16:29.670Z] > git ls-files --stage -- /home/kaiykato/minnow/writeups/check4.md [10ms]
[2023-05-22T06:16:29.678Z] > git ls-files --stage -- /home/kaiykato/minnow/src/network_interface.cc [9ms]
[2023-05-22T06:16:29.685Z] > git cat-file -s e96acbf9b48d6ec20c8562fe8be0ff2478bd2383 [8ms]
[2023-05-22T06:16:29.686Z] > git cat-file -s 773b406ee50f22c936c1cb3bfa2ba306068d2eb4 [2ms]
[2023-05-22T06:16:29.746Z] > git show --textconv :writeups/check4.md [10ms]
[2023-05-22T06:16:29.746Z] > git show --textconv :src/network_interface.cc [2ms]
[2023-05-22T06:17:27.221Z] > git status -z -uall [2ms]
[2023-05-22T06:17:27.229Z] > git symbolic-ref --short HEAD [1ms]
[2023-05-22T06:17:27.238Z] > git for-each-ref --format=%(refname)%00%(upstream:short)%00%(objectname)%00%(upstream:track)%00%(upstream:remotename)%00%(upstream:remoteref) refs/heads/main refs/remotes/main [2ms]
[2023-05-22T06:17:27.253Z] > git for-each-ref --sort -committerdate --format %(refname) %(objectname) %(*objectname) [8ms]
[2023-05-22T06:17:27.254Z] > git remote --verbose [2ms]
[2023-05-22T06:17:27.279Z] > git ls-files --stage -- /home/kaiykato/minnow/writeups/check4.md [7ms]
[2023-05-22T06:17:27.286Z] > git config --get commit.template [23ms]
[2023-05-22T06:17:27.287Z] > git ls-files --stage -- /home/kaiykato/minnow/src/network_interface.cc [9ms]
[2023-05-22T06:17:27.294Z] > git cat-file -s e96acbf9b48d6ec20c8562fe8be0ff2478bd2383 [8ms]
[2023-05-22T06:17:27.295Z] > git cat-file -s 773b406ee50f22c936c1cb3bfa2ba306068d2eb4 [2ms]
[2023-05-22T06:17:27.352Z] > git show --textconv :writeups/check4.md [8ms]
[2023-05-22T06:17:27.353Z] > git show --textconv :src/network_interface.cc [2ms]
[2023-05-22T06:17:29.212Z] > git ls-files --stage -- /home/kaiykato/minnow/writeups/check4.md [9ms]
[2023-05-22T06:17:29.217Z] > git ls-files --stage -- /home/kaiykato/minnow/src/network_interface.cc [6ms]
[2023-05-22T06:17:29.223Z] > git cat-file -s e96acbf9b48d6ec20c8562fe8be0ff2478bd2383 [6ms]
[2023-05-22T06:17:29.224Z] > git cat-file -s 773b406ee50f22c936c1cb3bfa2ba306068d2eb4 [1ms]
[2023-05-22T06:17:29.281Z] > git show --textconv :writeups/check4.md [8ms]
[2023-05-22T06:17:29.283Z] > git show --textconv :src/network_interface.cc [2ms]
[2023-05-22T06:17:32.102Z] > git ls-files --stage -- /home/kaiykato/minnow/writeups/check4.md [7ms]
[2023-05-22T06:17:32.108Z] > git ls-files --stage -- /home/kaiykato/minnow/src/network_interface.cc [7ms]
[2023-05-22T06:17:32.114Z] > git cat-file -s e96acbf9b48d6ec20c8562fe8be0ff2478bd2383 [7ms]
[2023-05-22T06:17:32.115Z] > git cat-file -s 773b406ee50f22c936c1cb3bfa2ba306068d2eb4 [1ms]
[2023-05-22T06:17:32.170Z] > git show --textconv :writeups/check4.md [9ms]
[2023-05-22T06:17:32.171Z] > git show --textconv :src/network_interface.cc [2ms]
[2023-05-22T06:17:32.298Z] > git status -z -uall [3ms]
[2023-05-22T06:17:32.306Z] > git symbolic-ref --short HEAD [1ms]
[2023-05-22T06:17:32.314Z] > git for-each-ref --format=%(refname)%00%(upstream:short)%00%(objectname)%00%(upstream:track)%00%(upstream:remotename)%00%(upstream:remoteref) refs/heads/main refs/remotes/main [2ms]
[2023-05-22T06:17:32.327Z] > git for-each-ref --sort -committerdate --format %(refname) %(objectname) %(*objectname) [7ms]
[2023-05-22T06:17:32.327Z] > git remote --verbose [1ms]
[2023-05-22T06:17:34.883Z] > git ls-files --stage -- /home/kaiykato/minnow/writeups/check4.md [8ms]
[2023-05-22T06:17:34.889Z] > git ls-files --stage -- /home/kaiykato/minnow/src/network_interface.cc [7ms]
[2023-05-22T06:17:34.895Z] > git cat-file -s e96acbf9b48d6ec20c8562fe8be0ff2478bd2383 [6ms]
[2023-05-22T06:17:34.896Z] > git cat-file -s 773b406ee50f22c936c1cb3bfa2ba306068d2eb4 [1ms]
[2023-05-22T06:17:34.956Z] > git show --textconv :writeups/check4.md [7ms]
[2023-05-22T06:17:34.957Z] > git show --textconv :src/network_interface.cc [2ms]
[2023-05-22T06:17:37.342Z] > git status -z -uall [3ms]
[2023-05-22T06:17:37.350Z] > git symbolic-ref --short HEAD [2ms]
[2023-05-22T06:17:37.357Z] > git for-each-ref --format=%(refname)%00%(upstream:short)%00%(objectname)%00%(upstream:track)%00%(upstream:remotename)%00%(upstream:remoteref) refs/heads/main refs/remotes/main [2ms]
[2023-05-22T06:17:37.369Z] > git for-each-ref --sort -committerdate --format %(refname) %(objectname) %(*objectname) [7ms]
[2023-05-22T06:17:37.369Z] > git remote --verbose [1ms]
[2023-05-22T06:17:37.378Z] > git config --get commit.template [1ms]
[2023-05-22T06:17:52.804Z] > git status -z -uall [3ms]
[2023-05-22T06:17:52.838Z] > git symbolic-ref --short HEAD [11ms]
[2023-05-22T06:17:52.871Z] > git for-each-ref --format=%(refname)%00%(upstream:short)%00%(objectname)%00%(upstream:track)%00%(upstream:remotename)%00%(upstream:remoteref) refs/heads/main refs/remotes/main [15ms]
[2023-05-22T06:17:52.925Z] > git for-each-ref --sort -committerdate --format %(refname) %(objectname) %(*objectname) [26ms]
[2023-05-22T06:17:52.928Z] > git remote --verbose [3ms]
[2023-05-22T06:17:52.957Z] > git config --get commit.template [10ms]
[2023-05-22T06:17:57.981Z] > git status -z -uall [2ms]
[2023-05-22T06:17:58.011Z] > git symbolic-ref --short HEAD [10ms]
[2023-05-22T06:17:58.045Z] > git for-each-ref --format=%(refname)%00%(upstream:short)%00%(objectname)%00%(upstream:track)%00%(upstream:remotename)%00%(upstream:remoteref) refs/heads/main refs/remotes/main [14ms]
[2023-05-22T06:17:58.085Z] > git for-each-ref --sort -committerdate --format %(refname) %(objectname) %(*objectname) [19ms]
[2023-05-22T06:17:58.089Z] > git remote --verbose [5ms]
[2023-05-22T06:17:58.118Z] > git config --get commit.template [11ms]
[2023-05-22T06:18:03.156Z] > git status -z -uall [14ms]
[2023-05-22T06:18:03.181Z] > git symbolic-ref --short HEAD [3ms]
[2023-05-22T06:18:03.195Z] > git for-each-ref --format=%(refname)%00%(upstream:short)%00%(objectname)%00%(upstream:track)%00%(upstream:remotename)%00%(upstream:remoteref) refs/heads/main refs/remotes/main [4ms]
[2023-05-22T06:18:03.215Z] > git for-each-ref --sort -committerdate --format %(refname) %(objectname) %(*objectname) [11ms]
[2023-05-22T06:18:03.218Z] > git remote --verbose [3ms]
[2023-05-22T06:18:03.231Z] > git config --get commit.template [2ms]
[2023-05-22T06:18:08.257Z] > git status -z -uall [4ms]
[2023-05-22T06:18:08.275Z] > git symbolic-ref --short HEAD [3ms]
[2023-05-22T06:18:08.306Z] > git for-each-ref --format=%(refname)%00%(upstream:short)%00%(objectname)%00%(upstream:track)%00%(upstream:remotename)%00%(upstream:remoteref) refs/heads/main refs/remotes/main [11ms]
[2023-05-22T06:18:08.342Z] > git for-each-ref --sort -committerdate --format %(refname) %(objectname) %(*objectname) [15ms]
[2023-05-22T06:18:08.344Z] > git remote --verbose [3ms]
[2023-05-22T06:18:08.364Z] > git config --get commit.template [3ms]
[2023-05-22T06:18:16.324Z] > git status -z -uall [11ms]
[2023-05-22T06:18:16.348Z] > git symbolic-ref --short HEAD [2ms]
[2023-05-22T06:18:16.378Z] > git for-each-ref --format=%(refname)%00%(upstream:short)%00%(objectname)%00%(upstream:track)%00%(upstream:remotename)%00%(upstream:remoteref) refs/heads/main refs/remotes/main [3ms]
[2023-05-22T06:18:16.419Z] > git for-each-ref --sort -committerdate --format %(refname) %(objectname) %(*objectname) [25ms]
[2023-05-22T06:18:16.420Z] > git remote --verbose [2ms]
[2023-05-22T06:18:16.439Z] > git config --get commit.template [1ms]
[2023-05-22T06:18:25.608Z] > git status -z -uall [14ms]
[2023-05-22T06:18:25.643Z] > git symbolic-ref --short HEAD [9ms]
[2023-05-22T06:18:25.680Z] > git for-each-ref --format=%(refname)%00%(upstream:short)%00%(objectname)%00%(upstream:track)%00%(upstream:remotename)%00%(upstream:remoteref) refs/heads/main refs/remotes/main [14ms]
[2023-05-22T06:18:25.713Z] > git for-each-ref --sort -committerdate --format %(refname) %(objectname) %(*objectname) [17ms]
[2023-05-22T06:18:25.714Z] > git remote --verbose [2ms]
[2023-05-22T06:18:25.732Z] > git config --get commit.template [1ms]
[2023-05-22T06:18:34.222Z] > git status -z -uall [3ms]
[2023-05-22T06:18:34.230Z] > git symbolic-ref --short HEAD [1ms]
[2023-05-22T06:18:34.240Z] > git for-each-ref --format=%(refname)%00%(upstream:short)%00%(objectname)%00%(upstream:track)%00%(upstream:remotename)%00%(upstream:remoteref) refs/heads/main refs/remotes/main [2ms]
[2023-05-22T06:18:34.253Z] > git for-each-ref --sort -committerdate --format %(refname) %(objectname) %(*objectname) [6ms]
[2023-05-22T06:18:34.253Z] > git remote --verbose [1ms]
[2023-05-22T06:18:34.260Z] > git config --get commit.template [1ms]
[2023-05-22T06:18:48.582Z] > git status -z -uall [3ms]
[2023-05-22T06:18:48.590Z] > git symbolic-ref --short HEAD [1ms]
[2023-05-22T06:18:48.598Z] > git for-each-ref --format=%(refname)%00%(upstream:short)%00%(objectname)%00%(upstream:track)%00%(upstream:remotename)%00%(upstream:remoteref) refs/heads/main refs/remotes/main [2ms]
[2023-05-22T06:18:48.610Z] > git for-each-ref --sort -committerdate --format %(refname) %(objectname) %(*objectname) [6ms]
[2023-05-22T06:18:48.611Z] > git remote --verbose [2ms]
[2023-05-22T06:18:48.620Z] > git config --get commit.template [1ms]
[2023-05-22T06:18:56.224Z] > git status -z -uall [2ms]
[2023-05-22T06:18:56.232Z] > git symbolic-ref --short HEAD [1ms]
[2023-05-22T06:18:56.241Z] > git for-each-ref --format=%(refname)%00%(upstream:short)%00%(objectname)%00%(upstream:track)%00%(upstream:remotename)%00%(upstream:remoteref) refs/heads/main refs/remotes/main [2ms]
[2023-05-22T06:18:56.256Z] > git for-each-ref --sort -committerdate --format %(refname) %(objectname) %(*objectname) [8ms]
[2023-05-22T06:18:56.256Z] > git remote --verbose [1ms]
[2023-05-22T06:18:56.266Z] > git config --get commit.template [1ms]
[2023-05-22T06:19:36.362Z] > git fetch [299ms]
[2023-05-22T06:19:36.371Z] > git status -z -uall [2ms]
[2023-05-22T06:19:36.379Z] > git symbolic-ref --short HEAD [1ms]
[2023-05-22T06:19:36.386Z] > git for-each-ref --format=%(refname)%00%(upstream:short)%00%(objectname)%00%(upstream:track)%00%(upstream:remotename)%00%(upstream:remoteref) refs/heads/main refs/remotes/main [2ms]
[2023-05-22T06:19:36.399Z] > git for-each-ref --sort -committerdate --format %(refname) %(objectname) %(*objectname) [7ms]
[2023-05-22T06:19:36.399Z] > git remote --verbose [1ms]
[2023-05-22T06:19:36.406Z] > git config --get commit.template [1ms]
[2023-05-22T06:19:37.540Z] > git status -z -uall [3ms]
[2023-05-22T06:19:37.547Z] > git symbolic-ref --short HEAD [1ms]
[2023-05-22T06:19:37.555Z] > git for-each-ref --format=%(refname)%00%(upstream:short)%00%(objectname)%00%(upstream:track)%00%(upstream:remotename)%00%(upstream:remoteref) refs/heads/main refs/remotes/main [2ms]
[2023-05-22T06:19:37.566Z] > git for-each-ref --sort -committerdate --format %(refname) %(objectname) %(*objectname) [6ms]
[2023-05-22T06:19:37.567Z] > git remote --verbose [1ms]
[2023-05-22T06:19:37.574Z] > git config --get commit.template [1ms]
[2023-05-22T06:19:37.714Z] > git ls-files --stage -- /home/kaiykato/minnow/writeups/check4.md [8ms]
[2023-05-22T06:19:37.720Z] > git ls-files --stage -- /home/kaiykato/minnow/src/network_interface.cc [7ms]
[2023-05-22T06:19:37.726Z] > git cat-file -s e96acbf9b48d6ec20c8562fe8be0ff2478bd2383 [6ms]
[2023-05-22T06:19:37.727Z] > git cat-file -s 773b406ee50f22c936c1cb3bfa2ba306068d2eb4 [1ms]
[2023-05-22T06:19:37.821Z] > git show --textconv :writeups/check4.md [8ms]
[2023-05-22T06:19:37.821Z] > git show --textconv :src/network_interface.cc [2ms]
