I[14:54:23.659] Ubuntu clangd version 15.0.7
I[14:54:23.659] Features: linux+grpc
I[14:54:23.659] PID: 2026
I[14:54:23.659] Working directory: /home/kaiykato
I[14:54:23.659] argv[0]: /usr/bin/clangd
I[14:54:23.672] Starting LSP over stdin/stdout
I[14:54:23.677] <-- initialize(0)
I[14:54:23.695] --> reply:initialize(0) 17 ms
I[14:54:23.705] <-- initialized
I[14:54:23.719] <-- textDocument/didOpen
I[14:54:23.732] Loaded compilation database from /home/kaiykato/minnow/compile_commands.json
I[14:54:23.733] --> window/workDoneProgress/create(0)
I[14:54:23.733] Enqueueing 64 commands for indexing
I[14:54:23.735] ASTWorker building file /home/kaiykato/minnow/src/router.cc version 1 with command 
[/home/kaiykato/minnow/build/src]
/usr/bin/c++ --driver-mode=g++ -I/home/kaiykato/minnow/util -I/home/kaiykato/minnow/src -Wall -Wpedantic -Wextra -Weffc++ -Werror -Wshadow -Wpointer-arith -Wcast-qual -Wformat=2 -Wno-unqualified-std-cast-call -g -std=gnu++20 -o CMakeFiles/minnow_debug.dir/router.cc.o -c -resource-dir=/usr/lib/llvm-15/lib/clang/15.0.7 -- /home/kaiykato/minnow/src/router.cc
I[14:54:23.783] <-- reply(0)
I[14:54:23.783] --> $/progress
I[14:54:23.783] --> $/progress
I[14:54:23.785] --> textDocument/clangd.fileStatus
I[14:54:23.892] <-- textDocument/documentSymbol(1)
I[14:54:23.897] <-- textDocument/documentLink(2)
I[14:54:23.897] <-- textDocument/inlayHint(3)
I[14:54:24.721] --> $/progress
I[14:54:24.721] --> $/progress
I[14:54:24.738] <-- $/cancelRequest
I[14:54:24.739] <-- textDocument/documentSymbol(4)
I[14:54:24.761] <-- textDocument/semanticTokens/full(5)
I[14:54:25.248] <-- $/cancelRequest
I[14:54:25.256] <-- textDocument/documentLink(6)
I[14:54:25.402] <-- $/cancelRequest
I[14:54:25.402] <-- $/cancelRequest
I[14:54:25.402] <-- textDocument/documentSymbol(7)
I[14:54:25.413] <-- textDocument/documentLink(8)
I[14:54:26.525] --> textDocument/clangd.fileStatus
I[14:54:26.525] --> textDocument/clangd.fileStatus
I[14:54:26.526] --> workspace/semanticTokens/refresh(1)
I[14:54:26.531] <-- reply(1)
I[14:54:26.871] --> textDocument/publishDiagnostics
I[14:54:26.872] --> reply:textDocument/documentSymbol(1) 2979 ms, error: Task was cancelled.
I[14:54:26.872] --> reply:textDocument/documentLink(2) 2974 ms, error: Task was cancelled.
[Error - 2:54:26 PM] Request textDocument/documentSymbol failed.
[object Object]
I[14:54:26.877] --> reply:textDocument/inlayHint(3) 2980 ms
I[14:54:26.877] --> reply:textDocument/documentSymbol(4) 2138 ms, error: Task was cancelled.
I[14:54:26.878] --> reply:textDocument/semanticTokens/full(5) 2117 ms
I[14:54:26.879] --> reply:textDocument/documentLink(6) 1622 ms, error: Task was cancelled.
I[14:54:26.879] --> reply:textDocument/documentSymbol(7) 1476 ms
I[14:54:26.879] --> reply:textDocument/documentLink(8) 1465 ms
I[14:54:26.879] --> textDocument/clangd.fileStatus
[Error - 2:54:26 PM] Request textDocument/documentLink failed.
[object Object]
[Error - 2:54:26 PM] Request textDocument/documentSymbol failed.
[object Object]
[Error - 2:54:26 PM] Request textDocument/documentLink failed.
[object Object]
I[14:54:27.011] <-- $/setTrace
I[14:54:27.011] unhandled notification $/setTrace
I[14:54:28.079] <-- textDocument/inlayHint(9)
I[14:54:28.079] --> reply:textDocument/inlayHint(9) 0 ms
I[14:54:28.079] --> textDocument/clangd.fileStatus
I[14:54:28.718] <-- textDocument/inlayHint(10)
I[14:54:28.718] --> reply:textDocument/inlayHint(10) 0 ms
I[14:54:28.719] --> textDocument/clangd.fileStatus
I[14:55:14.905] <-- $/setTrace
I[14:55:14.905] unhandled notification $/setTrace
