[2023-05-22T03:54:55.512Z] Validating found git in: git
[2023-05-22T03:54:55.610Z] Using git 2.37.2 from git
[2023-05-22T03:54:55.673Z] > git rev-parse --show-toplevel [41ms]
[2023-05-22T03:54:55.673Z] fatal: not a git repository (or any of the parent directories): .git
[2023-05-22T03:54:55.718Z] > git rev-parse --show-toplevel [11ms]
[2023-05-22T03:54:55.734Z] > git rev-parse --git-dir --git-common-dir [8ms]
[2023-05-22T03:54:55.743Z] Open repository: /home/kaiykato/minnow
[2023-05-22T03:54:56.039Z] > git status -z -uall [277ms]
[2023-05-22T03:54:56.051Z] > git rev-parse --show-toplevel [277ms]
[2023-05-22T03:54:56.051Z] fatal: not a git repository (or any of the parent directories): .git
[2023-05-22T03:54:56.069Z] > git symbolic-ref --short HEAD [19ms]
[2023-05-22T03:54:56.128Z] > git rev-parse --show-toplevel [63ms]
[2023-05-22T03:54:56.128Z] fatal: not a git repository (or any of the parent directories): .git
[2023-05-22T03:54:56.137Z] > git for-each-ref --format=%(refname)%00%(upstream:short)%00%(objectname)%00%(upstream:track)%00%(upstream:remotename)%00%(upstream:remoteref) refs/heads/main refs/remotes/main [59ms]
[2023-05-22T03:54:56.154Z] > git rev-parse --show-toplevel [18ms]
[2023-05-22T03:54:56.154Z] fatal: not a git repository (or any of the parent directories): .git
[2023-05-22T03:54:56.168Z] > git remote --verbose [17ms]
[2023-05-22T03:54:56.168Z] > git for-each-ref --sort -committerdate --format %(refname) %(objectname) %(*objectname) [24ms]
[2023-05-22T03:54:56.183Z] > git rev-parse --show-toplevel [21ms]
[2023-05-22T03:54:56.183Z] fatal: not a git repository (or any of the parent directories): .git
[2023-05-22T03:54:56.193Z] > git config --get commit.template [11ms]
[2023-05-22T03:54:56.200Z] > git rev-parse --show-toplevel [9ms]
[2023-05-22T03:54:56.200Z] fatal: not a git repository (or any of the parent directories): .git
[2023-05-22T03:54:56.226Z] > git rev-parse --show-toplevel [20ms]
[2023-05-22T03:54:56.226Z] fatal: not a git repository (or any of the parent directories): .git
[2023-05-22T03:54:56.245Z] > git rev-parse --show-toplevel [12ms]
[2023-05-22T03:54:56.245Z] fatal: not a git repository (or any of the parent directories): .git
[2023-05-22T03:54:56.287Z] > git fetch [534ms]
[2023-05-22T03:54:56.297Z] > git status -z -uall [4ms]
[2023-05-22T03:54:56.306Z] > git symbolic-ref --short HEAD [3ms]
[2023-05-22T03:54:56.317Z] > git for-each-ref --format=%(refname)%00%(upstream:short)%00%(objectname)%00%(upstream:track)%00%(upstream:remotename)%00%(upstream:remoteref) refs/heads/main refs/remotes/main [6ms]
[2023-05-22T03:54:56.331Z] > git for-each-ref --sort -committerdate --format %(refname) %(objectname) %(*objectname) [8ms]
[2023-05-22T03:54:56.334Z] > git remote --verbose [4ms]
[2023-05-22T03:54:56.356Z] > git config --get commit.template [10ms]
[2023-05-22T03:54:56.984Z] > git check-ignore -v -z --stdin [106ms]
[2023-05-22T03:54:57.277Z] > git rev-parse --show-toplevel [3ms]
[2023-05-22T03:54:57.277Z] fatal: not a git repository (or any of the parent directories): .git
[2023-05-22T03:54:57.421Z] > git status -z -uall [2ms]
[2023-05-22T03:54:57.429Z] > git symbolic-ref --short HEAD [2ms]
[2023-05-22T03:54:57.438Z] > git for-each-ref --format=%(refname)%00%(upstream:short)%00%(objectname)%00%(upstream:track)%00%(upstream:remotename)%00%(upstream:remoteref) refs/heads/main refs/remotes/main [3ms]
[2023-05-22T03:54:57.454Z] > git for-each-ref --sort -committerdate --format %(refname) %(objectname) %(*objectname) [9ms]
[2023-05-22T03:54:57.456Z] > git remote --verbose [3ms]
[2023-05-22T03:54:57.468Z] > git config --get commit.template [2ms]
[2023-05-22T03:54:57.635Z] > git rev-parse --show-toplevel [5ms]
[2023-05-22T03:54:57.635Z] fatal: not a git repository (or any of the parent directories): .git
[2023-05-22T03:54:57.863Z] > git show --textconv :src/network_interface.cc [46ms]
[2023-05-22T03:54:57.863Z] > git show --textconv :src/network_interface.hh [33ms]
[2023-05-22T03:54:57.863Z] > git ls-files --stage -- /home/kaiykato/minnow/src/network_interface.cc [23ms]
[2023-05-22T03:54:57.877Z] > git ls-files --stage -- /home/kaiykato/minnow/src/network_interface.hh [16ms]
[2023-05-22T03:54:57.899Z] > git cat-file -s 6474cae8085e84ecfc6ffbb1467db8648aed0f66 [25ms]
[2023-05-22T03:54:57.926Z] > git cat-file -s f486e03078d92ad8569ee9d4a1364bf3ebb0cb70 [27ms]
[2023-05-22T03:55:20.279Z] > git status -z -uall [4ms]
[2023-05-22T03:55:20.289Z] > git symbolic-ref --short HEAD [3ms]
[2023-05-22T03:55:20.299Z] > git for-each-ref --format=%(refname)%00%(upstream:short)%00%(objectname)%00%(upstream:track)%00%(upstream:remotename)%00%(upstream:remoteref) refs/heads/main refs/remotes/main [3ms]
[2023-05-22T03:55:20.315Z] > git for-each-ref --sort -committerdate --format %(refname) %(objectname) %(*objectname) [10ms]
[2023-05-22T03:55:20.320Z] > git remote --verbose [6ms]
[2023-05-22T03:55:20.334Z] > git config --get commit.template [2ms]
[2023-05-22T03:55:25.345Z] > git status -z -uall [2ms]
[2023-05-22T03:55:25.353Z] > git symbolic-ref --short HEAD [1ms]
[2023-05-22T03:55:25.363Z] > git for-each-ref --format=%(refname)%00%(upstream:short)%00%(objectname)%00%(upstream:track)%00%(upstream:remotename)%00%(upstream:remoteref) refs/heads/main refs/remotes/main [3ms]
[2023-05-22T03:55:25.376Z] > git for-each-ref --sort -committerdate --format %(refname) %(objectname) %(*objectname) [7ms]
[2023-05-22T03:55:25.376Z] > git remote --verbose [1ms]
[2023-05-22T03:55:25.387Z] > git config --get commit.template [1ms]
[2023-05-22T03:56:08.437Z] > git status -z -uall [0ms]
[2023-05-22T03:56:08.444Z] > git symbolic-ref --short HEAD [1ms]
[2023-05-22T03:56:08.452Z] > git for-each-ref --format=%(refname)%00%(upstream:short)%00%(objectname)%00%(upstream:track)%00%(upstream:remotename)%00%(upstream:remoteref) refs/heads/main refs/remotes/main [2ms]
[2023-05-22T03:56:08.463Z] > git for-each-ref --sort -committerdate --format %(refname) %(objectname) %(*objectname) [6ms]
[2023-05-22T03:56:08.464Z] > git remote --verbose [2ms]
[2023-05-22T03:56:08.472Z] > git config --get commit.template [1ms]
[2023-05-22T03:56:16.273Z] > git status -z -uall [2ms]
[2023-05-22T03:56:16.279Z] > git symbolic-ref --short HEAD [1ms]
[2023-05-22T03:56:16.287Z] > git for-each-ref --format=%(refname)%00%(upstream:short)%00%(objectname)%00%(upstream:track)%00%(upstream:remotename)%00%(upstream:remoteref) refs/heads/main refs/remotes/main [2ms]
[2023-05-22T03:56:16.298Z] > git for-each-ref --sort -committerdate --format %(refname) %(objectname) %(*objectname) [6ms]
[2023-05-22T03:56:16.298Z] > git remote --verbose [1ms]
[2023-05-22T03:56:16.306Z] > git config --get commit.template [1ms]
[2023-05-22T03:56:44.777Z] > git status -z -uall [3ms]
[2023-05-22T03:56:44.783Z] > git symbolic-ref --short HEAD [1ms]
[2023-05-22T03:56:44.790Z] > git for-each-ref --format=%(refname)%00%(upstream:short)%00%(objectname)%00%(upstream:track)%00%(upstream:remotename)%00%(upstream:remoteref) refs/heads/main refs/remotes/main [2ms]
[2023-05-22T03:56:44.801Z] > git for-each-ref --sort -committerdate --format %(refname) %(objectname) %(*objectname) [6ms]
[2023-05-22T03:56:44.801Z] > git remote --verbose [1ms]
[2023-05-22T03:56:44.810Z] > git config --get commit.template [2ms]
[2023-05-22T03:57:56.636Z] > git fetch [271ms]
[2023-05-22T03:57:56.643Z] > git status -z -uall [2ms]
[2023-05-22T03:57:56.650Z] > git symbolic-ref --short HEAD [2ms]
[2023-05-22T03:57:56.656Z] > git for-each-ref --format=%(refname)%00%(upstream:short)%00%(objectname)%00%(upstream:track)%00%(upstream:remotename)%00%(upstream:remoteref) refs/heads/main refs/remotes/main [2ms]
[2023-05-22T03:57:56.668Z] > git for-each-ref --sort -committerdate --format %(refname) %(objectname) %(*objectname) [7ms]
[2023-05-22T03:57:56.668Z] > git remote --verbose [2ms]
[2023-05-22T03:57:56.677Z] > git config --get commit.template [1ms]
[2023-05-22T03:57:57.801Z] > git status -z -uall [2ms]
[2023-05-22T03:57:57.807Z] > git symbolic-ref --short HEAD [1ms]
[2023-05-22T03:57:57.814Z] > git for-each-ref --format=%(refname)%00%(upstream:short)%00%(objectname)%00%(upstream:track)%00%(upstream:remotename)%00%(upstream:remoteref) refs/heads/main refs/remotes/main [2ms]
[2023-05-22T03:57:57.824Z] > git for-each-ref --sort -committerdate --format %(refname) %(objectname) %(*objectname) [6ms]
[2023-05-22T03:57:57.825Z] > git remote --verbose [2ms]
[2023-05-22T03:57:57.832Z] > git config --get commit.template [2ms]
[2023-05-22T03:57:57.953Z] > git ls-files --stage -- /home/kaiykato/minnow/src/network_interface.cc [9ms]
[2023-05-22T03:57:57.962Z] > git ls-files --stage -- /home/kaiykato/minnow/src/network_interface.hh [11ms]
[2023-05-22T03:57:57.970Z] > git cat-file -s 6474cae8085e84ecfc6ffbb1467db8648aed0f66 [9ms]
[2023-05-22T03:57:57.974Z] > git cat-file -s f486e03078d92ad8569ee9d4a1364bf3ebb0cb70 [4ms]
[2023-05-22T03:57:58.042Z] > git show --textconv :src/network_interface.cc [10ms]
[2023-05-22T03:57:58.047Z] > git show --textconv :src/network_interface.hh [5ms]
[2023-05-22T03:59:18.132Z] > git status -z -uall [2ms]
[2023-05-22T03:59:18.139Z] > git symbolic-ref --short HEAD [1ms]
[2023-05-22T03:59:18.145Z] > git for-each-ref --format=%(refname)%00%(upstream:short)%00%(objectname)%00%(upstream:track)%00%(upstream:remotename)%00%(upstream:remoteref) refs/heads/main refs/remotes/main [1ms]
[2023-05-22T03:59:18.156Z] > git for-each-ref --sort -committerdate --format %(refname) %(objectname) %(*objectname) [5ms]
[2023-05-22T03:59:18.157Z] > git remote --verbose [2ms]
[2023-05-22T03:59:18.164Z] > git config --get commit.template [1ms]
[2023-05-22T03:59:51.102Z] > git status -z -uall [3ms]
[2023-05-22T03:59:51.110Z] > git symbolic-ref --short HEAD [2ms]
[2023-05-22T03:59:51.117Z] > git for-each-ref --format=%(refname)%00%(upstream:short)%00%(objectname)%00%(upstream:track)%00%(upstream:remotename)%00%(upstream:remoteref) refs/heads/main refs/remotes/main [2ms]
[2023-05-22T03:59:51.128Z] > git for-each-ref --sort -committerdate --format %(refname) %(objectname) %(*objectname) [6ms]
[2023-05-22T03:59:51.129Z] > git remote --verbose [2ms]
[2023-05-22T03:59:51.137Z] > git config --get commit.template [2ms]
[2023-05-22T03:59:56.148Z] > git status -z -uall [2ms]
[2023-05-22T03:59:56.154Z] > git symbolic-ref --short HEAD [1ms]
[2023-05-22T03:59:56.161Z] > git for-each-ref --format=%(refname)%00%(upstream:short)%00%(objectname)%00%(upstream:track)%00%(upstream:remotename)%00%(upstream:remoteref) refs/heads/main refs/remotes/main [1ms]
[2023-05-22T03:59:56.172Z] > git for-each-ref --sort -committerdate --format %(refname) %(objectname) %(*objectname) [6ms]
[2023-05-22T03:59:56.173Z] > git remote --verbose [2ms]
[2023-05-22T03:59:56.180Z] > git config --get commit.template [1ms]
[2023-05-22T04:00:10.166Z] > git status -z -uall [9ms]
[2023-05-22T04:00:10.189Z] > git symbolic-ref --short HEAD [9ms]
[2023-05-22T04:00:10.215Z] > git for-each-ref --format=%(refname)%00%(upstream:short)%00%(objectname)%00%(upstream:track)%00%(upstream:remotename)%00%(upstream:remoteref) refs/heads/main refs/remotes/main [11ms]
[2023-05-22T04:00:10.246Z] > git for-each-ref --sort -committerdate --format %(refname) %(objectname) %(*objectname) [18ms]
[2023-05-22T04:00:10.246Z] > git remote --verbose [2ms]
[2023-05-22T04:00:10.270Z] > git config --get commit.template [5ms]
[2023-05-22T04:00:23.130Z] > git status -z -uall [5ms]
[2023-05-22T04:00:23.139Z] > git symbolic-ref --short HEAD [3ms]
[2023-05-22T04:00:23.148Z] > git for-each-ref --format=%(refname)%00%(upstream:short)%00%(objectname)%00%(upstream:track)%00%(upstream:remotename)%00%(upstream:remoteref) refs/heads/main refs/remotes/main [3ms]
[2023-05-22T04:00:23.163Z] > git for-each-ref --sort -committerdate --format %(refname) %(objectname) %(*objectname) [9ms]
[2023-05-22T04:00:23.165Z] > git remote --verbose [3ms]
[2023-05-22T04:00:23.178Z] > git config --get commit.template [2ms]
[2023-05-22T04:00:28.188Z] > git status -z -uall [2ms]
[2023-05-22T04:00:28.194Z] > git symbolic-ref --short HEAD [1ms]
[2023-05-22T04:00:28.201Z] > git for-each-ref --format=%(refname)%00%(upstream:short)%00%(objectname)%00%(upstream:track)%00%(upstream:remotename)%00%(upstream:remoteref) refs/heads/main refs/remotes/main [2ms]
[2023-05-22T04:00:28.212Z] > git for-each-ref --sort -committerdate --format %(refname) %(objectname) %(*objectname) [6ms]
[2023-05-22T04:00:28.212Z] > git remote --verbose [1ms]
[2023-05-22T04:00:28.219Z] > git config --get commit.template [1ms]
[2023-05-22T04:00:56.958Z] > git fetch [274ms]
[2023-05-22T04:00:56.965Z] > git status -z -uall [1ms]
[2023-05-22T04:00:56.973Z] > git symbolic-ref --short HEAD [3ms]
[2023-05-22T04:00:56.983Z] > git for-each-ref --format=%(refname)%00%(upstream:short)%00%(objectname)%00%(upstream:track)%00%(upstream:remotename)%00%(upstream:remoteref) refs/heads/main refs/remotes/main [3ms]
[2023-05-22T04:00:56.996Z] > git for-each-ref --sort -committerdate --format %(refname) %(objectname) %(*objectname) [7ms]
[2023-05-22T04:00:56.998Z] > git remote --verbose [3ms]
[2023-05-22T04:00:57.005Z] > git config --get commit.template [1ms]
[2023-05-22T04:00:58.157Z] > git status -z -uall [2ms]
[2023-05-22T04:00:58.163Z] > git symbolic-ref --short HEAD [1ms]
[2023-05-22T04:00:58.170Z] > git for-each-ref --format=%(refname)%00%(upstream:short)%00%(objectname)%00%(upstream:track)%00%(upstream:remotename)%00%(upstream:remoteref) refs/heads/main refs/remotes/main [2ms]
[2023-05-22T04:00:58.180Z] > git for-each-ref --sort -committerdate --format %(refname) %(objectname) %(*objectname) [6ms]
[2023-05-22T04:00:58.180Z] > git remote --verbose [1ms]
[2023-05-22T04:00:58.187Z] > git config --get commit.template [1ms]
[2023-05-22T04:00:58.305Z] > git ls-files --stage -- /home/kaiykato/minnow/src/network_interface.hh [2ms]
[2023-05-22T04:00:58.309Z] > git ls-files --stage -- /home/kaiykato/minnow/src/network_interface.cc [12ms]
[2023-05-22T04:00:58.315Z] > git cat-file -s f486e03078d92ad8569ee9d4a1364bf3ebb0cb70 [6ms]
[2023-05-22T04:00:58.316Z] > git cat-file -s 6474cae8085e84ecfc6ffbb1467db8648aed0f66 [2ms]
[2023-05-22T04:00:58.375Z] > git show --textconv :src/network_interface.hh [6ms]
[2023-05-22T04:00:58.376Z] > git show --textconv :src/network_interface.cc [2ms]
[2023-05-22T04:02:23.562Z] > git status -z -uall [2ms]
[2023-05-22T04:02:23.569Z] > git symbolic-ref --short HEAD [2ms]
[2023-05-22T04:02:23.575Z] > git for-each-ref --format=%(refname)%00%(upstream:short)%00%(objectname)%00%(upstream:track)%00%(upstream:remotename)%00%(upstream:remoteref) refs/heads/main refs/remotes/main [2ms]
[2023-05-22T04:02:23.586Z] > git for-each-ref --sort -committerdate --format %(refname) %(objectname) %(*objectname) [6ms]
[2023-05-22T04:02:23.586Z] > git remote --verbose [1ms]
[2023-05-22T04:02:23.594Z] > git config --get commit.template [1ms]
[2023-05-22T04:02:58.246Z] > git status -z -uall [2ms]
[2023-05-22T04:02:58.255Z] > git symbolic-ref --short HEAD [3ms]
[2023-05-22T04:02:58.262Z] > git for-each-ref --format=%(refname)%00%(upstream:short)%00%(objectname)%00%(upstream:track)%00%(upstream:remotename)%00%(upstream:remoteref) refs/heads/main refs/remotes/main [2ms]
[2023-05-22T04:02:58.275Z] > git for-each-ref --sort -committerdate --format %(refname) %(objectname) %(*objectname) [7ms]
[2023-05-22T04:02:58.275Z] > git remote --verbose [1ms]
[2023-05-22T04:02:58.284Z] > git config --get commit.template [1ms]
[2023-05-22T04:03:03.309Z] > git status -z -uall [4ms]
[2023-05-22T04:03:03.341Z] > git symbolic-ref --short HEAD [5ms]
[2023-05-22T04:03:03.360Z] > git for-each-ref --format=%(refname)%00%(upstream:short)%00%(objectname)%00%(upstream:track)%00%(upstream:remotename)%00%(upstream:remoteref) refs/heads/main refs/remotes/main [3ms]
[2023-05-22T04:03:03.382Z] > git for-each-ref --sort -committerdate --format %(refname) %(objectname) %(*objectname) [12ms]
[2023-05-22T04:03:03.386Z] > git remote --verbose [5ms]
[2023-05-22T04:03:03.417Z] > git config --get commit.template [16ms]
[2023-05-22T04:03:10.807Z] > git status -z -uall [2ms]
[2023-05-22T04:03:10.815Z] > git symbolic-ref --short HEAD [2ms]
[2023-05-22T04:03:10.823Z] > git for-each-ref --format=%(refname)%00%(upstream:short)%00%(objectname)%00%(upstream:track)%00%(upstream:remotename)%00%(upstream:remoteref) refs/heads/main refs/remotes/main [2ms]
[2023-05-22T04:03:10.836Z] > git for-each-ref --sort -committerdate --format %(refname) %(objectname) %(*objectname) [7ms]
[2023-05-22T04:03:10.836Z] > git remote --verbose [1ms]
[2023-05-22T04:03:10.844Z] > git config --get commit.template [1ms]
[2023-05-22T04:03:57.305Z] > git fetch [289ms]
[2023-05-22T04:03:57.313Z] > git status -z -uall [2ms]
[2023-05-22T04:03:57.320Z] > git symbolic-ref --short HEAD [1ms]
[2023-05-22T04:03:57.327Z] > git for-each-ref --format=%(refname)%00%(upstream:short)%00%(objectname)%00%(upstream:track)%00%(upstream:remotename)%00%(upstream:remoteref) refs/heads/main refs/remotes/main [2ms]
[2023-05-22T04:03:57.338Z] > git for-each-ref --sort -committerdate --format %(refname) %(objectname) %(*objectname) [6ms]
[2023-05-22T04:03:57.338Z] > git remote --verbose [1ms]
[2023-05-22T04:03:57.346Z] > git config --get commit.template [1ms]
[2023-05-22T04:03:58.878Z] > git status -z -uall [2ms]
[2023-05-22T04:03:58.884Z] > git symbolic-ref --short HEAD [1ms]
[2023-05-22T04:03:58.891Z] > git for-each-ref --format=%(refname)%00%(upstream:short)%00%(objectname)%00%(upstream:track)%00%(upstream:remotename)%00%(upstream:remoteref) refs/heads/main refs/remotes/main [2ms]
[2023-05-22T04:03:58.901Z] > git for-each-ref --sort -committerdate --format %(refname) %(objectname) %(*objectname) [6ms]
[2023-05-22T04:03:58.902Z] > git remote --verbose [2ms]
[2023-05-22T04:03:58.910Z] > git config --get commit.template [2ms]
[2023-05-22T04:03:59.046Z] > git ls-files --stage -- /home/kaiykato/minnow/src/network_interface.cc [9ms]
[2023-05-22T04:03:59.054Z] > git ls-files --stage -- /home/kaiykato/minnow/src/network_interface.hh [9ms]
[2023-05-22T04:03:59.063Z] > git cat-file -s 6474cae8085e84ecfc6ffbb1467db8648aed0f66 [9ms]
[2023-05-22T04:03:59.066Z] > git cat-file -s f486e03078d92ad8569ee9d4a1364bf3ebb0cb70 [4ms]
[2023-05-22T04:03:59.138Z] > git show --textconv :src/network_interface.cc [10ms]
[2023-05-22T04:03:59.143Z] > git show --textconv :src/network_interface.hh [4ms]
[2023-05-22T04:04:03.932Z] > git status -z -uall [12ms]
[2023-05-22T04:04:03.959Z] > git symbolic-ref --short HEAD [10ms]
[2023-05-22T04:04:03.984Z] > git for-each-ref --format=%(refname)%00%(upstream:short)%00%(objectname)%00%(upstream:track)%00%(upstream:remotename)%00%(upstream:remoteref) refs/heads/main refs/remotes/main [13ms]
[2023-05-22T04:04:04.011Z] > git for-each-ref --sort -committerdate --format %(refname) %(objectname) %(*objectname) [10ms]
[2023-05-22T04:04:04.011Z] > git remote --verbose [1ms]
[2023-05-22T04:04:04.034Z] > git config --get commit.template [1ms]
[2023-05-22T04:04:12.697Z] > git status -z -uall [4ms]
[2023-05-22T04:04:12.710Z] > git symbolic-ref --short HEAD [2ms]
[2023-05-22T04:04:12.725Z] > git for-each-ref --format=%(refname)%00%(upstream:short)%00%(objectname)%00%(upstream:track)%00%(upstream:remotename)%00%(upstream:remoteref) refs/heads/main refs/remotes/main [4ms]
[2023-05-22T04:04:12.742Z] > git for-each-ref --sort -committerdate --format %(refname) %(objectname) %(*objectname) [9ms]
[2023-05-22T04:04:12.745Z] > git remote --verbose [4ms]
[2023-05-22T04:04:12.757Z] > git config --get commit.template [3ms]
[2023-05-22T04:04:17.767Z] > git status -z -uall [2ms]
[2023-05-22T04:04:17.775Z] > git symbolic-ref --short HEAD [2ms]
[2023-05-22T04:04:17.783Z] > git for-each-ref --format=%(refname)%00%(upstream:short)%00%(objectname)%00%(upstream:track)%00%(upstream:remotename)%00%(upstream:remoteref) refs/heads/main refs/remotes/main [2ms]
[2023-05-22T04:04:17.797Z] > git for-each-ref --sort -committerdate --format %(refname) %(objectname) %(*objectname) [8ms]
[2023-05-22T04:04:17.798Z] > git remote --verbose [2ms]
[2023-05-22T04:04:17.805Z] > git config --get commit.template [1ms]
[2023-05-22T04:04:26.823Z] > git status -z -uall [2ms]
[2023-05-22T04:04:26.830Z] > git symbolic-ref --short HEAD [1ms]
[2023-05-22T04:04:26.837Z] > git for-each-ref --format=%(refname)%00%(upstream:short)%00%(objectname)%00%(upstream:track)%00%(upstream:remotename)%00%(upstream:remoteref) refs/heads/main refs/remotes/main [2ms]
[2023-05-22T04:04:26.848Z] > git for-each-ref --sort -committerdate --format %(refname) %(objectname) %(*objectname) [6ms]
[2023-05-22T04:04:26.849Z] > git remote --verbose [2ms]
[2023-05-22T04:04:26.858Z] > git config --get commit.template [1ms]
[2023-05-22T04:04:43.638Z] > git status -z -uall [2ms]
[2023-05-22T04:04:43.645Z] > git symbolic-ref --short HEAD [2ms]
[2023-05-22T04:04:43.652Z] > git for-each-ref --format=%(refname)%00%(upstream:short)%00%(objectname)%00%(upstream:track)%00%(upstream:remotename)%00%(upstream:remoteref) refs/heads/main refs/remotes/main [2ms]
[2023-05-22T04:04:43.664Z] > git for-each-ref --sort -committerdate --format %(refname) %(objectname) %(*objectname) [7ms]
[2023-05-22T04:04:43.664Z] > git remote --verbose [1ms]
[2023-05-22T04:04:43.671Z] > git config --get commit.template [1ms]
[2023-05-22T04:04:48.682Z] > git status -z -uall [2ms]
[2023-05-22T04:04:48.689Z] > git symbolic-ref --short HEAD [1ms]
[2023-05-22T04:04:48.697Z] > git for-each-ref --format=%(refname)%00%(upstream:short)%00%(objectname)%00%(upstream:track)%00%(upstream:remotename)%00%(upstream:remoteref) refs/heads/main refs/remotes/main [2ms]
[2023-05-22T04:04:48.709Z] > git for-each-ref --sort -committerdate --format %(refname) %(objectname) %(*objectname) [6ms]
[2023-05-22T04:04:48.710Z] > git remote --verbose [2ms]
[2023-05-22T04:04:48.718Z] > git config --get commit.template [1ms]
[2023-05-22T04:04:53.742Z] > git status -z -uall [2ms]
[2023-05-22T04:04:53.756Z] > git symbolic-ref --short HEAD [1ms]
[2023-05-22T04:04:53.776Z] > git for-each-ref --format=%(refname)%00%(upstream:short)%00%(objectname)%00%(upstream:track)%00%(upstream:remotename)%00%(upstream:remoteref) refs/heads/main refs/remotes/main [3ms]
[2023-05-22T04:04:53.805Z] > git for-each-ref --sort -committerdate --format %(refname) %(objectname) %(*objectname) [17ms]
[2023-05-22T04:04:53.805Z] > git remote --verbose [1ms]
[2023-05-22T04:04:53.831Z] > git config --get commit.template [11ms]
[2023-05-22T04:05:01.443Z] > git status -z -uall [2ms]
[2023-05-22T04:05:01.449Z] > git symbolic-ref --short HEAD [1ms]
[2023-05-22T04:05:01.457Z] > git for-each-ref --format=%(refname)%00%(upstream:short)%00%(objectname)%00%(upstream:track)%00%(upstream:remotename)%00%(upstream:remoteref) refs/heads/main refs/remotes/main [2ms]
[2023-05-22T04:05:01.469Z] > git for-each-ref --sort -committerdate --format %(refname) %(objectname) %(*objectname) [7ms]
[2023-05-22T04:05:01.469Z] > git remote --verbose [1ms]
[2023-05-22T04:05:01.476Z] > git config --get commit.template [1ms]
[2023-05-22T04:06:22.027Z] > git log --format=%H%n%aN%n%aE%n%at%n%ct%n%P%n%B -z -n21 -- /home/kaiykato/minnow/src/network_interface.cc [12ms]
[2023-05-22T04:06:22.812Z] > git check-ignore -v -z --stdin [2ms]
[2023-05-22T04:06:23.969Z] > git check-ignore -v -z --stdin [1ms]
[2023-05-22T04:06:25.226Z] > git check-ignore -v -z --stdin [2ms]
[2023-05-22T04:06:26.742Z] > git check-ignore -v -z --stdin [1ms]
[2023-05-22T04:06:28.146Z] > git check-ignore -v -z --stdin [1ms]
[2023-05-22T04:06:28.969Z] > git log --format=%H%n%aN%n%aE%n%at%n%ct%n%P%n%B -z -n21 -- /home/kaiykato/minnow/tests/net_interface.cc [9ms]
[2023-05-22T04:06:29.314Z] > git show --textconv :tests/net_interface.cc [14ms]
[2023-05-22T04:06:29.318Z] > git ls-files --stage -- /home/kaiykato/minnow/tests/net_interface.cc [5ms]
[2023-05-22T04:06:29.330Z] > git cat-file -s 10b370f9d15c5fd15b25cdedd02d4b9107022f58 [3ms]
[2023-05-22T04:10:58.104Z] > git show --textconv :src/network_interface.cc [11ms]
[2023-05-22T04:10:58.105Z] > git ls-files --stage -- /home/kaiykato/minnow/src/network_interface.cc [2ms]
[2023-05-22T04:10:58.115Z] > git cat-file -s 6474cae8085e84ecfc6ffbb1467db8648aed0f66 [2ms]
[2023-05-22T04:17:56.479Z] > git status -z -uall [3ms]
[2023-05-22T04:17:56.488Z] > git symbolic-ref --short HEAD [2ms]
[2023-05-22T04:17:56.503Z] > git for-each-ref --format=%(refname)%00%(upstream:short)%00%(objectname)%00%(upstream:track)%00%(upstream:remotename)%00%(upstream:remoteref) refs/heads/main refs/remotes/main [4ms]
[2023-05-22T04:17:56.528Z] > git for-each-ref --sort -committerdate --format %(refname) %(objectname) %(*objectname) [13ms]
[2023-05-22T04:17:56.530Z] > git remote --verbose [4ms]
[2023-05-22T04:17:56.541Z] > git config --get commit.template [1ms]
[2023-05-22T04:17:56.764Z] > git fetch [299ms]
[2023-05-22T04:17:56.774Z] > git status -z -uall [2ms]
[2023-05-22T04:17:56.782Z] > git symbolic-ref --short HEAD [1ms]
[2023-05-22T04:17:56.791Z] > git for-each-ref --format=%(refname)%00%(upstream:short)%00%(objectname)%00%(upstream:track)%00%(upstream:remotename)%00%(upstream:remoteref) refs/heads/main refs/remotes/main [2ms]
[2023-05-22T04:17:56.806Z] > git for-each-ref --sort -committerdate --format %(refname) %(objectname) %(*objectname) [9ms]
[2023-05-22T04:17:56.808Z] > git remote --verbose [3ms]
[2023-05-22T04:17:56.817Z] > git config --get commit.template [1ms]
[2023-05-22T04:17:58.078Z] > git ls-files --stage -- /home/kaiykato/minnow/src/network_interface.hh [9ms]
[2023-05-22T04:17:58.086Z] > git ls-files --stage -- /home/kaiykato/minnow/src/network_interface.cc [9ms]
[2023-05-22T04:17:58.094Z] > git cat-file -s f486e03078d92ad8569ee9d4a1364bf3ebb0cb70 [9ms]
[2023-05-22T04:17:58.095Z] > git cat-file -s 6474cae8085e84ecfc6ffbb1467db8648aed0f66 [2ms]
[2023-05-22T04:17:58.174Z] > git show --textconv :src/network_interface.hh [8ms]
[2023-05-22T04:17:58.175Z] > git show --textconv :src/network_interface.cc [2ms]
[2023-05-22T04:18:01.551Z] > git status -z -uall [2ms]
[2023-05-22T04:18:01.560Z] > git symbolic-ref --short HEAD [2ms]
[2023-05-22T04:18:01.568Z] > git for-each-ref --format=%(refname)%00%(upstream:short)%00%(objectname)%00%(upstream:track)%00%(upstream:remotename)%00%(upstream:remoteref) refs/heads/main refs/remotes/main [2ms]
[2023-05-22T04:18:01.581Z] > git for-each-ref --sort -committerdate --format %(refname) %(objectname) %(*objectname) [7ms]
[2023-05-22T04:18:01.582Z] > git remote --verbose [1ms]
[2023-05-22T04:18:01.591Z] > git config --get commit.template [1ms]
[2023-05-22T04:20:39.585Z] > git status -z -uall [3ms]
[2023-05-22T04:20:39.608Z] > git symbolic-ref --short HEAD [3ms]
[2023-05-22T04:20:39.631Z] > git for-each-ref --format=%(refname)%00%(upstream:short)%00%(objectname)%00%(upstream:track)%00%(upstream:remotename)%00%(upstream:remoteref) refs/heads/main refs/remotes/main [9ms]
[2023-05-22T04:20:39.678Z] > git for-each-ref --sort -committerdate --format %(refname) %(objectname) %(*objectname) [20ms]
[2023-05-22T04:20:39.679Z] > git remote --verbose [2ms]
[2023-05-22T04:20:39.713Z] > git config --get commit.template [7ms]
[2023-05-22T04:20:56.431Z] > git status -z -uall [2ms]
[2023-05-22T04:20:56.439Z] > git symbolic-ref --short HEAD [1ms]
[2023-05-22T04:20:56.447Z] > git for-each-ref --format=%(refname)%00%(upstream:short)%00%(objectname)%00%(upstream:track)%00%(upstream:remotename)%00%(upstream:remoteref) refs/heads/main refs/remotes/main [2ms]
[2023-05-22T04:20:56.461Z] > git for-each-ref --sort -committerdate --format %(refname) %(objectname) %(*objectname) [7ms]
[2023-05-22T04:20:56.461Z] > git remote --verbose [1ms]
[2023-05-22T04:20:56.469Z] > git config --get commit.template [1ms]
[2023-05-22T04:20:57.105Z] > git fetch [278ms]
[2023-05-22T04:20:57.115Z] > git status -z -uall [2ms]
[2023-05-22T04:20:57.124Z] > git symbolic-ref --short HEAD [2ms]
[2023-05-22T04:20:57.133Z] > git for-each-ref --format=%(refname)%00%(upstream:short)%00%(objectname)%00%(upstream:track)%00%(upstream:remotename)%00%(upstream:remoteref) refs/heads/main refs/remotes/main [2ms]
[2023-05-22T04:20:57.150Z] > git remote --verbose [3ms]
[2023-05-22T04:20:57.150Z] > git for-each-ref --sort -committerdate --format %(refname) %(objectname) %(*objectname) [10ms]
[2023-05-22T04:20:57.162Z] > git config --get commit.template [1ms]
[2023-05-22T04:20:58.826Z] > git ls-files --stage -- /home/kaiykato/minnow/src/network_interface.hh [9ms]
[2023-05-22T04:20:58.835Z] > git ls-files --stage -- /home/kaiykato/minnow/src/network_interface.cc [10ms]
[2023-05-22T04:20:58.842Z] > git cat-file -s f486e03078d92ad8569ee9d4a1364bf3ebb0cb70 [8ms]
[2023-05-22T04:20:58.843Z] > git cat-file -s 6474cae8085e84ecfc6ffbb1467db8648aed0f66 [2ms]
[2023-05-22T04:20:58.921Z] > git show --textconv :src/network_interface.hh [10ms]
[2023-05-22T04:20:58.922Z] > git show --textconv :src/network_interface.cc [2ms]
[2023-05-22T04:21:01.497Z] > git status -z -uall [3ms]
[2023-05-22T04:21:01.520Z] > git symbolic-ref --short HEAD [1ms]
[2023-05-22T04:21:01.535Z] > git for-each-ref --format=%(refname)%00%(upstream:short)%00%(objectname)%00%(upstream:track)%00%(upstream:remotename)%00%(upstream:remoteref) refs/heads/main refs/remotes/main [4ms]
[2023-05-22T04:21:01.567Z] > git for-each-ref --sort -committerdate --format %(refname) %(objectname) %(*objectname) [21ms]
[2023-05-22T04:21:01.568Z] > git remote --verbose [2ms]
[2023-05-22T04:21:01.596Z] > git config --get commit.template [2ms]
[2023-05-22T04:21:06.617Z] > git status -z -uall [3ms]
[2023-05-22T04:21:06.636Z] > git symbolic-ref --short HEAD [1ms]
[2023-05-22T04:21:06.659Z] > git for-each-ref --format=%(refname)%00%(upstream:short)%00%(objectname)%00%(upstream:track)%00%(upstream:remotename)%00%(upstream:remoteref) refs/heads/main refs/remotes/main [4ms]
[2023-05-22T04:21:06.688Z] > git for-each-ref --sort -committerdate --format %(refname) %(objectname) %(*objectname) [15ms]
[2023-05-22T04:21:06.690Z] > git remote --verbose [3ms]
[2023-05-22T04:21:06.722Z] > git config --get commit.template [8ms]
[2023-05-22T04:21:11.825Z] > git status -z -uall [3ms]
[2023-05-22T04:21:11.842Z] > git symbolic-ref --short HEAD [1ms]
[2023-05-22T04:21:11.865Z] > git for-each-ref --format=%(refname)%00%(upstream:short)%00%(objectname)%00%(upstream:track)%00%(upstream:remotename)%00%(upstream:remoteref) refs/heads/main refs/remotes/main [6ms]
[2023-05-22T04:21:11.907Z] > git for-each-ref --sort -committerdate --format %(refname) %(objectname) %(*objectname) [20ms]
[2023-05-22T04:21:11.908Z] > git remote --verbose [2ms]
[2023-05-22T04:21:11.936Z] > git config --get commit.template [2ms]
[2023-05-22T04:21:16.948Z] > git status -z -uall [2ms]
[2023-05-22T04:21:16.958Z] > git symbolic-ref --short HEAD [2ms]
[2023-05-22T04:21:16.968Z] > git for-each-ref --format=%(refname)%00%(upstream:short)%00%(objectname)%00%(upstream:track)%00%(upstream:remotename)%00%(upstream:remoteref) refs/heads/main refs/remotes/main [2ms]
[2023-05-22T04:21:16.985Z] > git for-each-ref --sort -committerdate --format %(refname) %(objectname) %(*objectname) [9ms]
[2023-05-22T04:21:16.985Z] > git remote --verbose [1ms]
[2023-05-22T04:21:16.995Z] > git config --get commit.template [1ms]
[2023-05-22T04:21:49.224Z] > git status -z -uall [2ms]
[2023-05-22T04:21:49.233Z] > git symbolic-ref --short HEAD [1ms]
[2023-05-22T04:21:49.242Z] > git for-each-ref --format=%(refname)%00%(upstream:short)%00%(objectname)%00%(upstream:track)%00%(upstream:remotename)%00%(upstream:remoteref) refs/heads/main refs/remotes/main [3ms]
[2023-05-22T04:21:49.255Z] > git for-each-ref --sort -committerdate --format %(refname) %(objectname) %(*objectname) [8ms]
[2023-05-22T04:21:49.255Z] > git remote --verbose [1ms]
[2023-05-22T04:21:49.263Z] > git config --get commit.template [1ms]
[2023-05-22T04:21:49.391Z] > git ls-files --stage -- /home/kaiykato/minnow/src/network_interface.hh [8ms]
[2023-05-22T04:21:49.398Z] > git ls-files --stage -- /home/kaiykato/minnow/src/network_interface.cc [8ms]
[2023-05-22T04:21:49.406Z] > git cat-file -s 7ae946830346d87168065ee17f114c76a5c0f22f [8ms]
[2023-05-22T04:21:49.407Z] > git cat-file -s 773b406ee50f22c936c1cb3bfa2ba306068d2eb4 [2ms]
[2023-05-22T04:21:49.462Z] > git show --textconv :src/network_interface.hh [8ms]
[2023-05-22T04:21:49.463Z] > git show --textconv :src/network_interface.cc [2ms]
[2023-05-22T04:22:12.752Z] > git status -z -uall [2ms]
[2023-05-22T04:22:12.760Z] > git symbolic-ref --short HEAD [1ms]
[2023-05-22T04:22:12.769Z] > git for-each-ref --format=%(refname)%00%(upstream:short)%00%(objectname)%00%(upstream:track)%00%(upstream:remotename)%00%(upstream:remoteref) refs/heads/main refs/remotes/main [2ms]
[2023-05-22T04:22:12.785Z] > git for-each-ref --sort -committerdate --format %(refname) %(objectname) %(*objectname) [8ms]
[2023-05-22T04:22:12.786Z] > git remote --verbose [2ms]
[2023-05-22T04:22:12.797Z] > git config --get commit.template [1ms]
[2023-05-22T04:22:12.904Z] > git ls-files --stage -- /home/kaiykato/minnow/src/network_interface.cc [4ms]
[2023-05-22T04:22:12.912Z] > git ls-files --stage -- /home/kaiykato/minnow/src/network_interface.hh [20ms]
[2023-05-22T04:22:12.920Z] > git cat-file -s 773b406ee50f22c936c1cb3bfa2ba306068d2eb4 [8ms]
[2023-05-22T04:22:12.921Z] > git cat-file -s 7ae946830346d87168065ee17f114c76a5c0f22f [2ms]
[2023-05-22T04:22:13.007Z] > git show --textconv :src/network_interface.cc [8ms]
[2023-05-22T04:22:13.009Z] > git show --textconv :src/network_interface.hh [2ms]
[2023-05-22T04:23:57.478Z] > git fetch [306ms]
[2023-05-22T04:23:57.488Z] > git status -z -uall [2ms]
[2023-05-22T04:23:57.497Z] > git symbolic-ref --short HEAD [2ms]
[2023-05-22T04:23:57.506Z] > git for-each-ref --format=%(refname)%00%(upstream:short)%00%(objectname)%00%(upstream:track)%00%(upstream:remotename)%00%(upstream:remoteref) refs/heads/main refs/remotes/main [2ms]
[2023-05-22T04:23:57.522Z] > git for-each-ref --sort -committerdate --format %(refname) %(objectname) %(*objectname) [9ms]
[2023-05-22T04:23:57.522Z] > git remote --verbose [1ms]
[2023-05-22T04:23:57.532Z] > git config --get commit.template [1ms]
[2023-05-22T04:23:58.638Z] > git status -z -uall [2ms]
[2023-05-22T04:23:58.647Z] > git symbolic-ref --short HEAD [1ms]
[2023-05-22T04:23:58.657Z] > git for-each-ref --format=%(refname)%00%(upstream:short)%00%(objectname)%00%(upstream:track)%00%(upstream:remotename)%00%(upstream:remoteref) refs/heads/main refs/remotes/main [2ms]
[2023-05-22T04:23:58.674Z] > git for-each-ref --sort -committerdate --format %(refname) %(objectname) %(*objectname) [9ms]
[2023-05-22T04:23:58.675Z] > git remote --verbose [2ms]
[2023-05-22T04:23:58.685Z] > git config --get commit.template [1ms]
[2023-05-22T04:23:58.788Z] > git ls-files --stage -- /home/kaiykato/minnow/src/network_interface.cc [4ms]
[2023-05-22T04:23:58.796Z] > git ls-files --stage -- /home/kaiykato/minnow/src/network_interface.hh [20ms]
[2023-05-22T04:23:58.805Z] > git cat-file -s 773b406ee50f22c936c1cb3bfa2ba306068d2eb4 [9ms]
[2023-05-22T04:23:58.806Z] > git cat-file -s 7ae946830346d87168065ee17f114c76a5c0f22f [2ms]
[2023-05-22T04:23:58.879Z] > git show --textconv :src/network_interface.cc [9ms]
[2023-05-22T04:23:58.880Z] > git show --textconv :src/network_interface.hh [2ms]
[2023-05-22T04:26:57.815Z] > git fetch [273ms]
[2023-05-22T04:26:57.824Z] > git status -z -uall [1ms]
[2023-05-22T04:26:57.834Z] > git symbolic-ref --short HEAD [1ms]
[2023-05-22T04:26:57.844Z] > git for-each-ref --format=%(refname)%00%(upstream:short)%00%(objectname)%00%(upstream:track)%00%(upstream:remotename)%00%(upstream:remoteref) refs/heads/main refs/remotes/main [3ms]
[2023-05-22T04:26:57.862Z] > git for-each-ref --sort -committerdate --format %(refname) %(objectname) %(*objectname) [10ms]
[2023-05-22T04:26:57.863Z] > git remote --verbose [3ms]
[2023-05-22T04:26:57.874Z] > git config --get commit.template [1ms]
[2023-05-22T04:26:58.978Z] > git status -z -uall [2ms]
[2023-05-22T04:26:58.988Z] > git symbolic-ref --short HEAD [2ms]
[2023-05-22T04:26:58.998Z] > git for-each-ref --format=%(refname)%00%(upstream:short)%00%(objectname)%00%(upstream:track)%00%(upstream:remotename)%00%(upstream:remoteref) refs/heads/main refs/remotes/main [2ms]
[2023-05-22T04:26:59.016Z] > git for-each-ref --sort -committerdate --format %(refname) %(objectname) %(*objectname) [9ms]
[2023-05-22T04:26:59.016Z] > git remote --verbose [1ms]
[2023-05-22T04:26:59.026Z] > git config --get commit.template [1ms]
[2023-05-22T04:26:59.130Z] > git ls-files --stage -- /home/kaiykato/minnow/src/network_interface.cc [4ms]
[2023-05-22T04:26:59.139Z] > git ls-files --stage -- /home/kaiykato/minnow/src/network_interface.hh [20ms]
[2023-05-22T04:26:59.148Z] > git cat-file -s 773b406ee50f22c936c1cb3bfa2ba306068d2eb4 [10ms]
[2023-05-22T04:26:59.149Z] > git cat-file -s 7ae946830346d87168065ee17f114c76a5c0f22f [2ms]
[2023-05-22T04:26:59.229Z] > git show --textconv :src/network_interface.cc [10ms]
[2023-05-22T04:26:59.230Z] > git show --textconv :src/network_interface.hh [2ms]
[2023-05-22T04:29:58.157Z] > git fetch [272ms]
[2023-05-22T04:29:58.168Z] > git status -z -uall [2ms]
[2023-05-22T04:29:58.177Z] > git symbolic-ref --short HEAD [1ms]
[2023-05-22T04:29:58.186Z] > git for-each-ref --format=%(refname)%00%(upstream:short)%00%(objectname)%00%(upstream:track)%00%(upstream:remotename)%00%(upstream:remoteref) refs/heads/main refs/remotes/main [2ms]
[2023-05-22T04:29:58.202Z] > git for-each-ref --sort -committerdate --format %(refname) %(objectname) %(*objectname) [9ms]
[2023-05-22T04:29:58.202Z] > git remote --verbose [1ms]
[2023-05-22T04:29:58.212Z] > git config --get commit.template [1ms]
[2023-05-22T04:29:59.316Z] > git status -z -uall [2ms]
[2023-05-22T04:29:59.325Z] > git symbolic-ref --short HEAD [2ms]
[2023-05-22T04:29:59.335Z] > git for-each-ref --format=%(refname)%00%(upstream:short)%00%(objectname)%00%(upstream:track)%00%(upstream:remotename)%00%(upstream:remoteref) refs/heads/main refs/remotes/main [3ms]
[2023-05-22T04:29:59.352Z] > git for-each-ref --sort -committerdate --format %(refname) %(objectname) %(*objectname) [9ms]
[2023-05-22T04:29:59.352Z] > git remote --verbose [1ms]
[2023-05-22T04:29:59.363Z] > git config --get commit.template [1ms]
[2023-05-22T04:30:00.066Z] > git ls-files --stage -- /home/kaiykato/minnow/src/network_interface.hh [9ms]
[2023-05-22T04:30:00.074Z] > git ls-files --stage -- /home/kaiykato/minnow/src/network_interface.cc [9ms]
[2023-05-22T04:30:00.082Z] > git cat-file -s 7ae946830346d87168065ee17f114c76a5c0f22f [9ms]
[2023-05-22T04:30:00.083Z] > git cat-file -s 773b406ee50f22c936c1cb3bfa2ba306068d2eb4 [2ms]
[2023-05-22T04:30:00.141Z] > git show --textconv :src/network_interface.hh [8ms]
[2023-05-22T04:30:00.143Z] > git show --textconv :src/network_interface.cc [2ms]
[2023-05-22T04:32:58.518Z] > git fetch [296ms]
[2023-05-22T04:32:58.529Z] > git status -z -uall [2ms]
[2023-05-22T04:32:58.539Z] > git symbolic-ref --short HEAD [1ms]
[2023-05-22T04:32:58.550Z] > git for-each-ref --format=%(refname)%00%(upstream:short)%00%(objectname)%00%(upstream:track)%00%(upstream:remotename)%00%(upstream:remoteref) refs/heads/main refs/remotes/main [2ms]
[2023-05-22T04:32:58.568Z] > git for-each-ref --sort -committerdate --format %(refname) %(objectname) %(*objectname) [11ms]
[2023-05-22T04:32:58.568Z] > git remote --verbose [1ms]
[2023-05-22T04:32:58.579Z] > git config --get commit.template [1ms]
[2023-05-22T04:32:59.688Z] > git status -z -uall [1ms]
[2023-05-22T04:32:59.697Z] > git symbolic-ref --short HEAD [2ms]
[2023-05-22T04:32:59.706Z] > git for-each-ref --format=%(refname)%00%(upstream:short)%00%(objectname)%00%(upstream:track)%00%(upstream:remotename)%00%(upstream:remoteref) refs/heads/main refs/remotes/main [2ms]
[2023-05-22T04:32:59.721Z] > git for-each-ref --sort -committerdate --format %(refname) %(objectname) %(*objectname) [8ms]
[2023-05-22T04:32:59.723Z] > git remote --verbose [3ms]
[2023-05-22T04:32:59.733Z] > git config --get commit.template [1ms]
[2023-05-22T04:32:59.842Z] > git ls-files --stage -- /home/kaiykato/minnow/src/network_interface.hh [9ms]
[2023-05-22T04:32:59.850Z] > git ls-files --stage -- /home/kaiykato/minnow/src/network_interface.cc [9ms]
[2023-05-22T04:32:59.857Z] > git cat-file -s 7ae946830346d87168065ee17f114c76a5c0f22f [9ms]
[2023-05-22T04:32:59.858Z] > git cat-file -s 773b406ee50f22c936c1cb3bfa2ba306068d2eb4 [2ms]
[2023-05-22T04:32:59.947Z] > git show --textconv :src/network_interface.hh [10ms]
[2023-05-22T04:32:59.948Z] > git show --textconv :src/network_interface.cc [2ms]
[2023-05-22T04:35:58.982Z] > git fetch [394ms]
[2023-05-22T04:35:58.992Z] > git status -z -uall [2ms]
[2023-05-22T04:35:59.001Z] > git symbolic-ref --short HEAD [2ms]
[2023-05-22T04:35:59.009Z] > git for-each-ref --format=%(refname)%00%(upstream:short)%00%(objectname)%00%(upstream:track)%00%(upstream:remotename)%00%(upstream:remoteref) refs/heads/main refs/remotes/main [2ms]
[2023-05-22T04:35:59.024Z] > git for-each-ref --sort -committerdate --format %(refname) %(objectname) %(*objectname) [8ms]
[2023-05-22T04:35:59.024Z] > git remote --verbose [1ms]
[2023-05-22T04:35:59.033Z] > git config --get commit.template [1ms]
[2023-05-22T04:36:00.150Z] > git status -z -uall [2ms]
[2023-05-22T04:36:00.159Z] > git symbolic-ref --short HEAD [1ms]
[2023-05-22T04:36:00.168Z] > git for-each-ref --format=%(refname)%00%(upstream:short)%00%(objectname)%00%(upstream:track)%00%(upstream:remotename)%00%(upstream:remoteref) refs/heads/main refs/remotes/main [2ms]
[2023-05-22T04:36:00.183Z] > git remote --verbose [2ms]
[2023-05-22T04:36:00.183Z] > git for-each-ref --sort -committerdate --format %(refname) %(objectname) %(*objectname) [8ms]
[2023-05-22T04:36:00.192Z] > git config --get commit.template [1ms]
[2023-05-22T04:36:00.314Z] > git ls-files --stage -- /home/kaiykato/minnow/src/network_interface.hh [8ms]
[2023-05-22T04:36:00.322Z] > git ls-files --stage -- /home/kaiykato/minnow/src/network_interface.cc [8ms]
[2023-05-22T04:36:00.329Z] > git cat-file -s 7ae946830346d87168065ee17f114c76a5c0f22f [8ms]
[2023-05-22T04:36:00.330Z] > git cat-file -s 773b406ee50f22c936c1cb3bfa2ba306068d2eb4 [2ms]
[2023-05-22T04:36:00.391Z] > git show --textconv :src/network_interface.hh [8ms]
[2023-05-22T04:36:00.392Z] > git show --textconv :src/network_interface.cc [1ms]
[2023-05-22T04:38:04.394Z] > git rev-parse --show-toplevel [5ms]
[2023-05-22T04:38:04.394Z] fatal: not a git repository (or any of the parent directories): .git
