[2023-05-24 16:37:49.181] [exthost] [info] Extension host with pid 1236 started
[2023-05-24 16:37:49.192] [exthost] [info] Lock '/home/kaiykato/.vscode-server/data/User/workspaceStorage/d16a1b7f8865348bde3e3163a3d97865/vscode.lock': Lock acquired.
[2023-05-24 16:37:49.786] [exthost] [info] ExtensionService#_doActivateExtension llvm-vs-code-extensions.vscode-clangd, startup: false, activationEvent: 'onLanguage:cpp'
[2023-05-24 16:37:49.998] [exthost] [info] ExtensionService#_doActivateExtension ms-vscode.cpptools, startup: false, activationEvent: 'onLanguage:cpp'
[2023-05-24 16:37:50.183] [exthost] [info] ExtensionService#_doActivateExtension vscode.debug-auto-launch, startup: true, activationEvent: '*'
[2023-05-24 16:37:50.188] [exthost] [info] ExtensionService#_doActivateExtension vscode.git-base, startup: true, activationEvent: '*', root cause: vscode.git
[2023-05-24 16:37:50.193] [exthost] [info] ExtensionService#_doActivateExtension vscode.ipynb, startup: true, activationEvent: '*'
[2023-05-24 16:37:50.365] [exthost] [info] ExtensionService#_doActivateExtension vscode.git, startup: true, activationEvent: '*'
[2023-05-24 16:37:50.422] [exthost] [info] ExtensionService#_doActivateExtension vscode.github, startup: true, activationEvent: '*'
[2023-05-24 16:37:50.833] [exthost] [info] ExtensionService#_doActivateExtension ms-vscode.cmake-tools, startup: true, activationEvent: 'workspaceContains:*/CMakeLists.txt,*/*/CMakeLists.txt,*/*/*/CMakeLists.txt'
[2023-05-24 16:37:51.380] [exthost] [info] ExtensionService#_doActivateExtension vscode.configuration-editing, startup: false, activationEvent: 'onLanguage:json'
[2023-05-24 16:37:51.389] [exthost] [info] ExtensionService#_doActivateExtension vscode.extension-editing, startup: false, activationEvent: 'onLanguage:json'
[2023-05-24 16:37:51.413] [exthost] [info] ExtensionService#_doActivateExtension vscode.json-language-features, startup: false, activationEvent: 'onLanguage:json'
[2023-05-24 16:37:51.495] [exthost] [info] ExtensionService#_doActivateExtension vscode.npm, startup: false, activationEvent: 'onLanguage:json'
[2023-05-24 16:37:51.942] [exthost] [info] ExtensionService#_doActivateExtension vscode.typescript-language-features, startup: false, activationEvent: 'onLanguage:jsonc'
[2023-05-24 16:37:53.014] [exthost] [info] ExtensionService#_doActivateExtension vscode.emmet, startup: false, activationEvent: 'onStartupFinished'
[2023-05-24 16:37:53.042] [exthost] [info] ExtensionService#_doActivateExtension vscode.merge-conflict, startup: false, activationEvent: 'onStartupFinished'
[2023-05-24 16:37:53.048] [exthost] [info] Eager extensions activated
[2023-05-24 16:37:54.190] [exthost] [error] [llvm-vs-code-extensions.vscode-clangd] provider FAILED
[2023-05-24 16:37:54.190] [exthost] [error] {"_isCancelled":true,"_emitter":null}
[2023-05-24 16:37:54.194] [exthost] [error] [llvm-vs-code-extensions.vscode-clangd] provider FAILED
[2023-05-24 16:37:54.194] [exthost] [error] {"_isCancelled":true,"_emitter":null}
[2023-05-24 16:37:54.195] [exthost] [error] [llvm-vs-code-extensions.vscode-clangd] provider FAILED
[2023-05-24 16:37:54.195] [exthost] [error] {"_isCancelled":true,"_emitter":null}
[2023-05-24 16:37:54.195] [exthost] [error] [llvm-vs-code-extensions.vscode-clangd] provider FAILED
[2023-05-24 16:37:54.195] [exthost] [error] {"_isCancelled":true,"_emitter":null}
[2023-05-24 16:37:54.199] [exthost] [error] [llvm-vs-code-extensions.vscode-clangd] provider FAILED
[2023-05-24 16:37:54.199] [exthost] [error] {"_isCancelled":true,"_emitter":null}
[2023-05-24 16:38:10.291] [exthost] [error] [llvm-vs-code-extensions.vscode-clangd] provider FAILED
[2023-05-24 16:38:10.291] [exthost] [error] {"_isCancelled":true,"_emitter":null}
[2023-05-24 16:38:10.292] [exthost] [error] [llvm-vs-code-extensions.vscode-clangd] provider FAILED
[2023-05-24 16:38:10.292] [exthost] [error] {"_isCancelled":true,"_emitter":null}
[2023-05-24 16:39:36.624] [exthost] [error] [llvm-vs-code-extensions.vscode-clangd] provider FAILED
[2023-05-24 16:39:36.624] [exthost] [error] {"_isCancelled":false,"_emitter":{"_disposed":false,"_listeners":{"_first":{"element":{"subscription":{}},"next":{},"prev":{}},"_last":{"element":{"subscription":{}},"next":{},"prev":{}},"_size":1}}}
[2023-05-24 16:39:36.946] [exthost] [error] [llvm-vs-code-extensions.vscode-clangd] provider FAILED
[2023-05-24 16:39:36.946] [exthost] [error] {"_isCancelled":false,"_emitter":{"_disposed":false,"_listeners":{"_first":{"element":{"subscription":{}},"next":{},"prev":{}},"_last":{"element":{"subscription":{}},"next":{},"prev":{}},"_size":1}}}
[2023-05-24 16:40:12.782] [exthost] [error] [llvm-vs-code-extensions.vscode-clangd] provider FAILED
[2023-05-24 16:40:12.783] [exthost] [error] {"_isCancelled":false,"_emitter":{"_disposed":false,"_listeners":{"_first":{"element":{"subscription":{}},"next":{},"prev":{}},"_last":{"element":{"subscription":{}},"next":{},"prev":{}},"_size":1}}}
[2023-05-24 16:40:13.111] [exthost] [error] [llvm-vs-code-extensions.vscode-clangd] provider FAILED
[2023-05-24 16:40:13.111] [exthost] [error] {"_isCancelled":false,"_emitter":{"_disposed":false,"_listeners":{"_first":{"element":{"subscription":{}},"next":{},"prev":{}},"_last":{"element":{"subscription":{}},"next":{},"prev":{}},"_size":1}}}
[2023-05-24 16:40:53.430] [exthost] [error] [llvm-vs-code-extensions.vscode-clangd] provider FAILED
[2023-05-24 16:40:53.431] [exthost] [error] {"_isCancelled":false,"_emitter":{"_disposed":false,"_listeners":{"_first":{"element":{"subscription":{}},"next":{},"prev":{}},"_last":{"element":{"subscription":{}},"next":{},"prev":{}},"_size":1}}}
[2023-05-24 16:42:03.159] [exthost] [error] [llvm-vs-code-extensions.vscode-clangd] provider FAILED
[2023-05-24 16:42:03.159] [exthost] [error] {"_isCancelled":false,"_emitter":{"_disposed":false,"_listeners":{"_first":{"element":{"subscription":{}},"next":{},"prev":{}},"_last":{"element":{"subscription":{}},"next":{},"prev":{}},"_size":1}}}
[2023-05-24 16:42:13.217] [exthost] [error] [llvm-vs-code-extensions.vscode-clangd] provider FAILED
[2023-05-24 16:42:13.217] [exthost] [error] {"_isCancelled":false,"_emitter":{"_disposed":false,"_listeners":{"_first":{"element":{"subscription":{}},"next":{},"prev":{}},"_last":{"element":{"subscription":{}},"next":{},"prev":{}},"_size":1}}}
[2023-05-24 16:42:13.561] [exthost] [error] [llvm-vs-code-extensions.vscode-clangd] provider FAILED
[2023-05-24 16:42:13.561] [exthost] [error] {"_isCancelled":false,"_emitter":{"_disposed":false,"_listeners":{"_first":{"element":{"subscription":{}},"next":{},"prev":{}},"_last":{"element":{"subscription":{}},"next":{},"prev":{}},"_size":1}}}
[2023-05-24 16:42:14.006] [exthost] [error] [llvm-vs-code-extensions.vscode-clangd] provider FAILED
[2023-05-24 16:42:14.006] [exthost] [error] TypeError: Cannot read properties of null (reading 'items')
	at mp.<anonymous> (/home/kaiykato/.vscode-server/extensions/llvm-vs-code-extensions.vscode-clangd-0.1.24/out/bundle.js:240:10464)
	at Generator.next (<anonymous>)
	at o (/home/kaiykato/.vscode-server/extensions/llvm-vs-code-extensions.vscode-clangd-0.1.24/out/bundle.js:1:1098)
[2023-05-24 16:43:05.803] [exthost] [error] [llvm-vs-code-extensions.vscode-clangd] provider FAILED
[2023-05-24 16:43:05.803] [exthost] [error] {"_isCancelled":true,"_emitter":null}
[2023-05-24 16:43:05.804] [exthost] [error] [llvm-vs-code-extensions.vscode-clangd] provider FAILED
[2023-05-24 16:43:05.804] [exthost] [error] {"_isCancelled":false,"_emitter":{"_disposed":false,"_listeners":{"_first":{"element":{"subscription":{}},"next":{},"prev":{}},"_last":{"element":{"subscription":{}},"next":{},"prev":{}},"_size":1}}}
[2023-05-24 16:46:41.674] [exthost] [error] [llvm-vs-code-extensions.vscode-clangd] provider FAILED
[2023-05-24 16:46:41.674] [exthost] [error] {"_isCancelled":true,"_emitter":null}
[2023-05-24 16:46:41.675] [exthost] [error] [llvm-vs-code-extensions.vscode-clangd] provider FAILED
[2023-05-24 16:46:41.675] [exthost] [error] {"_isCancelled":true,"_emitter":null}
[2023-05-24 16:46:41.677] [exthost] [error] [llvm-vs-code-extensions.vscode-clangd] provider FAILED
[2023-05-24 16:46:41.677] [exthost] [error] {"_isCancelled":true,"_emitter":null}
[2023-05-24 16:46:41.678] [exthost] [error] [llvm-vs-code-extensions.vscode-clangd] provider FAILED
[2023-05-24 16:46:41.678] [exthost] [error] {"_isCancelled":true,"_emitter":null}
[2023-05-24 16:46:41.678] [exthost] [error] [llvm-vs-code-extensions.vscode-clangd] provider FAILED
[2023-05-24 16:46:41.678] [exthost] [error] {"_isCancelled":true,"_emitter":null}
[2023-05-24 16:46:48.902] [exthost] [error] [llvm-vs-code-extensions.vscode-clangd] provider FAILED
[2023-05-24 16:46:48.902] [exthost] [error] {"_isCancelled":true,"_emitter":null}
[2023-05-24 16:46:49.301] [exthost] [error] [llvm-vs-code-extensions.vscode-clangd] provider FAILED
[2023-05-24 16:46:49.301] [exthost] [error] {"_isCancelled":false,"_emitter":{"_disposed":false,"_listeners":{"_first":{"element":{"subscription":{}},"next":{},"prev":{}},"_last":{"element":{"subscription":{}},"next":{},"prev":{}},"_size":1}}}
[2023-05-24 16:46:49.302] [exthost] [error] [llvm-vs-code-extensions.vscode-clangd] provider FAILED
[2023-05-24 16:46:49.302] [exthost] [error] {"_isCancelled":true,"_emitter":null}
[2023-05-24 16:46:49.302] [exthost] [error] [llvm-vs-code-extensions.vscode-clangd] provider FAILED
[2023-05-24 16:46:49.302] [exthost] [error] {"_isCancelled":false,"_emitter":{"_disposed":false,"_listeners":{"_first":{"element":{"subscription":{}},"next":{},"prev":{}},"_last":{"element":{"subscription":{}},"next":{},"prev":{}},"_size":1}}}
[2023-05-24 16:46:51.121] [exthost] [error] [llvm-vs-code-extensions.vscode-clangd] provider FAILED
[2023-05-24 16:46:51.121] [exthost] [error] {"_isCancelled":false,"_emitter":{"_disposed":false,"_listeners":{"_first":{"element":{"subscription":{}},"next":{},"prev":{}},"_last":{"element":{"subscription":{}},"next":{},"prev":{}},"_size":1}}}
[2023-05-24 16:47:04.563] [exthost] [error] [llvm-vs-code-extensions.vscode-clangd] provider FAILED
[2023-05-24 16:47:04.563] [exthost] [error] {"_isCancelled":false,"_emitter":{"_disposed":false,"_listeners":{"_first":{"element":{"subscription":{}},"next":{},"prev":{}},"_last":{"element":{"subscription":{}},"next":{},"prev":{}},"_size":1}}}
[2023-05-24 16:47:28.297] [exthost] [error] [llvm-vs-code-extensions.vscode-clangd] provider FAILED
[2023-05-24 16:47:28.297] [exthost] [error] {"_isCancelled":true,"_emitter":null}
[2023-05-24 16:48:03.709] [exthost] [error] [llvm-vs-code-extensions.vscode-clangd] provider FAILED
[2023-05-24 16:48:03.709] [exthost] [error] {"_isCancelled":true,"_emitter":null}
[2023-05-24 16:48:03.710] [exthost] [error] [llvm-vs-code-extensions.vscode-clangd] provider FAILED
[2023-05-24 16:48:03.710] [exthost] [error] {"_isCancelled":true,"_emitter":null}
[2023-05-24 16:50:37.667] [exthost] [error] [llvm-vs-code-extensions.vscode-clangd] provider FAILED
[2023-05-24 16:50:37.667] [exthost] [error] {"_isCancelled":true,"_emitter":null}
[2023-05-24 16:57:28.746] [exthost] [error] [llvm-vs-code-extensions.vscode-clangd] provider FAILED
[2023-05-24 16:57:28.746] [exthost] [error] {"_isCancelled":true,"_emitter":null}
[2023-05-24 17:00:27.820] [exthost] [error] [llvm-vs-code-extensions.vscode-clangd] provider FAILED
[2023-05-24 17:00:27.820] [exthost] [error] {"_isCancelled":true,"_emitter":null}
[2023-05-24 17:03:52.385] [exthost] [info] ExtensionService#_doActivateExtension vscode.debug-server-ready, startup: false, activationEvent: 'onDebugResolve'
[2023-05-24 17:08:30.449] [exthost] [error] [llvm-vs-code-extensions.vscode-clangd] provider FAILED
[2023-05-24 17:08:30.449] [exthost] [error] {"_isCancelled":true,"_emitter":null}
[2023-05-24 17:10:33.584] [exthost] [error] [llvm-vs-code-extensions.vscode-clangd] provider FAILED
[2023-05-24 17:10:33.584] [exthost] [error] {"_isCancelled":false,"_emitter":{"_disposed":false,"_listeners":{"_first":{"element":{"subscription":{}},"next":{},"prev":{}},"_last":{"element":{"subscription":{}},"next":{},"prev":{}},"_size":1}}}
[2023-05-24 17:10:34.879] [exthost] [error] [llvm-vs-code-extensions.vscode-clangd] provider FAILED
[2023-05-24 17:10:34.879] [exthost] [error] {"_isCancelled":false,"_emitter":{"_disposed":false,"_listeners":{"_first":{"element":{"subscription":{}},"next":{},"prev":{}},"_last":{"element":{"subscription":{}},"next":{},"prev":{}},"_size":1}}}
[2023-05-24 17:10:36.259] [exthost] [error] [llvm-vs-code-extensions.vscode-clangd] provider FAILED
[2023-05-24 17:10:36.259] [exthost] [error] {"_isCancelled":true,"_emitter":null}
[2023-05-24 17:10:41.361] [exthost] [error] [llvm-vs-code-extensions.vscode-clangd] provider FAILED
[2023-05-24 17:10:41.361] [exthost] [error] {"_isCancelled":true,"_emitter":null}
[2023-05-24 17:10:44.985] [exthost] [error] [llvm-vs-code-extensions.vscode-clangd] provider FAILED
[2023-05-24 17:10:44.985] [exthost] [error] {"_isCancelled":true,"_emitter":null}
[2023-05-24 17:11:19.720] [exthost] [error] [llvm-vs-code-extensions.vscode-clangd] provider FAILED
[2023-05-24 17:11:19.720] [exthost] [error] {"_isCancelled":true,"_emitter":null}
[2023-05-24 17:11:21.320] [exthost] [error] [llvm-vs-code-extensions.vscode-clangd] provider FAILED
[2023-05-24 17:11:21.320] [exthost] [error] {"_isCancelled":false,"_emitter":{"_disposed":false,"_listeners":{"_first":{"element":{"subscription":{}},"next":{},"prev":{}},"_last":{"element":{"subscription":{}},"next":{},"prev":{}},"_size":1}}}
[2023-05-24 17:17:19.114] [exthost] [error] [llvm-vs-code-extensions.vscode-clangd] provider FAILED
[2023-05-24 17:17:19.114] [exthost] [error] {"_isCancelled":true,"_emitter":null}
[2023-05-24 17:17:19.116] [exthost] [error] [llvm-vs-code-extensions.vscode-clangd] provider FAILED
[2023-05-24 17:17:19.117] [exthost] [error] {"_isCancelled":true,"_emitter":null}
[2023-05-24 17:17:50.379] [exthost] [error] [llvm-vs-code-extensions.vscode-clangd] provider FAILED
[2023-05-24 17:17:50.379] [exthost] [error] {"_isCancelled":true,"_emitter":null}
[2023-05-24 17:17:50.380] [exthost] [error] [llvm-vs-code-extensions.vscode-clangd] provider FAILED
[2023-05-24 17:17:50.380] [exthost] [error] {"_isCancelled":true,"_emitter":null}
[2023-05-24 17:17:50.381] [exthost] [error] [llvm-vs-code-extensions.vscode-clangd] provider FAILED
[2023-05-24 17:17:50.381] [exthost] [error] {"_isCancelled":true,"_emitter":null}
[2023-05-24 17:25:22.507] [exthost] [error] [llvm-vs-code-extensions.vscode-clangd] provider FAILED
[2023-05-24 17:25:22.507] [exthost] [error] {"_isCancelled":true,"_emitter":null}
[2023-05-24 17:25:23.538] [exthost] [error] [llvm-vs-code-extensions.vscode-clangd] provider FAILED
[2023-05-24 17:25:23.538] [exthost] [error] {"_isCancelled":true,"_emitter":null}
[2023-05-24 17:34:30.746] [exthost] [error] [llvm-vs-code-extensions.vscode-clangd] provider FAILED
[2023-05-24 17:34:30.746] [exthost] [error] {"_isCancelled":true,"_emitter":null}
[2023-05-24 17:34:59.228] [exthost] [error] [llvm-vs-code-extensions.vscode-clangd] provider FAILED
[2023-05-24 17:34:59.228] [exthost] [error] {"_isCancelled":false,"_emitter":{"_disposed":false,"_listeners":{"_first":{"element":{"subscription":{}},"next":{},"prev":{}},"_last":{"element":{"subscription":{}},"next":{},"prev":{}},"_size":1}}}
[2023-05-24 17:34:59.586] [exthost] [error] [llvm-vs-code-extensions.vscode-clangd] provider FAILED
[2023-05-24 17:34:59.586] [exthost] [error] {"_isCancelled":false,"_emitter":{"_disposed":false,"_listeners":{"_first":{"element":{"subscription":{}},"next":{},"prev":{}},"_last":{"element":{"subscription":{}},"next":{},"prev":{}},"_size":1}}}
[2023-05-24 17:34:59.587] [exthost] [error] [llvm-vs-code-extensions.vscode-clangd] provider FAILED
[2023-05-24 17:34:59.587] [exthost] [error] {"_isCancelled":true,"_emitter":null}
[2023-05-24 17:35:01.397] [exthost] [error] [llvm-vs-code-extensions.vscode-clangd] provider FAILED
[2023-05-24 17:35:01.397] [exthost] [error] {"_isCancelled":false,"_emitter":{"_disposed":false,"_listeners":{"_first":{"element":{"subscription":{}},"next":{},"prev":{}},"_last":{"element":{"subscription":{}},"next":{},"prev":{}},"_size":1}}}
[2023-05-24 17:35:02.620] [exthost] [error] [llvm-vs-code-extensions.vscode-clangd] provider FAILED
[2023-05-24 17:35:02.620] [exthost] [error] {"_isCancelled":false,"_emitter":{"_disposed":false,"_listeners":{"_first":{"element":{"subscription":{}},"next":{},"prev":{}},"_last":{"element":{"subscription":{}},"next":{},"prev":{}},"_size":1}}}
[2023-05-24 17:41:05.395] [exthost] [error] [llvm-vs-code-extensions.vscode-clangd] provider FAILED
[2023-05-24 17:41:05.395] [exthost] [error] {"_isCancelled":false,"_emitter":{"_disposed":false,"_listeners":{"_first":{"element":{"subscription":{}},"next":{},"prev":{}},"_last":{"element":{"subscription":{}},"next":{},"prev":{}},"_size":1}}}
[2023-05-24 17:41:05.395] [exthost] [error] [llvm-vs-code-extensions.vscode-clangd] provider FAILED
[2023-05-24 17:41:05.396] [exthost] [error] {"_isCancelled":false,"_emitter":{"_disposed":false,"_listeners":{"_first":{"element":{"subscription":{}},"next":{},"prev":{}},"_last":{"element":{"subscription":{}},"next":{},"prev":{}},"_size":1}}}
[2023-05-24 17:42:05.067] [exthost] [error] [llvm-vs-code-extensions.vscode-clangd] provider FAILED
[2023-05-24 17:42:05.067] [exthost] [error] {"_isCancelled":false,"_emitter":{"_disposed":false,"_listeners":{"_first":{"element":{"subscription":{}},"next":{},"prev":{}},"_last":{"element":{"subscription":{}},"next":{},"prev":{}},"_size":1}}}
[2023-05-24 17:42:06.342] [exthost] [error] [llvm-vs-code-extensions.vscode-clangd] provider FAILED
[2023-05-24 17:42:06.342] [exthost] [error] {"_isCancelled":false,"_emitter":{"_disposed":false,"_listeners":{"_first":{"element":{"subscription":{}},"next":{},"prev":{}},"_last":{"element":{"subscription":{}},"next":{},"prev":{}},"_size":1}}}
[2023-05-24 17:42:08.358] [exthost] [error] [llvm-vs-code-extensions.vscode-clangd] provider FAILED
[2023-05-24 17:42:08.358] [exthost] [error] {"_isCancelled":false,"_emitter":{"_disposed":false,"_listeners":{"_first":{"element":{"subscription":{}},"next":{},"prev":{}},"_last":{"element":{"subscription":{}},"next":{},"prev":{}},"_size":1}}}
[2023-05-24 17:42:08.692] [exthost] [error] [llvm-vs-code-extensions.vscode-clangd] provider FAILED
[2023-05-24 17:42:08.692] [exthost] [error] {"_isCancelled":true,"_emitter":null}
[2023-05-24 17:43:42.477] [exthost] [error] [llvm-vs-code-extensions.vscode-clangd] provider FAILED
[2023-05-24 17:43:42.477] [exthost] [error] {"_isCancelled":true,"_emitter":null}
[2023-05-24 17:43:42.479] [exthost] [error] [llvm-vs-code-extensions.vscode-clangd] provider FAILED
[2023-05-24 17:43:42.479] [exthost] [error] {"_isCancelled":true,"_emitter":null}
[2023-05-24 17:43:42.479] [exthost] [error] [llvm-vs-code-extensions.vscode-clangd] provider FAILED
[2023-05-24 17:43:42.479] [exthost] [error] {"_isCancelled":true,"_emitter":null}
[2023-05-24 17:47:28.754] [exthost] [error] [llvm-vs-code-extensions.vscode-clangd] provider FAILED
[2023-05-24 17:47:28.754] [exthost] [error] {"_isCancelled":true,"_emitter":null}
[2023-05-24 18:14:19.350] [exthost] [error] [llvm-vs-code-extensions.vscode-clangd] provider FAILED
[2023-05-24 18:14:19.350] [exthost] [error] {"_isCancelled":false,"_emitter":{"_disposed":false,"_listeners":{"_first":{"element":{"subscription":{}},"next":{},"prev":{}},"_last":{"element":{"subscription":{}},"next":{},"prev":{}},"_size":1}}}
[2023-05-24 18:14:34.344] [exthost] [error] [llvm-vs-code-extensions.vscode-clangd] provider FAILED
[2023-05-24 18:14:34.344] [exthost] [error] {"_isCancelled":false,"_emitter":{"_disposed":false,"_listeners":{"_first":{"element":{"subscription":{}},"next":{},"prev":{}},"_last":{"element":{"subscription":{}},"next":{},"prev":{}},"_size":1}}}
[2023-05-24 18:14:34.758] [exthost] [error] [llvm-vs-code-extensions.vscode-clangd] provider FAILED
[2023-05-24 18:14:34.758] [exthost] [error] {"_isCancelled":false,"_emitter":{"_disposed":false,"_listeners":{"_first":{"element":{"subscription":{}},"next":{},"prev":{}},"_last":{"element":{"subscription":{}},"next":{},"prev":{}},"_size":1}}}
[2023-05-24 18:14:35.370] [exthost] [error] [llvm-vs-code-extensions.vscode-clangd] provider FAILED
[2023-05-24 18:14:35.370] [exthost] [error] {"_isCancelled":true,"_emitter":null}
[2023-05-24 18:14:37.809] [exthost] [error] [llvm-vs-code-extensions.vscode-clangd] provider FAILED
[2023-05-24 18:14:37.809] [exthost] [error] {"_isCancelled":true,"_emitter":null}
[2023-05-24 18:17:29.349] [exthost] [error] [llvm-vs-code-extensions.vscode-clangd] provider FAILED
[2023-05-24 18:17:29.349] [exthost] [error] {"_isCancelled":false,"_emitter":{"_disposed":false,"_listeners":{"_first":{"element":{"subscription":{}},"next":{},"prev":{}},"_last":{"element":{"subscription":{}},"next":{},"prev":{}},"_size":1}}}
[2023-05-24 18:17:29.661] [exthost] [error] [llvm-vs-code-extensions.vscode-clangd] provider FAILED
[2023-05-24 18:17:29.661] [exthost] [error] {"_isCancelled":false,"_emitter":{"_disposed":false,"_listeners":{"_first":{"element":{"subscription":{}},"next":{},"prev":{}},"_last":{"element":{"subscription":{}},"next":{},"prev":{}},"_size":1}}}
[2023-05-24 18:17:31.691] [exthost] [error] [llvm-vs-code-extensions.vscode-clangd] provider FAILED
[2023-05-24 18:17:31.691] [exthost] [error] {"_isCancelled":false,"_emitter":{"_disposed":false,"_listeners":{"_first":{"element":{"subscription":{}},"next":{},"prev":{}},"_last":{"element":{"subscription":{}},"next":{},"prev":{}},"_size":1}}}
[2023-05-24 18:18:47.737] [exthost] [error] [llvm-vs-code-extensions.vscode-clangd] provider FAILED
[2023-05-24 18:18:47.737] [exthost] [error] {"_isCancelled":false,"_emitter":{"_disposed":false,"_listeners":{"_first":{"element":{"subscription":{}},"next":{},"prev":{}},"_last":{"element":{"subscription":{}},"next":{},"prev":{}},"_size":1}}}
[2023-05-24 18:18:48.895] [exthost] [error] [llvm-vs-code-extensions.vscode-clangd] provider FAILED
[2023-05-24 18:18:48.895] [exthost] [error] {"_isCancelled":true,"_emitter":null}
[2023-05-24 18:18:53.392] [exthost] [error] [llvm-vs-code-extensions.vscode-clangd] provider FAILED
[2023-05-24 18:18:53.392] [exthost] [error] {"_isCancelled":true,"_emitter":null}
[2023-05-24 18:20:30.017] [exthost] [error] [llvm-vs-code-extensions.vscode-clangd] provider FAILED
[2023-05-24 18:20:30.017] [exthost] [error] {"_isCancelled":false,"_emitter":{"_disposed":false,"_listeners":{"_first":{"element":{"subscription":{}},"next":{},"prev":{}},"_last":{"element":{"subscription":{}},"next":{},"prev":{}},"_size":1}}}
[2023-05-24 18:21:23.337] [exthost] [error] [llvm-vs-code-extensions.vscode-clangd] provider FAILED
[2023-05-24 18:21:23.337] [exthost] [error] {"_isCancelled":false,"_emitter":{"_disposed":false,"_listeners":{"_first":{"element":{"subscription":{}},"next":{},"prev":{}},"_last":{"element":{"subscription":{}},"next":{},"prev":{}},"_size":1}}}
[2023-05-24 18:21:34.182] [exthost] [error] [llvm-vs-code-extensions.vscode-clangd] provider FAILED
[2023-05-24 18:21:34.182] [exthost] [error] {"_isCancelled":false,"_emitter":{"_disposed":false,"_listeners":{"_first":{"element":{"subscription":{}},"next":{},"prev":{}},"_last":{"element":{"subscription":{}},"next":{},"prev":{}},"_size":1}}}
[2023-05-24 18:21:37.785] [exthost] [error] [llvm-vs-code-extensions.vscode-clangd] provider FAILED
[2023-05-24 18:21:37.785] [exthost] [error] {"_isCancelled":true,"_emitter":null}
[2023-05-24 18:21:37.786] [exthost] [error] [llvm-vs-code-extensions.vscode-clangd] provider FAILED
[2023-05-24 18:21:37.786] [exthost] [error] {"_isCancelled":false,"_emitter":{"_disposed":false,"_listeners":{"_first":{"element":{"subscription":{}},"next":{},"prev":{}},"_last":{"element":{"subscription":{}},"next":{},"prev":{}},"_size":1}}}
[2023-05-24 18:21:38.166] [exthost] [error] [llvm-vs-code-extensions.vscode-clangd] provider FAILED
[2023-05-24 18:21:38.166] [exthost] [error] {"_isCancelled":false,"_emitter":{"_disposed":false,"_listeners":{"_first":{"element":{"subscription":{}},"next":{},"prev":{}},"_last":{"element":{"subscription":{}},"next":{},"prev":{}},"_size":1}}}
[2023-05-24 18:21:51.981] [exthost] [error] [llvm-vs-code-extensions.vscode-clangd] provider FAILED
[2023-05-24 18:21:51.981] [exthost] [error] {"_isCancelled":true,"_emitter":null}
[2023-05-24 18:21:55.462] [exthost] [error] [llvm-vs-code-extensions.vscode-clangd] provider FAILED
[2023-05-24 18:21:55.462] [exthost] [error] {"_isCancelled":false,"_emitter":{"_disposed":false,"_listeners":{"_first":{"element":{"subscription":{}},"next":{},"prev":{}},"_last":{"element":{"subscription":{}},"next":{},"prev":{}},"_size":1}}}
[2023-05-24 18:21:55.463] [exthost] [error] [llvm-vs-code-extensions.vscode-clangd] provider FAILED
[2023-05-24 18:21:55.463] [exthost] [error] {"_isCancelled":true,"_emitter":null}
[2023-05-24 18:22:02.534] [exthost] [error] [llvm-vs-code-extensions.vscode-clangd] provider FAILED
[2023-05-24 18:22:02.535] [exthost] [error] {"_isCancelled":false,"_emitter":{"_disposed":false,"_listeners":{"_first":{"element":{"subscription":{}},"next":{},"prev":{}},"_last":{"element":{"subscription":{}},"next":{},"prev":{}},"_size":1}}}
[2023-05-24 18:22:02.918] [exthost] [error] [llvm-vs-code-extensions.vscode-clangd] provider FAILED
[2023-05-24 18:22:02.918] [exthost] [error] {"_isCancelled":false,"_emitter":{"_disposed":false,"_listeners":{"_first":{"element":{"subscription":{}},"next":{},"prev":{}},"_last":{"element":{"subscription":{}},"next":{},"prev":{}},"_size":1}}}
[2023-05-24 18:22:04.148] [exthost] [error] [llvm-vs-code-extensions.vscode-clangd] provider FAILED
[2023-05-24 18:22:04.148] [exthost] [error] {"_isCancelled":true,"_emitter":null}
[2023-05-24 18:22:04.149] [exthost] [error] [llvm-vs-code-extensions.vscode-clangd] provider FAILED
[2023-05-24 18:22:04.149] [exthost] [error] {"_isCancelled":true,"_emitter":null}
[2023-05-24 18:22:13.233] [exthost] [error] [llvm-vs-code-extensions.vscode-clangd] provider FAILED
[2023-05-24 18:22:13.233] [exthost] [error] {"_isCancelled":false,"_emitter":{"_disposed":false,"_listeners":{"_first":{"element":{"subscription":{}},"next":{},"prev":{}},"_last":{"element":{"subscription":{}},"next":{},"prev":{}},"_size":1}}}
[2023-05-24 18:22:15.931] [exthost] [error] [llvm-vs-code-extensions.vscode-clangd] provider FAILED
[2023-05-24 18:22:15.931] [exthost] [error] {"_isCancelled":false,"_emitter":{"_disposed":false,"_listeners":{"_first":{"element":{"subscription":{}},"next":{},"prev":{}},"_last":{"element":{"subscription":{}},"next":{},"prev":{}},"_size":1}}}
[2023-05-24 18:22:28.796] [exthost] [error] [llvm-vs-code-extensions.vscode-clangd] provider FAILED
[2023-05-24 18:22:28.796] [exthost] [error] {"_isCancelled":false,"_emitter":{"_disposed":false,"_listeners":{"_first":{"element":{"subscription":{}},"next":{},"prev":{}},"_last":{"element":{"subscription":{}},"next":{},"prev":{}},"_size":1}}}
[2023-05-24 18:22:28.796] [exthost] [error] [llvm-vs-code-extensions.vscode-clangd] provider FAILED
[2023-05-24 18:22:28.796] [exthost] [error] {"_isCancelled":true,"_emitter":null}
[2023-05-24 18:22:28.796] [exthost] [error] [llvm-vs-code-extensions.vscode-clangd] provider FAILED
[2023-05-24 18:22:28.796] [exthost] [error] {"_isCancelled":false,"_emitter":{"_disposed":false,"_listeners":{"_first":{"element":{"subscription":{}},"next":{},"prev":{}},"_last":{"element":{"subscription":{}},"next":{},"prev":{}},"_size":1}}}
[2023-05-24 18:22:29.986] [exthost] [error] [llvm-vs-code-extensions.vscode-clangd] provider FAILED
[2023-05-24 18:22:29.986] [exthost] [error] {"_isCancelled":true,"_emitter":null}
[2023-05-24 18:22:29.986] [exthost] [error] [llvm-vs-code-extensions.vscode-clangd] provider FAILED
[2023-05-24 18:22:29.986] [exthost] [error] {"_isCancelled":false,"_emitter":{"_disposed":false,"_listeners":{"_first":{"element":{"subscription":{}},"next":{},"prev":{}},"_last":{"element":{"subscription":{}},"next":{},"prev":{}},"_size":1}}}
[2023-05-24 18:25:24.219] [exthost] [error] [llvm-vs-code-extensions.vscode-clangd] provider FAILED
[2023-05-24 18:25:24.219] [exthost] [error] {"_isCancelled":false,"_emitter":{"_disposed":false,"_listeners":{"_first":{"element":{"subscription":{}},"next":{},"prev":{}},"_last":{"element":{"subscription":{}},"next":{},"prev":{}},"_size":1}}}
[2023-05-24 18:25:24.219] [exthost] [error] [llvm-vs-code-extensions.vscode-clangd] provider FAILED
[2023-05-24 18:25:24.219] [exthost] [error] {"_isCancelled":false,"_emitter":{"_disposed":false,"_listeners":{"_first":{"element":{"subscription":{}},"next":{},"prev":{}},"_last":{"element":{"subscription":{}},"next":{},"prev":{}},"_size":1}}}
[2023-05-24 18:33:26.958] [exthost] [error] [llvm-vs-code-extensions.vscode-clangd] provider FAILED
[2023-05-24 18:33:26.958] [exthost] [error] {"_isCancelled":false,"_emitter":{"_disposed":false,"_listeners":{"_first":{"element":{"subscription":{}},"next":{},"prev":{}},"_last":{"element":{"subscription":{}},"next":{},"prev":{}},"_size":1}}}
[2023-05-24 18:33:27.355] [exthost] [error] [llvm-vs-code-extensions.vscode-clangd] provider FAILED
[2023-05-24 18:33:27.355] [exthost] [error] {"_isCancelled":false,"_emitter":{"_disposed":false,"_listeners":{"_first":{"element":{"subscription":{}},"next":{},"prev":{}},"_last":{"element":{"subscription":{}},"next":{},"prev":{}},"_size":1}}}
[2023-05-24 18:33:27.837] [exthost] [error] [llvm-vs-code-extensions.vscode-clangd] provider FAILED
[2023-05-24 18:33:27.837] [exthost] [error] {"_isCancelled":false,"_emitter":{"_disposed":false,"_listeners":{"_first":{"element":{"subscription":{}},"next":{},"prev":{}},"_last":{"element":{"subscription":{}},"next":{},"prev":{}},"_size":1}}}
[2023-05-24 18:33:28.540] [exthost] [error] [llvm-vs-code-extensions.vscode-clangd] provider FAILED
[2023-05-24 18:33:28.540] [exthost] [error] {"_isCancelled":true,"_emitter":null}
[2023-05-24 18:33:28.540] [exthost] [error] [llvm-vs-code-extensions.vscode-clangd] provider FAILED
[2023-05-24 18:33:28.541] [exthost] [error] {"_isCancelled":false,"_emitter":{"_disposed":false,"_listeners":{"_first":{"element":{"subscription":{}},"next":{},"prev":{}},"_last":{"element":{"subscription":{}},"next":{},"prev":{}},"_size":1}}}
[2023-05-24 18:33:43.062] [exthost] [error] [llvm-vs-code-extensions.vscode-clangd] provider FAILED
[2023-05-24 18:33:43.062] [exthost] [error] {"_isCancelled":false,"_emitter":{"_disposed":false,"_listeners":{"_first":{"element":{"subscription":{}},"next":{},"prev":{}},"_last":{"element":{"subscription":{}},"next":{},"prev":{}},"_size":1}}}
[2023-05-24 18:33:43.063] [exthost] [error] [llvm-vs-code-extensions.vscode-clangd] provider FAILED
[2023-05-24 18:33:43.063] [exthost] [error] {"_isCancelled":true,"_emitter":null}
[2023-05-24 18:33:44.212] [exthost] [error] [llvm-vs-code-extensions.vscode-clangd] provider FAILED
[2023-05-24 18:33:44.212] [exthost] [error] {"_isCancelled":false,"_emitter":{"_disposed":false,"_listeners":{"_first":{"element":{"subscription":{}},"next":{},"prev":{}},"_last":{"element":{"subscription":{}},"next":{},"prev":{}},"_size":1}}}
[2023-05-24 18:33:44.334] [exthost] [error] [llvm-vs-code-extensions.vscode-clangd] provider FAILED
[2023-05-24 18:33:44.334] [exthost] [error] {"_isCancelled":false,"_emitter":{"_disposed":false,"_listeners":{"_first":{"element":{"subscription":{}},"next":{},"prev":{}},"_last":{"element":{"subscription":{}},"next":{},"prev":{}},"_size":1}}}
[2023-05-24 18:33:45.132] [exthost] [error] [llvm-vs-code-extensions.vscode-clangd] provider FAILED
[2023-05-24 18:33:45.132] [exthost] [error] {"_isCancelled":false,"_emitter":{"_disposed":false,"_listeners":{"_first":{"element":{"subscription":{}},"next":{},"prev":{}},"_last":{"element":{"subscription":{}},"next":{},"prev":{}},"_size":1}}}
[2023-05-24 18:33:45.452] [exthost] [error] [llvm-vs-code-extensions.vscode-clangd] provider FAILED
[2023-05-24 18:33:45.452] [exthost] [error] {"_isCancelled":false,"_emitter":{"_disposed":false,"_listeners":{"_first":{"element":{"subscription":{}},"next":{},"prev":{}},"_last":{"element":{"subscription":{}},"next":{},"prev":{}},"_size":1}}}
[2023-05-24 18:38:08.162] [exthost] [error] [llvm-vs-code-extensions.vscode-clangd] provider FAILED
[2023-05-24 18:38:08.162] [exthost] [error] {"_isCancelled":true,"_emitter":null}
[2023-05-24 19:00:30.700] [exthost] [error] [llvm-vs-code-extensions.vscode-clangd] provider FAILED
[2023-05-24 19:00:30.700] [exthost] [error] {"_isCancelled":false,"_emitter":{"_disposed":false,"_listeners":{"_first":{"element":{"subscription":{}},"next":{},"prev":{}},"_last":{"element":{"subscription":{}},"next":{},"prev":{}},"_size":1}}}
[2023-05-24 19:00:59.504] [exthost] [error] [llvm-vs-code-extensions.vscode-clangd] provider FAILED
[2023-05-24 19:00:59.504] [exthost] [error] {"_isCancelled":true,"_emitter":null}
[2023-05-24 19:01:02.588] [exthost] [error] [llvm-vs-code-extensions.vscode-clangd] provider FAILED
[2023-05-24 19:01:02.588] [exthost] [error] {"_isCancelled":false,"_emitter":{"_disposed":false,"_listeners":{"_first":{"element":{"subscription":{}},"next":{},"prev":{}},"_last":{"element":{"subscription":{}},"next":{},"prev":{}},"_size":1}}}
[2023-05-24 19:01:08.214] [exthost] [error] [llvm-vs-code-extensions.vscode-clangd] provider FAILED
[2023-05-24 19:01:08.214] [exthost] [error] {"_isCancelled":false,"_emitter":{"_disposed":false,"_listeners":{"_first":{"element":{"subscription":{}},"next":{},"prev":{}},"_last":{"element":{"subscription":{}},"next":{},"prev":{}},"_size":1}}}
[2023-05-24 19:01:15.343] [exthost] [error] [llvm-vs-code-extensions.vscode-clangd] provider FAILED
[2023-05-24 19:01:15.344] [exthost] [error] {"_isCancelled":false,"_emitter":{"_disposed":false,"_listeners":{"_first":{"element":{"subscription":{}},"next":{},"prev":{}},"_last":{"element":{"subscription":{}},"next":{},"prev":{}},"_size":1}}}
[2023-05-24 19:01:26.524] [exthost] [error] [llvm-vs-code-extensions.vscode-clangd] provider FAILED
[2023-05-24 19:01:26.524] [exthost] [error] {"_isCancelled":false,"_emitter":{"_disposed":false,"_listeners":{"_first":{"element":{"subscription":{}},"next":{},"prev":{}},"_last":{"element":{"subscription":{}},"next":{},"prev":{}},"_size":1}}}
[2023-05-24 19:01:26.824] [exthost] [error] [llvm-vs-code-extensions.vscode-clangd] provider FAILED
[2023-05-24 19:01:26.825] [exthost] [error] {"_isCancelled":false,"_emitter":{"_disposed":false,"_listeners":{"_first":{"element":{"subscription":{}},"next":{},"prev":{}},"_last":{"element":{"subscription":{}},"next":{},"prev":{}},"_size":1}}}
[2023-05-24 19:01:27.134] [exthost] [error] [llvm-vs-code-extensions.vscode-clangd] provider FAILED
[2023-05-24 19:01:27.134] [exthost] [error] {"_isCancelled":true,"_emitter":null}
[2023-05-24 19:03:14.602] [exthost] [error] [llvm-vs-code-extensions.vscode-clangd] provider FAILED
[2023-05-24 19:03:14.602] [exthost] [error] {"_isCancelled":false,"_emitter":{"_disposed":false,"_listeners":{"_first":{"element":{"subscription":{}},"next":{},"prev":{}},"_last":{"element":{"subscription":{}},"next":{},"prev":{}},"_size":1}}}
[2023-05-24 19:03:41.052] [exthost] [error] [llvm-vs-code-extensions.vscode-clangd] provider FAILED
[2023-05-24 19:03:41.052] [exthost] [error] {"_isCancelled":false,"_emitter":{"_disposed":false,"_listeners":{"_first":{"element":{"subscription":{}},"next":{},"prev":{}},"_last":{"element":{"subscription":{}},"next":{},"prev":{}},"_size":1}}}
[2023-05-24 19:03:41.294] [exthost] [error] [llvm-vs-code-extensions.vscode-clangd] provider FAILED
[2023-05-24 19:03:41.294] [exthost] [error] {"_isCancelled":false,"_emitter":{"_disposed":false,"_listeners":{"_first":{"element":{"subscription":{}},"next":{},"prev":{}},"_last":{"element":{"subscription":{}},"next":{},"prev":{}},"_size":1}}}
[2023-05-24 19:03:43.033] [exthost] [error] [llvm-vs-code-extensions.vscode-clangd] provider FAILED
[2023-05-24 19:03:43.033] [exthost] [error] {"_isCancelled":false,"_emitter":{"_disposed":false,"_listeners":{"_first":{"element":{"subscription":{}},"next":{},"prev":{}},"_last":{"element":{"subscription":{}},"next":{},"prev":{}},"_size":1}}}
[2023-05-24 19:03:46.472] [exthost] [error] [llvm-vs-code-extensions.vscode-clangd] provider FAILED
[2023-05-24 19:03:46.472] [exthost] [error] {"_isCancelled":false,"_emitter":{"_disposed":false,"_listeners":{"_first":{"element":{"subscription":{}},"next":{},"prev":{}},"_last":{"element":{"subscription":{}},"next":{},"prev":{}},"_size":1}}}
[2023-05-24 19:03:46.776] [exthost] [error] [llvm-vs-code-extensions.vscode-clangd] provider FAILED
[2023-05-24 19:03:46.777] [exthost] [error] {"_isCancelled":false,"_emitter":{"_disposed":false,"_listeners":{"_first":{"element":{"subscription":{}},"next":{},"prev":{}},"_last":{"element":{"subscription":{}},"next":{},"prev":{}},"_size":1}}}
