[2023-07-19 14:54:20.377] [exthost] [info] Extension host with pid 1844 started
[2023-07-19 14:54:20.380] [exthost] [error] Error: EEXIST: file already exists, open '/home/kaiykato/.vscode-server/data/User/workspaceStorage/d16a1b7f8865348bde3e3163a3d97865/vscode.lock'
[2023-07-19 14:54:20.387] [exthost] [info] Lock '/home/kaiykato/.vscode-server/data/User/workspaceStorage/d16a1b7f8865348bde3e3163a3d97865/vscode.lock': Could not acquire lock, checking if the file is stale.
[2023-07-19 14:54:20.390] [exthost] [info] Lock '/home/kaiykato/.vscode-server/data/User/workspaceStorage/d16a1b7f8865348bde3e3163a3d97865/vscode.lock': The lock looks stale, waiting for 2s.
[2023-07-19 14:54:20.806] [exthost] [info] ExtensionService#_doActivateExtension llvm-vs-code-extensions.vscode-clangd, startup: false, activationEvent: 'onLanguage:cpp'
[2023-07-19 14:54:21.103] [exthost] [info] ExtensionService#_doActivateExtension ms-vscode.cpptools, startup: false, activationEvent: 'onLanguage:cpp'
[2023-07-19 14:54:21.575] [exthost] [info] ExtensionService#_doActivateExtension vscode.debug-auto-launch, startup: true, activationEvent: '*'
[2023-07-19 14:54:21.587] [exthost] [info] ExtensionService#_doActivateExtension vscode.git-base, startup: true, activationEvent: '*', root cause: vscode.git
[2023-07-19 14:54:21.605] [exthost] [info] ExtensionService#_doActivateExtension vscode.ipynb, startup: true, activationEvent: '*'
[2023-07-19 14:54:22.238] [exthost] [info] ExtensionService#_doActivateExtension ms-vscode.cmake-tools, startup: true, activationEvent: 'workspaceContains:*/CMakeLists.txt,*/*/CMakeLists.txt,*/*/*/CMakeLists.txt'
[2023-07-19 14:54:22.408] [exthost] [info] Lock '/home/kaiykato/.vscode-server/data/User/workspaceStorage/d16a1b7f8865348bde3e3163a3d97865/vscode.lock': The lock looks stale even after waiting for 2s.
[2023-07-19 14:54:22.408] [exthost] [info] Lock '/home/kaiykato/.vscode-server/data/User/workspaceStorage/d16a1b7f8865348bde3e3163a3d97865/vscode.lock': Deleting a stale lock.
[2023-07-19 14:54:22.412] [exthost] [info] Lock '/home/kaiykato/.vscode-server/data/User/workspaceStorage/d16a1b7f8865348bde3e3163a3d97865/vscode.lock': Lock acquired.
[2023-07-19 14:54:22.794] [exthost] [info] ExtensionService#_doActivateExtension vscode.git, startup: true, activationEvent: '*'
[2023-07-19 14:54:22.854] [exthost] [info] ExtensionService#_doActivateExtension vscode.github, startup: true, activationEvent: '*'
[2023-07-19 14:54:24.052] [exthost] [info] ExtensionService#_doActivateExtension vscode.configuration-editing, startup: false, activationEvent: 'onLanguage:json'
[2023-07-19 14:54:24.068] [exthost] [info] ExtensionService#_doActivateExtension vscode.extension-editing, startup: false, activationEvent: 'onLanguage:json'
[2023-07-19 14:54:24.104] [exthost] [info] ExtensionService#_doActivateExtension vscode.json-language-features, startup: false, activationEvent: 'onLanguage:json'
[2023-07-19 14:54:24.251] [exthost] [info] ExtensionService#_doActivateExtension vscode.npm, startup: false, activationEvent: 'onLanguage:json'
[2023-07-19 14:54:24.605] [exthost] [info] ExtensionService#_doActivateExtension vscode.typescript-language-features, startup: false, activationEvent: 'onLanguage:jsonc'
[2023-07-19 14:54:25.768] [exthost] [info] ExtensionService#_doActivateExtension vscode.emmet, startup: false, activationEvent: 'onStartupFinished'
[2023-07-19 14:54:25.792] [exthost] [info] ExtensionService#_doActivateExtension vscode.merge-conflict, startup: false, activationEvent: 'onStartupFinished'
[2023-07-19 14:54:25.797] [exthost] [info] Eager extensions activated
[2023-07-19 14:54:26.952] [exthost] [error] [llvm-vs-code-extensions.vscode-clangd] provider FAILED
[2023-07-19 14:54:26.952] [exthost] [error] {"_isCancelled":true,"_emitter":null}
[2023-07-19 14:54:26.954] [exthost] [error] [llvm-vs-code-extensions.vscode-clangd] provider FAILED
[2023-07-19 14:54:26.954] [exthost] [error] {"_isCancelled":true,"_emitter":null}
[2023-07-19 14:54:26.958] [exthost] [error] [llvm-vs-code-extensions.vscode-clangd] provider FAILED
[2023-07-19 14:54:26.958] [exthost] [error] {"_isCancelled":true,"_emitter":null}
[2023-07-19 14:54:26.961] [exthost] [error] [llvm-vs-code-extensions.vscode-clangd] provider FAILED
[2023-07-19 14:54:26.961] [exthost] [error] {"_isCancelled":true,"_emitter":null}
[2023-07-19 14:55:13.343] [exthost] [warning] [Decorations] CAPPING events from decorations provider vscode.git 6479
[2023-07-19 14:55:15.111] [exthost] [warning] [Decorations] CAPPING events from decorations provider vscode.git 6479
[2023-07-19 14:55:21.039] [exthost] [warning] [Decorations] CAPPING events from decorations provider vscode.git 6479
[2023-07-19 14:55:28.533] [exthost] [warning] [Decorations] CAPPING events from decorations provider vscode.git 6479
[2023-07-19 14:55:33.673] [exthost] [warning] [Decorations] CAPPING events from decorations provider vscode.git 6479
[2023-07-19 14:55:38.823] [exthost] [warning] [Decorations] CAPPING events from decorations provider vscode.git 6479
[2023-07-19 14:55:45.530] [exthost] [warning] [Decorations] CAPPING events from decorations provider vscode.git 6479
[2023-07-19 14:55:50.775] [exthost] [warning] [Decorations] CAPPING events from decorations provider vscode.git 6479
[2023-07-19 14:55:58.770] [exthost] [warning] [Decorations] CAPPING events from decorations provider vscode.git 6478
[2023-07-19 14:56:03.922] [exthost] [warning] [Decorations] CAPPING events from decorations provider vscode.git 6478
[2023-07-19 14:56:09.056] [exthost] [warning] [Decorations] CAPPING events from decorations provider vscode.git 6478
[2023-07-19 14:56:14.271] [exthost] [warning] [Decorations] CAPPING events from decorations provider vscode.git 6478
[2023-07-19 14:56:24.008] [exthost] [warning] [Decorations] CAPPING events from decorations provider vscode.git 6478
[2023-07-19 14:56:29.149] [exthost] [warning] [Decorations] CAPPING events from decorations provider vscode.git 6478
