[2023-06-02T04:32:04.225Z] Validating found git in: git
[2023-06-02T04:32:04.264Z] Using git 2.37.2 from git
[2023-06-02T04:32:04.286Z] > git rev-parse --show-toplevel [10ms]
[2023-06-02T04:32:04.296Z] > git rev-parse --git-dir --git-common-dir [2ms]
[2023-06-02T04:32:04.302Z] Open repository: /home/kaiykato/minnow
[2023-06-02T04:32:04.325Z] > git status -z -uall [9ms]
[2023-06-02T04:32:04.341Z] > git symbolic-ref --short HEAD [10ms]
[2023-06-02T04:32:04.388Z] > git for-each-ref --format=%(refname)%00%(upstream:short)%00%(objectname)%00%(upstream:track)%00%(upstream:remotename)%00%(upstream:remoteref) refs/heads/main refs/remotes/main [42ms]
[2023-06-02T04:32:04.408Z] > git remote --verbose [4ms]
[2023-06-02T04:32:04.410Z] > git for-each-ref --sort -committerdate --format %(refname) %(objectname) %(*objectname) [14ms]
[2023-06-02T04:32:04.423Z] > git config --get commit.template [1ms]
[2023-06-02T04:32:04.960Z] > git fetch [649ms]
[2023-06-02T04:32:04.960Z] From https://github.com/cs144/minnow
 * [new branch]      check6-startercode -> origin/check6-startercode
[2023-06-02T04:32:05.002Z] > git status -z -uall [30ms]
[2023-06-02T04:32:05.031Z] > git symbolic-ref --short HEAD [24ms]
[2023-06-02T04:32:05.059Z] > git for-each-ref --format=%(refname)%00%(upstream:short)%00%(objectname)%00%(upstream:track)%00%(upstream:remotename)%00%(upstream:remoteref) refs/heads/main refs/remotes/main [21ms]
[2023-06-02T04:32:05.077Z] > git check-ignore -v -z --stdin [20ms]
[2023-06-02T04:32:05.082Z] > git for-each-ref --sort -committerdate --format %(refname) %(objectname) %(*objectname) [15ms]
[2023-06-02T04:32:05.119Z] > git show --textconv :writeups/check5.md [20ms]
[2023-06-02T04:32:05.121Z] > git remote --verbose [46ms]
[2023-06-02T04:32:05.153Z] > git ls-files --stage -- /home/kaiykato/minnow/writeups/check5.md [41ms]
[2023-06-02T04:32:05.202Z] > git config --get commit.template [49ms]
[2023-06-02T04:32:05.219Z] > git cat-file -s f98d93642248b7d00596585d998d3673dbca7cba [35ms]
[2023-06-02T04:32:06.215Z] > git status -z -uall [2ms]
[2023-06-02T04:32:06.222Z] > git symbolic-ref --short HEAD [2ms]
[2023-06-02T04:32:06.229Z] > git for-each-ref --format=%(refname)%00%(upstream:short)%00%(objectname)%00%(upstream:track)%00%(upstream:remotename)%00%(upstream:remoteref) refs/heads/main refs/remotes/main [2ms]
[2023-06-02T04:32:06.240Z] > git for-each-ref --sort -committerdate --format %(refname) %(objectname) %(*objectname) [6ms]
[2023-06-02T04:32:06.241Z] > git remote --verbose [2ms]
[2023-06-02T04:32:06.249Z] > git config --get commit.template [1ms]
[2023-06-02T04:32:06.365Z] > git ls-files --stage -- /home/kaiykato/minnow/writeups/check5.md [1ms]
[2023-06-02T04:32:06.371Z] > git cat-file -s f98d93642248b7d00596585d998d3673dbca7cba [1ms]
[2023-06-02T04:32:06.416Z] > git show --textconv :writeups/check5.md [2ms]
[2023-06-02T04:32:25.959Z] > git status -z -uall [4ms]
[2023-06-02T04:32:25.965Z] > git symbolic-ref --short HEAD [1ms]
[2023-06-02T04:32:25.972Z] > git for-each-ref --format=%(refname)%00%(upstream:short)%00%(objectname)%00%(upstream:track)%00%(upstream:remotename)%00%(upstream:remoteref) refs/heads/main refs/remotes/main [2ms]
[2023-06-02T04:32:25.983Z] > git for-each-ref --sort -committerdate --format %(refname) %(objectname) %(*objectname) [6ms]
[2023-06-02T04:32:25.984Z] > git remote --verbose [2ms]
[2023-06-02T04:32:25.992Z] > git config --get commit.template [2ms]
[2023-06-02T04:32:26.102Z] > git ls-files --stage -- /home/kaiykato/minnow/writeups/check5.md [4ms]
[2023-06-02T04:32:26.107Z] > git cat-file -s f98d93642248b7d00596585d998d3673dbca7cba [1ms]
[2023-06-02T04:32:26.153Z] > git show --textconv :writeups/check5.md [1ms]
[2023-06-02T04:32:30.118Z] > git ls-files --stage -- /home/kaiykato/minnow/writeups/check5.md [2ms]
[2023-06-02T04:32:30.126Z] > git cat-file -s d290bb6799d20a278375483ed88ad6cee0cc91f3 [2ms]
[2023-06-02T04:32:30.171Z] > git show --textconv :writeups/check5.md [1ms]
[2023-06-02T04:32:31.003Z] > git status -z -uall [2ms]
[2023-06-02T04:32:31.010Z] > git symbolic-ref --short HEAD [2ms]
[2023-06-02T04:32:31.017Z] > git for-each-ref --format=%(refname)%00%(upstream:short)%00%(objectname)%00%(upstream:track)%00%(upstream:remotename)%00%(upstream:remoteref) refs/heads/main refs/remotes/main [2ms]
[2023-06-02T04:32:31.027Z] > git for-each-ref --sort -committerdate --format %(refname) %(objectname) %(*objectname) [5ms]
[2023-06-02T04:32:31.028Z] > git remote --verbose [2ms]
[2023-06-02T04:32:31.036Z] > git config --get commit.template [1ms]
[2023-06-02T04:32:36.046Z] > git status -z -uall [2ms]
[2023-06-02T04:32:36.052Z] > git symbolic-ref --short HEAD [2ms]
[2023-06-02T04:32:36.059Z] > git for-each-ref --format=%(refname)%00%(upstream:short)%00%(objectname)%00%(upstream:track)%00%(upstream:remotename)%00%(upstream:remoteref) refs/heads/main refs/remotes/main [2ms]
[2023-06-02T04:32:36.070Z] > git for-each-ref --sort -committerdate --format %(refname) %(objectname) %(*objectname) [6ms]
[2023-06-02T04:32:36.070Z] > git remote --verbose [2ms]
[2023-06-02T04:32:36.079Z] > git config --get commit.template [1ms]
[2023-06-02T04:32:36.165Z] > git ls-files --stage -- /home/kaiykato/minnow/writeups/check5.md [1ms]
[2023-06-02T04:32:36.175Z] > git cat-file -s d290bb6799d20a278375483ed88ad6cee0cc91f3 [5ms]
[2023-06-02T04:32:36.222Z] > git show --textconv :writeups/check5.md [2ms]
[2023-06-02T04:33:36.249Z] > git status -z -uall [3ms]
[2023-06-02T04:33:36.255Z] > git symbolic-ref --short HEAD [2ms]
[2023-06-02T04:33:36.261Z] > git for-each-ref --format=%(refname)%00%(upstream:short)%00%(objectname)%00%(upstream:track)%00%(upstream:remotename)%00%(upstream:remoteref) refs/heads/main refs/remotes/main [2ms]
[2023-06-02T04:33:36.272Z] > git for-each-ref --sort -committerdate --format %(refname) %(objectname) %(*objectname) [6ms]
[2023-06-02T04:33:36.273Z] > git remote --verbose [3ms]
[2023-06-02T04:33:36.281Z] > git config --get commit.template [1ms]
[2023-06-02T04:33:36.379Z] > git ls-files --stage -- /home/kaiykato/minnow/writeups/check5.md [6ms]
[2023-06-02T04:33:36.386Z] > git cat-file -s d290bb6799d20a278375483ed88ad6cee0cc91f3 [1ms]
[2023-06-02T04:33:36.449Z] > git show --textconv :writeups/check5.md [2ms]
[2023-06-02T04:33:39.143Z] > git ls-files --stage -- /home/kaiykato/minnow/writeups/check5.md [2ms]
[2023-06-02T04:33:39.150Z] > git cat-file -s d290bb6799d20a278375483ed88ad6cee0cc91f3 [2ms]
[2023-06-02T04:33:39.371Z] > git show --textconv :writeups/check5.md [1ms]
[2023-06-02T04:33:39.402Z] > git check-ignore -v -z --stdin [1ms]
[2023-06-02T04:33:41.290Z] > git status -z -uall [2ms]
[2023-06-02T04:33:41.296Z] > git symbolic-ref --short HEAD [1ms]
[2023-06-02T04:33:41.303Z] > git for-each-ref --format=%(refname)%00%(upstream:short)%00%(objectname)%00%(upstream:track)%00%(upstream:remotename)%00%(upstream:remoteref) refs/heads/main refs/remotes/main [2ms]
[2023-06-02T04:33:41.313Z] > git for-each-ref --sort -committerdate --format %(refname) %(objectname) %(*objectname) [6ms]
[2023-06-02T04:33:41.314Z] > git remote --verbose [2ms]
[2023-06-02T04:33:41.321Z] > git config --get commit.template [1ms]
[2023-06-02T04:33:45.159Z] > git ls-files --stage -- /home/kaiykato/minnow/writeups/check5.md [2ms]
[2023-06-02T04:33:45.164Z] > git cat-file -s d290bb6799d20a278375483ed88ad6cee0cc91f3 [1ms]
[2023-06-02T04:33:45.210Z] > git show --textconv :writeups/check5.md [2ms]
[2023-06-02T04:33:46.334Z] > git status -z -uall [4ms]
[2023-06-02T04:33:46.344Z] > git symbolic-ref --short HEAD [3ms]
[2023-06-02T04:33:46.353Z] > git for-each-ref --format=%(refname)%00%(upstream:short)%00%(objectname)%00%(upstream:track)%00%(upstream:remotename)%00%(upstream:remoteref) refs/heads/main refs/remotes/main [4ms]
[2023-06-02T04:33:46.366Z] > git for-each-ref --sort -committerdate --format %(refname) %(objectname) %(*objectname) [7ms]
[2023-06-02T04:33:46.367Z] > git remote --verbose [2ms]
[2023-06-02T04:33:46.377Z] > git config --get commit.template [1ms]
[2023-06-02T04:33:51.387Z] > git status -z -uall [2ms]
[2023-06-02T04:33:51.393Z] > git symbolic-ref --short HEAD [1ms]
[2023-06-02T04:33:51.400Z] > git for-each-ref --format=%(refname)%00%(upstream:short)%00%(objectname)%00%(upstream:track)%00%(upstream:remotename)%00%(upstream:remoteref) refs/heads/main refs/remotes/main [3ms]
[2023-06-02T04:33:51.410Z] > git for-each-ref --sort -committerdate --format %(refname) %(objectname) %(*objectname) [6ms]
[2023-06-02T04:33:51.410Z] > git remote --verbose [1ms]
[2023-06-02T04:33:51.417Z] > git config --get commit.template [1ms]
[2023-06-02T04:33:56.434Z] > git status -z -uall [3ms]
[2023-06-02T04:33:56.457Z] > git symbolic-ref --short HEAD [10ms]
[2023-06-02T04:33:56.479Z] > git for-each-ref --format=%(refname)%00%(upstream:short)%00%(objectname)%00%(upstream:track)%00%(upstream:remotename)%00%(upstream:remoteref) refs/heads/main refs/remotes/main [3ms]
[2023-06-02T04:33:56.505Z] > git for-each-ref --sort -committerdate --format %(refname) %(objectname) %(*objectname) [13ms]
[2023-06-02T04:33:56.505Z] > git remote --verbose [1ms]
[2023-06-02T04:33:56.521Z] > git config --get commit.template [1ms]
[2023-06-02T04:34:01.539Z] > git status -z -uall [3ms]
[2023-06-02T04:34:01.561Z] > git symbolic-ref --short HEAD [10ms]
[2023-06-02T04:34:01.579Z] > git for-each-ref --format=%(refname)%00%(upstream:short)%00%(objectname)%00%(upstream:track)%00%(upstream:remotename)%00%(upstream:remoteref) refs/heads/main refs/remotes/main [3ms]
[2023-06-02T04:34:01.608Z] > git for-each-ref --sort -committerdate --format %(refname) %(objectname) %(*objectname) [12ms]
[2023-06-02T04:34:01.609Z] > git remote --verbose [2ms]
[2023-06-02T04:34:01.645Z] > git config --get commit.template [10ms]
[2023-06-02T04:34:06.658Z] > git status -z -uall [4ms]
[2023-06-02T04:34:06.668Z] > git symbolic-ref --short HEAD [3ms]
[2023-06-02T04:34:06.679Z] > git for-each-ref --format=%(refname)%00%(upstream:short)%00%(objectname)%00%(upstream:track)%00%(upstream:remotename)%00%(upstream:remoteref) refs/heads/main refs/remotes/main [4ms]
[2023-06-02T04:34:06.695Z] > git for-each-ref --sort -committerdate --format %(refname) %(objectname) %(*objectname) [10ms]
[2023-06-02T04:34:06.697Z] > git remote --verbose [4ms]
[2023-06-02T04:34:06.713Z] > git config --get commit.template [3ms]
[2023-06-02T04:34:33.902Z] > git status -z -uall [2ms]
[2023-06-02T04:34:33.908Z] > git symbolic-ref --short HEAD [1ms]
[2023-06-02T04:34:33.919Z] > git for-each-ref --format=%(refname)%00%(upstream:short)%00%(objectname)%00%(upstream:track)%00%(upstream:remotename)%00%(upstream:remoteref) refs/heads/main refs/remotes/main [4ms]
[2023-06-02T04:34:33.930Z] > git for-each-ref --sort -committerdate --format %(refname) %(objectname) %(*objectname) [6ms]
[2023-06-02T04:34:33.932Z] > git remote --verbose [3ms]
[2023-06-02T04:34:33.941Z] > git config --get commit.template [2ms]
[2023-06-02T04:34:38.950Z] > git status -z -uall [2ms]
[2023-06-02T04:34:38.957Z] > git symbolic-ref --short HEAD [2ms]
[2023-06-02T04:34:38.964Z] > git for-each-ref --format=%(refname)%00%(upstream:short)%00%(objectname)%00%(upstream:track)%00%(upstream:remotename)%00%(upstream:remoteref) refs/heads/main refs/remotes/main [3ms]
[2023-06-02T04:34:38.974Z] > git for-each-ref --sort -committerdate --format %(refname) %(objectname) %(*objectname) [6ms]
[2023-06-02T04:34:38.974Z] > git remote --verbose [1ms]
[2023-06-02T04:34:38.981Z] > git config --get commit.template [1ms]
[2023-06-02T04:35:08.548Z] > git fetch [271ms]
[2023-06-02T04:35:08.556Z] > git status -z -uall [3ms]
[2023-06-02T04:35:08.562Z] > git symbolic-ref --short HEAD [1ms]
[2023-06-02T04:35:08.569Z] > git for-each-ref --format=%(refname)%00%(upstream:short)%00%(objectname)%00%(upstream:track)%00%(upstream:remotename)%00%(upstream:remoteref) refs/heads/main refs/remotes/main [3ms]
[2023-06-02T04:35:08.580Z] > git for-each-ref --sort -committerdate --format %(refname) %(objectname) %(*objectname) [6ms]
[2023-06-02T04:35:08.581Z] > git remote --verbose [2ms]
[2023-06-02T04:35:08.588Z] > git config --get commit.template [1ms]
[2023-06-02T04:35:09.641Z] > git status -z -uall [3ms]
[2023-06-02T04:35:09.647Z] > git symbolic-ref --short HEAD [1ms]
[2023-06-02T04:35:09.654Z] > git for-each-ref --format=%(refname)%00%(upstream:short)%00%(objectname)%00%(upstream:track)%00%(upstream:remotename)%00%(upstream:remoteref) refs/heads/main refs/remotes/main [2ms]
[2023-06-02T04:35:09.665Z] > git for-each-ref --sort -committerdate --format %(refname) %(objectname) %(*objectname) [6ms]
[2023-06-02T04:35:09.666Z] > git remote --verbose [2ms]
[2023-06-02T04:35:09.673Z] > git config --get commit.template [1ms]
[2023-06-02T04:35:09.778Z] > git ls-files --stage -- /home/kaiykato/minnow/writeups/check5.md [1ms]
[2023-06-02T04:35:09.785Z] > git cat-file -s d290bb6799d20a278375483ed88ad6cee0cc91f3 [2ms]
[2023-06-02T04:35:09.831Z] > git show --textconv :writeups/check5.md [2ms]
[2023-06-02T04:38:08.899Z] > git fetch [303ms]
[2023-06-02T04:38:08.909Z] > git status -z -uall [3ms]
[2023-06-02T04:38:08.916Z] > git symbolic-ref --short HEAD [1ms]
[2023-06-02T04:38:08.924Z] > git for-each-ref --format=%(refname)%00%(upstream:short)%00%(objectname)%00%(upstream:track)%00%(upstream:remotename)%00%(upstream:remoteref) refs/heads/main refs/remotes/main [3ms]
[2023-06-02T04:38:08.936Z] > git for-each-ref --sort -committerdate --format %(refname) %(objectname) %(*objectname) [7ms]
[2023-06-02T04:38:08.937Z] > git remote --verbose [2ms]
[2023-06-02T04:38:08.944Z] > git config --get commit.template [1ms]
[2023-06-02T04:38:41.412Z] > git status -z -uall [2ms]
[2023-06-02T04:38:41.419Z] > git symbolic-ref --short HEAD [1ms]
[2023-06-02T04:38:41.426Z] > git for-each-ref --format=%(refname)%00%(upstream:short)%00%(objectname)%00%(upstream:track)%00%(upstream:remotename)%00%(upstream:remoteref) refs/heads/main refs/remotes/main [2ms]
[2023-06-02T04:38:41.436Z] > git for-each-ref --sort -committerdate --format %(refname) %(objectname) %(*objectname) [6ms]
[2023-06-02T04:38:41.437Z] > git remote --verbose [2ms]
[2023-06-02T04:38:41.446Z] > git config --get commit.template [1ms]
[2023-06-02T04:38:41.453Z] > git ls-files --stage -- /home/kaiykato/minnow/writeups/check5.md [1ms]
[2023-06-02T04:38:41.459Z] > git cat-file -s d290bb6799d20a278375483ed88ad6cee0cc91f3 [1ms]
[2023-06-02T04:38:41.504Z] > git show --textconv :writeups/check5.md [2ms]
[2023-06-02T04:41:17.374Z] > git fetch [313ms]
[2023-06-02T04:41:17.382Z] > git status -z -uall [2ms]
[2023-06-02T04:41:17.388Z] > git symbolic-ref --short HEAD [1ms]
[2023-06-02T04:41:17.395Z] > git for-each-ref --format=%(refname)%00%(upstream:short)%00%(objectname)%00%(upstream:track)%00%(upstream:remotename)%00%(upstream:remoteref) refs/heads/main refs/remotes/main [3ms]
[2023-06-02T04:41:17.405Z] > git for-each-ref --sort -committerdate --format %(refname) %(objectname) %(*objectname) [6ms]
[2023-06-02T04:41:17.405Z] > git remote --verbose [1ms]
[2023-06-02T04:41:17.412Z] > git config --get commit.template [1ms]
[2023-06-02T04:41:18.603Z] > git status -z -uall [2ms]
[2023-06-02T04:41:18.609Z] > git symbolic-ref --short HEAD [1ms]
[2023-06-02T04:41:18.616Z] > git for-each-ref --format=%(refname)%00%(upstream:short)%00%(objectname)%00%(upstream:track)%00%(upstream:remotename)%00%(upstream:remoteref) refs/heads/main refs/remotes/main [2ms]
[2023-06-02T04:41:18.626Z] > git for-each-ref --sort -committerdate --format %(refname) %(objectname) %(*objectname) [6ms]
[2023-06-02T04:41:18.626Z] > git remote --verbose [1ms]
[2023-06-02T04:41:18.633Z] > git config --get commit.template [1ms]
[2023-06-02T04:41:18.739Z] > git ls-files --stage -- /home/kaiykato/minnow/writeups/check5.md [2ms]
[2023-06-02T04:41:18.744Z] > git cat-file -s d290bb6799d20a278375483ed88ad6cee0cc91f3 [1ms]
[2023-06-02T04:41:18.811Z] > git show --textconv :writeups/check5.md [2ms]
[2023-06-02T04:44:17.708Z] > git fetch [288ms]
[2023-06-02T04:44:17.716Z] > git status -z -uall [2ms]
[2023-06-02T04:44:17.723Z] > git symbolic-ref --short HEAD [1ms]
[2023-06-02T04:44:17.733Z] > git for-each-ref --format=%(refname)%00%(upstream:short)%00%(objectname)%00%(upstream:track)%00%(upstream:remotename)%00%(upstream:remoteref) refs/heads/main refs/remotes/main [1ms]
[2023-06-02T04:44:17.754Z] > git for-each-ref --sort -committerdate --format %(refname) %(objectname) %(*objectname) [10ms]
[2023-06-02T04:44:17.754Z] > git remote --verbose [3ms]
[2023-06-02T04:44:17.763Z] > git config --get commit.template [1ms]
[2023-06-02T04:44:18.801Z] > git status -z -uall [3ms]
[2023-06-02T04:44:18.808Z] > git symbolic-ref --short HEAD [1ms]
[2023-06-02T04:44:18.814Z] > git for-each-ref --format=%(refname)%00%(upstream:short)%00%(objectname)%00%(upstream:track)%00%(upstream:remotename)%00%(upstream:remoteref) refs/heads/main refs/remotes/main [2ms]
[2023-06-02T04:44:18.825Z] > git for-each-ref --sort -committerdate --format %(refname) %(objectname) %(*objectname) [6ms]
[2023-06-02T04:44:18.826Z] > git remote --verbose [2ms]
[2023-06-02T04:44:18.834Z] > git config --get commit.template [1ms]
[2023-06-02T04:44:18.940Z] > git ls-files --stage -- /home/kaiykato/minnow/writeups/check5.md [2ms]
[2023-06-02T04:44:18.946Z] > git cat-file -s d290bb6799d20a278375483ed88ad6cee0cc91f3 [1ms]
[2023-06-02T04:44:18.992Z] > git show --textconv :writeups/check5.md [1ms]
