[2023-05-22 03:54:52.592] [exthost] [info] Extension host with pid 1149 started
[2023-05-22 03:54:52.604] [exthost] [info] Lock '/home/kaiykato/.vscode-server/data/User/workspaceStorage/d16a1b7f8865348bde3e3163a3d97865/vscode.lock': Lock acquired.
[2023-05-22 03:54:53.574] [exthost] [info] ExtensionService#_doActivateExtension llvm-vs-code-extensions.vscode-clangd, startup: false, activationEvent: 'onLanguage:cpp'
[2023-05-22 03:54:53.698] [exthost] [info] ExtensionService#_doActivateExtension ms-vscode.cpptools, startup: false, activationEvent: 'onLanguage:cpp'
[2023-05-22 03:54:53.864] [exthost] [info] ExtensionService#_doActivateExtension vscode.debug-auto-launch, startup: true, activationEvent: '*'
[2023-05-22 03:54:53.869] [exthost] [info] ExtensionService#_doActivateExtension vscode.git-base, startup: true, activationEvent: '*', root cause: vscode.git
[2023-05-22 03:54:53.873] [exthost] [info] ExtensionService#_doActivateExtension vscode.ipynb, startup: true, activationEvent: '*'
[2023-05-22 03:54:54.297] [exthost] [info] ExtensionService#_doActivateExtension vscode.git, startup: true, activationEvent: '*'
[2023-05-22 03:54:54.412] [exthost] [info] ExtensionService#_doActivateExtension vscode.github, startup: true, activationEvent: '*'
[2023-05-22 03:54:55.779] [exthost] [info] ExtensionService#_doActivateExtension ms-vscode.cmake-tools, startup: true, activationEvent: 'workspaceContains:*/CMakeLists.txt,*/*/CMakeLists.txt,*/*/*/CMakeLists.txt'
[2023-05-22 03:54:56.453] [exthost] [info] ExtensionService#_doActivateExtension vscode.configuration-editing, startup: false, activationEvent: 'onLanguage:json'
[2023-05-22 03:54:56.464] [exthost] [info] ExtensionService#_doActivateExtension vscode.extension-editing, startup: false, activationEvent: 'onLanguage:json'
[2023-05-22 03:54:56.487] [exthost] [info] ExtensionService#_doActivateExtension vscode.json-language-features, startup: false, activationEvent: 'onLanguage:json'
[2023-05-22 03:54:56.567] [exthost] [info] ExtensionService#_doActivateExtension vscode.npm, startup: false, activationEvent: 'onLanguage:json'
[2023-05-22 03:54:56.892] [exthost] [info] ExtensionService#_doActivateExtension vscode.typescript-language-features, startup: false, activationEvent: 'onLanguage:jsonc'
[2023-05-22 03:54:58.508] [exthost] [info] ExtensionService#_doActivateExtension vscode.emmet, startup: false, activationEvent: 'onStartupFinished'
[2023-05-22 03:54:58.535] [exthost] [info] ExtensionService#_doActivateExtension vscode.merge-conflict, startup: false, activationEvent: 'onStartupFinished'
[2023-05-22 03:54:58.541] [exthost] [info] Eager extensions activated
[2023-05-22 03:54:59.428] [exthost] [error] [llvm-vs-code-extensions.vscode-clangd] provider FAILED
[2023-05-22 03:54:59.428] [exthost] [error] {"_isCancelled":true,"_emitter":null}
[2023-05-22 03:54:59.432] [exthost] [error] [llvm-vs-code-extensions.vscode-clangd] provider FAILED
[2023-05-22 03:54:59.432] [exthost] [error] {"_isCancelled":true,"_emitter":null}
[2023-05-22 03:54:59.435] [exthost] [error] [llvm-vs-code-extensions.vscode-clangd] provider FAILED
[2023-05-22 03:54:59.435] [exthost] [error] {"_isCancelled":true,"_emitter":null}
[2023-05-22 03:54:59.435] [exthost] [error] [llvm-vs-code-extensions.vscode-clangd] provider FAILED
[2023-05-22 03:54:59.435] [exthost] [error] {"_isCancelled":true,"_emitter":null}
[2023-05-22 03:54:59.436] [exthost] [error] [llvm-vs-code-extensions.vscode-clangd] provider FAILED
[2023-05-22 03:54:59.436] [exthost] [error] {"_isCancelled":true,"_emitter":null}
[2023-05-22 03:54:59.436] [exthost] [error] [llvm-vs-code-extensions.vscode-clangd] provider FAILED
[2023-05-22 03:54:59.436] [exthost] [error] {"_isCancelled":true,"_emitter":null}
[2023-05-22 03:54:59.438] [exthost] [error] [llvm-vs-code-extensions.vscode-clangd] provider FAILED
[2023-05-22 03:54:59.438] [exthost] [error] {"_isCancelled":true,"_emitter":null}
[2023-05-22 03:54:59.444] [exthost] [error] [llvm-vs-code-extensions.vscode-clangd] provider FAILED
[2023-05-22 03:54:59.444] [exthost] [error] {"_isCancelled":true,"_emitter":null}
[2023-05-22 03:54:59.445] [exthost] [error] [llvm-vs-code-extensions.vscode-clangd] provider FAILED
[2023-05-22 03:54:59.445] [exthost] [error] {"_isCancelled":true,"_emitter":null}
[2023-05-22 03:54:59.446] [exthost] [error] [llvm-vs-code-extensions.vscode-clangd] provider FAILED
[2023-05-22 03:54:59.446] [exthost] [error] {"_isCancelled":true,"_emitter":null}
[2023-05-22 03:54:59.446] [exthost] [error] [llvm-vs-code-extensions.vscode-clangd] provider FAILED
[2023-05-22 03:54:59.446] [exthost] [error] {"_isCancelled":true,"_emitter":null}
[2023-05-22 03:54:59.447] [exthost] [error] [llvm-vs-code-extensions.vscode-clangd] provider FAILED
[2023-05-22 03:54:59.447] [exthost] [error] {"_isCancelled":true,"_emitter":null}
[2023-05-22 03:54:59.448] [exthost] [error] [llvm-vs-code-extensions.vscode-clangd] provider FAILED
[2023-05-22 03:54:59.449] [exthost] [error] {"_isCancelled":true,"_emitter":null}
[2023-05-22 03:54:59.449] [exthost] [error] [llvm-vs-code-extensions.vscode-clangd] provider FAILED
[2023-05-22 03:54:59.449] [exthost] [error] {"_isCancelled":true,"_emitter":null}
[2023-05-22 03:55:12.589] [exthost] [error] [llvm-vs-code-extensions.vscode-clangd] provider FAILED
[2023-05-22 03:55:12.589] [exthost] [error] {"_isCancelled":false,"_emitter":{"_disposed":false,"_listeners":{"_first":{"element":{"subscription":{}},"next":{},"prev":{}},"_last":{"element":{"subscription":{}},"next":{},"prev":{}},"_size":1}}}
[2023-05-22 03:55:44.012] [exthost] [error] [llvm-vs-code-extensions.vscode-clangd] provider FAILED
[2023-05-22 03:55:44.012] [exthost] [error] {"_isCancelled":true,"_emitter":null}
[2023-05-22 03:55:46.838] [exthost] [error] [llvm-vs-code-extensions.vscode-clangd] provider FAILED
[2023-05-22 03:55:46.838] [exthost] [error] {"_isCancelled":true,"_emitter":null}
[2023-05-22 03:55:46.838] [exthost] [error] [llvm-vs-code-extensions.vscode-clangd] provider FAILED
[2023-05-22 03:55:46.838] [exthost] [error] {"_isCancelled":false,"_emitter":{"_disposed":false,"_listeners":{"_first":{"element":{"subscription":{}},"next":{},"prev":{}},"_last":{"element":{"subscription":{}},"next":{},"prev":{}},"_size":1}}}
[2023-05-22 03:55:51.124] [exthost] [error] [llvm-vs-code-extensions.vscode-clangd] provider FAILED
[2023-05-22 03:55:51.124] [exthost] [error] {"_isCancelled":false,"_emitter":{"_disposed":false,"_listeners":{"_first":{"element":{"subscription":{}},"next":{},"prev":{}},"_last":{"element":{"subscription":{}},"next":{},"prev":{}},"_size":1}}}
[2023-05-22 03:56:28.408] [exthost] [error] [llvm-vs-code-extensions.vscode-clangd] provider FAILED
[2023-05-22 03:56:28.408] [exthost] [error] {"_isCancelled":true,"_emitter":null}
[2023-05-22 03:57:59.478] [exthost] [error] [llvm-vs-code-extensions.vscode-clangd] provider FAILED
[2023-05-22 03:57:59.478] [exthost] [error] TypeError: Cannot read properties of null (reading 'items')
	at mp.<anonymous> (/home/kaiykato/.vscode-server/extensions/llvm-vs-code-extensions.vscode-clangd-0.1.24/out/bundle.js:240:10464)
	at Generator.next (<anonymous>)
	at o (/home/kaiykato/.vscode-server/extensions/llvm-vs-code-extensions.vscode-clangd-0.1.24/out/bundle.js:1:1098)
[2023-05-22 03:58:00.146] [exthost] [error] [llvm-vs-code-extensions.vscode-clangd] provider FAILED
[2023-05-22 03:58:00.146] [exthost] [error] TypeError: Cannot read properties of null (reading 'items')
	at mp.<anonymous> (/home/kaiykato/.vscode-server/extensions/llvm-vs-code-extensions.vscode-clangd-0.1.24/out/bundle.js:240:10464)
	at Generator.next (<anonymous>)
	at o (/home/kaiykato/.vscode-server/extensions/llvm-vs-code-extensions.vscode-clangd-0.1.24/out/bundle.js:1:1098)
[2023-05-22 03:58:00.149] [exthost] [error] [llvm-vs-code-extensions.vscode-clangd] provider FAILED
[2023-05-22 03:58:00.149] [exthost] [error] {"_isCancelled":false,"_emitter":{"_disposed":false,"_listeners":{"_first":{"element":{"subscription":{}},"next":{},"prev":{}},"_last":{"element":{"subscription":{}},"next":{},"prev":{}},"_size":1}}}
[2023-05-22 03:58:57.318] [exthost] [error] [llvm-vs-code-extensions.vscode-clangd] provider FAILED
[2023-05-22 03:58:57.318] [exthost] [error] {"_isCancelled":false,"_emitter":{"_disposed":false,"_listeners":{"_first":{"element":{"subscription":{}},"next":{},"prev":{}},"_last":{"element":{"subscription":{}},"next":{},"prev":{}},"_size":1}}}
[2023-05-22 03:58:57.318] [exthost] [error] [llvm-vs-code-extensions.vscode-clangd] provider FAILED
[2023-05-22 03:58:57.318] [exthost] [error] {"_isCancelled":true,"_emitter":null}
[2023-05-22 03:58:59.440] [exthost] [error] [llvm-vs-code-extensions.vscode-clangd] provider FAILED
[2023-05-22 03:58:59.440] [exthost] [error] {"_isCancelled":false,"_emitter":{"_disposed":false,"_listeners":{"_first":{"element":{"subscription":{}},"next":{},"prev":{}},"_last":{"element":{"subscription":{}},"next":{},"prev":{}},"_size":1}}}
[2023-05-22 03:59:11.618] [exthost] [error] [llvm-vs-code-extensions.vscode-clangd] provider FAILED
[2023-05-22 03:59:11.619] [exthost] [error] {"_isCancelled":false,"_emitter":{"_disposed":false,"_listeners":{"_first":{"element":{"subscription":{}},"next":{},"prev":{}},"_last":{"element":{"subscription":{}},"next":{},"prev":{}},"_size":1}}}
[2023-05-22 03:59:14.374] [exthost] [error] [llvm-vs-code-extensions.vscode-clangd] provider FAILED
[2023-05-22 03:59:14.374] [exthost] [error] {"_isCancelled":true,"_emitter":null}
[2023-05-22 03:59:14.376] [exthost] [error] [llvm-vs-code-extensions.vscode-clangd] provider FAILED
[2023-05-22 03:59:14.376] [exthost] [error] {"_isCancelled":false,"_emitter":{"_disposed":false,"_listeners":{"_first":{"element":{"subscription":{}},"next":{},"prev":{}},"_last":{"element":{"subscription":{}},"next":{},"prev":{}},"_size":1}}}
[2023-05-22 03:59:38.887] [exthost] [error] [llvm-vs-code-extensions.vscode-clangd] provider FAILED
[2023-05-22 03:59:38.887] [exthost] [error] {"_isCancelled":false,"_emitter":{"_disposed":false,"_listeners":{"_first":{"element":{"subscription":{}},"next":{},"prev":{}},"_last":{"element":{"subscription":{}},"next":{},"prev":{}},"_size":1}}}
[2023-05-22 03:59:40.745] [exthost] [error] [llvm-vs-code-extensions.vscode-clangd] provider FAILED
[2023-05-22 03:59:40.745] [exthost] [error] {"_isCancelled":true,"_emitter":null}
[2023-05-22 03:59:40.745] [exthost] [error] [llvm-vs-code-extensions.vscode-clangd] provider FAILED
[2023-05-22 03:59:40.745] [exthost] [error] {"_isCancelled":false,"_emitter":{"_disposed":false,"_listeners":{"_first":{"element":{"subscription":{}},"next":{},"prev":{}},"_last":{"element":{"subscription":{}},"next":{},"prev":{}},"_size":1}}}
[2023-05-22 03:59:45.107] [exthost] [error] [llvm-vs-code-extensions.vscode-clangd] provider FAILED
[2023-05-22 03:59:45.107] [exthost] [error] {"_isCancelled":false,"_emitter":{"_disposed":false,"_listeners":{"_first":{"element":{"subscription":{}},"next":{},"prev":{}},"_last":{"element":{"subscription":{}},"next":{},"prev":{}},"_size":1}}}
[2023-05-22 03:59:45.107] [exthost] [error] [llvm-vs-code-extensions.vscode-clangd] provider FAILED
[2023-05-22 03:59:45.107] [exthost] [error] {"_isCancelled":false,"_emitter":{"_disposed":false,"_listeners":{"_first":{"element":{"subscription":{}},"next":{},"prev":{}},"_last":{"element":{"subscription":{}},"next":{},"prev":{}},"_size":1}}}
[2023-05-22 03:59:45.107] [exthost] [error] [llvm-vs-code-extensions.vscode-clangd] provider FAILED
[2023-05-22 03:59:45.107] [exthost] [error] {"_isCancelled":true,"_emitter":null}
[2023-05-22 03:59:49.098] [exthost] [error] [llvm-vs-code-extensions.vscode-clangd] provider FAILED
[2023-05-22 03:59:49.098] [exthost] [error] {"_isCancelled":false,"_emitter":{"_disposed":false,"_listeners":{"_first":{"element":{"subscription":{}},"next":{},"prev":{}},"_last":{"element":{"subscription":{}},"next":{},"prev":{}},"_size":1}}}
[2023-05-22 03:59:49.363] [exthost] [error] [llvm-vs-code-extensions.vscode-clangd] provider FAILED
[2023-05-22 03:59:49.363] [exthost] [error] {"_isCancelled":false,"_emitter":{"_disposed":false,"_listeners":{"_first":{"element":{"subscription":{}},"next":{},"prev":{}},"_last":{"element":{"subscription":{}},"next":{},"prev":{}},"_size":1}}}
[2023-05-22 03:59:49.363] [exthost] [error] [llvm-vs-code-extensions.vscode-clangd] provider FAILED
[2023-05-22 03:59:49.363] [exthost] [error] {"_isCancelled":true,"_emitter":null}
[2023-05-22 04:02:45.529] [exthost] [error] [llvm-vs-code-extensions.vscode-clangd] provider FAILED
[2023-05-22 04:02:45.529] [exthost] [error] {"_isCancelled":true,"_emitter":null}
[2023-05-22 04:02:54.712] [exthost] [error] [llvm-vs-code-extensions.vscode-clangd] provider FAILED
[2023-05-22 04:02:54.712] [exthost] [error] TypeError: Cannot read properties of null (reading 'items')
	at mp.<anonymous> (/home/kaiykato/.vscode-server/extensions/llvm-vs-code-extensions.vscode-clangd-0.1.24/out/bundle.js:240:10464)
	at Generator.next (<anonymous>)
	at o (/home/kaiykato/.vscode-server/extensions/llvm-vs-code-extensions.vscode-clangd-0.1.24/out/bundle.js:1:1098)
[2023-05-22 04:02:54.715] [exthost] [error] [llvm-vs-code-extensions.vscode-clangd] provider FAILED
[2023-05-22 04:02:54.715] [exthost] [error] {"_isCancelled":true,"_emitter":null}
[2023-05-22 04:03:21.089] [exthost] [error] [llvm-vs-code-extensions.vscode-clangd] provider FAILED
[2023-05-22 04:03:21.089] [exthost] [error] {"_isCancelled":true,"_emitter":null}
[2023-05-22 04:03:21.949] [exthost] [error] [llvm-vs-code-extensions.vscode-clangd] provider FAILED
[2023-05-22 04:03:21.949] [exthost] [error] {"_isCancelled":false,"_emitter":{"_disposed":false,"_listeners":{"_first":{"element":{"subscription":{}},"next":{},"prev":{}},"_last":{"element":{"subscription":{}},"next":{},"prev":{}},"_size":1}}}
[2023-05-22 04:03:22.671] [exthost] [error] [llvm-vs-code-extensions.vscode-clangd] provider FAILED
[2023-05-22 04:03:22.671] [exthost] [error] {"_isCancelled":false,"_emitter":{"_disposed":false,"_listeners":{"_first":{"element":{"subscription":{}},"next":{},"prev":{}},"_last":{"element":{"subscription":{}},"next":{},"prev":{}},"_size":1}}}
[2023-05-22 04:03:24.707] [exthost] [error] [llvm-vs-code-extensions.vscode-clangd] provider FAILED
[2023-05-22 04:03:24.707] [exthost] [error] {"_isCancelled":false,"_emitter":{"_disposed":false,"_listeners":{"_first":{"element":{"subscription":{}},"next":{},"prev":{}},"_last":{"element":{"subscription":{}},"next":{},"prev":{}},"_size":1}}}
[2023-05-22 04:03:35.994] [exthost] [error] [llvm-vs-code-extensions.vscode-clangd] provider FAILED
[2023-05-22 04:03:35.994] [exthost] [error] {"_isCancelled":true,"_emitter":null}
[2023-05-22 04:03:38.413] [exthost] [error] [llvm-vs-code-extensions.vscode-clangd] provider FAILED
[2023-05-22 04:03:38.413] [exthost] [error] {"_isCancelled":false,"_emitter":{"_disposed":false,"_listeners":{"_first":{"element":{"subscription":{}},"next":{},"prev":{}},"_last":{"element":{"subscription":{}},"next":{},"prev":{}},"_size":1}}}
[2023-05-22 04:03:38.792] [exthost] [error] [llvm-vs-code-extensions.vscode-clangd] provider FAILED
[2023-05-22 04:03:38.792] [exthost] [error] {"_isCancelled":false,"_emitter":{"_disposed":false,"_listeners":{"_first":{"element":{"subscription":{}},"next":{},"prev":{}},"_last":{"element":{"subscription":{}},"next":{},"prev":{}},"_size":1}}}
[2023-05-22 04:03:39.240] [exthost] [error] [llvm-vs-code-extensions.vscode-clangd] provider FAILED
[2023-05-22 04:03:39.240] [exthost] [error] {"_isCancelled":false,"_emitter":{"_disposed":false,"_listeners":{"_first":{"element":{"subscription":{}},"next":{},"prev":{}},"_last":{"element":{"subscription":{}},"next":{},"prev":{}},"_size":1}}}
[2023-05-22 04:03:39.703] [exthost] [error] [llvm-vs-code-extensions.vscode-clangd] provider FAILED
[2023-05-22 04:03:39.703] [exthost] [error] {"_isCancelled":false,"_emitter":{"_disposed":false,"_listeners":{"_first":{"element":{"subscription":{}},"next":{},"prev":{}},"_last":{"element":{"subscription":{}},"next":{},"prev":{}},"_size":1}}}
[2023-05-22 04:03:40.244] [exthost] [error] [llvm-vs-code-extensions.vscode-clangd] provider FAILED
[2023-05-22 04:03:40.244] [exthost] [error] {"_isCancelled":false,"_emitter":{"_disposed":false,"_listeners":{"_first":{"element":{"subscription":{}},"next":{},"prev":{}},"_last":{"element":{"subscription":{}},"next":{},"prev":{}},"_size":1}}}
[2023-05-22 04:03:40.634] [exthost] [error] [llvm-vs-code-extensions.vscode-clangd] provider FAILED
[2023-05-22 04:03:40.634] [exthost] [error] {"_isCancelled":false,"_emitter":{"_disposed":false,"_listeners":{"_first":{"element":{"subscription":{}},"next":{},"prev":{}},"_last":{"element":{"subscription":{}},"next":{},"prev":{}},"_size":1}}}
[2023-05-22 04:03:47.469] [exthost] [error] [llvm-vs-code-extensions.vscode-clangd] provider FAILED
[2023-05-22 04:03:47.469] [exthost] [error] {"_isCancelled":true,"_emitter":null}
[2023-05-22 04:03:47.469] [exthost] [error] [llvm-vs-code-extensions.vscode-clangd] provider FAILED
[2023-05-22 04:03:47.469] [exthost] [error] {"_isCancelled":false,"_emitter":{"_disposed":false,"_listeners":{"_first":{"element":{"subscription":{}},"next":{},"prev":{}},"_last":{"element":{"subscription":{}},"next":{},"prev":{}},"_size":1}}}
[2023-05-22 04:03:49.614] [exthost] [error] [llvm-vs-code-extensions.vscode-clangd] provider FAILED
[2023-05-22 04:03:49.614] [exthost] [error] {"_isCancelled":false,"_emitter":{"_disposed":false,"_listeners":{"_first":{"element":{"subscription":{}},"next":{},"prev":{}},"_last":{"element":{"subscription":{}},"next":{},"prev":{}},"_size":1}}}
[2023-05-22 04:03:49.666] [exthost] [error] [llvm-vs-code-extensions.vscode-clangd] provider FAILED
[2023-05-22 04:03:49.666] [exthost] [error] {"_isCancelled":true,"_emitter":null}
[2023-05-22 04:03:52.710] [exthost] [error] [llvm-vs-code-extensions.vscode-clangd] provider FAILED
[2023-05-22 04:03:52.710] [exthost] [error] {"_isCancelled":true,"_emitter":null}
[2023-05-22 04:03:52.711] [exthost] [error] [llvm-vs-code-extensions.vscode-clangd] provider FAILED
[2023-05-22 04:03:52.711] [exthost] [error] {"_isCancelled":false,"_emitter":{"_disposed":false,"_listeners":{"_first":{"element":{"subscription":{}},"next":{},"prev":{}},"_last":{"element":{"subscription":{}},"next":{},"prev":{}},"_size":1}}}
[2023-05-22 04:03:53.862] [exthost] [error] [llvm-vs-code-extensions.vscode-clangd] provider FAILED
[2023-05-22 04:03:53.862] [exthost] [error] {"_isCancelled":true,"_emitter":null}
[2023-05-22 04:03:59.226] [exthost] [error] [llvm-vs-code-extensions.vscode-clangd] provider FAILED
[2023-05-22 04:03:59.226] [exthost] [error] {"_isCancelled":false,"_emitter":{"_disposed":false,"_listeners":{"_first":{"element":{"subscription":{}},"next":{},"prev":{}},"_last":{"element":{"subscription":{}},"next":{},"prev":{}},"_size":1}}}
[2023-05-22 04:06:30.474] [exthost] [error] [llvm-vs-code-extensions.vscode-clangd] provider FAILED
[2023-05-22 04:06:30.475] [exthost] [error] {"_isCancelled":true,"_emitter":null}
[2023-05-22 04:06:30.481] [exthost] [error] [llvm-vs-code-extensions.vscode-clangd] provider FAILED
[2023-05-22 04:06:30.481] [exthost] [error] {"_isCancelled":true,"_emitter":null}
[2023-05-22 04:12:31.753] [exthost] [error] [llvm-vs-code-extensions.vscode-clangd] provider FAILED
[2023-05-22 04:12:31.753] [exthost] [error] {"_isCancelled":false,"_emitter":{"_disposed":false,"_listeners":{"_first":{"element":{"subscription":{}},"next":{},"prev":{}},"_last":{"element":{"subscription":{}},"next":{},"prev":{}},"_size":1}}}
[2023-05-22 04:12:34.915] [exthost] [error] [llvm-vs-code-extensions.vscode-clangd] provider FAILED
[2023-05-22 04:12:34.915] [exthost] [error] {"_isCancelled":false,"_emitter":{"_disposed":false,"_listeners":{"_first":{"element":{"subscription":{}},"next":{},"prev":{}},"_last":{"element":{"subscription":{}},"next":{},"prev":{}},"_size":1}}}
[2023-05-22 04:12:36.970] [exthost] [error] [llvm-vs-code-extensions.vscode-clangd] provider FAILED
[2023-05-22 04:12:36.970] [exthost] [error] {"_isCancelled":true,"_emitter":null}
[2023-05-22 04:12:36.971] [exthost] [error] [llvm-vs-code-extensions.vscode-clangd] provider FAILED
[2023-05-22 04:12:36.971] [exthost] [error] {"_isCancelled":false,"_emitter":{"_disposed":false,"_listeners":{"_first":{"element":{"subscription":{}},"next":{},"prev":{}},"_last":{"element":{"subscription":{}},"next":{},"prev":{}},"_size":1}}}
[2023-05-22 04:17:54.272] [exthost] [error] [llvm-vs-code-extensions.vscode-clangd] provider FAILED
[2023-05-22 04:17:54.272] [exthost] [error] {"_isCancelled":false,"_emitter":{"_disposed":false,"_listeners":{"_first":{"element":{"subscription":{}},"next":{},"prev":{}},"_last":{"element":{"subscription":{}},"next":{},"prev":{}},"_size":1}}}
[2023-05-22 04:18:00.167] [exthost] [error] [llvm-vs-code-extensions.vscode-clangd] provider FAILED
[2023-05-22 04:18:00.167] [exthost] [error] {"_isCancelled":false,"_emitter":{"_disposed":false,"_listeners":{"_first":{"element":{"subscription":{}},"next":{},"prev":{}},"_last":{"element":{"subscription":{}},"next":{},"prev":{}},"_size":1}}}
[2023-05-22 04:18:00.852] [exthost] [error] [llvm-vs-code-extensions.vscode-clangd] provider FAILED
[2023-05-22 04:18:00.852] [exthost] [error] {"_isCancelled":false,"_emitter":{"_disposed":false,"_listeners":{"_first":{"element":{"subscription":{}},"next":{},"prev":{}},"_last":{"element":{"subscription":{}},"next":{},"prev":{}},"_size":1}}}
[2023-05-22 04:18:00.853] [exthost] [error] [llvm-vs-code-extensions.vscode-clangd] provider FAILED
[2023-05-22 04:18:00.853] [exthost] [error] {"_isCancelled":false,"_emitter":{"_disposed":false,"_listeners":{"_first":{"element":{"subscription":{}},"next":{},"prev":{}},"_last":{"element":{"subscription":{}},"next":{},"prev":{}},"_size":1}}}
[2023-05-22 04:18:06.137] [exthost] [error] [llvm-vs-code-extensions.vscode-clangd] provider FAILED
[2023-05-22 04:18:06.137] [exthost] [error] {"_isCancelled":true,"_emitter":null}
[2023-05-22 04:18:25.685] [exthost] [error] [llvm-vs-code-extensions.vscode-clangd] provider FAILED
[2023-05-22 04:18:25.685] [exthost] [error] {"_isCancelled":true,"_emitter":null}
[2023-05-22 04:18:25.685] [exthost] [error] [llvm-vs-code-extensions.vscode-clangd] provider FAILED
[2023-05-22 04:18:25.685] [exthost] [error] {"_isCancelled":false,"_emitter":{"_disposed":false,"_listeners":{"_first":{"element":{"subscription":{}},"next":{},"prev":{}},"_last":{"element":{"subscription":{}},"next":{},"prev":{}},"_size":1}}}
[2023-05-22 04:18:26.663] [exthost] [error] [llvm-vs-code-extensions.vscode-clangd] provider FAILED
[2023-05-22 04:18:26.663] [exthost] [error] {"_isCancelled":true,"_emitter":null}
[2023-05-22 04:18:26.664] [exthost] [error] [llvm-vs-code-extensions.vscode-clangd] provider FAILED
[2023-05-22 04:18:26.664] [exthost] [error] {"_isCancelled":false,"_emitter":{"_disposed":false,"_listeners":{"_first":{"element":{"subscription":{}},"next":{},"prev":{}},"_last":{"element":{"subscription":{}},"next":{},"prev":{}},"_size":1}}}
[2023-05-22 04:18:26.664] [exthost] [error] [llvm-vs-code-extensions.vscode-clangd] provider FAILED
[2023-05-22 04:18:26.664] [exthost] [error] {"_isCancelled":false,"_emitter":{"_disposed":false,"_listeners":{"_first":{"element":{"subscription":{}},"next":{},"prev":{}},"_last":{"element":{"subscription":{}},"next":{},"prev":{}},"_size":1}}}
[2023-05-22 04:20:01.778] [exthost] [error] [llvm-vs-code-extensions.vscode-clangd] provider FAILED
[2023-05-22 04:20:01.778] [exthost] [error] {"_isCancelled":true,"_emitter":null}
[2023-05-22 04:20:01.778] [exthost] [error] [llvm-vs-code-extensions.vscode-clangd] provider FAILED
[2023-05-22 04:20:01.778] [exthost] [error] {"_isCancelled":false,"_emitter":{"_disposed":false,"_listeners":{"_first":{"element":{"subscription":{}},"next":{},"prev":{}},"_last":{"element":{"subscription":{}},"next":{},"prev":{}},"_size":1}}}
[2023-05-22 04:20:02.434] [exthost] [error] [llvm-vs-code-extensions.vscode-clangd] provider FAILED
[2023-05-22 04:20:02.434] [exthost] [error] {"_isCancelled":false,"_emitter":{"_disposed":false,"_listeners":{"_first":{"element":{"subscription":{}},"next":{},"prev":{}},"_last":{"element":{"subscription":{}},"next":{},"prev":{}},"_size":1}}}
[2023-05-22 04:20:38.147] [exthost] [error] [llvm-vs-code-extensions.vscode-clangd] provider FAILED
[2023-05-22 04:20:38.147] [exthost] [error] {"_isCancelled":true,"_emitter":null}
[2023-05-22 04:20:53.479] [exthost] [error] [llvm-vs-code-extensions.vscode-clangd] provider FAILED
[2023-05-22 04:20:53.479] [exthost] [error] {"_isCancelled":true,"_emitter":null}
[2023-05-22 04:20:53.479] [exthost] [error] [llvm-vs-code-extensions.vscode-clangd] provider FAILED
[2023-05-22 04:20:53.480] [exthost] [error] {"_isCancelled":false,"_emitter":{"_disposed":false,"_listeners":{"_first":{"element":{"subscription":{}},"next":{},"prev":{}},"_last":{"element":{"subscription":{}},"next":{},"prev":{}},"_size":1}}}
[2023-05-22 04:20:53.480] [exthost] [error] [llvm-vs-code-extensions.vscode-clangd] provider FAILED
[2023-05-22 04:20:53.480] [exthost] [error] {"_isCancelled":false,"_emitter":{"_disposed":false,"_listeners":{"_first":{"element":{"subscription":{}},"next":{},"prev":{}},"_last":{"element":{"subscription":{}},"next":{},"prev":{}},"_size":1}}}
[2023-05-22 04:52:58.630] [exthost] [info] Extension host terminating: renderer disconnected for too long (2)
[2023-05-22 04:52:58.631] [exthost] [info] Lock '/home/kaiykato/.vscode-server/data/User/workspaceStorage/d16a1b7f8865348bde3e3163a3d97865/vscode.lock': Marking the lockfile as scheduled to be released in 6000 ms.
[2023-05-22 04:52:58.649] [exthost] [info] Extension host with pid 1149 exiting with code 0
