[variant] Loaded new set of variants
[kit] Successfully loaded 3 kits from /home/kaiykato/.local/share/CMakeTools/cmake-tools-kits.json
[proc] Executing command: /usr/bin/cmake --version
[proc] Executing command: /usr/bin/gcc -v
[proc] The command: ninja --version failed with error: Error: spawn ninja ENOENT
[proc] The command: ninja-build --version failed with error: Error: spawn ninja-build ENOENT
[main] Configuring project: kaiykato 
[proc] Executing command: /usr/bin/cmake --no-warn-unused-cli -DCMAKE_EXPORT_COMPILE_COMMANDS:BOOL=TRUE -DCMAKE_BUILD_TYPE:STRING=Debug -DCMAKE_C_COMPILER:FILEPATH=/usr/bin/gcc -DCMAKE_CXX_COMPILER:FILEPATH=/usr/bin/g++ -S/home/kaiykato/minnow -B/home/kaiykato/build -G "Unix Makefiles"
[cmake] Not searching for unused variables given on the command line.
[cmake] -- Building in 'Debug' mode.
[cmake] -- Configuring done
[cmake] -- Generating done
[cmake] -- Build files have been written to: /home/kaiykato/build
[main] Building folder: kaiykato all
[build] Starting build
[proc] Executing command: /usr/bin/cmake --build /home/kaiykato/build --config Debug --target all -j 4 --
[build] Consolidate compiler generated dependencies of target minnow_testing_debug
[build] Consolidate compiler generated dependencies of target minnow_debug
[build] Consolidate compiler generated dependencies of target util_debug
[build] [  9%] Built target minnow_testing_debug
[build] [ 18%] Building CXX object src/CMakeFiles/minnow_debug.dir/network_interface.cc.o
[build] [ 27%] Building CXX object src/CMakeFiles/minnow_debug.dir/router.cc.o
[build] [ 27%] Building CXX object util/CMakeFiles/util_debug.dir/arp_message.cc.o
[build] [ 36%] Building CXX object util/CMakeFiles/util_debug.dir/ethernet_header.cc.o
[build] [ 45%] Building CXX object util/CMakeFiles/util_debug.dir/ipv4_header.cc.o
[build] [ 54%] Building CXX object src/CMakeFiles/minnow_debug.dir/tcp_sender.cc.o
[build] [ 63%] Linking CXX static library libminnow_debug.a
[build] [ 63%] Linking CXX static library libutil_debug.a
[build] [ 72%] Built target minnow_debug
[build] [ 90%] Built target util_debug
[build] Consolidate compiler generated dependencies of target webget
[build] [ 90%] Linking CXX executable webget
[build] [100%] Built target webget
[driver] Build completed: 00:00:06.378
[build] Build finished with exit code 0
[proc] Executing command: /usr/bin/gdb --version
