[2023-05-21 01:11:20.537] [exthost] [info] Extension host with pid 11659 started
[2023-05-21 01:11:20.540] [exthost] [error] Error: EEXIST: file already exists, open '/home/kaiykato/.vscode-server/data/User/workspaceStorage/d16a1b7f8865348bde3e3163a3d97865/vscode.lock'
[2023-05-21 01:11:20.544] [exthost] [info] Lock '/home/kaiykato/.vscode-server/data/User/workspaceStorage/d16a1b7f8865348bde3e3163a3d97865/vscode.lock': Could not acquire lock, checking if the file is stale.
[2023-05-21 01:11:20.547] [exthost] [info] Lock '/home/kaiykato/.vscode-server/data/User/workspaceStorage/d16a1b7f8865348bde3e3163a3d97865/vscode.lock': The lock does not look stale, elapsed: 871 ms, giving up.
[2023-05-21 01:11:20.551] [exthost] [info] Lock '/home/kaiykato/.vscode-server/data/User/workspaceStorage/d16a1b7f8865348bde3e3163a3d97865-1/vscode.lock': Lock acquired.
[2023-05-21 01:11:21.485] [exthost] [info] ExtensionService#_doActivateExtension llvm-vs-code-extensions.vscode-clangd, startup: false, activationEvent: 'onLanguage:cpp'
[2023-05-21 01:11:21.601] [exthost] [info] ExtensionService#_doActivateExtension ms-vscode.cpptools, startup: false, activationEvent: 'onLanguage:cpp'
[2023-05-21 01:11:21.754] [exthost] [info] ExtensionService#_doActivateExtension vscode.debug-auto-launch, startup: true, activationEvent: '*'
[2023-05-21 01:11:21.757] [exthost] [info] ExtensionService#_doActivateExtension vscode.git-base, startup: true, activationEvent: '*', root cause: vscode.git
[2023-05-21 01:11:21.762] [exthost] [info] ExtensionService#_doActivateExtension vscode.ipynb, startup: true, activationEvent: '*'
[2023-05-21 01:11:21.910] [exthost] [info] ExtensionService#_doActivateExtension vscode.git, startup: true, activationEvent: '*'
[2023-05-21 01:11:21.984] [exthost] [info] ExtensionService#_doActivateExtension vscode.github, startup: true, activationEvent: '*'
[2023-05-21 01:11:22.985] [exthost] [info] ExtensionService#_doActivateExtension ms-vscode.cmake-tools, startup: true, activationEvent: 'workspaceContains:*/CMakeLists.txt,*/*/CMakeLists.txt,*/*/*/CMakeLists.txt'
[2023-05-21 01:11:24.030] [exthost] [info] ExtensionService#_doActivateExtension vscode.configuration-editing, startup: false, activationEvent: 'onLanguage:json'
[2023-05-21 01:11:24.039] [exthost] [info] ExtensionService#_doActivateExtension vscode.extension-editing, startup: false, activationEvent: 'onLanguage:json'
[2023-05-21 01:11:24.059] [exthost] [info] ExtensionService#_doActivateExtension vscode.json-language-features, startup: false, activationEvent: 'onLanguage:json'
[2023-05-21 01:11:24.142] [exthost] [info] ExtensionService#_doActivateExtension vscode.npm, startup: false, activationEvent: 'onLanguage:json'
[2023-05-21 01:11:24.309] [exthost] [info] ExtensionService#_doActivateExtension vscode.typescript-language-features, startup: false, activationEvent: 'onLanguage:jsonc'
[2023-05-21 01:11:25.954] [exthost] [info] ExtensionService#_doActivateExtension vscode.emmet, startup: false, activationEvent: 'onStartupFinished'
[2023-05-21 01:11:25.977] [exthost] [info] ExtensionService#_doActivateExtension vscode.merge-conflict, startup: false, activationEvent: 'onStartupFinished'
[2023-05-21 01:11:25.983] [exthost] [info] Eager extensions activated
[2023-05-21 01:11:27.096] [exthost] [error] [llvm-vs-code-extensions.vscode-clangd] provider FAILED
[2023-05-21 01:11:27.096] [exthost] [error] {"_isCancelled":true,"_emitter":null}
[2023-05-21 01:11:27.100] [exthost] [error] [llvm-vs-code-extensions.vscode-clangd] provider FAILED
[2023-05-21 01:11:27.100] [exthost] [error] {"_isCancelled":true,"_emitter":null}
[2023-05-21 01:11:27.106] [exthost] [error] [llvm-vs-code-extensions.vscode-clangd] provider FAILED
[2023-05-21 01:11:27.106] [exthost] [error] {"_isCancelled":true,"_emitter":null}
[2023-05-21 01:11:27.107] [exthost] [error] [llvm-vs-code-extensions.vscode-clangd] provider FAILED
[2023-05-21 01:11:27.107] [exthost] [error] {"_isCancelled":true,"_emitter":null}
[2023-05-21 01:11:27.114] [exthost] [error] [llvm-vs-code-extensions.vscode-clangd] provider FAILED
[2023-05-21 01:11:27.114] [exthost] [error] {"_isCancelled":true,"_emitter":null}
[2023-05-21 01:11:27.115] [exthost] [error] [llvm-vs-code-extensions.vscode-clangd] provider FAILED
[2023-05-21 01:11:27.115] [exthost] [error] {"_isCancelled":true,"_emitter":null}
[2023-05-21 01:11:27.116] [exthost] [error] [llvm-vs-code-extensions.vscode-clangd] provider FAILED
[2023-05-21 01:11:27.116] [exthost] [error] {"_isCancelled":true,"_emitter":null}
[2023-05-21 01:11:27.117] [exthost] [error] [llvm-vs-code-extensions.vscode-clangd] provider FAILED
[2023-05-21 01:11:27.117] [exthost] [error] {"_isCancelled":true,"_emitter":null}
[2023-05-21 04:28:14.636] [exthost] [info] Extension host terminating: renderer disconnected for too long (1)
[2023-05-21 04:28:14.637] [exthost] [info] Lock '/home/kaiykato/.vscode-server/data/User/workspaceStorage/d16a1b7f8865348bde3e3163a3d97865-1/vscode.lock': Marking the lockfile as scheduled to be released in 6000 ms.
[2023-05-21 04:28:14.655] [exthost] [info] Extension host with pid 11659 exiting with code 0
